Using pre-set license
Built from '2021.2/staging' branch; Version is '2021.2.5f1 (4ec9a5e799f5) revision 5163429'; Using compiler version '192829333'; Build Type 'Release'
OS: 'Windows 10  (10.0.19042) 64bit Core' Language: 'en' Physical Memory: 16253 MB
BatchMode: 1, IsHumanControllingUs: 0, StartBugReporterOnCrash: 0, Is64bit: 1, IsPro: 0

COMMAND LINE ARGUMENTS:
C:\Program Files\Unity\Hub\Editor\2021.2.5f1\Editor\Unity.exe
-adb2
-batchMode
-noUpm
-name
AssetImportWorker247
-projectPath
C:/_FILES/3D/GPW Climate Crisis/Local Scene/Ocean Cleanup Net Prototype
-logFile
Logs/AssetImportWorker247.log
-srvPort
62806
Successfully changed project path to: C:/_FILES/3D/GPW Climate Crisis/Local Scene/Ocean Cleanup Net Prototype
C:/_FILES/3D/GPW Climate Crisis/Local Scene/Ocean Cleanup Net Prototype
[UnityMemory] Configuration Parameters - Can be set up in boot.config
    "memorysetup-bucket-allocator-granularity=16"
    "memorysetup-bucket-allocator-bucket-count=8"
    "memorysetup-bucket-allocator-block-size=33554432"
    "memorysetup-bucket-allocator-block-count=8"
    "memorysetup-main-allocator-block-size=16777216"
    "memorysetup-thread-allocator-block-size=16777216"
    "memorysetup-gfx-main-allocator-block-size=16777216"
    "memorysetup-gfx-thread-allocator-block-size=16777216"
    "memorysetup-cache-allocator-block-size=4194304"
    "memorysetup-typetree-allocator-block-size=2097152"
    "memorysetup-profiler-bucket-allocator-granularity=16"
    "memorysetup-profiler-bucket-allocator-bucket-count=8"
    "memorysetup-profiler-bucket-allocator-block-size=33554432"
    "memorysetup-profiler-bucket-allocator-block-count=8"
    "memorysetup-profiler-allocator-block-size=16777216"
    "memorysetup-profiler-editor-allocator-block-size=1048576"
    "memorysetup-temp-allocator-size-main=16777216"
    "memorysetup-job-temp-allocator-block-size=2097152"
    "memorysetup-job-temp-allocator-block-size-background=1048576"
    "memorysetup-job-temp-allocator-reduction-small-platforms=262144"
    "memorysetup-temp-allocator-size-background-worker=32768"
    "memorysetup-temp-allocator-size-job-worker=262144"
    "memorysetup-temp-allocator-size-preload-manager=33554432"
    "memorysetup-temp-allocator-size-nav-mesh-worker=65536"
    "memorysetup-temp-allocator-size-audio-worker=65536"
    "memorysetup-temp-allocator-size-cloud-worker=32768"
    "memorysetup-temp-allocator-size-gi-baking-worker=262144"
    "memorysetup-temp-allocator-size-gfx=262144"
mdb reader table full -> cleaning up stale readers. Current readers:
    pid     thread     txnid
      2816 20a4 -
     14144 d74 -
      2816 684 -
     25428 42c0 -
     18652 3878 -
     17180 5e68 -
     23088 523c -
     11788 20ac -
     18632 4ef0 -
     17756 2598 -
      5824 5d58 -
      6644 53bc -
     16724 5ce4 -
     25376 6318 -
     10880 5d44 -
     16480 3f74 -
     13108 51e0 -
     24724 5798 -
     25564 45d8 -
     21400 4240 -
     25728 52bc -
      6684 a38 -
     15976 ca8 -
     12480 1680 -
     21024 3e58 -
      3592 4644 -
      3168 37ec -
     11976 5e34 -
     11676 3c6c -
     17532 6654 -
     25100 4a3c -
      7984 19e8 -
      6544 1488 -
      2124 3168 -
      7784 6180 -
     10644 23ec -
     14232 5238 -
     23504 1c60 -
      3924 61bc -
     18800 143c -
     23956 42b0 -
     26372 36f8 -
     11984 6140 -
     23448 5460 -
     18976 5880 -
     22112 5034 -
     10308 5a24 -
      9764 2658 -
     21212 2d3c -
     23512 66a8 -
     25296 3284 -
     14372 150c -
     15208 5eb8 -
     22720 2d68 -
      4524 4500 -
     15920 61d4 -
     20596 5ed4 -
     15308 53f0 -
     20784 414 -
     20020 5e1c -
     20648 4c60 -
     26808 68bc -
     26836 68d8 -
     23124 65f4 -
     20384 5138 -
     25552 3668 -
     27200 6a44 -
     14796 bd4 -
      9548 1d7c -
     19612 3970 -
     27440 6b34 -
     27612 6be0 -
     26768 3c84 -
      9340 3d48 -
      3604 13d8 -
     27024 69d4 -
      1060 4030 -
      8912 5ac8 -
     23180 5d78 -
     27316 6478 -
     19908 6844 -
     12048 67f0 -
     25092 5b14 -
     26980 6bc4 -
     27288 6a10 -
     26292 68b4 -
      1752 6bcc -
     19436 4ef8 -
     26988 56f0 -
      4612 5f58 -
     21688 3358 -
      1304 5c60 -
     11708 68a4 -
     19764 5f98 -
     13552 1fe0 -
     16172 41a0 -
     15940 1ffc -
     25800 4070 -
     25772 29e8 -
     27520 6b64 -
     25248 4300 -
     16340 6164 -
     25200 537c -
       660 3d30 -
     15516 6bd4 -
     25252 658 -
     15232 349c -
      2992 6254 -
     27412 26e4 -
     16932 6b94 -
     20456 53c -
      9836 2428 -
     26964 49a8 -
     10344 1500 -
     26868 3ff4 -
     15876 6860 -
     27632 69e0 -
     27136 1728 -
     19160 eb8 -
     14768 1344 -
     23184 6934 -
     17272 6948 -
     27036 5574 -
     24100 205c -
     25148 3ce8 -
     12960 780 -
Cleaned out 123 stale readers
Refreshing native plugins compatible for Editor in 64.40 ms, found 3 plugins.
Preloading 0 native plugins for Editor in 0.00 ms.
Initialize engine version: 2021.2.5f1 (4ec9a5e799f5)
[Subsystems] Discovering subsystems at path C:/Program Files/Unity/Hub/Editor/2021.2.5f1/Editor/Data/Resources/UnitySubsystems
[Subsystems] Discovering subsystems at path C:/_FILES/3D/GPW Climate Crisis/Local Scene/Ocean Cleanup Net Prototype/Assets
GfxDevice: creating device client; threaded=0; jobified=0
Direct3D:
    Version:  Direct3D 11.0 [level 11.1]
    Renderer: NVIDIA GeForce RTX 2060 (ID=0x1f15)
    Vendor:   NVIDIA
    VRAM:     5980 MB
    Driver:   27.21.14.6677
Initialize mono
Mono path[0] = 'C:/Program Files/Unity/Hub/Editor/2021.2.5f1/Editor/Data/Managed'
Mono path[1] = 'C:/Program Files/Unity/Hub/Editor/2021.2.5f1/Editor/Data/MonoBleedingEdge/lib/mono/unityjit-win32'
Mono config path = 'C:/Program Files/Unity/Hub/Editor/2021.2.5f1/Editor/Data/MonoBleedingEdge/etc'
Using monoOptions --debugger-agent=transport=dt_socket,embedding=1,server=y,suspend=n,address=127.0.0.1:56428
Begin MonoManager ReloadAssembly
Registering precompiled unity dll's ...
Register platform support module: C:/Program Files/Unity/Hub/Editor/2021.2.5f1/Editor/Data/PlaybackEngines/WindowsStandaloneSupport/UnityEditor.WindowsStandalone.Extensions.dll
Registered in 0.006753 seconds.
Native extension for WindowsStandalone target not found
Refreshing native plugins compatible for Editor in 65.14 ms, found 3 plugins.
Preloading 0 native plugins for Editor in 0.00 ms.
Mono: successfully reloaded assembly
- Completed reload, in  0.642 seconds
Domain Reload Profiling:
	ReloadAssembly (642ms)
		BeginReloadAssembly (81ms)
			ExecutionOrderSort (0ms)
			DisableScriptedObjects (0ms)
			BackupInstance (0ms)
			ReleaseScriptingObjects (0ms)
			CreateAndSetChildDomain (1ms)
		EndReloadAssembly (466ms)
			LoadAssemblies (78ms)
			RebuildTransferFunctionScriptingTraits (0ms)
			SetupTypeCache (111ms)
			ReleaseScriptCaches (0ms)
			RebuildScriptCaches (28ms)
			SetupLoadedEditorAssemblies (274ms)
				LogAssemblyErrors (0ms)
				InitializePlatformSupportModulesInManaged (15ms)
				SetLoadedEditorAssemblies (0ms)
				RefreshPlugins (65ms)
				BeforeProcessingInitializeOnLoad (1ms)
				ProcessInitializeOnLoadAttributes (144ms)
				ProcessInitializeOnLoadMethodAttributes (48ms)
				AfterProcessingInitializeOnLoad (0ms)
				EditorAssembliesLoaded (0ms)
			ExecutionOrderSort2 (0ms)
			AwakeInstancesAfterBackupRestoration (0ms)
Platform modules already initialized, skipping
Registering precompiled user dll's ...
Registered in 0.009394 seconds.
Begin MonoManager ReloadAssembly
Native extension for WindowsStandalone target not found
Refreshing native plugins compatible for Editor in 68.59 ms, found 3 plugins.
Preloading 0 native plugins for Editor in 0.00 ms.
Mono: successfully reloaded assembly
- Completed reload, in  1.824 seconds
Domain Reload Profiling:
	ReloadAssembly (1825ms)
		BeginReloadAssembly (165ms)
			ExecutionOrderSort (0ms)
			DisableScriptedObjects (6ms)
			BackupInstance (0ms)
			ReleaseScriptingObjects (0ms)
			CreateAndSetChildDomain (21ms)
		EndReloadAssembly (1552ms)
			LoadAssemblies (85ms)
			RebuildTransferFunctionScriptingTraits (0ms)
			SetupTypeCache (238ms)
			ReleaseScriptCaches (1ms)
			RebuildScriptCaches (65ms)
			SetupLoadedEditorAssemblies (1061ms)
				LogAssemblyErrors (0ms)
				InitializePlatformSupportModulesInManaged (12ms)
				SetLoadedEditorAssemblies (0ms)
				RefreshPlugins (69ms)
				BeforeProcessingInitializeOnLoad (90ms)
				ProcessInitializeOnLoadAttributes (784ms)
				ProcessInitializeOnLoadMethodAttributes (95ms)
				AfterProcessingInitializeOnLoad (11ms)
				EditorAssembliesLoaded (0ms)
			ExecutionOrderSort2 (0ms)
			AwakeInstancesAfterBackupRestoration (9ms)
Platform modules already initialized, skipping
AssetImportWorkerClient::OnTransportError - code=10060 error=A connection attempt failed because the connected party did not properly respond after a period of time, or established connection failed because connected host has failed to respond.
