Using pre-set license
Built from '2021.2/staging' branch; Version is '2021.2.5f1 (4ec9a5e799f5) revision 5163429'; Using compiler version '192829333'; Build Type 'Release'
OS: 'Windows 10  (10.0.19043) 64bit Core' Language: 'en' Physical Memory: 32702 MB
BatchMode: 1, IsHumanControllingUs: 0, StartBugReporterOnCrash: 0, Is64bit: 1, IsPro: 0

COMMAND LINE ARGUMENTS:
J:\UniWork\Unity\Unity Install\2021.2.5f1\Editor\Unity.exe
-adb2
-batchMode
-noUpm
-name
AssetImportWorker6
-projectPath
J:/UniWork/Unity Projects/Github/GWP-GitRep/Ocean Cleanup Net Prototype
-logFile
Logs/AssetImportWorker6.log
-srvPort
53107
Successfully changed project path to: J:/UniWork/Unity Projects/Github/GWP-GitRep/Ocean Cleanup Net Prototype
J:/UniWork/Unity Projects/Github/GWP-GitRep/Ocean Cleanup Net Prototype
[UnityMemory] Configuration Parameters - Can be set up in boot.config
    "memorysetup-bucket-allocator-granularity=16"
    "memorysetup-bucket-allocator-bucket-count=8"
    "memorysetup-bucket-allocator-block-size=33554432"
    "memorysetup-bucket-allocator-block-count=8"
    "memorysetup-main-allocator-block-size=16777216"
    "memorysetup-thread-allocator-block-size=16777216"
    "memorysetup-gfx-main-allocator-block-size=16777216"
    "memorysetup-gfx-thread-allocator-block-size=16777216"
    "memorysetup-cache-allocator-block-size=4194304"
    "memorysetup-typetree-allocator-block-size=2097152"
    "memorysetup-profiler-bucket-allocator-granularity=16"
    "memorysetup-profiler-bucket-allocator-bucket-count=8"
    "memorysetup-profiler-bucket-allocator-block-size=33554432"
    "memorysetup-profiler-bucket-allocator-block-count=8"
    "memorysetup-profiler-allocator-block-size=16777216"
    "memorysetup-profiler-editor-allocator-block-size=1048576"
    "memorysetup-temp-allocator-size-main=16777216"
    "memorysetup-job-temp-allocator-block-size=2097152"
    "memorysetup-job-temp-allocator-block-size-background=1048576"
    "memorysetup-job-temp-allocator-reduction-small-platforms=262144"
    "memorysetup-temp-allocator-size-background-worker=32768"
    "memorysetup-temp-allocator-size-job-worker=262144"
    "memorysetup-temp-allocator-size-preload-manager=33554432"
    "memorysetup-temp-allocator-size-nav-mesh-worker=65536"
    "memorysetup-temp-allocator-size-audio-worker=65536"
    "memorysetup-temp-allocator-size-cloud-worker=32768"
    "memorysetup-temp-allocator-size-gi-baking-worker=262144"
    "memorysetup-temp-allocator-size-gfx=262144"
Refreshing native plugins compatible for Editor in 96.19 ms, found 3 plugins.
Preloading 0 native plugins for Editor in 0.00 ms.
Initialize engine version: 2021.2.5f1 (4ec9a5e799f5)
[Subsystems] Discovering subsystems at path J:/UniWork/Unity/Unity Install/2021.2.5f1/Editor/Data/Resources/UnitySubsystems
[Subsystems] Discovering subsystems at path J:/UniWork/Unity Projects/Github/GWP-GitRep/Ocean Cleanup Net Prototype/Assets
GfxDevice: creating device client; threaded=0; jobified=0
Direct3D:
    Version:  Direct3D 11.0 [level 11.1]
    Renderer: NVIDIA GeForce RTX 2060 (ID=0x1f08)
    Vendor:   NVIDIA
    VRAM:     5980 MB
    Driver:   30.0.15.1165
Initialize mono
Mono path[0] = 'J:/UniWork/Unity/Unity Install/2021.2.5f1/Editor/Data/Managed'
Mono path[1] = 'J:/UniWork/Unity/Unity Install/2021.2.5f1/Editor/Data/MonoBleedingEdge/lib/mono/unityjit-win32'
Mono config path = 'J:/UniWork/Unity/Unity Install/2021.2.5f1/Editor/Data/MonoBleedingEdge/etc'
Using monoOptions --debugger-agent=transport=dt_socket,embedding=1,server=y,suspend=n,address=127.0.0.1:56160
Begin MonoManager ReloadAssembly
Registering precompiled unity dll's ...
Register platform support module: J:/UniWork/Unity/Unity Install/2021.2.5f1/Editor/Data/PlaybackEngines/WebGLSupport/UnityEditor.WebGL.Extensions.dll
Register platform support module: J:/UniWork/Unity/Unity Install/2021.2.5f1/Editor/Data/PlaybackEngines/WindowsStandaloneSupport/UnityEditor.WindowsStandalone.Extensions.dll
Registered in 0.006096 seconds.
Native extension for WindowsStandalone target not found
Native extension for WebGL target not found
Refreshing native plugins compatible for Editor in 83.86 ms, found 3 plugins.
Preloading 0 native plugins for Editor in 0.00 ms.
Mono: successfully reloaded assembly
- Completed reload, in  0.789 seconds
Domain Reload Profiling:
	ReloadAssembly (789ms)
		BeginReloadAssembly (163ms)
			ExecutionOrderSort (0ms)
			DisableScriptedObjects (0ms)
			BackupInstance (0ms)
			ReleaseScriptingObjects (0ms)
			CreateAndSetChildDomain (1ms)
		EndReloadAssembly (538ms)
			LoadAssemblies (163ms)
			RebuildTransferFunctionScriptingTraits (0ms)
			SetupTypeCache (118ms)
			ReleaseScriptCaches (0ms)
			RebuildScriptCaches (31ms)
			SetupLoadedEditorAssemblies (330ms)
				LogAssemblyErrors (0ms)
				InitializePlatformSupportModulesInManaged (19ms)
				SetLoadedEditorAssemblies (0ms)
				RefreshPlugins (84ms)
				BeforeProcessingInitializeOnLoad (1ms)
				ProcessInitializeOnLoadAttributes (171ms)
				ProcessInitializeOnLoadMethodAttributes (55ms)
				AfterProcessingInitializeOnLoad (0ms)
				EditorAssembliesLoaded (0ms)
			ExecutionOrderSort2 (0ms)
			AwakeInstancesAfterBackupRestoration (0ms)
Platform modules already initialized, skipping
Registering precompiled user dll's ...
Registered in 0.013211 seconds.
Begin MonoManager ReloadAssembly
Native extension for WindowsStandalone target not found
Native extension for WebGL target not found
Refreshing native plugins compatible for Editor in 94.97 ms, found 3 plugins.
Preloading 0 native plugins for Editor in 0.00 ms.
Mono: successfully reloaded assembly
- Completed reload, in  2.327 seconds
Domain Reload Profiling:
	ReloadAssembly (2328ms)
		BeginReloadAssembly (294ms)
			ExecutionOrderSort (0ms)
			DisableScriptedObjects (7ms)
			BackupInstance (0ms)
			ReleaseScriptingObjects (0ms)
			CreateAndSetChildDomain (22ms)
		EndReloadAssembly (1910ms)
			LoadAssemblies (266ms)
			RebuildTransferFunctionScriptingTraits (0ms)
			SetupTypeCache (290ms)
			ReleaseScriptCaches (1ms)
			RebuildScriptCaches (69ms)
			SetupLoadedEditorAssemblies (1275ms)
				LogAssemblyErrors (0ms)
				InitializePlatformSupportModulesInManaged (22ms)
				SetLoadedEditorAssemblies (0ms)
				RefreshPlugins (95ms)
				BeforeProcessingInitializeOnLoad (98ms)
				ProcessInitializeOnLoadAttributes (944ms)
				ProcessInitializeOnLoadMethodAttributes (109ms)
				AfterProcessingInitializeOnLoad (5ms)
				EditorAssembliesLoaded (0ms)
			ExecutionOrderSort2 (0ms)
			AwakeInstancesAfterBackupRestoration (9ms)
Platform modules already initialized, skipping
========================================================================
Worker process is ready to serve import requests
Launched and connected shader compiler UnityShaderCompiler.exe after 0.09 seconds
Refreshing native plugins compatible for Editor in 0.86 ms, found 3 plugins.
Preloading 0 native plugins for Editor in 0.00 ms.
Unloading 3925 Unused Serialized files (Serialized files now loaded: 0)
Unloading 51 unused Assets / (485.1 KB). Loaded Objects now: 4379.
Memory consumption went from 174.1 MB to 173.6 MB.
Total: 4.788200 ms (FindLiveObjects: 0.388800 ms CreateObjectMapping: 0.098100 ms MarkObjects: 4.005900 ms  DeleteObjects: 0.293600 ms)

AssetImportParameters requested are different than current active one (requested -> active):
  custom:video-decoder-ogg-theora: a1e56fd34408186e4bbccfd4996cb3dc -> 
  custom:container-muxer-webm: aa71ff27fc2769a1b78a27578f13a17b -> 
  custom:container-demuxer-webm: 4f35f7cbe854078d1ac9338744f61a02 -> 
  custom:video-encoder-webm-vp8: eb34c28f22e8b96e1ab97ce403110664 -> 
  custom:audio-encoder-webm-vorbis: bf7c407c2cedff20999df2af8eb42d56 -> 
  custom:framework-win-MediaFoundation: 216162199b28c13a410421893ffa2e32 -> 
  custom:container-demuxer-ogg: 62fdf1f143b41e24485cea50d1cbac27 -> 
  custom:video-decoder-webm-vp8: 9c59270c3fd7afecdb556c50c9e8de78 -> 
  custom:audio-decoder-ogg-vorbis: bf7c407c2cedff20999df2af8eb42d56 -> 
========================================================================
Received Prepare
Registering precompiled user dll's ...
Registered in 0.012939 seconds.
Begin MonoManager ReloadAssembly
Native extension for WindowsStandalone target not found
Native extension for WebGL target not found
Refreshing native plugins compatible for Editor in 1.00 ms, found 3 plugins.
Preloading 0 native plugins for Editor in 0.00 ms.
Mono: successfully reloaded assembly
- Completed reload, in  1.569 seconds
Domain Reload Profiling:
	ReloadAssembly (1570ms)
		BeginReloadAssembly (224ms)
			ExecutionOrderSort (0ms)
			DisableScriptedObjects (8ms)
			BackupInstance (0ms)
			ReleaseScriptingObjects (0ms)
			CreateAndSetChildDomain (42ms)
		EndReloadAssembly (1233ms)
			LoadAssemblies (243ms)
			RebuildTransferFunctionScriptingTraits (0ms)
			SetupTypeCache (263ms)
			ReleaseScriptCaches (2ms)
			RebuildScriptCaches (59ms)
			SetupLoadedEditorAssemblies (626ms)
				LogAssemblyErrors (0ms)
				InitializePlatformSupportModulesInManaged (22ms)
				SetLoadedEditorAssemblies (1ms)
				RefreshPlugins (1ms)
				BeforeProcessingInitializeOnLoad (81ms)
				ProcessInitializeOnLoadAttributes (421ms)
				ProcessInitializeOnLoadMethodAttributes (95ms)
				AfterProcessingInitializeOnLoad (5ms)
				EditorAssembliesLoaded (0ms)
			ExecutionOrderSort2 (0ms)
			AwakeInstancesAfterBackupRestoration (12ms)
Platform modules already initialized, skipping
Refreshing native plugins compatible for Editor in 0.95 ms, found 3 plugins.
Preloading 0 native plugins for Editor in 0.00 ms.
Unloading 3841 Unused Serialized files (Serialized files now loaded: 0)
Unloading 29 unused Assets / (476.7 KB). Loaded Objects now: 4394.
Memory consumption went from 168.8 MB to 168.4 MB.
Total: 5.186700 ms (FindLiveObjects: 0.474700 ms CreateObjectMapping: 0.110100 ms MarkObjects: 4.313600 ms  DeleteObjects: 0.286700 ms)

AssetImportParameters requested are different than current active one (requested -> active):
  custom:video-decoder-ogg-theora: a1e56fd34408186e4bbccfd4996cb3dc -> 
  custom:container-muxer-webm: aa71ff27fc2769a1b78a27578f13a17b -> 
  custom:container-demuxer-webm: 4f35f7cbe854078d1ac9338744f61a02 -> 
  custom:video-encoder-webm-vp8: eb34c28f22e8b96e1ab97ce403110664 -> 
  custom:audio-encoder-webm-vorbis: bf7c407c2cedff20999df2af8eb42d56 -> 
  custom:framework-win-MediaFoundation: 216162199b28c13a410421893ffa2e32 -> 
  custom:container-demuxer-ogg: 62fdf1f143b41e24485cea50d1cbac27 -> 
  custom:video-decoder-webm-vp8: 9c59270c3fd7afecdb556c50c9e8de78 -> 
  custom:audio-decoder-ogg-vorbis: bf7c407c2cedff20999df2af8eb42d56 -> 
========================================================================
Received Prepare
Registering precompiled user dll's ...
Registered in 0.012900 seconds.
Begin MonoManager ReloadAssembly
Native extension for WindowsStandalone target not found
Native extension for WebGL target not found
Refreshing native plugins compatible for Editor in 1.21 ms, found 3 plugins.
Preloading 0 native plugins for Editor in 0.00 ms.
Mono: successfully reloaded assembly
- Completed reload, in  1.679 seconds
Domain Reload Profiling:
	ReloadAssembly (1680ms)
		BeginReloadAssembly (262ms)
			ExecutionOrderSort (0ms)
			DisableScriptedObjects (8ms)
			BackupInstance (0ms)
			ReleaseScriptingObjects (0ms)
			CreateAndSetChildDomain (46ms)
		EndReloadAssembly (1298ms)
			LoadAssemblies (282ms)
			RebuildTransferFunctionScriptingTraits (0ms)
			SetupTypeCache (270ms)
			ReleaseScriptCaches (2ms)
			RebuildScriptCaches (60ms)
			SetupLoadedEditorAssemblies (654ms)
				LogAssemblyErrors (0ms)
				InitializePlatformSupportModulesInManaged (24ms)
				SetLoadedEditorAssemblies (1ms)
				RefreshPlugins (1ms)
				BeforeProcessingInitializeOnLoad (84ms)
				ProcessInitializeOnLoadAttributes (440ms)
				ProcessInitializeOnLoadMethodAttributes (98ms)
				AfterProcessingInitializeOnLoad (6ms)
				EditorAssembliesLoaded (0ms)
			ExecutionOrderSort2 (0ms)
			AwakeInstancesAfterBackupRestoration (14ms)
Platform modules already initialized, skipping
Refreshing native plugins compatible for Editor in 1.06 ms, found 3 plugins.
Preloading 0 native plugins for Editor in 0.00 ms.
Unloading 3840 Unused Serialized files (Serialized files now loaded: 0)
Unloading 29 unused Assets / (476.8 KB). Loaded Objects now: 4408.
Memory consumption went from 168.8 MB to 168.3 MB.
Total: 4.871100 ms (FindLiveObjects: 0.422500 ms CreateObjectMapping: 0.101100 ms MarkObjects: 4.062800 ms  DeleteObjects: 0.282900 ms)

AssetImportParameters requested are different than current active one (requested -> active):
  custom:video-decoder-ogg-theora: a1e56fd34408186e4bbccfd4996cb3dc -> 
  custom:container-muxer-webm: aa71ff27fc2769a1b78a27578f13a17b -> 
  custom:container-demuxer-webm: 4f35f7cbe854078d1ac9338744f61a02 -> 
  custom:video-encoder-webm-vp8: eb34c28f22e8b96e1ab97ce403110664 -> 
  custom:audio-encoder-webm-vorbis: bf7c407c2cedff20999df2af8eb42d56 -> 
  custom:framework-win-MediaFoundation: 216162199b28c13a410421893ffa2e32 -> 
  custom:container-demuxer-ogg: 62fdf1f143b41e24485cea50d1cbac27 -> 
  custom:video-decoder-webm-vp8: 9c59270c3fd7afecdb556c50c9e8de78 -> 
  custom:audio-decoder-ogg-vorbis: bf7c407c2cedff20999df2af8eb42d56 -> 
========================================================================
Received Import Request.
  Time since last request: 29691.612689 seconds.
  path: Assets/Scenes/Mobile Screen.unity
  artifactKey: Guid(1917c1ba59108684baf5b092eba09260) Importer(815301076,1909f56bfc062723c751e8b465ee728b)
Start importing Assets/Scenes/Mobile Screen.unity using Guid(1917c1ba59108684baf5b092eba09260) Importer(815301076,1909f56bfc062723c751e8b465ee728b)  -> (artifact id: '9d0201b6e1968544ed3253bd6e76530e') in 0.024243 seconds 
========================================================================
Received Prepare
Registering precompiled user dll's ...
Registered in 0.014332 seconds.
Begin MonoManager ReloadAssembly
Native extension for WindowsStandalone target not found
Native extension for WebGL target not found
Refreshing native plugins compatible for Editor in 1.29 ms, found 3 plugins.
Preloading 0 native plugins for Editor in 0.00 ms.
Mono: successfully reloaded assembly
- Completed reload, in  1.649 seconds
Domain Reload Profiling:
	ReloadAssembly (1650ms)
		BeginReloadAssembly (251ms)
			ExecutionOrderSort (0ms)
			DisableScriptedObjects (7ms)
			BackupInstance (0ms)
			ReleaseScriptingObjects (0ms)
			CreateAndSetChildDomain (48ms)
		EndReloadAssembly (1281ms)
			LoadAssemblies (269ms)
			RebuildTransferFunctionScriptingTraits (0ms)
			SetupTypeCache (270ms)
			ReleaseScriptCaches (2ms)
			RebuildScriptCaches (59ms)
			SetupLoadedEditorAssemblies (646ms)
				LogAssemblyErrors (0ms)
				InitializePlatformSupportModulesInManaged (24ms)
				SetLoadedEditorAssemblies (1ms)
				RefreshPlugins (1ms)
				BeforeProcessingInitializeOnLoad (87ms)
				ProcessInitializeOnLoadAttributes (434ms)
				ProcessInitializeOnLoadMethodAttributes (93ms)
				AfterProcessingInitializeOnLoad (6ms)
				EditorAssembliesLoaded (0ms)
			ExecutionOrderSort2 (0ms)
			AwakeInstancesAfterBackupRestoration (13ms)
Platform modules already initialized, skipping
Refreshing native plugins compatible for Editor in 0.95 ms, found 3 plugins.
Preloading 0 native plugins for Editor in 0.00 ms.
Unloading 3840 Unused Serialized files (Serialized files now loaded: 0)
Unloading 29 unused Assets / (484.7 KB). Loaded Objects now: 4422.
Memory consumption went from 169.3 MB to 168.8 MB.
Total: 4.477900 ms (FindLiveObjects: 0.376100 ms CreateObjectMapping: 0.104500 ms MarkObjects: 3.708000 ms  DeleteObjects: 0.287800 ms)

AssetImportParameters requested are different than current active one (requested -> active):
  custom:video-decoder-ogg-theora: a1e56fd34408186e4bbccfd4996cb3dc -> 
  custom:container-muxer-webm: aa71ff27fc2769a1b78a27578f13a17b -> 
  custom:container-demuxer-webm: 4f35f7cbe854078d1ac9338744f61a02 -> 
  custom:video-encoder-webm-vp8: eb34c28f22e8b96e1ab97ce403110664 -> 
  custom:audio-encoder-webm-vorbis: bf7c407c2cedff20999df2af8eb42d56 -> 
  custom:framework-win-MediaFoundation: 216162199b28c13a410421893ffa2e32 -> 
  custom:container-demuxer-ogg: 62fdf1f143b41e24485cea50d1cbac27 -> 
  custom:video-decoder-webm-vp8: 9c59270c3fd7afecdb556c50c9e8de78 -> 
  custom:audio-decoder-ogg-vorbis: bf7c407c2cedff20999df2af8eb42d56 -> 
========================================================================
Received Prepare
Registering precompiled user dll's ...
Registered in 0.013978 seconds.
Begin MonoManager ReloadAssembly
Native extension for WindowsStandalone target not found
Native extension for WebGL target not found
Refreshing native plugins compatible for Editor in 0.90 ms, found 3 plugins.
Preloading 0 native plugins for Editor in 0.00 ms.
Mono: successfully reloaded assembly
- Completed reload, in  1.593 seconds
Domain Reload Profiling:
	ReloadAssembly (1594ms)
		BeginReloadAssembly (237ms)
			ExecutionOrderSort (0ms)
			DisableScriptedObjects (8ms)
			BackupInstance (0ms)
			ReleaseScriptingObjects (0ms)
			CreateAndSetChildDomain (38ms)
		EndReloadAssembly (1241ms)
			LoadAssemblies (255ms)
			RebuildTransferFunctionScriptingTraits (0ms)
			SetupTypeCache (259ms)
			ReleaseScriptCaches (2ms)
			RebuildScriptCaches (61ms)
			SetupLoadedEditorAssemblies (643ms)
				LogAssemblyErrors (0ms)
				InitializePlatformSupportModulesInManaged (24ms)
				SetLoadedEditorAssemblies (1ms)
				RefreshPlugins (1ms)
				BeforeProcessingInitializeOnLoad (81ms)
				ProcessInitializeOnLoadAttributes (432ms)
				ProcessInitializeOnLoadMethodAttributes (100ms)
				AfterProcessingInitializeOnLoad (5ms)
				EditorAssembliesLoaded (0ms)
			ExecutionOrderSort2 (0ms)
			AwakeInstancesAfterBackupRestoration (13ms)
Platform modules already initialized, skipping
Refreshing native plugins compatible for Editor in 0.94 ms, found 3 plugins.
Preloading 0 native plugins for Editor in 0.00 ms.
Unloading 3840 Unused Serialized files (Serialized files now loaded: 0)
Unloading 29 unused Assets / (477.3 KB). Loaded Objects now: 4436.
Memory consumption went from 169.3 MB to 168.9 MB.
Total: 4.908200 ms (FindLiveObjects: 0.579400 ms CreateObjectMapping: 0.124400 ms MarkObjects: 3.846900 ms  DeleteObjects: 0.296300 ms)

AssetImportParameters requested are different than current active one (requested -> active):
  custom:video-decoder-ogg-theora: a1e56fd34408186e4bbccfd4996cb3dc -> 
  custom:container-muxer-webm: aa71ff27fc2769a1b78a27578f13a17b -> 
  custom:container-demuxer-webm: 4f35f7cbe854078d1ac9338744f61a02 -> 
  custom:video-encoder-webm-vp8: eb34c28f22e8b96e1ab97ce403110664 -> 
  custom:audio-encoder-webm-vorbis: bf7c407c2cedff20999df2af8eb42d56 -> 
  custom:framework-win-MediaFoundation: 216162199b28c13a410421893ffa2e32 -> 
  custom:container-demuxer-ogg: 62fdf1f143b41e24485cea50d1cbac27 -> 
  custom:video-decoder-webm-vp8: 9c59270c3fd7afecdb556c50c9e8de78 -> 
  custom:audio-decoder-ogg-vorbis: bf7c407c2cedff20999df2af8eb42d56 -> 
========================================================================
Received Import Request.
  Time since last request: 350.980200 seconds.
  path: Assets/Music/MusicMixer.mixer
  artifactKey: Guid(6542524844efaef488b84427ca3c033b) Importer(815301076,1909f56bfc062723c751e8b465ee728b)
Start importing Assets/Music/MusicMixer.mixer using Guid(6542524844efaef488b84427ca3c033b) Importer(815301076,1909f56bfc062723c751e8b465ee728b)  -> (artifact id: 'c24b230a29179b63f44353b2a2e8d320') in 0.045257 seconds 
========================================================================
Received Import Request.
  Time since last request: 227.664562 seconds.
  path: Assets/Art/backdrop/DnD Stuff/Assets (300 DPI)/Wall, door (1x1).png
  artifactKey: Guid(fd97fff7d5fcebf43b6e5040a89cf4e3) Importer(815301076,1909f56bfc062723c751e8b465ee728b)
Start importing Assets/Art/backdrop/DnD Stuff/Assets (300 DPI)/Wall, door (1x1).png using Guid(fd97fff7d5fcebf43b6e5040a89cf4e3) Importer(815301076,1909f56bfc062723c751e8b465ee728b)  -> (artifact id: 'f6fb27d71ac2fd97d5c5acb01a491589') in 0.158704 seconds 
========================================================================
Received Import Request.
  Time since last request: 0.000030 seconds.
  path: Assets/Art/backdrop/DnD Stuff/Roll20 (72 DPI)/Wall, straight (4x2).png
  artifactKey: Guid(62a948b832d58d94986340ba6d313975) Importer(815301076,1909f56bfc062723c751e8b465ee728b)
Start importing Assets/Art/backdrop/DnD Stuff/Roll20 (72 DPI)/Wall, straight (4x2).png using Guid(62a948b832d58d94986340ba6d313975) Importer(815301076,1909f56bfc062723c751e8b465ee728b)  -> (artifact id: '0f5d3f2103b503abd43bf31e8d9fc043') in 0.069385 seconds 
========================================================================
Received Import Request.
  Time since last request: 0.000044 seconds.
  path: Assets/Art/backdrop/DnD Stuff/Fantasy Grounds (60 DPI)/Wall, straight (6x2).png
  artifactKey: Guid(333b327abae467842a09140f5f95a2d0) Importer(815301076,1909f56bfc062723c751e8b465ee728b)
Start importing Assets/Art/backdrop/DnD Stuff/Fantasy Grounds (60 DPI)/Wall, straight (6x2).png using Guid(333b327abae467842a09140f5f95a2d0) Importer(815301076,1909f56bfc062723c751e8b465ee728b)  -> (artifact id: '1991c4d9b3b193e9a65467e93bee0439') in 0.072176 seconds 
========================================================================
Received Import Request.
  Time since last request: 0.000034 seconds.
  path: Assets/Art/backdrop/DnD Stuff/Fantasy Grounds (60 DPI)/Wall, long (10x2).png
  artifactKey: Guid(391f1e44d0fc1674e87fea43d24d897a) Importer(815301076,1909f56bfc062723c751e8b465ee728b)
Start importing Assets/Art/backdrop/DnD Stuff/Fantasy Grounds (60 DPI)/Wall, long (10x2).png using Guid(391f1e44d0fc1674e87fea43d24d897a) Importer(815301076,1909f56bfc062723c751e8b465ee728b)  -> (artifact id: '8106727f910485896b924d3ce174ecee') in 0.043387 seconds 
========================================================================
Received Import Request.
  Time since last request: 0.000021 seconds.
  path: Assets/Art/backdrop/DnD Stuff/Fantasy Grounds (60 DPI)/Wall, long (14x3).png
  artifactKey: Guid(199da58b7641e5b4ab1d072e2bb21c46) Importer(815301076,1909f56bfc062723c751e8b465ee728b)
Start importing Assets/Art/backdrop/DnD Stuff/Fantasy Grounds (60 DPI)/Wall, long (14x3).png using Guid(199da58b7641e5b4ab1d072e2bb21c46) Importer(815301076,1909f56bfc062723c751e8b465ee728b)  -> (artifact id: '3a3f709e1849128c80d00b49bc5131a4') in 0.047974 seconds 
========================================================================
Received Import Request.
  Time since last request: 0.000030 seconds.
  path: Assets/Art/backdrop/DnD Stuff/Roll20 (72 DPI)/Wall, long (17x3).png
  artifactKey: Guid(4327b6edc76b7e44d8745c8a6bf0dd93) Importer(815301076,1909f56bfc062723c751e8b465ee728b)
Start importing Assets/Art/backdrop/DnD Stuff/Roll20 (72 DPI)/Wall, long (17x3).png using Guid(4327b6edc76b7e44d8745c8a6bf0dd93) Importer(815301076,1909f56bfc062723c751e8b465ee728b)  -> (artifact id: '2905b66efa14e89412b7eaf93e1a8498') in 0.062801 seconds 
========================================================================
Received Import Request.
  Time since last request: 0.000037 seconds.
  path: Assets/Art/backdrop/DnD Stuff/Assets (300 DPI)/Wall, long (14x3).png
  artifactKey: Guid(a80714362a021564cbb2e27a9b0a1769) Importer(815301076,1909f56bfc062723c751e8b465ee728b)
Start importing Assets/Art/backdrop/DnD Stuff/Assets (300 DPI)/Wall, long (14x3).png using Guid(a80714362a021564cbb2e27a9b0a1769) Importer(815301076,1909f56bfc062723c751e8b465ee728b)  -> (artifact id: '5b95c75b9d0d67eafa4132333acf0f88') in 0.126770 seconds 
========================================================================
Received Import Request.
  Time since last request: 0.000042 seconds.
  path: Assets/Art/backdrop/DnD Stuff/Roll20 (72 DPI)/Wall, straight (3x2).png
  artifactKey: Guid(80947fe38f87dfd49ba48e121c509f41) Importer(815301076,1909f56bfc062723c751e8b465ee728b)
Start importing Assets/Art/backdrop/DnD Stuff/Roll20 (72 DPI)/Wall, straight (3x2).png using Guid(80947fe38f87dfd49ba48e121c509f41) Importer(815301076,1909f56bfc062723c751e8b465ee728b)  -> (artifact id: 'c79a4d3ff7aeec71bf83d8b0c2ee8288') in 0.030777 seconds 
========================================================================
Received Import Request.
  Time since last request: 0.000026 seconds.
  path: Assets/Art/backdrop/DnD Stuff/Assets (300 DPI)/Wall, straight (6x2).png
  artifactKey: Guid(15f044ff8f351a64a81759685caf6494) Importer(815301076,1909f56bfc062723c751e8b465ee728b)
Start importing Assets/Art/backdrop/DnD Stuff/Assets (300 DPI)/Wall, straight (6x2).png using Guid(15f044ff8f351a64a81759685caf6494) Importer(815301076,1909f56bfc062723c751e8b465ee728b)  -> (artifact id: '376da62c455e298462cce45685a4ee3d') in 0.109097 seconds 
========================================================================
Received Import Request.
  Time since last request: 0.000023 seconds.
  path: Assets/Art/backdrop/DnD Stuff/Roll20 (72 DPI)/Wall, wide (10x3).png
  artifactKey: Guid(7e974428a9f220f4286a43f10a296577) Importer(815301076,1909f56bfc062723c751e8b465ee728b)
Start importing Assets/Art/backdrop/DnD Stuff/Roll20 (72 DPI)/Wall, wide (10x3).png using Guid(7e974428a9f220f4286a43f10a296577) Importer(815301076,1909f56bfc062723c751e8b465ee728b)  -> (artifact id: '016a3cbd20d9462a9ee00b8c6206091c') in 0.036626 seconds 
========================================================================
Received Import Request.
  Time since last request: 0.000029 seconds.
  path: Assets/Art/backdrop/DnD Stuff/Roll20 (72 DPI)/Wall, wide (17x4).png
  artifactKey: Guid(eb501c0f4764dbc4d82e189e805d1f28) Importer(815301076,1909f56bfc062723c751e8b465ee728b)
Start importing Assets/Art/backdrop/DnD Stuff/Roll20 (72 DPI)/Wall, wide (17x4).png using Guid(eb501c0f4764dbc4d82e189e805d1f28) Importer(815301076,1909f56bfc062723c751e8b465ee728b)  -> (artifact id: '478caedf81b78802a79d56de7ee3d463') in 0.058950 seconds 
========================================================================
Received Import Request.
  Time since last request: 0.000025 seconds.
  path: Assets/Art/backdrop/DnD Stuff/Assets (300 DPI)/Wall, wide (17x4).png
  artifactKey: Guid(c45efc1671e241b43a7172e4efa0cd5c) Importer(815301076,1909f56bfc062723c751e8b465ee728b)
Start importing Assets/Art/backdrop/DnD Stuff/Assets (300 DPI)/Wall, wide (17x4).png using Guid(c45efc1671e241b43a7172e4efa0cd5c) Importer(815301076,1909f56bfc062723c751e8b465ee728b)  -> (artifact id: '3529ad4a93ce1944c21dfd4c4940e6f7') in 0.107143 seconds 
========================================================================
Received Import Request.
  Time since last request: 0.000035 seconds.
  path: Assets/Art/backdrop/DnD Stuff/Fantasy Grounds (60 DPI)/Wall, wide (10x3).png
  artifactKey: Guid(c6b8af7fae3ee1b4eb2e86967204d921) Importer(815301076,1909f56bfc062723c751e8b465ee728b)
Start importing Assets/Art/backdrop/DnD Stuff/Fantasy Grounds (60 DPI)/Wall, wide (10x3).png using Guid(c6b8af7fae3ee1b4eb2e86967204d921) Importer(815301076,1909f56bfc062723c751e8b465ee728b)  -> (artifact id: '0403e1062abf673a9c25adf8554a9a52') in 0.042261 seconds 
========================================================================
Received Import Request.
  Time since last request: 0.000027 seconds.
  path: Assets/Art/backdrop/DnD Stuff/Fantasy Grounds (60 DPI)/Wall, straight (4x2).png
  artifactKey: Guid(02ebca54b88395d46a8ff6923333379f) Importer(815301076,1909f56bfc062723c751e8b465ee728b)
Start importing Assets/Art/backdrop/DnD Stuff/Fantasy Grounds (60 DPI)/Wall, straight (4x2).png using Guid(02ebca54b88395d46a8ff6923333379f) Importer(815301076,1909f56bfc062723c751e8b465ee728b)  -> (artifact id: '2adb42fe57724f7ed4554af42f0c6fc3') in 0.026079 seconds 
========================================================================
Received Import Request.
  Time since last request: 0.000028 seconds.
  path: Assets/Art/backdrop/DnD Stuff/Roll20 (72 DPI)/Wall, wide (14x3).png
  artifactKey: Guid(3f9c6bb5d30b2df46bf80b912347b0df) Importer(815301076,1909f56bfc062723c751e8b465ee728b)
Start importing Assets/Art/backdrop/DnD Stuff/Roll20 (72 DPI)/Wall, wide (14x3).png using Guid(3f9c6bb5d30b2df46bf80b912347b0df) Importer(815301076,1909f56bfc062723c751e8b465ee728b)  -> (artifact id: 'd022edf803eeaef3a23c3fdfb06df3a2') in 0.108121 seconds 
========================================================================
Received Import Request.
  Time since last request: 0.000022 seconds.
  path: Assets/Art/backdrop/DnD Stuff/Roll20 (72 DPI)/Wall, long (22x4).png
  artifactKey: Guid(761ed9aa0b669b34f8cf95a34f5fec5b) Importer(815301076,1909f56bfc062723c751e8b465ee728b)
Start importing Assets/Art/backdrop/DnD Stuff/Roll20 (72 DPI)/Wall, long (22x4).png using Guid(761ed9aa0b669b34f8cf95a34f5fec5b) Importer(815301076,1909f56bfc062723c751e8b465ee728b)  -> (artifact id: '34ac8a0c7a50b4f8bc8b7d9deef63c48') in 0.123816 seconds 
========================================================================
Received Import Request.
  Time since last request: 0.000024 seconds.
  path: Assets/Art/backdrop/DnD Stuff/Fantasy Grounds (60 DPI)/Wall, wide (17x4).png
  artifactKey: Guid(db40411b976e9404f901c2b3be348382) Importer(815301076,1909f56bfc062723c751e8b465ee728b)
Start importing Assets/Art/backdrop/DnD Stuff/Fantasy Grounds (60 DPI)/Wall, wide (17x4).png using Guid(db40411b976e9404f901c2b3be348382) Importer(815301076,1909f56bfc062723c751e8b465ee728b)  -> (artifact id: '008a7837e7ba65c06daa088df2427a08') in 0.054455 seconds 
========================================================================
Received Import Request.
  Time since last request: 0.000031 seconds.
  path: Assets/Art/backdrop/DnD Stuff/Roll20 (72 DPI)/Wall, long (10x2).png
  artifactKey: Guid(f058d0090188ef2458160fa9ec368b90) Importer(815301076,1909f56bfc062723c751e8b465ee728b)
Start importing Assets/Art/backdrop/DnD Stuff/Roll20 (72 DPI)/Wall, long (10x2).png using Guid(f058d0090188ef2458160fa9ec368b90) Importer(815301076,1909f56bfc062723c751e8b465ee728b)  -> (artifact id: '4c5e6fd3614eb2ec67d75deb4c65efea') in 0.036541 seconds 
========================================================================
Received Import Request.
  Time since last request: 0.000023 seconds.
  path: Assets/Art/backdrop/DnD Stuff/Fantasy Grounds (60 DPI)/Wall, wide (22x5).png
  artifactKey: Guid(821af8131e28eb341bf92de17f8c93c2) Importer(815301076,1909f56bfc062723c751e8b465ee728b)
Start importing Assets/Art/backdrop/DnD Stuff/Fantasy Grounds (60 DPI)/Wall, wide (22x5).png using Guid(821af8131e28eb341bf92de17f8c93c2) Importer(815301076,1909f56bfc062723c751e8b465ee728b)  -> (artifact id: '1591be470319ffbe5cae63851732f08e') in 0.103303 seconds 
========================================================================
Received Import Request.
  Time since last request: 0.000023 seconds.
  path: Assets/Art/backdrop/DnD Stuff/Assets (300 DPI)/Wall, long (22x4).png
  artifactKey: Guid(937794fa8db4ca444b8aeeceafd2a773) Importer(815301076,1909f56bfc062723c751e8b465ee728b)
Start importing Assets/Art/backdrop/DnD Stuff/Assets (300 DPI)/Wall, long (22x4).png using Guid(937794fa8db4ca444b8aeeceafd2a773) Importer(815301076,1909f56bfc062723c751e8b465ee728b)  -> (artifact id: '6598488ac15f4a7a1c98970b4e0d8b7f') in 0.125694 seconds 
========================================================================
Received Import Request.
  Time since last request: 0.000029 seconds.
  path: Assets/Art/backdrop/DnD Stuff/Roll20 (72 DPI)/Wall, long (14x3).png
  artifactKey: Guid(b13f0479f8bb6fe499f361a3f15876c3) Importer(815301076,1909f56bfc062723c751e8b465ee728b)
Start importing Assets/Art/backdrop/DnD Stuff/Roll20 (72 DPI)/Wall, long (14x3).png using Guid(b13f0479f8bb6fe499f361a3f15876c3) Importer(815301076,1909f56bfc062723c751e8b465ee728b)  -> (artifact id: 'e63d5fbbe22c2305356ce09bd78aad2a') in 0.043370 seconds 
========================================================================
Received Import Request.
  Time since last request: 0.000034 seconds.
  path: Assets/Art/backdrop/DnD Stuff/Fantasy Grounds (60 DPI)/Wall, window, porthole (1x1).png
  artifactKey: Guid(45cbe0530b649654c9fc85a3fa4f7d2d) Importer(815301076,1909f56bfc062723c751e8b465ee728b)
Start importing Assets/Art/backdrop/DnD Stuff/Fantasy Grounds (60 DPI)/Wall, window, porthole (1x1).png using Guid(45cbe0530b649654c9fc85a3fa4f7d2d) Importer(815301076,1909f56bfc062723c751e8b465ee728b)  -> (artifact id: 'ed86dd3fbf0d22516efed5d713ef8999') in 0.045877 seconds 
========================================================================
Received Import Request.
  Time since last request: 0.000022 seconds.
  path: Assets/Art/backdrop/DnD Stuff/Fantasy Grounds (60 DPI)/Wall, window (1x1).png
  artifactKey: Guid(d7cc45794f8ba7845bdb4912404e1a09) Importer(815301076,1909f56bfc062723c751e8b465ee728b)
Start importing Assets/Art/backdrop/DnD Stuff/Fantasy Grounds (60 DPI)/Wall, window (1x1).png using Guid(d7cc45794f8ba7845bdb4912404e1a09) Importer(815301076,1909f56bfc062723c751e8b465ee728b)  -> (artifact id: 'e35d3925289d36ca91f6623e8ee728f3') in 0.049483 seconds 
========================================================================
Received Import Request.
  Time since last request: 0.000024 seconds.
  path: Assets/Art/backdrop/DnD Stuff/Roll20 (72 DPI)/Wall, straight (5x2).png
  artifactKey: Guid(41f8f2dbd89c8c9428188c3fdd9d6c5a) Importer(815301076,1909f56bfc062723c751e8b465ee728b)
Start importing Assets/Art/backdrop/DnD Stuff/Roll20 (72 DPI)/Wall, straight (5x2).png using Guid(41f8f2dbd89c8c9428188c3fdd9d6c5a) Importer(815301076,1909f56bfc062723c751e8b465ee728b)  -> (artifact id: 'b15ae781583ee553b4719cfe656e4118') in 0.029963 seconds 
========================================================================
Received Import Request.
  Time since last request: 0.000025 seconds.
  path: Assets/Art/backdrop/DnD Stuff/Roll20 (72 DPI)/Wall, window, porthole (1x1).png
  artifactKey: Guid(34432a2785714a14f84d40a9a86d62ba) Importer(815301076,1909f56bfc062723c751e8b465ee728b)
Start importing Assets/Art/backdrop/DnD Stuff/Roll20 (72 DPI)/Wall, window, porthole (1x1).png using Guid(34432a2785714a14f84d40a9a86d62ba) Importer(815301076,1909f56bfc062723c751e8b465ee728b)  -> (artifact id: '026bbff108810e5c8bd24399926a4b85') in 0.026859 seconds 
========================================================================
Received Import Request.
  Time since last request: 0.000068 seconds.
  path: Assets/Art/backdrop/DnD Stuff/Assets (300 DPI)/Wall, straight (5x2).png
  artifactKey: Guid(d6cd171ce2ec0804d86d4bb0f05f885d) Importer(815301076,1909f56bfc062723c751e8b465ee728b)
Start importing Assets/Art/backdrop/DnD Stuff/Assets (300 DPI)/Wall, straight (5x2).png using Guid(d6cd171ce2ec0804d86d4bb0f05f885d) Importer(815301076,1909f56bfc062723c751e8b465ee728b)  -> (artifact id: '65698693c676990394e58e1ec4d2950e') in 0.083128 seconds 
========================================================================
Received Import Request.
  Time since last request: 11.297064 seconds.
  path: Assets/Art/boat/Animation v_4/Boat_and_Dingy_green_Frames (2).png
  artifactKey: Guid(c73a2feb7d4691e4485564a501e7d071) Importer(815301076,1909f56bfc062723c751e8b465ee728b)
Start importing Assets/Art/boat/Animation v_4/Boat_and_Dingy_green_Frames (2).png using Guid(c73a2feb7d4691e4485564a501e7d071) Importer(815301076,1909f56bfc062723c751e8b465ee728b)  -> (artifact id: '0a92198e65458a01a31f68aed9def625') in 0.208188 seconds 
========================================================================
Received Import Request.
  Time since last request: 0.000023 seconds.
  path: Assets/Art/boat/Animation v_4/Boat_and_Dingy_green_Frames (11).png
  artifactKey: Guid(26b71d43125a4ca41bd2d93d3e9bd84c) Importer(815301076,1909f56bfc062723c751e8b465ee728b)
Start importing Assets/Art/boat/Animation v_4/Boat_and_Dingy_green_Frames (11).png using Guid(26b71d43125a4ca41bd2d93d3e9bd84c) Importer(815301076,1909f56bfc062723c751e8b465ee728b)  -> (artifact id: '00e73e870497a9bf2235ca012b627609') in 0.134947 seconds 
========================================================================
Received Import Request.
  Time since last request: 0.000030 seconds.
  path: Assets/Art/boat/Animation v_4/Boat_and_Dingy_green_Frames (7).png
  artifactKey: Guid(0d8471078cc6f564e9ab89a680b497ce) Importer(815301076,1909f56bfc062723c751e8b465ee728b)
Start importing Assets/Art/boat/Animation v_4/Boat_and_Dingy_green_Frames (7).png using Guid(0d8471078cc6f564e9ab89a680b497ce) Importer(815301076,1909f56bfc062723c751e8b465ee728b)  -> (artifact id: '9490fed4e3a2521f3ad55fe918433b58') in 0.110296 seconds 
========================================================================
Received Import Request.
  Time since last request: 0.000028 seconds.
  path: Assets/Art/boat/Animation v_4/Boat_and_Dingy_green_Frames (24).png
  artifactKey: Guid(9b59bb5eb53ffaf4598ab5250df93c9d) Importer(815301076,1909f56bfc062723c751e8b465ee728b)
Start importing Assets/Art/boat/Animation v_4/Boat_and_Dingy_green_Frames (24).png using Guid(9b59bb5eb53ffaf4598ab5250df93c9d) Importer(815301076,1909f56bfc062723c751e8b465ee728b)  -> (artifact id: '7bfc0cb55c833930a9deb5ba8c63aa59') in 0.111480 seconds 
========================================================================
Received Import Request.
  Time since last request: 0.000024 seconds.
  path: Assets/Art/boat/Animation v_4/Boat_and_Dingy_green_Frames (9).png
  artifactKey: Guid(f72c10d956c8b064e803e557d06d79a1) Importer(815301076,1909f56bfc062723c751e8b465ee728b)
Start importing Assets/Art/boat/Animation v_4/Boat_and_Dingy_green_Frames (9).png using Guid(f72c10d956c8b064e803e557d06d79a1) Importer(815301076,1909f56bfc062723c751e8b465ee728b)  -> (artifact id: 'a14874b923665a7193f0530dcf9132c8') in 0.106855 seconds 
========================================================================
Received Import Request.
  Time since last request: 0.000033 seconds.
  path: Assets/Art/boat/Animation v_4/Boat_and_Dingy_green_Frames (8).png
  artifactKey: Guid(0078085d1bcfb9d45a654677e7868b58) Importer(815301076,1909f56bfc062723c751e8b465ee728b)
Start importing Assets/Art/boat/Animation v_4/Boat_and_Dingy_green_Frames (8).png using Guid(0078085d1bcfb9d45a654677e7868b58) Importer(815301076,1909f56bfc062723c751e8b465ee728b)  -> (artifact id: '2dc0f105232da2075595030980e97f1f') in 0.109352 seconds 
========================================================================
Received Import Request.
  Time since last request: 0.000027 seconds.
  path: Assets/Art/boat/Animation v_4/Boat_and_Dingy_green_Frames (19).png
  artifactKey: Guid(397b47f2c28eaf04c9043bd40d26da5e) Importer(815301076,1909f56bfc062723c751e8b465ee728b)
Start importing Assets/Art/boat/Animation v_4/Boat_and_Dingy_green_Frames (19).png using Guid(397b47f2c28eaf04c9043bd40d26da5e) Importer(815301076,1909f56bfc062723c751e8b465ee728b)  -> (artifact id: '0d2ff8034b86de62b17ffe362e85deec') in 0.108084 seconds 
Editor requested this worker to shutdown with reason: Scaling down because of idle timeout
AssetImportWorker is now disconnected from the server
Process exiting
Exiting without the bug reporter. Application will terminate with return code 0