Using pre-set license
Built from '2021.2/staging' branch; Version is '2021.2.5f1 (4ec9a5e799f5) revision 5163429'; Using compiler version '192829333'; Build Type 'Release'
OS: 'Windows 10  (10.0.19042) 64bit Core' Language: 'en' Physical Memory: 16253 MB
BatchMode: 1, IsHumanControllingUs: 0, StartBugReporterOnCrash: 0, Is64bit: 1, IsPro: 0

COMMAND LINE ARGUMENTS:
C:\Program Files\Unity\Hub\Editor\2021.2.5f1\Editor\Unity.exe
-adb2
-batchMode
-noUpm
-name
AssetImportWorker608
-projectPath
C:/_FILES/3D/GPW Climate Crisis/Local Scene/Ocean Cleanup Net Prototype
-logFile
Logs/AssetImportWorker608.log
-srvPort
62806
Successfully changed project path to: C:/_FILES/3D/GPW Climate Crisis/Local Scene/Ocean Cleanup Net Prototype
C:/_FILES/3D/GPW Climate Crisis/Local Scene/Ocean Cleanup Net Prototype
[UnityMemory] Configuration Parameters - Can be set up in boot.config
    "memorysetup-bucket-allocator-granularity=16"
    "memorysetup-bucket-allocator-bucket-count=8"
    "memorysetup-bucket-allocator-block-size=33554432"
    "memorysetup-bucket-allocator-block-count=8"
    "memorysetup-main-allocator-block-size=16777216"
    "memorysetup-thread-allocator-block-size=16777216"
    "memorysetup-gfx-main-allocator-block-size=16777216"
    "memorysetup-gfx-thread-allocator-block-size=16777216"
    "memorysetup-cache-allocator-block-size=4194304"
    "memorysetup-typetree-allocator-block-size=2097152"
    "memorysetup-profiler-bucket-allocator-granularity=16"
    "memorysetup-profiler-bucket-allocator-bucket-count=8"
    "memorysetup-profiler-bucket-allocator-block-size=33554432"
    "memorysetup-profiler-bucket-allocator-block-count=8"
    "memorysetup-profiler-allocator-block-size=16777216"
    "memorysetup-profiler-editor-allocator-block-size=1048576"
    "memorysetup-temp-allocator-size-main=16777216"
    "memorysetup-job-temp-allocator-block-size=2097152"
    "memorysetup-job-temp-allocator-block-size-background=1048576"
    "memorysetup-job-temp-allocator-reduction-small-platforms=262144"
    "memorysetup-temp-allocator-size-background-worker=32768"
    "memorysetup-temp-allocator-size-job-worker=262144"
    "memorysetup-temp-allocator-size-preload-manager=33554432"
    "memorysetup-temp-allocator-size-nav-mesh-worker=65536"
    "memorysetup-temp-allocator-size-audio-worker=65536"
    "memorysetup-temp-allocator-size-cloud-worker=32768"
    "memorysetup-temp-allocator-size-gi-baking-worker=262144"
    "memorysetup-temp-allocator-size-gfx=262144"
mdb reader table full -> cleaning up stale readers. Current readers:
    pid     thread     txnid
      2816 20a4 -
     12448 482c -
      2816 3ad0 -
      2816 77c -
     27180 6984 -
     30196 6894 -
     32332 5d48 -
     12040 6154 -
     27936 725c -
     32680 7d8c -
     25452 7adc -
     28192 769c -
      9692 3e2c -
     30676 7570 -
     31412 4bf4 -
     20932 7f88 -
     32116 7bd8 -
     27696 73ac -
      2416 51d4 -
     32228 7714 -
     31996 d10 -
     28076 3488 -
     30552 7d14 -
     32280 7910 -
      9632 7884 -
     32400 6d68 -
     32604 6fd4 -
      3388 7e30 -
      8452 6a80 -
      8580 7c74 -
     31940 18b8 -
     30812 754c -
     16680 6ff8 -
     12300 6940 -
     29624 34ac -
     32540 7ed4 -
     28920 75bc -
     26832 773c -
     32176 7b90 -
     16736 7398 -
     10856 7ddc -
     18512 59a8 -
     33276 8200 -
     10088 6ee8 -
     30704 5d5c -
     32724 3398 -
     32548 5f70 -
      8876 7a3c -
     32056 83b4 -
     18564 3df0 -
      9888 1428 -
     32532 81f4 -
     27320 71d0 -
      2072 7990 -
     26080 50a0 -
     33312 6fc0 -
     23404 7410 -
      1588 6c48 -
      1932 7cc8 -
     21140 7fec -
      7316 7ee8 -
     32464 81b0 -
     32104 7da4 -
     33140 8250 -
     16396 6b98 -
     30324 42e8 -
     33564 75a4 -
     33480 7050 -
     17616 8474 -
     34404 8744 -
     30612 86a4 -
     32436 841c -
     34644 6b78 -
     34336 574c -
     25852 3874 -
     33560 76b0 -
     31936 3d98 -
     31248 1090 -
     10244 142c -
     30068 5b60 -
     34784 6d0c -
     27472 8120 -
     30248 8248 -
     15132 70d8 -
     18820 81bc -
     28460 77e4 -
     17428 8340 -
     25568 6b04 -
      9308 631c -
     32040 678c -
     23476 81a4 -
     32376 8380 -
     27928 44a4 -
     32808 6d34 -
     29572 7a6c -
     33208 824c -
     29772 4c28 -
     33020 7b34 -
     29428 80a8 -
     33124 6f04 -
     15784 3d40 -
     24048 6de4 -
     34108 161c -
     14832 6e60 -
     32800 7134 -
     32688 83cc -
     26380 82e4 -
     34708 5b3c -
      4292 7c88 -
     19460 747c -
     32052 84ac -
     29344 7b28 -
     29460 3dfc -
     32564 131c -
     33092 864c -
     12224 7fe4 -
     27804 4a44 -
     29552 84a8 -
     27776 7a04 -
      6588 7af4 -
     27052 87ec -
     33404 8034 -
     33384 7fac -
     11932 13f4 -
     19212 6044 -
     11752 875c 8641
Cleaned out 122 stale readers
Refreshing native plugins compatible for Editor in 71.31 ms, found 3 plugins.
Preloading 0 native plugins for Editor in 0.00 ms.
Initialize engine version: 2021.2.5f1 (4ec9a5e799f5)
[Subsystems] Discovering subsystems at path C:/Program Files/Unity/Hub/Editor/2021.2.5f1/Editor/Data/Resources/UnitySubsystems
[Subsystems] Discovering subsystems at path C:/_FILES/3D/GPW Climate Crisis/Local Scene/Ocean Cleanup Net Prototype/Assets
GfxDevice: creating device client; threaded=0; jobified=0
Direct3D:
    Version:  Direct3D 11.0 [level 11.1]
    Renderer: NVIDIA GeForce RTX 2060 (ID=0x1f15)
    Vendor:   NVIDIA
    VRAM:     5980 MB
    Driver:   27.21.14.6677
Initialize mono
Mono path[0] = 'C:/Program Files/Unity/Hub/Editor/2021.2.5f1/Editor/Data/Managed'
Mono path[1] = 'C:/Program Files/Unity/Hub/Editor/2021.2.5f1/Editor/Data/MonoBleedingEdge/lib/mono/unityjit-win32'
Mono config path = 'C:/Program Files/Unity/Hub/Editor/2021.2.5f1/Editor/Data/MonoBleedingEdge/etc'
Using monoOptions --debugger-agent=transport=dt_socket,embedding=1,server=y,suspend=n,address=127.0.0.1:56504
Begin MonoManager ReloadAssembly
Registering precompiled unity dll's ...
Register platform support module: C:/Program Files/Unity/Hub/Editor/2021.2.5f1/Editor/Data/PlaybackEngines/WindowsStandaloneSupport/UnityEditor.WindowsStandalone.Extensions.dll
Registered in 0.006669 seconds.
Native extension for WindowsStandalone target not found
Refreshing native plugins compatible for Editor in 74.00 ms, found 3 plugins.
Preloading 0 native plugins for Editor in 0.00 ms.
Mono: successfully reloaded assembly
- Completed reload, in  0.665 seconds
Domain Reload Profiling:
	ReloadAssembly (665ms)
		BeginReloadAssembly (88ms)
			ExecutionOrderSort (0ms)
			DisableScriptedObjects (0ms)
			BackupInstance (0ms)
			ReleaseScriptingObjects (0ms)
			CreateAndSetChildDomain (1ms)
		EndReloadAssembly (501ms)
			LoadAssemblies (83ms)
			RebuildTransferFunctionScriptingTraits (0ms)
			SetupTypeCache (123ms)
			ReleaseScriptCaches (0ms)
			RebuildScriptCaches (29ms)
			SetupLoadedEditorAssemblies (292ms)
				LogAssemblyErrors (0ms)
				InitializePlatformSupportModulesInManaged (17ms)
				SetLoadedEditorAssemblies (0ms)
				RefreshPlugins (74ms)
				BeforeProcessingInitializeOnLoad (1ms)
				ProcessInitializeOnLoadAttributes (149ms)
				ProcessInitializeOnLoadMethodAttributes (50ms)
				AfterProcessingInitializeOnLoad (0ms)
				EditorAssembliesLoaded (0ms)
			ExecutionOrderSort2 (0ms)
			AwakeInstancesAfterBackupRestoration (0ms)
Platform modules already initialized, skipping
Registering precompiled user dll's ...
Registered in 0.007183 seconds.
Begin MonoManager ReloadAssembly
Native extension for WindowsStandalone target not found
Refreshing native plugins compatible for Editor in 62.19 ms, found 3 plugins.
Preloading 0 native plugins for Editor in 0.00 ms.
Mono: successfully reloaded assembly
- Completed reload, in  1.991 seconds
Domain Reload Profiling:
	ReloadAssembly (1992ms)
		BeginReloadAssembly (178ms)
			ExecutionOrderSort (0ms)
			DisableScriptedObjects (5ms)
			BackupInstance (0ms)
			ReleaseScriptingObjects (0ms)
			CreateAndSetChildDomain (20ms)
		EndReloadAssembly (1687ms)
			LoadAssemblies (93ms)
			RebuildTransferFunctionScriptingTraits (0ms)
			SetupTypeCache (265ms)
			ReleaseScriptCaches (1ms)
			RebuildScriptCaches (78ms)
			SetupLoadedEditorAssemblies (1151ms)
				LogAssemblyErrors (0ms)
				InitializePlatformSupportModulesInManaged (11ms)
				SetLoadedEditorAssemblies (0ms)
				RefreshPlugins (62ms)
				BeforeProcessingInitializeOnLoad (96ms)
				ProcessInitializeOnLoadAttributes (872ms)
				ProcessInitializeOnLoadMethodAttributes (101ms)
				AfterProcessingInitializeOnLoad (8ms)
				EditorAssembliesLoaded (0ms)
			ExecutionOrderSort2 (0ms)
			AwakeInstancesAfterBackupRestoration (7ms)
Platform modules already initialized, skipping
AssetImportWorkerClient::OnTransportError - code=10060 error=A connection attempt failed because the connected party did not properly respond after a period of time, or established connection failed because connected host has failed to respond.
