Using pre-set license
Built from '2021.2/staging' branch; Version is '2021.2.5f1 (4ec9a5e799f5) revision 5163429'; Using compiler version '192829333'; Build Type 'Release'
OS: 'Windows 10  (10.0.19044) 64bit Core' Language: 'en' Physical Memory: 16253 MB
BatchMode: 1, IsHumanControllingUs: 0, StartBugReporterOnCrash: 0, Is64bit: 1, IsPro: 0

COMMAND LINE ARGUMENTS:
C:\Program Files\Unity\Hub\Editor\2021.2.5f1\Editor\Unity.exe
-adb2
-batchMode
-noUpm
-name
AssetImportWorker5
-projectPath
C:/_FILES/3D/GPW Climate Crisis/Github Repository/Ocean Cleanup Net Prototype
-logFile
Logs/AssetImportWorker5.log
-srvPort
52105
Successfully changed project path to: C:/_FILES/3D/GPW Climate Crisis/Github Repository/Ocean Cleanup Net Prototype
C:/_FILES/3D/GPW Climate Crisis/Github Repository/Ocean Cleanup Net Prototype
[UnityMemory] Configuration Parameters - Can be set up in boot.config
    "memorysetup-bucket-allocator-granularity=16"
    "memorysetup-bucket-allocator-bucket-count=8"
    "memorysetup-bucket-allocator-block-size=33554432"
    "memorysetup-bucket-allocator-block-count=8"
    "memorysetup-main-allocator-block-size=16777216"
    "memorysetup-thread-allocator-block-size=16777216"
    "memorysetup-gfx-main-allocator-block-size=16777216"
    "memorysetup-gfx-thread-allocator-block-size=16777216"
    "memorysetup-cache-allocator-block-size=4194304"
    "memorysetup-typetree-allocator-block-size=2097152"
    "memorysetup-profiler-bucket-allocator-granularity=16"
    "memorysetup-profiler-bucket-allocator-bucket-count=8"
    "memorysetup-profiler-bucket-allocator-block-size=33554432"
    "memorysetup-profiler-bucket-allocator-block-count=8"
    "memorysetup-profiler-allocator-block-size=16777216"
    "memorysetup-profiler-editor-allocator-block-size=1048576"
    "memorysetup-temp-allocator-size-main=16777216"
    "memorysetup-job-temp-allocator-block-size=2097152"
    "memorysetup-job-temp-allocator-block-size-background=1048576"
    "memorysetup-job-temp-allocator-reduction-small-platforms=262144"
    "memorysetup-temp-allocator-size-background-worker=32768"
    "memorysetup-temp-allocator-size-job-worker=262144"
    "memorysetup-temp-allocator-size-preload-manager=33554432"
    "memorysetup-temp-allocator-size-nav-mesh-worker=65536"
    "memorysetup-temp-allocator-size-audio-worker=65536"
    "memorysetup-temp-allocator-size-cloud-worker=32768"
    "memorysetup-temp-allocator-size-gi-baking-worker=262144"
    "memorysetup-temp-allocator-size-gfx=262144"
Refreshing native plugins compatible for Editor in 77.77 ms, found 3 plugins.
Preloading 0 native plugins for Editor in 0.00 ms.
Initialize engine version: 2021.2.5f1 (4ec9a5e799f5)
[Subsystems] Discovering subsystems at path C:/Program Files/Unity/Hub/Editor/2021.2.5f1/Editor/Data/Resources/UnitySubsystems
[Subsystems] Discovering subsystems at path C:/_FILES/3D/GPW Climate Crisis/Github Repository/Ocean Cleanup Net Prototype/Assets
GfxDevice: creating device client; threaded=0; jobified=0
Direct3D:
    Version:  Direct3D 11.0 [level 11.1]
    Renderer: NVIDIA GeForce RTX 2060 (ID=0x1f15)
    Vendor:   NVIDIA
    VRAM:     5980 MB
    Driver:   30.0.15.1123
Initialize mono
Mono path[0] = 'C:/Program Files/Unity/Hub/Editor/2021.2.5f1/Editor/Data/Managed'
Mono path[1] = 'C:/Program Files/Unity/Hub/Editor/2021.2.5f1/Editor/Data/MonoBleedingEdge/lib/mono/unityjit-win32'
Mono config path = 'C:/Program Files/Unity/Hub/Editor/2021.2.5f1/Editor/Data/MonoBleedingEdge/etc'
Using monoOptions --debugger-agent=transport=dt_socket,embedding=1,server=y,suspend=n,address=127.0.0.1:56368
Begin MonoManager ReloadAssembly
Registering precompiled unity dll's ...
Register platform support module: C:/Program Files/Unity/Hub/Editor/2021.2.5f1/Editor/Data/PlaybackEngines/WindowsStandaloneSupport/UnityEditor.WindowsStandalone.Extensions.dll
Registered in 0.008066 seconds.
Native extension for WindowsStandalone target not found
Refreshing native plugins compatible for Editor in 68.31 ms, found 3 plugins.
Preloading 0 native plugins for Editor in 0.00 ms.
Mono: successfully reloaded assembly
- Completed reload, in  0.605 seconds
Domain Reload Profiling:
	ReloadAssembly (606ms)
		BeginReloadAssembly (79ms)
			ExecutionOrderSort (0ms)
			DisableScriptedObjects (0ms)
			BackupInstance (0ms)
			ReleaseScriptingObjects (0ms)
			CreateAndSetChildDomain (1ms)
		EndReloadAssembly (445ms)
			LoadAssemblies (77ms)
			RebuildTransferFunctionScriptingTraits (0ms)
			SetupTypeCache (95ms)
			ReleaseScriptCaches (0ms)
			RebuildScriptCaches (26ms)
			SetupLoadedEditorAssemblies (274ms)
				LogAssemblyErrors (0ms)
				InitializePlatformSupportModulesInManaged (15ms)
				SetLoadedEditorAssemblies (0ms)
				RefreshPlugins (68ms)
				BeforeProcessingInitializeOnLoad (1ms)
				ProcessInitializeOnLoadAttributes (143ms)
				ProcessInitializeOnLoadMethodAttributes (46ms)
				AfterProcessingInitializeOnLoad (0ms)
				EditorAssembliesLoaded (0ms)
			ExecutionOrderSort2 (0ms)
			AwakeInstancesAfterBackupRestoration (0ms)
Platform modules already initialized, skipping
Registering precompiled user dll's ...
Registered in 0.007034 seconds.
Begin MonoManager ReloadAssembly
Native extension for WindowsStandalone target not found
Refreshing native plugins compatible for Editor in 70.27 ms, found 3 plugins.
Preloading 0 native plugins for Editor in 0.00 ms.
Mono: successfully reloaded assembly
- Completed reload, in  1.749 seconds
Domain Reload Profiling:
	ReloadAssembly (1750ms)
		BeginReloadAssembly (176ms)
			ExecutionOrderSort (0ms)
			DisableScriptedObjects (5ms)
			BackupInstance (0ms)
			ReleaseScriptingObjects (0ms)
			CreateAndSetChildDomain (19ms)
		EndReloadAssembly (1475ms)
			LoadAssemblies (87ms)
			RebuildTransferFunctionScriptingTraits (0ms)
			SetupTypeCache (216ms)
			ReleaseScriptCaches (1ms)
			RebuildScriptCaches (60ms)
			SetupLoadedEditorAssemblies (1024ms)
				LogAssemblyErrors (0ms)
				InitializePlatformSupportModulesInManaged (10ms)
				SetLoadedEditorAssemblies (0ms)
				RefreshPlugins (70ms)
				BeforeProcessingInitializeOnLoad (92ms)
				ProcessInitializeOnLoadAttributes (759ms)
				ProcessInitializeOnLoadMethodAttributes (83ms)
				AfterProcessingInitializeOnLoad (8ms)
				EditorAssembliesLoaded (0ms)
			ExecutionOrderSort2 (0ms)
			AwakeInstancesAfterBackupRestoration (6ms)
Platform modules already initialized, skipping
========================================================================
Worker process is ready to serve import requests
Launched and connected shader compiler UnityShaderCompiler.exe after 0.06 seconds
Refreshing native plugins compatible for Editor in 0.93 ms, found 3 plugins.
Preloading 0 native plugins for Editor in 0.00 ms.
Unloading 3922 Unused Serialized files (Serialized files now loaded: 0)
Unloading 52 unused Assets / (0.8 MB). Loaded Objects now: 4380.
Memory consumption went from 248.3 MB to 247.6 MB.
Total: 4.739200 ms (FindLiveObjects: 0.460800 ms CreateObjectMapping: 0.204000 ms MarkObjects: 3.758300 ms  DeleteObjects: 0.314300 ms)

AssetImportParameters requested are different than current active one (requested -> active):
  custom:video-decoder-ogg-theora: a1e56fd34408186e4bbccfd4996cb3dc -> 
  custom:container-muxer-webm: aa71ff27fc2769a1b78a27578f13a17b -> 
  custom:container-demuxer-webm: 4f35f7cbe854078d1ac9338744f61a02 -> 
  custom:video-encoder-webm-vp8: eb34c28f22e8b96e1ab97ce403110664 -> 
  custom:video-codec-MediaFoundation-h265: 746d11721c4dcdbdad8f713fa42b33f4 -> 
  custom:audio-encoder-webm-vorbis: bf7c407c2cedff20999df2af8eb42d56 -> 
  custom:framework-win-MediaFoundation: 216162199b28c13a410421893ffa2e32 -> 
  custom:container-demuxer-ogg: 62fdf1f143b41e24485cea50d1cbac27 -> 
  custom:video-decoder-webm-vp8: 9c59270c3fd7afecdb556c50c9e8de78 -> 
  custom:audio-decoder-ogg-vorbis: bf7c407c2cedff20999df2af8eb42d56 -> 
========================================================================
Received Import Request.
  Time since last request: 705308.099348 seconds.
  path: Assets/Art/Backdrop/DnD Stuff/Assets (300 DPI)/_Example, top(10x5).png
  artifactKey: Guid(7019396127859ed4c9e652c97ef97fd5) Importer(815301076,1909f56bfc062723c751e8b465ee728b)
Start importing Assets/Art/Backdrop/DnD Stuff/Assets (300 DPI)/_Example, top(10x5).png using Guid(7019396127859ed4c9e652c97ef97fd5) Importer(815301076,1909f56bfc062723c751e8b465ee728b)  -> (artifact id: 'a15a31788d62c8908d0c312924c77680') in 0.267371 seconds 
========================================================================
Received Import Request.
  Time since last request: 0.000028 seconds.
  path: Assets/Art/Backdrop/DnD Stuff/Assets (300 DPI)/Interior structural plank (6x2).png
  artifactKey: Guid(88f3c1dfd6b57df48a83640499929a5e) Importer(815301076,1909f56bfc062723c751e8b465ee728b)
Start importing Assets/Art/Backdrop/DnD Stuff/Assets (300 DPI)/Interior structural plank (6x2).png using Guid(88f3c1dfd6b57df48a83640499929a5e) Importer(815301076,1909f56bfc062723c751e8b465ee728b)  -> (artifact id: '10aea27e3e5adf832b22a356bfff89f6') in 0.088535 seconds 
========================================================================
Received Import Request.
  Time since last request: 0.000026 seconds.
  path: Assets/Art/Backdrop/DnD Stuff/Assets (300 DPI)/Railing, straight (6x2).png
  artifactKey: Guid(4809c2c1334db2a4480bc2d0c04bce6e) Importer(815301076,1909f56bfc062723c751e8b465ee728b)
Start importing Assets/Art/Backdrop/DnD Stuff/Assets (300 DPI)/Railing, straight (6x2).png using Guid(4809c2c1334db2a4480bc2d0c04bce6e) Importer(815301076,1909f56bfc062723c751e8b465ee728b)  -> (artifact id: '91eabfdb55e2e6a8b293c7fc5cec1df1') in 0.069538 seconds 
========================================================================
Received Import Request.
  Time since last request: 0.000023 seconds.
  path: Assets/Art/Backdrop/DnD Stuff/Assets (300 DPI)/Exterior stairs (3x4).png
  artifactKey: Guid(d51220e5c434f544db2394f1229bdeaa) Importer(815301076,1909f56bfc062723c751e8b465ee728b)
Start importing Assets/Art/Backdrop/DnD Stuff/Assets (300 DPI)/Exterior stairs (3x4).png using Guid(d51220e5c434f544db2394f1229bdeaa) Importer(815301076,1909f56bfc062723c751e8b465ee728b)  -> (artifact id: 'a704d1f3e5d56f4616118399c772d97b') in 0.079894 seconds 
========================================================================
Received Import Request.
  Time since last request: 0.000024 seconds.
  path: Assets/Art/Backdrop/DnD Stuff/Assets (300 DPI)/Exterior deck (8x8).png
  artifactKey: Guid(29748fda49a366c4f8ca904aa233c99f) Importer(815301076,1909f56bfc062723c751e8b465ee728b)
Start importing Assets/Art/Backdrop/DnD Stuff/Assets (300 DPI)/Exterior deck (8x8).png using Guid(29748fda49a366c4f8ca904aa233c99f) Importer(815301076,1909f56bfc062723c751e8b465ee728b)  -> (artifact id: 'cd17aa6ab046cd3a4dbb2f8b99f2f58a') in 0.240717 seconds 
========================================================================
Received Import Request.
  Time since last request: 0.000030 seconds.
  path: Assets/Art/Backdrop/DnD Stuff/Assets (300 DPI)/Exterior hatch, large (4x4).png
  artifactKey: Guid(eb2720cf6a119954fae3014cf0c93f79) Importer(815301076,1909f56bfc062723c751e8b465ee728b)
Start importing Assets/Art/Backdrop/DnD Stuff/Assets (300 DPI)/Exterior hatch, large (4x4).png using Guid(eb2720cf6a119954fae3014cf0c93f79) Importer(815301076,1909f56bfc062723c751e8b465ee728b)  -> (artifact id: 'fd5e20e8921a75055fd190d54883bd40') in 0.093483 seconds 
========================================================================
Received Import Request.
  Time since last request: 0.000041 seconds.
  path: Assets/Art/Backdrop/DnD Stuff/Assets (300 DPI)/Wall, straight (3x2).png
  artifactKey: Guid(5b1c282e15151594192d544eda6ec278) Importer(815301076,1909f56bfc062723c751e8b465ee728b)
Start importing Assets/Art/Backdrop/DnD Stuff/Assets (300 DPI)/Wall, straight (3x2).png using Guid(5b1c282e15151594192d544eda6ec278) Importer(815301076,1909f56bfc062723c751e8b465ee728b)  -> (artifact id: '48529d7d9acb19fbb4ae6820fc832296') in 0.054620 seconds 
========================================================================
Received Import Request.
  Time since last request: 0.000025 seconds.
  path: Assets/Art/Backdrop/DnD Stuff/Assets (300 DPI)/Exterior structural plank (3x2).png
  artifactKey: Guid(6f6d96cad6818b4459703a3748ca1238) Importer(815301076,1909f56bfc062723c751e8b465ee728b)
Start importing Assets/Art/Backdrop/DnD Stuff/Assets (300 DPI)/Exterior structural plank (3x2).png using Guid(6f6d96cad6818b4459703a3748ca1238) Importer(815301076,1909f56bfc062723c751e8b465ee728b)  -> (artifact id: 'd40563a2a509267db64a281e15d87e6f') in 0.045391 seconds 
========================================================================
Received Import Request.
  Time since last request: 0.000018 seconds.
  path: Assets/Art/Backdrop/DnD Stuff/Assets (300 DPI)/Mast (1x1).png
  artifactKey: Guid(e61ad3158f007584d9b65fadf0054ec0) Importer(815301076,1909f56bfc062723c751e8b465ee728b)
Start importing Assets/Art/Backdrop/DnD Stuff/Assets (300 DPI)/Mast (1x1).png using Guid(e61ad3158f007584d9b65fadf0054ec0) Importer(815301076,1909f56bfc062723c751e8b465ee728b)  -> (artifact id: '32d5159ae09c6d1034bf3985536d31de') in 0.032046 seconds 
========================================================================
Received Import Request.
  Time since last request: 0.000023 seconds.
  path: Assets/Art/Backdrop/DnD Stuff/Assets (300 DPI)/Exterior structural plank (4x2).png
  artifactKey: Guid(c13c1b14f947f1d4caac6af39eaedff0) Importer(815301076,1909f56bfc062723c751e8b465ee728b)
Start importing Assets/Art/Backdrop/DnD Stuff/Assets (300 DPI)/Exterior structural plank (4x2).png using Guid(c13c1b14f947f1d4caac6af39eaedff0) Importer(815301076,1909f56bfc062723c751e8b465ee728b)  -> (artifact id: '55280b355f8900781369d4482a3edb89') in 0.060654 seconds 
========================================================================
Received Import Request.
  Time since last request: 0.000024 seconds.
  path: Assets/Art/Backdrop/DnD Stuff/Assets (300 DPI)/Block, medium (1x1).png
  artifactKey: Guid(36e584e96b835764381c0cbe995ab55a) Importer(815301076,1909f56bfc062723c751e8b465ee728b)
Start importing Assets/Art/Backdrop/DnD Stuff/Assets (300 DPI)/Block, medium (1x1).png using Guid(36e584e96b835764381c0cbe995ab55a) Importer(815301076,1909f56bfc062723c751e8b465ee728b)  -> (artifact id: 'b9f952177320bec62c14f8cbec33334a') in 0.027624 seconds 
========================================================================
Received Import Request.
  Time since last request: 0.000030 seconds.
  path: Assets/Art/Backdrop/DnD Stuff/Assets (300 DPI)/Railing, wide (22x5).png
  artifactKey: Guid(21c2e002d9bc9c643b76364bcb519090) Importer(815301076,1909f56bfc062723c751e8b465ee728b)
Start importing Assets/Art/Backdrop/DnD Stuff/Assets (300 DPI)/Railing, wide (22x5).png using Guid(21c2e002d9bc9c643b76364bcb519090) Importer(815301076,1909f56bfc062723c751e8b465ee728b)  -> (artifact id: 'd989bd97f06e51aba938df43c65f1bfa') in 0.072162 seconds 
========================================================================
Received Import Request.
  Time since last request: 0.000027 seconds.
  path: Assets/Art/Backdrop/DnD Stuff/Assets (300 DPI)/Interior structural plank (5x2).png
  artifactKey: Guid(890d6439c2173174885179ff83569eb1) Importer(815301076,1909f56bfc062723c751e8b465ee728b)
Start importing Assets/Art/Backdrop/DnD Stuff/Assets (300 DPI)/Interior structural plank (5x2).png using Guid(890d6439c2173174885179ff83569eb1) Importer(815301076,1909f56bfc062723c751e8b465ee728b)  -> (artifact id: 'abe0eb2f496f41dc4053797ff93069bf') in 0.066847 seconds 
========================================================================
Received Import Request.
  Time since last request: 0.000026 seconds.
  path: Assets/Art/Backdrop/DnD Stuff/Assets (300 DPI)/Block (3x1).png
  artifactKey: Guid(a56ff11e4de701f4689a9e18088f10da) Importer(815301076,1909f56bfc062723c751e8b465ee728b)
Start importing Assets/Art/Backdrop/DnD Stuff/Assets (300 DPI)/Block (3x1).png using Guid(a56ff11e4de701f4689a9e18088f10da) Importer(815301076,1909f56bfc062723c751e8b465ee728b)  -> (artifact id: 'a9de49329d98b22904c45758eed149f7') in 0.041404 seconds 
========================================================================
Received Import Request.
  Time since last request: 0.000023 seconds.
  path: Assets/Art/Backdrop/DnD Stuff/Assets (300 DPI)/Wall, wide (14x3).png
  artifactKey: Guid(b2de7f1dcd93a57478be93ffbc51a407) Importer(815301076,1909f56bfc062723c751e8b465ee728b)
Start importing Assets/Art/Backdrop/DnD Stuff/Assets (300 DPI)/Wall, wide (14x3).png using Guid(b2de7f1dcd93a57478be93ffbc51a407) Importer(815301076,1909f56bfc062723c751e8b465ee728b)  -> (artifact id: '4bc55e45d9112b50debebe2e491c38ba') in 0.073731 seconds 
========================================================================
Received Import Request.
  Time since last request: 0.000026 seconds.
  path: Assets/Art/Backdrop/DnD Stuff/Assets (300 DPI)/Wall, wide (17x4).png
  artifactKey: Guid(c45efc1671e241b43a7172e4efa0cd5c) Importer(815301076,1909f56bfc062723c751e8b465ee728b)
Start importing Assets/Art/Backdrop/DnD Stuff/Assets (300 DPI)/Wall, wide (17x4).png using Guid(c45efc1671e241b43a7172e4efa0cd5c) Importer(815301076,1909f56bfc062723c751e8b465ee728b)  -> (artifact id: '8f74ed4c9e185963f7abfd00c9a8b6c9') in 0.078285 seconds 
========================================================================
Received Import Request.
  Time since last request: 0.000031 seconds.
  path: Assets/Art/Backdrop/DnD Stuff/Assets (300 DPI)/Exterior hatch, small (3x3).png
  artifactKey: Guid(18ce0e1c10aac43409623a6c6754130e) Importer(815301076,1909f56bfc062723c751e8b465ee728b)
Start importing Assets/Art/Backdrop/DnD Stuff/Assets (300 DPI)/Exterior hatch, small (3x3).png using Guid(18ce0e1c10aac43409623a6c6754130e) Importer(815301076,1909f56bfc062723c751e8b465ee728b)  -> (artifact id: 'fd918cff4685c9856401adc30b91e16e') in 0.059804 seconds 
========================================================================
Received Import Request.
  Time since last request: 0.000026 seconds.
  path: Assets/Art/Backdrop/DnD Stuff/Assets (300 DPI)/Railing, long (14x3).png
  artifactKey: Guid(5632a169a61d0444bbfb4b75bf7878c7) Importer(815301076,1909f56bfc062723c751e8b465ee728b)
Start importing Assets/Art/Backdrop/DnD Stuff/Assets (300 DPI)/Railing, long (14x3).png using Guid(5632a169a61d0444bbfb4b75bf7878c7) Importer(815301076,1909f56bfc062723c751e8b465ee728b)  -> (artifact id: '5de0a63676cfc4af423e29c61c944bab') in 0.061945 seconds 
========================================================================
Received Import Request.
  Time since last request: 0.000019 seconds.
  path: Assets/Art/Backdrop/DnD Stuff/Assets (300 DPI)/Wall, wide (10x3).png
  artifactKey: Guid(1821f57e686f3704a924eeba5fdf2e19) Importer(815301076,1909f56bfc062723c751e8b465ee728b)
Start importing Assets/Art/Backdrop/DnD Stuff/Assets (300 DPI)/Wall, wide (10x3).png using Guid(1821f57e686f3704a924eeba5fdf2e19) Importer(815301076,1909f56bfc062723c751e8b465ee728b)  -> (artifact id: '463b7480a28a376b23e9c037f3e55d78') in 0.085639 seconds 
========================================================================
Received Import Request.
  Time since last request: 0.000022 seconds.
  path: Assets/Art/Backdrop/DnD Stuff/Assets (300 DPI)/Wall, wide (22x5).png
  artifactKey: Guid(4f0c857b1f5fbc44582ca890aa94cdc1) Importer(815301076,1909f56bfc062723c751e8b465ee728b)
Start importing Assets/Art/Backdrop/DnD Stuff/Assets (300 DPI)/Wall, wide (22x5).png using Guid(4f0c857b1f5fbc44582ca890aa94cdc1) Importer(815301076,1909f56bfc062723c751e8b465ee728b)  -> (artifact id: '7d9444d3cf0db41471affd139be66420') in 0.063019 seconds 
========================================================================
Received Import Request.
  Time since last request: 0.000037 seconds.
  path: Assets/Art/Backdrop/DnD Stuff/Assets (300 DPI)/Block, large (1x1).png
  artifactKey: Guid(951423f9f102cb04db645d822f650b35) Importer(815301076,1909f56bfc062723c751e8b465ee728b)
Start importing Assets/Art/Backdrop/DnD Stuff/Assets (300 DPI)/Block, large (1x1).png using Guid(951423f9f102cb04db645d822f650b35) Importer(815301076,1909f56bfc062723c751e8b465ee728b)  -> (artifact id: '3dd3e0cdd0c1cfa8685c58d35cc5f07c') in 0.027205 seconds 
========================================================================
Received Import Request.
  Time since last request: 0.000023 seconds.
  path: Assets/Art/Backdrop/DnD Stuff/Assets (300 DPI)/Wall, long (22x4).png
  artifactKey: Guid(937794fa8db4ca444b8aeeceafd2a773) Importer(815301076,1909f56bfc062723c751e8b465ee728b)
Start importing Assets/Art/Backdrop/DnD Stuff/Assets (300 DPI)/Wall, long (22x4).png using Guid(937794fa8db4ca444b8aeeceafd2a773) Importer(815301076,1909f56bfc062723c751e8b465ee728b)  -> (artifact id: '1b77f98ec07a5decdb107b49e005a1b6') in 0.062131 seconds 
========================================================================
Received Import Request.
  Time since last request: 0.000023 seconds.
  path: Assets/Art/Backdrop/DnD Stuff/Assets (300 DPI)/Interior deck (8x8).png
  artifactKey: Guid(9d966a1a3abddfa478d81320edd036a7) Importer(815301076,1909f56bfc062723c751e8b465ee728b)
Start importing Assets/Art/Backdrop/DnD Stuff/Assets (300 DPI)/Interior deck (8x8).png using Guid(9d966a1a3abddfa478d81320edd036a7) Importer(815301076,1909f56bfc062723c751e8b465ee728b)  -> (artifact id: '8f4e15c11a01b153be21fbc256a51547') in 0.214172 seconds 
========================================================================
Received Import Request.
  Time since last request: 6.522909 seconds.
  path: Assets/Art/Backdrop/DnD Stuff/Fantasy Grounds (60 DPI)/_Example, top(10x5).png
  artifactKey: Guid(04d832b2aa8c06b4c9cee6a57935983b) Importer(815301076,1909f56bfc062723c751e8b465ee728b)
Start importing Assets/Art/Backdrop/DnD Stuff/Fantasy Grounds (60 DPI)/_Example, top(10x5).png using Guid(04d832b2aa8c06b4c9cee6a57935983b) Importer(815301076,1909f56bfc062723c751e8b465ee728b)  -> (artifact id: 'e6fa111c0ec3a673fef7b4703099b902') in 0.058491 seconds 
========================================================================
Received Import Request.
  Time since last request: 0.000026 seconds.
  path: Assets/Art/Backdrop/DnD Stuff/Fantasy Grounds (60 DPI)/Railing, wide (14x3).png
  artifactKey: Guid(337ad15075295104493095c571874b46) Importer(815301076,1909f56bfc062723c751e8b465ee728b)
Start importing Assets/Art/Backdrop/DnD Stuff/Fantasy Grounds (60 DPI)/Railing, wide (14x3).png using Guid(337ad15075295104493095c571874b46) Importer(815301076,1909f56bfc062723c751e8b465ee728b)  -> (artifact id: 'f9adfe44abeff869970e564e8ce00391') in 0.051779 seconds 
========================================================================
Received Import Request.
  Time since last request: 0.000031 seconds.
  path: Assets/Art/Backdrop/DnD Stuff/Fantasy Grounds (60 DPI)/Exterior hatch, small (3x3).png
  artifactKey: Guid(7621a90210f86de4888ca14ee85f0d7e) Importer(815301076,1909f56bfc062723c751e8b465ee728b)
Start importing Assets/Art/Backdrop/DnD Stuff/Fantasy Grounds (60 DPI)/Exterior hatch, small (3x3).png using Guid(7621a90210f86de4888ca14ee85f0d7e) Importer(815301076,1909f56bfc062723c751e8b465ee728b)  -> (artifact id: 'c2235bc5f690394dd8bd8d97bb26d73a') in 0.060730 seconds 
========================================================================
Received Import Request.
  Time since last request: 0.000037 seconds.
  path: Assets/Art/Backdrop/DnD Stuff/Fantasy Grounds (60 DPI)/Interior stairs (3x3).png
  artifactKey: Guid(5dc8df1a709189943a0ae847a5a40ec5) Importer(815301076,1909f56bfc062723c751e8b465ee728b)
Start importing Assets/Art/Backdrop/DnD Stuff/Fantasy Grounds (60 DPI)/Interior stairs (3x3).png using Guid(5dc8df1a709189943a0ae847a5a40ec5) Importer(815301076,1909f56bfc062723c751e8b465ee728b)  -> (artifact id: '23b4d032bfd99fa6c5cc16dd1e253d23') in 0.028175 seconds 
========================================================================
Received Import Request.
  Time since last request: 0.000027 seconds.
  path: Assets/Art/Backdrop/DnD Stuff/Fantasy Grounds (60 DPI)/Railing, wide (17x4).png
  artifactKey: Guid(92c0f5572c4289b40826826e8919d02c) Importer(815301076,1909f56bfc062723c751e8b465ee728b)
Start importing Assets/Art/Backdrop/DnD Stuff/Fantasy Grounds (60 DPI)/Railing, wide (17x4).png using Guid(92c0f5572c4289b40826826e8919d02c) Importer(815301076,1909f56bfc062723c751e8b465ee728b)  -> (artifact id: '17b280cc80782d475f339182d039b08d') in 0.068719 seconds 
========================================================================
Received Import Request.
  Time since last request: 0.000024 seconds.
  path: Assets/Art/Backdrop/DnD Stuff/Fantasy Grounds (60 DPI)/Railing, long (17x3).png
  artifactKey: Guid(df7f32f9ff125464fb2b008b573e8a39) Importer(815301076,1909f56bfc062723c751e8b465ee728b)
Start importing Assets/Art/Backdrop/DnD Stuff/Fantasy Grounds (60 DPI)/Railing, long (17x3).png using Guid(df7f32f9ff125464fb2b008b573e8a39) Importer(815301076,1909f56bfc062723c751e8b465ee728b)  -> (artifact id: '080c7b9db32f610250bb18380fee8bbc') in 0.046772 seconds 
========================================================================
Received Import Request.
  Time since last request: 0.000023 seconds.
  path: Assets/Art/Backdrop/DnD Stuff/Fantasy Grounds (60 DPI)/Ship's wheel (2x1).png
  artifactKey: Guid(291b68ef2da0231468fd2ad0d28058cd) Importer(815301076,1909f56bfc062723c751e8b465ee728b)
Start importing Assets/Art/Backdrop/DnD Stuff/Fantasy Grounds (60 DPI)/Ship's wheel (2x1).png using Guid(291b68ef2da0231468fd2ad0d28058cd) Importer(815301076,1909f56bfc062723c751e8b465ee728b)  -> (artifact id: 'e8408cafab17c86aada169e57f52f02a') in 0.040042 seconds 
========================================================================
Received Import Request.
  Time since last request: 0.000034 seconds.
  path: Assets/Art/Backdrop/DnD Stuff/Fantasy Grounds (60 DPI)/Interior structural plank (6x2).png
  artifactKey: Guid(d3d57f0a2af2cd24a88c7a308a5d8163) Importer(815301076,1909f56bfc062723c751e8b465ee728b)
Start importing Assets/Art/Backdrop/DnD Stuff/Fantasy Grounds (60 DPI)/Interior structural plank (6x2).png using Guid(d3d57f0a2af2cd24a88c7a308a5d8163) Importer(815301076,1909f56bfc062723c751e8b465ee728b)  -> (artifact id: 'd27c9132dd6bdbea0aaa8cb0c4ab4349') in 0.028061 seconds 
========================================================================
Received Import Request.
  Time since last request: 0.000023 seconds.
  path: Assets/Art/Backdrop/DnD Stuff/Fantasy Grounds (60 DPI)/Block, large (1x1).png
  artifactKey: Guid(2b971df59632f954d9a52ec0039b1c2c) Importer(815301076,1909f56bfc062723c751e8b465ee728b)
Start importing Assets/Art/Backdrop/DnD Stuff/Fantasy Grounds (60 DPI)/Block, large (1x1).png using Guid(2b971df59632f954d9a52ec0039b1c2c) Importer(815301076,1909f56bfc062723c751e8b465ee728b)  -> (artifact id: 'a44c429e65e9ac563bfefa56d0b834da') in 0.025486 seconds 
========================================================================
Received Import Request.
  Time since last request: 0.000025 seconds.
  path: Assets/Art/Backdrop/DnD Stuff/Fantasy Grounds (60 DPI)/Railing, wide (22x5).png
  artifactKey: Guid(b760c7028bce33044a90c033ae33f144) Importer(815301076,1909f56bfc062723c751e8b465ee728b)
Start importing Assets/Art/Backdrop/DnD Stuff/Fantasy Grounds (60 DPI)/Railing, wide (22x5).png using Guid(b760c7028bce33044a90c033ae33f144) Importer(815301076,1909f56bfc062723c751e8b465ee728b)  -> (artifact id: 'ad77ed9bc8193c618ea6a837e148d261') in 0.046208 seconds 
========================================================================
Received Import Request.
  Time since last request: 0.000027 seconds.
  path: Assets/Art/Backdrop/DnD Stuff/Fantasy Grounds (60 DPI)/Wall, straight (3x2).png
  artifactKey: Guid(ba8634ed2982f5944b38acaab3f47dbb) Importer(815301076,1909f56bfc062723c751e8b465ee728b)
Start importing Assets/Art/Backdrop/DnD Stuff/Fantasy Grounds (60 DPI)/Wall, straight (3x2).png using Guid(ba8634ed2982f5944b38acaab3f47dbb) Importer(815301076,1909f56bfc062723c751e8b465ee728b)  -> (artifact id: '432bc72e122417dcb77c74ec93da313a') in 0.027584 seconds 
========================================================================
Received Import Request.
  Time since last request: 0.000021 seconds.
  path: Assets/Art/Backdrop/DnD Stuff/Fantasy Grounds (60 DPI)/Interior hatch, large (4x4).png
  artifactKey: Guid(f1b8ac0402f413141b1e4663ae8ed0ba) Importer(815301076,1909f56bfc062723c751e8b465ee728b)
Start importing Assets/Art/Backdrop/DnD Stuff/Fantasy Grounds (60 DPI)/Interior hatch, large (4x4).png using Guid(f1b8ac0402f413141b1e4663ae8ed0ba) Importer(815301076,1909f56bfc062723c751e8b465ee728b)  -> (artifact id: '638d5f322fdba60da107e14bfdda1fef') in 0.032660 seconds 
========================================================================
Received Import Request.
  Time since last request: 0.000023 seconds.
  path: Assets/Art/Backdrop/DnD Stuff/Fantasy Grounds (60 DPI)/Block (3x1).png
  artifactKey: Guid(b2a2736aedddac7489840a758ceb483d) Importer(815301076,1909f56bfc062723c751e8b465ee728b)
Start importing Assets/Art/Backdrop/DnD Stuff/Fantasy Grounds (60 DPI)/Block (3x1).png using Guid(b2a2736aedddac7489840a758ceb483d) Importer(815301076,1909f56bfc062723c751e8b465ee728b)  -> (artifact id: '45f0455925494d44d8d47adb02bb1b09') in 0.024806 seconds 
========================================================================
Received Import Request.
  Time since last request: 0.000035 seconds.
  path: Assets/Art/Backdrop/DnD Stuff/Fantasy Grounds (60 DPI)/Interior deck (8x8).png
  artifactKey: Guid(5e059a401bc1dea458793264fe681556) Importer(815301076,1909f56bfc062723c751e8b465ee728b)
Start importing Assets/Art/Backdrop/DnD Stuff/Fantasy Grounds (60 DPI)/Interior deck (8x8).png using Guid(5e059a401bc1dea458793264fe681556) Importer(815301076,1909f56bfc062723c751e8b465ee728b)  -> (artifact id: 'eb7c5b44dbcef297baef89bde055568a') in 0.037366 seconds 
========================================================================
Received Import Request.
  Time since last request: 0.000049 seconds.
  path: Assets/Art/Backdrop/DnD Stuff/Fantasy Grounds (60 DPI)/Interior hatch, small (3x3).png
  artifactKey: Guid(2d22f064a37653c4f855a33a78236544) Importer(815301076,1909f56bfc062723c751e8b465ee728b)
Start importing Assets/Art/Backdrop/DnD Stuff/Fantasy Grounds (60 DPI)/Interior hatch, small (3x3).png using Guid(2d22f064a37653c4f855a33a78236544) Importer(815301076,1909f56bfc062723c751e8b465ee728b)  -> (artifact id: 'a5ba95a430971c86d14c99cd68f9970c') in 0.030319 seconds 
========================================================================
Received Import Request.
  Time since last request: 0.000024 seconds.
  path: Assets/Art/Backdrop/DnD Stuff/Fantasy Grounds (60 DPI)/Railing, long (14x3).png
  artifactKey: Guid(3a5ae23120dce1f4cb456818429f8b95) Importer(815301076,1909f56bfc062723c751e8b465ee728b)
Start importing Assets/Art/Backdrop/DnD Stuff/Fantasy Grounds (60 DPI)/Railing, long (14x3).png using Guid(3a5ae23120dce1f4cb456818429f8b95) Importer(815301076,1909f56bfc062723c751e8b465ee728b)  -> (artifact id: '37bb065f9542abc74a441ee484f7fad4') in 0.032384 seconds 
========================================================================
Received Import Request.
  Time since last request: 0.000026 seconds.
  path: Assets/Art/Backdrop/DnD Stuff/Fantasy Grounds (60 DPI)/Interior structural plank (5x2).png
  artifactKey: Guid(d3e2720c58edd264db3563ae86fc9a40) Importer(815301076,1909f56bfc062723c751e8b465ee728b)
Start importing Assets/Art/Backdrop/DnD Stuff/Fantasy Grounds (60 DPI)/Interior structural plank (5x2).png using Guid(d3e2720c58edd264db3563ae86fc9a40) Importer(815301076,1909f56bfc062723c751e8b465ee728b)  -> (artifact id: 'af720b8dbbb3aeeec20f6526a00b5007') in 0.026669 seconds 
========================================================================
Received Import Request.
  Time since last request: 30.685133 seconds.
  path: Assets/Art/Backdrop/Parallax/top_layer_scotland.png
  artifactKey: Guid(782281853f9933c4ea45d7e453250894) Importer(815301076,1909f56bfc062723c751e8b465ee728b)
Start importing Assets/Art/Backdrop/Parallax/top_layer_scotland.png using Guid(782281853f9933c4ea45d7e453250894) Importer(815301076,1909f56bfc062723c751e8b465ee728b)  -> (artifact id: '8485d38b646ccae098d5c60d29f9ef93') in 0.054891 seconds 
========================================================================
Received Prepare
Registering precompiled user dll's ...
Registered in 0.008329 seconds.
Begin MonoManager ReloadAssembly
Native extension for WindowsStandalone target not found
Refreshing native plugins compatible for Editor in 1.00 ms, found 3 plugins.
Preloading 0 native plugins for Editor in 0.00 ms.
Mono: successfully reloaded assembly
- Completed reload, in  1.337 seconds
Domain Reload Profiling:
	ReloadAssembly (1338ms)
		BeginReloadAssembly (154ms)
			ExecutionOrderSort (0ms)
			DisableScriptedObjects (6ms)
			BackupInstance (0ms)
			ReleaseScriptingObjects (0ms)
			CreateAndSetChildDomain (44ms)
		EndReloadAssembly (1093ms)
			LoadAssemblies (93ms)
			RebuildTransferFunctionScriptingTraits (0ms)
			SetupTypeCache (222ms)
			ReleaseScriptCaches (2ms)
			RebuildScriptCaches (48ms)
			SetupLoadedEditorAssemblies (562ms)
				LogAssemblyErrors (0ms)
				InitializePlatformSupportModulesInManaged (16ms)
				SetLoadedEditorAssemblies (0ms)
				RefreshPlugins (1ms)
				BeforeProcessingInitializeOnLoad (90ms)
				ProcessInitializeOnLoadAttributes (369ms)
				ProcessInitializeOnLoadMethodAttributes (78ms)
				AfterProcessingInitializeOnLoad (8ms)
				EditorAssembliesLoaded (0ms)
			ExecutionOrderSort2 (0ms)
			AwakeInstancesAfterBackupRestoration (20ms)
Platform modules already initialized, skipping
Refreshing native plugins compatible for Editor in 1.00 ms, found 3 plugins.
Preloading 0 native plugins for Editor in 0.00 ms.
Unloading 3879 Unused Serialized files (Serialized files now loaded: 0)
Unloading 29 unused Assets / (0.7 MB). Loaded Objects now: 5087.
Memory consumption went from 306.2 MB to 305.5 MB.
Total: 4.725800 ms (FindLiveObjects: 0.414300 ms CreateObjectMapping: 0.262800 ms MarkObjects: 3.697500 ms  DeleteObjects: 0.349800 ms)

AssetImportParameters requested are different than current active one (requested -> active):
  custom:video-decoder-ogg-theora: a1e56fd34408186e4bbccfd4996cb3dc -> 
  custom:container-muxer-webm: aa71ff27fc2769a1b78a27578f13a17b -> 
  custom:container-demuxer-webm: 4f35f7cbe854078d1ac9338744f61a02 -> 
  custom:video-encoder-webm-vp8: eb34c28f22e8b96e1ab97ce403110664 -> 
  custom:video-codec-MediaFoundation-h265: 746d11721c4dcdbdad8f713fa42b33f4 -> 
  custom:audio-encoder-webm-vorbis: bf7c407c2cedff20999df2af8eb42d56 -> 
  custom:framework-win-MediaFoundation: 216162199b28c13a410421893ffa2e32 -> 
  custom:container-demuxer-ogg: 62fdf1f143b41e24485cea50d1cbac27 -> 
  custom:video-decoder-webm-vp8: 9c59270c3fd7afecdb556c50c9e8de78 -> 
  custom:audio-decoder-ogg-vorbis: bf7c407c2cedff20999df2af8eb42d56 -> 
========================================================================
Received Prepare
Registering precompiled user dll's ...
Registered in 0.007239 seconds.
Begin MonoManager ReloadAssembly
Native extension for WindowsStandalone target not found
Refreshing native plugins compatible for Editor in 1.01 ms, found 3 plugins.
Preloading 0 native plugins for Editor in 0.00 ms.
Mono: successfully reloaded assembly
- Completed reload, in  1.302 seconds
Domain Reload Profiling:
	ReloadAssembly (1303ms)
		BeginReloadAssembly (152ms)
			ExecutionOrderSort (0ms)
			DisableScriptedObjects (11ms)
			BackupInstance (0ms)
			ReleaseScriptingObjects (0ms)
			CreateAndSetChildDomain (42ms)
		EndReloadAssembly (1052ms)
			LoadAssemblies (103ms)
			RebuildTransferFunctionScriptingTraits (0ms)
			SetupTypeCache (224ms)
			ReleaseScriptCaches (2ms)
			RebuildScriptCaches (51ms)
			SetupLoadedEditorAssemblies (552ms)
				LogAssemblyErrors (0ms)
				InitializePlatformSupportModulesInManaged (12ms)
				SetLoadedEditorAssemblies (0ms)
				RefreshPlugins (1ms)
				BeforeProcessingInitializeOnLoad (84ms)
				ProcessInitializeOnLoadAttributes (367ms)
				ProcessInitializeOnLoadMethodAttributes (79ms)
				AfterProcessingInitializeOnLoad (9ms)
				EditorAssembliesLoaded (0ms)
			ExecutionOrderSort2 (0ms)
			AwakeInstancesAfterBackupRestoration (20ms)
Platform modules already initialized, skipping
Refreshing native plugins compatible for Editor in 1.11 ms, found 3 plugins.
Preloading 0 native plugins for Editor in 0.00 ms.
Unloading 3837 Unused Serialized files (Serialized files now loaded: 0)
Unloading 29 unused Assets / (0.7 MB). Loaded Objects now: 5101.
Memory consumption went from 304.6 MB to 303.9 MB.
Total: 4.963700 ms (FindLiveObjects: 0.477800 ms CreateObjectMapping: 0.252800 ms MarkObjects: 3.914000 ms  DeleteObjects: 0.317300 ms)

AssetImportParameters requested are different than current active one (requested -> active):
  custom:video-decoder-ogg-theora: a1e56fd34408186e4bbccfd4996cb3dc -> 
  custom:container-muxer-webm: aa71ff27fc2769a1b78a27578f13a17b -> 
  custom:container-demuxer-webm: 4f35f7cbe854078d1ac9338744f61a02 -> 
  custom:video-encoder-webm-vp8: eb34c28f22e8b96e1ab97ce403110664 -> 
  custom:video-codec-MediaFoundation-h265: 746d11721c4dcdbdad8f713fa42b33f4 -> 
  custom:audio-encoder-webm-vorbis: bf7c407c2cedff20999df2af8eb42d56 -> 
  custom:framework-win-MediaFoundation: 216162199b28c13a410421893ffa2e32 -> 
  custom:container-demuxer-ogg: 62fdf1f143b41e24485cea50d1cbac27 -> 
  custom:video-decoder-webm-vp8: 9c59270c3fd7afecdb556c50c9e8de78 -> 
  custom:audio-decoder-ogg-vorbis: bf7c407c2cedff20999df2af8eb42d56 -> 
========================================================================
Received Prepare
Registering precompiled user dll's ...
Registered in 0.007424 seconds.
Begin MonoManager ReloadAssembly
Native extension for WindowsStandalone target not found
Refreshing native plugins compatible for Editor in 1.00 ms, found 3 plugins.
Preloading 0 native plugins for Editor in 0.00 ms.
Mono: successfully reloaded assembly
- Completed reload, in  1.281 seconds
Domain Reload Profiling:
	ReloadAssembly (1282ms)
		BeginReloadAssembly (138ms)
			ExecutionOrderSort (0ms)
			DisableScriptedObjects (11ms)
			BackupInstance (0ms)
			ReleaseScriptingObjects (0ms)
			CreateAndSetChildDomain (35ms)
		EndReloadAssembly (1051ms)
			LoadAssemblies (96ms)
			RebuildTransferFunctionScriptingTraits (0ms)
			SetupTypeCache (232ms)
			ReleaseScriptCaches (2ms)
			RebuildScriptCaches (50ms)
			SetupLoadedEditorAssemblies (544ms)
				LogAssemblyErrors (0ms)
				InitializePlatformSupportModulesInManaged (13ms)
				SetLoadedEditorAssemblies (0ms)
				RefreshPlugins (1ms)
				BeforeProcessingInitializeOnLoad (82ms)
				ProcessInitializeOnLoadAttributes (363ms)
				ProcessInitializeOnLoadMethodAttributes (76ms)
				AfterProcessingInitializeOnLoad (9ms)
				EditorAssembliesLoaded (0ms)
			ExecutionOrderSort2 (0ms)
			AwakeInstancesAfterBackupRestoration (20ms)
Platform modules already initialized, skipping
Refreshing native plugins compatible for Editor in 1.18 ms, found 3 plugins.
Preloading 0 native plugins for Editor in 0.00 ms.
Unloading 3837 Unused Serialized files (Serialized files now loaded: 0)
Unloading 29 unused Assets / (0.7 MB). Loaded Objects now: 5115.
Memory consumption went from 304.7 MB to 303.9 MB.
Total: 4.915900 ms (FindLiveObjects: 0.425600 ms CreateObjectMapping: 0.176700 ms MarkObjects: 3.978600 ms  DeleteObjects: 0.333600 ms)

AssetImportParameters requested are different than current active one (requested -> active):
  custom:video-decoder-ogg-theora: a1e56fd34408186e4bbccfd4996cb3dc -> 
  custom:container-muxer-webm: aa71ff27fc2769a1b78a27578f13a17b -> 
  custom:container-demuxer-webm: 4f35f7cbe854078d1ac9338744f61a02 -> 
  custom:video-encoder-webm-vp8: eb34c28f22e8b96e1ab97ce403110664 -> 
  custom:video-codec-MediaFoundation-h265: 746d11721c4dcdbdad8f713fa42b33f4 -> 
  custom:audio-encoder-webm-vorbis: bf7c407c2cedff20999df2af8eb42d56 -> 
  custom:framework-win-MediaFoundation: 216162199b28c13a410421893ffa2e32 -> 
  custom:container-demuxer-ogg: 62fdf1f143b41e24485cea50d1cbac27 -> 
  custom:video-decoder-webm-vp8: 9c59270c3fd7afecdb556c50c9e8de78 -> 
  custom:audio-decoder-ogg-vorbis: bf7c407c2cedff20999df2af8eb42d56 -> 
========================================================================
Received Prepare
Registering precompiled user dll's ...
Registered in 0.007863 seconds.
Begin MonoManager ReloadAssembly
Native extension for WindowsStandalone target not found
Refreshing native plugins compatible for Editor in 0.91 ms, found 3 plugins.
Preloading 0 native plugins for Editor in 0.00 ms.
Mono: successfully reloaded assembly
- Completed reload, in  1.310 seconds
Domain Reload Profiling:
	ReloadAssembly (1311ms)
		BeginReloadAssembly (154ms)
			ExecutionOrderSort (0ms)
			DisableScriptedObjects (10ms)
			BackupInstance (0ms)
			ReleaseScriptingObjects (0ms)
			CreateAndSetChildDomain (38ms)
		EndReloadAssembly (1060ms)
			LoadAssemblies (97ms)
			RebuildTransferFunctionScriptingTraits (0ms)
			SetupTypeCache (221ms)
			ReleaseScriptCaches (2ms)
			RebuildScriptCaches (66ms)
			SetupLoadedEditorAssemblies (552ms)
				LogAssemblyErrors (0ms)
				InitializePlatformSupportModulesInManaged (13ms)
				SetLoadedEditorAssemblies (0ms)
				RefreshPlugins (1ms)
				BeforeProcessingInitializeOnLoad (78ms)
				ProcessInitializeOnLoadAttributes (370ms)
				ProcessInitializeOnLoadMethodAttributes (81ms)
				AfterProcessingInitializeOnLoad (8ms)
				EditorAssembliesLoaded (0ms)
			ExecutionOrderSort2 (0ms)
			AwakeInstancesAfterBackupRestoration (22ms)
Platform modules already initialized, skipping
Refreshing native plugins compatible for Editor in 0.90 ms, found 3 plugins.
Preloading 0 native plugins for Editor in 0.00 ms.
Unloading 3837 Unused Serialized files (Serialized files now loaded: 0)
Unloading 29 unused Assets / (0.7 MB). Loaded Objects now: 5129.
Memory consumption went from 304.7 MB to 304.0 MB.
Total: 5.310800 ms (FindLiveObjects: 0.579900 ms CreateObjectMapping: 0.353100 ms MarkObjects: 4.075100 ms  DeleteObjects: 0.300800 ms)

AssetImportParameters requested are different than current active one (requested -> active):
  custom:video-decoder-ogg-theora: a1e56fd34408186e4bbccfd4996cb3dc -> 
  custom:container-muxer-webm: aa71ff27fc2769a1b78a27578f13a17b -> 
  custom:container-demuxer-webm: 4f35f7cbe854078d1ac9338744f61a02 -> 
  custom:video-encoder-webm-vp8: eb34c28f22e8b96e1ab97ce403110664 -> 
  custom:video-codec-MediaFoundation-h265: 746d11721c4dcdbdad8f713fa42b33f4 -> 
  custom:audio-encoder-webm-vorbis: bf7c407c2cedff20999df2af8eb42d56 -> 
  custom:framework-win-MediaFoundation: 216162199b28c13a410421893ffa2e32 -> 
  custom:container-demuxer-ogg: 62fdf1f143b41e24485cea50d1cbac27 -> 
  custom:video-decoder-webm-vp8: 9c59270c3fd7afecdb556c50c9e8de78 -> 
  custom:audio-decoder-ogg-vorbis: bf7c407c2cedff20999df2af8eb42d56 -> 
========================================================================
Received Prepare
Registering precompiled user dll's ...
Registered in 0.008477 seconds.
Begin MonoManager ReloadAssembly
Native extension for WindowsStandalone target not found
Refreshing native plugins compatible for Editor in 1.06 ms, found 3 plugins.
Preloading 0 native plugins for Editor in 0.00 ms.
Mono: successfully reloaded assembly
- Completed reload, in  1.287 seconds
Domain Reload Profiling:
	ReloadAssembly (1288ms)
		BeginReloadAssembly (134ms)
			ExecutionOrderSort (0ms)
			DisableScriptedObjects (12ms)
			BackupInstance (0ms)
			ReleaseScriptingObjects (0ms)
			CreateAndSetChildDomain (34ms)
		EndReloadAssembly (1060ms)
			LoadAssemblies (93ms)
			RebuildTransferFunctionScriptingTraits (0ms)
			SetupTypeCache (228ms)
			ReleaseScriptCaches (2ms)
			RebuildScriptCaches (55ms)
			SetupLoadedEditorAssemblies (557ms)
				LogAssemblyErrors (0ms)
				InitializePlatformSupportModulesInManaged (13ms)
				SetLoadedEditorAssemblies (0ms)
				RefreshPlugins (1ms)
				BeforeProcessingInitializeOnLoad (89ms)
				ProcessInitializeOnLoadAttributes (370ms)
				ProcessInitializeOnLoadMethodAttributes (75ms)
				AfterProcessingInitializeOnLoad (9ms)
				EditorAssembliesLoaded (0ms)
			ExecutionOrderSort2 (0ms)
			AwakeInstancesAfterBackupRestoration (22ms)
Platform modules already initialized, skipping
Refreshing native plugins compatible for Editor in 0.96 ms, found 3 plugins.
Preloading 0 native plugins for Editor in 0.00 ms.
Unloading 3837 Unused Serialized files (Serialized files now loaded: 0)
Unloading 29 unused Assets / (0.7 MB). Loaded Objects now: 5143.
Memory consumption went from 304.7 MB to 304.0 MB.
Total: 4.829100 ms (FindLiveObjects: 0.455100 ms CreateObjectMapping: 0.283000 ms MarkObjects: 3.792300 ms  DeleteObjects: 0.297000 ms)

AssetImportParameters requested are different than current active one (requested -> active):
  custom:video-decoder-ogg-theora: a1e56fd34408186e4bbccfd4996cb3dc -> 
  custom:container-muxer-webm: aa71ff27fc2769a1b78a27578f13a17b -> 
  custom:container-demuxer-webm: 4f35f7cbe854078d1ac9338744f61a02 -> 
  custom:video-encoder-webm-vp8: eb34c28f22e8b96e1ab97ce403110664 -> 
  custom:video-codec-MediaFoundation-h265: 746d11721c4dcdbdad8f713fa42b33f4 -> 
  custom:audio-encoder-webm-vorbis: bf7c407c2cedff20999df2af8eb42d56 -> 
  custom:framework-win-MediaFoundation: 216162199b28c13a410421893ffa2e32 -> 
  custom:container-demuxer-ogg: 62fdf1f143b41e24485cea50d1cbac27 -> 
  custom:video-decoder-webm-vp8: 9c59270c3fd7afecdb556c50c9e8de78 -> 
  custom:audio-decoder-ogg-vorbis: bf7c407c2cedff20999df2af8eb42d56 -> 
========================================================================
Received Prepare
Registering precompiled user dll's ...
Registered in 0.007570 seconds.
Begin MonoManager ReloadAssembly
Native extension for WindowsStandalone target not found
Refreshing native plugins compatible for Editor in 0.98 ms, found 3 plugins.
Preloading 0 native plugins for Editor in 0.00 ms.
Mono: successfully reloaded assembly
- Completed reload, in  1.278 seconds
Domain Reload Profiling:
	ReloadAssembly (1279ms)
		BeginReloadAssembly (138ms)
			ExecutionOrderSort (0ms)
			DisableScriptedObjects (11ms)
			BackupInstance (0ms)
			ReleaseScriptingObjects (0ms)
			CreateAndSetChildDomain (36ms)
		EndReloadAssembly (1050ms)
			LoadAssemblies (92ms)
			RebuildTransferFunctionScriptingTraits (0ms)
			SetupTypeCache (228ms)
			ReleaseScriptCaches (2ms)
			RebuildScriptCaches (51ms)
			SetupLoadedEditorAssemblies (555ms)
				LogAssemblyErrors (0ms)
				InitializePlatformSupportModulesInManaged (12ms)
				SetLoadedEditorAssemblies (1ms)
				RefreshPlugins (1ms)
				BeforeProcessingInitializeOnLoad (80ms)
				ProcessInitializeOnLoadAttributes (372ms)
				ProcessInitializeOnLoadMethodAttributes (80ms)
				AfterProcessingInitializeOnLoad (8ms)
				EditorAssembliesLoaded (0ms)
			ExecutionOrderSort2 (0ms)
			AwakeInstancesAfterBackupRestoration (22ms)
Platform modules already initialized, skipping
Refreshing native plugins compatible for Editor in 1.30 ms, found 3 plugins.
Preloading 0 native plugins for Editor in 0.00 ms.
Unloading 3837 Unused Serialized files (Serialized files now loaded: 0)
Unloading 29 unused Assets / (0.8 MB). Loaded Objects now: 5157.
Memory consumption went from 304.8 MB to 304.0 MB.
Total: 5.100300 ms (FindLiveObjects: 0.575900 ms CreateObjectMapping: 0.410800 ms MarkObjects: 3.747600 ms  DeleteObjects: 0.364100 ms)

AssetImportParameters requested are different than current active one (requested -> active):
  custom:video-decoder-ogg-theora: a1e56fd34408186e4bbccfd4996cb3dc -> 
  custom:container-muxer-webm: aa71ff27fc2769a1b78a27578f13a17b -> 
  custom:container-demuxer-webm: 4f35f7cbe854078d1ac9338744f61a02 -> 
  custom:video-encoder-webm-vp8: eb34c28f22e8b96e1ab97ce403110664 -> 
  custom:video-codec-MediaFoundation-h265: 746d11721c4dcdbdad8f713fa42b33f4 -> 
  custom:audio-encoder-webm-vorbis: bf7c407c2cedff20999df2af8eb42d56 -> 
  custom:framework-win-MediaFoundation: 216162199b28c13a410421893ffa2e32 -> 
  custom:container-demuxer-ogg: 62fdf1f143b41e24485cea50d1cbac27 -> 
  custom:video-decoder-webm-vp8: 9c59270c3fd7afecdb556c50c9e8de78 -> 
  custom:audio-decoder-ogg-vorbis: bf7c407c2cedff20999df2af8eb42d56 -> 
========================================================================
Received Prepare
Registering precompiled user dll's ...
Registered in 0.008847 seconds.
Begin MonoManager ReloadAssembly
Native extension for WindowsStandalone target not found
Refreshing native plugins compatible for Editor in 1.39 ms, found 3 plugins.
Preloading 0 native plugins for Editor in 0.00 ms.
Mono: successfully reloaded assembly
- Completed reload, in  1.273 seconds
Domain Reload Profiling:
	ReloadAssembly (1274ms)
		BeginReloadAssembly (137ms)
			ExecutionOrderSort (0ms)
			DisableScriptedObjects (10ms)
			BackupInstance (0ms)
			ReleaseScriptingObjects (0ms)
			CreateAndSetChildDomain (34ms)
		EndReloadAssembly (1034ms)
			LoadAssemblies (96ms)
			RebuildTransferFunctionScriptingTraits (0ms)
			SetupTypeCache (218ms)
			ReleaseScriptCaches (2ms)
			RebuildScriptCaches (52ms)
			SetupLoadedEditorAssemblies (549ms)
				LogAssemblyErrors (0ms)
				InitializePlatformSupportModulesInManaged (13ms)
				SetLoadedEditorAssemblies (1ms)
				RefreshPlugins (1ms)
				BeforeProcessingInitializeOnLoad (81ms)
				ProcessInitializeOnLoadAttributes (369ms)
				ProcessInitializeOnLoadMethodAttributes (75ms)
				AfterProcessingInitializeOnLoad (8ms)
				EditorAssembliesLoaded (0ms)
			ExecutionOrderSort2 (0ms)
			AwakeInstancesAfterBackupRestoration (20ms)
Platform modules already initialized, skipping
Refreshing native plugins compatible for Editor in 1.20 ms, found 3 plugins.
Preloading 0 native plugins for Editor in 0.00 ms.
Unloading 3837 Unused Serialized files (Serialized files now loaded: 0)
Unloading 29 unused Assets / (0.7 MB). Loaded Objects now: 5171.
Memory consumption went from 304.8 MB to 304.0 MB.
Total: 5.369300 ms (FindLiveObjects: 0.561600 ms CreateObjectMapping: 0.333900 ms MarkObjects: 4.074400 ms  DeleteObjects: 0.396500 ms)

AssetImportParameters requested are different than current active one (requested -> active):
  custom:video-decoder-ogg-theora: a1e56fd34408186e4bbccfd4996cb3dc -> 
  custom:container-muxer-webm: aa71ff27fc2769a1b78a27578f13a17b -> 
  custom:container-demuxer-webm: 4f35f7cbe854078d1ac9338744f61a02 -> 
  custom:video-encoder-webm-vp8: eb34c28f22e8b96e1ab97ce403110664 -> 
  custom:video-codec-MediaFoundation-h265: 746d11721c4dcdbdad8f713fa42b33f4 -> 
  custom:audio-encoder-webm-vorbis: bf7c407c2cedff20999df2af8eb42d56 -> 
  custom:framework-win-MediaFoundation: 216162199b28c13a410421893ffa2e32 -> 
  custom:container-demuxer-ogg: 62fdf1f143b41e24485cea50d1cbac27 -> 
  custom:video-decoder-webm-vp8: 9c59270c3fd7afecdb556c50c9e8de78 -> 
  custom:audio-decoder-ogg-vorbis: bf7c407c2cedff20999df2af8eb42d56 -> 
========================================================================
Received Prepare
Registering precompiled user dll's ...
Registered in 0.006668 seconds.
Begin MonoManager ReloadAssembly
Native extension for WindowsStandalone target not found
Refreshing native plugins compatible for Editor in 0.91 ms, found 3 plugins.
Preloading 0 native plugins for Editor in 0.00 ms.
Mono: successfully reloaded assembly
- Completed reload, in  1.317 seconds
Domain Reload Profiling:
	ReloadAssembly (1318ms)
		BeginReloadAssembly (145ms)
			ExecutionOrderSort (0ms)
			DisableScriptedObjects (12ms)
			BackupInstance (0ms)
			ReleaseScriptingObjects (0ms)
			CreateAndSetChildDomain (34ms)
		EndReloadAssembly (1072ms)
			LoadAssemblies (97ms)
			RebuildTransferFunctionScriptingTraits (0ms)
			SetupTypeCache (229ms)
			ReleaseScriptCaches (2ms)
			RebuildScriptCaches (51ms)
			SetupLoadedEditorAssemblies (577ms)
				LogAssemblyErrors (0ms)
				InitializePlatformSupportModulesInManaged (13ms)
				SetLoadedEditorAssemblies (0ms)
				RefreshPlugins (1ms)
				BeforeProcessingInitializeOnLoad (87ms)
				ProcessInitializeOnLoadAttributes (382ms)
				ProcessInitializeOnLoadMethodAttributes (83ms)
				AfterProcessingInitializeOnLoad (10ms)
				EditorAssembliesLoaded (0ms)
			ExecutionOrderSort2 (0ms)
			AwakeInstancesAfterBackupRestoration (21ms)
Platform modules already initialized, skipping
Refreshing native plugins compatible for Editor in 0.97 ms, found 3 plugins.
Preloading 0 native plugins for Editor in 0.00 ms.
Unloading 3837 Unused Serialized files (Serialized files now loaded: 0)
Unloading 29 unused Assets / (0.7 MB). Loaded Objects now: 5185.
Memory consumption went from 304.9 MB to 304.1 MB.
Total: 4.653300 ms (FindLiveObjects: 0.458300 ms CreateObjectMapping: 0.114700 ms MarkObjects: 3.723700 ms  DeleteObjects: 0.355000 ms)

AssetImportParameters requested are different than current active one (requested -> active):
  custom:video-decoder-ogg-theora: a1e56fd34408186e4bbccfd4996cb3dc -> 
  custom:container-muxer-webm: aa71ff27fc2769a1b78a27578f13a17b -> 
  custom:container-demuxer-webm: 4f35f7cbe854078d1ac9338744f61a02 -> 
  custom:video-encoder-webm-vp8: eb34c28f22e8b96e1ab97ce403110664 -> 
  custom:video-codec-MediaFoundation-h265: 746d11721c4dcdbdad8f713fa42b33f4 -> 
  custom:audio-encoder-webm-vorbis: bf7c407c2cedff20999df2af8eb42d56 -> 
  custom:framework-win-MediaFoundation: 216162199b28c13a410421893ffa2e32 -> 
  custom:container-demuxer-ogg: 62fdf1f143b41e24485cea50d1cbac27 -> 
  custom:video-decoder-webm-vp8: 9c59270c3fd7afecdb556c50c9e8de78 -> 
  custom:audio-decoder-ogg-vorbis: bf7c407c2cedff20999df2af8eb42d56 -> 
========================================================================
Received Prepare
Registering precompiled user dll's ...
Registered in 0.007357 seconds.
Begin MonoManager ReloadAssembly
Native extension for WindowsStandalone target not found
Refreshing native plugins compatible for Editor in 0.93 ms, found 3 plugins.
Preloading 0 native plugins for Editor in 0.00 ms.
Mono: successfully reloaded assembly
- Completed reload, in  1.271 seconds
Domain Reload Profiling:
	ReloadAssembly (1272ms)
		BeginReloadAssembly (130ms)
			ExecutionOrderSort (0ms)
			DisableScriptedObjects (12ms)
			BackupInstance (0ms)
			ReleaseScriptingObjects (0ms)
			CreateAndSetChildDomain (34ms)
		EndReloadAssembly (1052ms)
			LoadAssemblies (92ms)
			RebuildTransferFunctionScriptingTraits (0ms)
			SetupTypeCache (223ms)
			ReleaseScriptCaches (2ms)
			RebuildScriptCaches (52ms)
			SetupLoadedEditorAssemblies (552ms)
				LogAssemblyErrors (0ms)
				InitializePlatformSupportModulesInManaged (12ms)
				SetLoadedEditorAssemblies (0ms)
				RefreshPlugins (1ms)
				BeforeProcessingInitializeOnLoad (80ms)
				ProcessInitializeOnLoadAttributes (368ms)
				ProcessInitializeOnLoadMethodAttributes (82ms)
				AfterProcessingInitializeOnLoad (9ms)
				EditorAssembliesLoaded (0ms)
			ExecutionOrderSort2 (0ms)
			AwakeInstancesAfterBackupRestoration (23ms)
Platform modules already initialized, skipping
Refreshing native plugins compatible for Editor in 1.16 ms, found 3 plugins.
Preloading 0 native plugins for Editor in 0.00 ms.
Unloading 3837 Unused Serialized files (Serialized files now loaded: 0)
Unloading 29 unused Assets / (0.7 MB). Loaded Objects now: 5199.
Memory consumption went from 304.9 MB to 304.2 MB.
Total: 5.422500 ms (FindLiveObjects: 0.510500 ms CreateObjectMapping: 0.374200 ms MarkObjects: 4.170200 ms  DeleteObjects: 0.365800 ms)

AssetImportParameters requested are different than current active one (requested -> active):
  custom:video-decoder-ogg-theora: a1e56fd34408186e4bbccfd4996cb3dc -> 
  custom:container-muxer-webm: aa71ff27fc2769a1b78a27578f13a17b -> 
  custom:container-demuxer-webm: 4f35f7cbe854078d1ac9338744f61a02 -> 
  custom:video-encoder-webm-vp8: eb34c28f22e8b96e1ab97ce403110664 -> 
  custom:video-codec-MediaFoundation-h265: 746d11721c4dcdbdad8f713fa42b33f4 -> 
  custom:audio-encoder-webm-vorbis: bf7c407c2cedff20999df2af8eb42d56 -> 
  custom:framework-win-MediaFoundation: 216162199b28c13a410421893ffa2e32 -> 
  custom:container-demuxer-ogg: 62fdf1f143b41e24485cea50d1cbac27 -> 
  custom:video-decoder-webm-vp8: 9c59270c3fd7afecdb556c50c9e8de78 -> 
  custom:audio-decoder-ogg-vorbis: bf7c407c2cedff20999df2af8eb42d56 -> 
========================================================================
Received Prepare
Registering precompiled user dll's ...
Registered in 0.008006 seconds.
Begin MonoManager ReloadAssembly
Native extension for WindowsStandalone target not found
Refreshing native plugins compatible for Editor in 0.99 ms, found 3 plugins.
Preloading 0 native plugins for Editor in 0.00 ms.
Mono: successfully reloaded assembly
- Completed reload, in  1.333 seconds
Domain Reload Profiling:
	ReloadAssembly (1334ms)
		BeginReloadAssembly (151ms)
			ExecutionOrderSort (0ms)
			DisableScriptedObjects (12ms)
			BackupInstance (0ms)
			ReleaseScriptingObjects (0ms)
			CreateAndSetChildDomain (41ms)
		EndReloadAssembly (1085ms)
			LoadAssemblies (95ms)
			RebuildTransferFunctionScriptingTraits (0ms)
			SetupTypeCache (230ms)
			ReleaseScriptCaches (2ms)
			RebuildScriptCaches (57ms)
			SetupLoadedEditorAssemblies (584ms)
				LogAssemblyErrors (0ms)
				InitializePlatformSupportModulesInManaged (12ms)
				SetLoadedEditorAssemblies (1ms)
				RefreshPlugins (1ms)
				BeforeProcessingInitializeOnLoad (86ms)
				ProcessInitializeOnLoadAttributes (395ms)
				ProcessInitializeOnLoadMethodAttributes (77ms)
				AfterProcessingInitializeOnLoad (12ms)
				EditorAssembliesLoaded (0ms)
			ExecutionOrderSort2 (0ms)
			AwakeInstancesAfterBackupRestoration (20ms)
Platform modules already initialized, skipping
Refreshing native plugins compatible for Editor in 1.14 ms, found 3 plugins.
Preloading 0 native plugins for Editor in 0.00 ms.
Unloading 3837 Unused Serialized files (Serialized files now loaded: 0)
Unloading 29 unused Assets / (0.8 MB). Loaded Objects now: 5213.
Memory consumption went from 304.9 MB to 304.2 MB.
Total: 4.768400 ms (FindLiveObjects: 0.459400 ms CreateObjectMapping: 0.246000 ms MarkObjects: 3.713000 ms  DeleteObjects: 0.348000 ms)

AssetImportParameters requested are different than current active one (requested -> active):
  custom:video-decoder-ogg-theora: a1e56fd34408186e4bbccfd4996cb3dc -> 
  custom:container-muxer-webm: aa71ff27fc2769a1b78a27578f13a17b -> 
  custom:container-demuxer-webm: 4f35f7cbe854078d1ac9338744f61a02 -> 
  custom:video-encoder-webm-vp8: eb34c28f22e8b96e1ab97ce403110664 -> 
  custom:video-codec-MediaFoundation-h265: 746d11721c4dcdbdad8f713fa42b33f4 -> 
  custom:audio-encoder-webm-vorbis: bf7c407c2cedff20999df2af8eb42d56 -> 
  custom:framework-win-MediaFoundation: 216162199b28c13a410421893ffa2e32 -> 
  custom:container-demuxer-ogg: 62fdf1f143b41e24485cea50d1cbac27 -> 
  custom:video-decoder-webm-vp8: 9c59270c3fd7afecdb556c50c9e8de78 -> 
  custom:audio-decoder-ogg-vorbis: bf7c407c2cedff20999df2af8eb42d56 -> 
========================================================================
Received Prepare
Registering precompiled user dll's ...
Registered in 0.006571 seconds.
Begin MonoManager ReloadAssembly
Native extension for WindowsStandalone target not found
Refreshing native plugins compatible for Editor in 0.93 ms, found 3 plugins.
Preloading 0 native plugins for Editor in 0.00 ms.
Mono: successfully reloaded assembly
- Completed reload, in  1.293 seconds
Domain Reload Profiling:
	ReloadAssembly (1294ms)
		BeginReloadAssembly (141ms)
			ExecutionOrderSort (0ms)
			DisableScriptedObjects (12ms)
			BackupInstance (0ms)
			ReleaseScriptingObjects (0ms)
			CreateAndSetChildDomain (35ms)
		EndReloadAssembly (1057ms)
			LoadAssemblies (87ms)
			RebuildTransferFunctionScriptingTraits (0ms)
			SetupTypeCache (225ms)
			ReleaseScriptCaches (2ms)
			RebuildScriptCaches (63ms)
			SetupLoadedEditorAssemblies (549ms)
				LogAssemblyErrors (0ms)
				InitializePlatformSupportModulesInManaged (12ms)
				SetLoadedEditorAssemblies (0ms)
				RefreshPlugins (1ms)
				BeforeProcessingInitializeOnLoad (80ms)
				ProcessInitializeOnLoadAttributes (368ms)
				ProcessInitializeOnLoadMethodAttributes (78ms)
				AfterProcessingInitializeOnLoad (8ms)
				EditorAssembliesLoaded (0ms)
			ExecutionOrderSort2 (0ms)
			AwakeInstancesAfterBackupRestoration (22ms)
Platform modules already initialized, skipping
Refreshing native plugins compatible for Editor in 1.10 ms, found 3 plugins.
Preloading 0 native plugins for Editor in 0.00 ms.
Unloading 3837 Unused Serialized files (Serialized files now loaded: 0)
Unloading 29 unused Assets / (0.7 MB). Loaded Objects now: 5227.
Memory consumption went from 304.9 MB to 304.2 MB.
Total: 4.857900 ms (FindLiveObjects: 0.453900 ms CreateObjectMapping: 0.133400 ms MarkObjects: 3.968900 ms  DeleteObjects: 0.300400 ms)

AssetImportParameters requested are different than current active one (requested -> active):
  custom:video-decoder-ogg-theora: a1e56fd34408186e4bbccfd4996cb3dc -> 
  custom:container-muxer-webm: aa71ff27fc2769a1b78a27578f13a17b -> 
  custom:container-demuxer-webm: 4f35f7cbe854078d1ac9338744f61a02 -> 
  custom:video-encoder-webm-vp8: eb34c28f22e8b96e1ab97ce403110664 -> 
  custom:video-codec-MediaFoundation-h265: 746d11721c4dcdbdad8f713fa42b33f4 -> 
  custom:audio-encoder-webm-vorbis: bf7c407c2cedff20999df2af8eb42d56 -> 
  custom:framework-win-MediaFoundation: 216162199b28c13a410421893ffa2e32 -> 
  custom:container-demuxer-ogg: 62fdf1f143b41e24485cea50d1cbac27 -> 
  custom:video-decoder-webm-vp8: 9c59270c3fd7afecdb556c50c9e8de78 -> 
  custom:audio-decoder-ogg-vorbis: bf7c407c2cedff20999df2af8eb42d56 -> 
========================================================================
Received Prepare
Registering precompiled user dll's ...
Registered in 0.006944 seconds.
Begin MonoManager ReloadAssembly
Native extension for WindowsStandalone target not found
Refreshing native plugins compatible for Editor in 1.02 ms, found 3 plugins.
Preloading 0 native plugins for Editor in 0.00 ms.
Mono: successfully reloaded assembly
- Completed reload, in  1.331 seconds
Domain Reload Profiling:
	ReloadAssembly (1332ms)
		BeginReloadAssembly (155ms)
			ExecutionOrderSort (0ms)
			DisableScriptedObjects (11ms)
			BackupInstance (0ms)
			ReleaseScriptingObjects (0ms)
			CreateAndSetChildDomain (36ms)
		EndReloadAssembly (1074ms)
			LoadAssemblies (101ms)
			RebuildTransferFunctionScriptingTraits (0ms)
			SetupTypeCache (217ms)
			ReleaseScriptCaches (2ms)
			RebuildScriptCaches (53ms)
			SetupLoadedEditorAssemblies (584ms)
				LogAssemblyErrors (0ms)
				InitializePlatformSupportModulesInManaged (12ms)
				SetLoadedEditorAssemblies (0ms)
				RefreshPlugins (1ms)
				BeforeProcessingInitializeOnLoad (85ms)
				ProcessInitializeOnLoadAttributes (395ms)
				ProcessInitializeOnLoadMethodAttributes (83ms)
				AfterProcessingInitializeOnLoad (8ms)
				EditorAssembliesLoaded (0ms)
			ExecutionOrderSort2 (0ms)
			AwakeInstancesAfterBackupRestoration (22ms)
Platform modules already initialized, skipping
Refreshing native plugins compatible for Editor in 1.19 ms, found 3 plugins.
Preloading 0 native plugins for Editor in 0.00 ms.
Unloading 3837 Unused Serialized files (Serialized files now loaded: 0)
Unloading 29 unused Assets / (0.7 MB). Loaded Objects now: 5241.
Memory consumption went from 304.9 MB to 304.2 MB.
Total: 5.085700 ms (FindLiveObjects: 0.560900 ms CreateObjectMapping: 0.335700 ms MarkObjects: 3.819900 ms  DeleteObjects: 0.367400 ms)

AssetImportParameters requested are different than current active one (requested -> active):
  custom:video-decoder-ogg-theora: a1e56fd34408186e4bbccfd4996cb3dc -> 
  custom:container-muxer-webm: aa71ff27fc2769a1b78a27578f13a17b -> 
  custom:container-demuxer-webm: 4f35f7cbe854078d1ac9338744f61a02 -> 
  custom:video-encoder-webm-vp8: eb34c28f22e8b96e1ab97ce403110664 -> 
  custom:video-codec-MediaFoundation-h265: 746d11721c4dcdbdad8f713fa42b33f4 -> 
  custom:audio-encoder-webm-vorbis: bf7c407c2cedff20999df2af8eb42d56 -> 
  custom:framework-win-MediaFoundation: 216162199b28c13a410421893ffa2e32 -> 
  custom:container-demuxer-ogg: 62fdf1f143b41e24485cea50d1cbac27 -> 
  custom:video-decoder-webm-vp8: 9c59270c3fd7afecdb556c50c9e8de78 -> 
  custom:audio-decoder-ogg-vorbis: bf7c407c2cedff20999df2af8eb42d56 -> 
========================================================================
Received Import Request.
  Time since last request: 2209.362121 seconds.
  path: Assets/Art/boat/Animation v_3/boat and dingy (2).png
  artifactKey: Guid(9696a08619d723d4b9b8ccc937c7e481) Importer(815301076,1909f56bfc062723c751e8b465ee728b)
Start importing Assets/Art/boat/Animation v_3/boat and dingy (2).png using Guid(9696a08619d723d4b9b8ccc937c7e481) Importer(815301076,1909f56bfc062723c751e8b465ee728b)  -> (artifact id: 'f2e799c7312b9b3d56e6a67a6071f70b') in 0.270263 seconds 
========================================================================
Received Import Request.
  Time since last request: 0.000026 seconds.
  path: Assets/Art/boat/Animation v_3/boat and dingy (17).png
  artifactKey: Guid(b0d618b4e707f6a43ae5d5a84dc1c592) Importer(815301076,1909f56bfc062723c751e8b465ee728b)
Start importing Assets/Art/boat/Animation v_3/boat and dingy (17).png using Guid(b0d618b4e707f6a43ae5d5a84dc1c592) Importer(815301076,1909f56bfc062723c751e8b465ee728b)  -> (artifact id: '946e9fe97f108a65fc5896127ed95e40') in 0.096599 seconds 
========================================================================
Received Import Request.
  Time since last request: 0.000085 seconds.
  path: Assets/Art/boat/Animation v_3/boat and dingy (11).png
  artifactKey: Guid(233d149b8839d8a479da2b50cf74aca6) Importer(815301076,1909f56bfc062723c751e8b465ee728b)
Start importing Assets/Art/boat/Animation v_3/boat and dingy (11).png using Guid(233d149b8839d8a479da2b50cf74aca6) Importer(815301076,1909f56bfc062723c751e8b465ee728b)  -> (artifact id: '5e597c9a87247dc18d88bfb925dae203') in 0.101913 seconds 
========================================================================
Received Import Request.
  Time since last request: 0.000032 seconds.
  path: Assets/Art/boat/Animation v_3/boat and dingy (6).png
  artifactKey: Guid(42e4dcc27f94f8146b003ce7fe1fe6b8) Importer(815301076,1909f56bfc062723c751e8b465ee728b)
Start importing Assets/Art/boat/Animation v_3/boat and dingy (6).png using Guid(42e4dcc27f94f8146b003ce7fe1fe6b8) Importer(815301076,1909f56bfc062723c751e8b465ee728b)  -> (artifact id: '28cc7701d3869a69ed3c95a705d6049a') in 0.112161 seconds 
========================================================================
Received Import Request.
  Time since last request: 0.000042 seconds.
  path: Assets/Art/boat/Animation v_3/boat and dingy (7).png
  artifactKey: Guid(44068157cdf5153438fda141e1b4f853) Importer(815301076,1909f56bfc062723c751e8b465ee728b)
Start importing Assets/Art/boat/Animation v_3/boat and dingy (7).png using Guid(44068157cdf5153438fda141e1b4f853) Importer(815301076,1909f56bfc062723c751e8b465ee728b)  -> (artifact id: '984995f72049483beb5220ac5f20e58a') in 0.103942 seconds 
========================================================================
Received Import Request.
  Time since last request: 0.000048 seconds.
  path: Assets/Art/boat/Animation v_3/boat and dingy (23).png
  artifactKey: Guid(94a001e91edb841459ebf19771e711f2) Importer(815301076,1909f56bfc062723c751e8b465ee728b)
Start importing Assets/Art/boat/Animation v_3/boat and dingy (23).png using Guid(94a001e91edb841459ebf19771e711f2) Importer(815301076,1909f56bfc062723c751e8b465ee728b)  -> (artifact id: '0ac3ac2a7bdf6c3e3551381c0759f206') in 0.103499 seconds 
========================================================================
Received Import Request.
  Time since last request: 0.000037 seconds.
  path: Assets/Art/boat/Animation v_3/boat and dingy (25).png
  artifactKey: Guid(684d0c0dd9e91844db1f6ca5788e2e91) Importer(815301076,1909f56bfc062723c751e8b465ee728b)
Start importing Assets/Art/boat/Animation v_3/boat and dingy (25).png using Guid(684d0c0dd9e91844db1f6ca5788e2e91) Importer(815301076,1909f56bfc062723c751e8b465ee728b)  -> (artifact id: 'e213cc6ee4a8d22b7e396b2900eaaf4d') in 0.103780 seconds 
========================================================================
Received Import Request.
  Time since last request: 0.000032 seconds.
  path: Assets/Art/boat/Animation v_3/boat and dingy (8).png
  artifactKey: Guid(2abb237a6d5dac8469486764b3fe8c8d) Importer(815301076,1909f56bfc062723c751e8b465ee728b)
Start importing Assets/Art/boat/Animation v_3/boat and dingy (8).png using Guid(2abb237a6d5dac8469486764b3fe8c8d) Importer(815301076,1909f56bfc062723c751e8b465ee728b)  -> (artifact id: '1410ed545ca8b9f6c74b5c8c3a855d9e') in 0.098892 seconds 
========================================================================
Received Import Request.
  Time since last request: 0.000034 seconds.
  path: Assets/Art/boat/Animation v_3/boat and dingy (14).png
  artifactKey: Guid(766d671026100704ba4e8be50416d1d5) Importer(815301076,1909f56bfc062723c751e8b465ee728b)
Start importing Assets/Art/boat/Animation v_3/boat and dingy (14).png using Guid(766d671026100704ba4e8be50416d1d5) Importer(815301076,1909f56bfc062723c751e8b465ee728b)  -> (artifact id: '573a407ca707ba6c26bd8b5f3a6b34ad') in 0.096039 seconds 
========================================================================
Received Import Request.
  Time since last request: 0.000021 seconds.
  path: Assets/Art/boat/Animation v_3/boat and dingy (13).png
  artifactKey: Guid(7207b3d0558283a4d9781eeb8f69a7b3) Importer(815301076,1909f56bfc062723c751e8b465ee728b)
Start importing Assets/Art/boat/Animation v_3/boat and dingy (13).png using Guid(7207b3d0558283a4d9781eeb8f69a7b3) Importer(815301076,1909f56bfc062723c751e8b465ee728b)  -> (artifact id: '8ba46b64e2f15a139ed017a6824baddb') in 0.093979 seconds 
========================================================================
Received Import Request.
  Time since last request: 0.000026 seconds.
  path: Assets/Art/boat/Animation v_3/boat and dingy (3).png
  artifactKey: Guid(1760000c99647a84289ce7c16b907355) Importer(815301076,1909f56bfc062723c751e8b465ee728b)
Start importing Assets/Art/boat/Animation v_3/boat and dingy (3).png using Guid(1760000c99647a84289ce7c16b907355) Importer(815301076,1909f56bfc062723c751e8b465ee728b)  -> (artifact id: '324a8f2a7f9e2ed41f0cdbc0bfa2a48e') in 0.098078 seconds 
========================================================================
Received Import Request.
  Time since last request: 0.000038 seconds.
  path: Assets/Art/boat/Animation v_3/boat and dingy (19).png
  artifactKey: Guid(97015c0094542644bb439a5e5ec734db) Importer(815301076,1909f56bfc062723c751e8b465ee728b)
Start importing Assets/Art/boat/Animation v_3/boat and dingy (19).png using Guid(97015c0094542644bb439a5e5ec734db) Importer(815301076,1909f56bfc062723c751e8b465ee728b)  -> (artifact id: '83b5fd602676118d4cbf515af92357c6') in 0.092943 seconds 
Editor requested this worker to shutdown with reason: Scaling down because of idle timeout
AssetImportWorker is now disconnected from the server
Process exiting
Exiting without the bug reporter. Application will terminate with return code 0