Using pre-set license
Built from '2021.2/staging' branch; Version is '2021.2.5f1 (4ec9a5e799f5) revision 5163429'; Using compiler version '192829333'; Build Type 'Release'
OS: 'Windows 10  (10.0.19042) 64bit Core' Language: 'en' Physical Memory: 16253 MB
BatchMode: 1, IsHumanControllingUs: 0, StartBugReporterOnCrash: 0, Is64bit: 1, IsPro: 0

COMMAND LINE ARGUMENTS:
C:\Program Files\Unity\Hub\Editor\2021.2.5f1\Editor\Unity.exe
-adb2
-batchMode
-noUpm
-name
AssetImportWorker488
-projectPath
C:/_FILES/3D/GPW Climate Crisis/Local Scene/Ocean Cleanup Net Prototype
-logFile
Logs/AssetImportWorker488.log
-srvPort
62806
Successfully changed project path to: C:/_FILES/3D/GPW Climate Crisis/Local Scene/Ocean Cleanup Net Prototype
C:/_FILES/3D/GPW Climate Crisis/Local Scene/Ocean Cleanup Net Prototype
[UnityMemory] Configuration Parameters - Can be set up in boot.config
    "memorysetup-bucket-allocator-granularity=16"
    "memorysetup-bucket-allocator-bucket-count=8"
    "memorysetup-bucket-allocator-block-size=33554432"
    "memorysetup-bucket-allocator-block-count=8"
    "memorysetup-main-allocator-block-size=16777216"
    "memorysetup-thread-allocator-block-size=16777216"
    "memorysetup-gfx-main-allocator-block-size=16777216"
    "memorysetup-gfx-thread-allocator-block-size=16777216"
    "memorysetup-cache-allocator-block-size=4194304"
    "memorysetup-typetree-allocator-block-size=2097152"
    "memorysetup-profiler-bucket-allocator-granularity=16"
    "memorysetup-profiler-bucket-allocator-bucket-count=8"
    "memorysetup-profiler-bucket-allocator-block-size=33554432"
    "memorysetup-profiler-bucket-allocator-block-count=8"
    "memorysetup-profiler-allocator-block-size=16777216"
    "memorysetup-profiler-editor-allocator-block-size=1048576"
    "memorysetup-temp-allocator-size-main=16777216"
    "memorysetup-job-temp-allocator-block-size=2097152"
    "memorysetup-job-temp-allocator-block-size-background=1048576"
    "memorysetup-job-temp-allocator-reduction-small-platforms=262144"
    "memorysetup-temp-allocator-size-background-worker=32768"
    "memorysetup-temp-allocator-size-job-worker=262144"
    "memorysetup-temp-allocator-size-preload-manager=33554432"
    "memorysetup-temp-allocator-size-nav-mesh-worker=65536"
    "memorysetup-temp-allocator-size-audio-worker=65536"
    "memorysetup-temp-allocator-size-cloud-worker=32768"
    "memorysetup-temp-allocator-size-gi-baking-worker=262144"
    "memorysetup-temp-allocator-size-gfx=262144"
mdb reader table full -> cleaning up stale readers. Current readers:
    pid     thread     txnid
      2816 20a4 -
     29520 7b8c -
      2816 3ad0 -
      2816 77c -
      9744 6f78 -
     25596 6fe8 -
     27404 7034 -
      1784 52a0 -
     18808 6024 -
     29956 6db8 -
     28500 72e8 -
     25548 79c0 -
     31504 5548 -
     30204 7368 -
     24376 62f0 -
     10124 5c48 -
     28716 4ecc -
     27708 7020 -
     28064 5b44 -
     29112 6c54 -
     29124 1794 -
     24060 6d10 -
     31432 7878 -
     29812 4590 -
     31048 3658 -
     28048 6a20 -
     12244 7498 -
      1976 6838 -
      1700 72d8 -
     29504 7a30 -
     29480 6ab0 -
     22556 14c -
     30788 1ee8 -
     10480 7620 -
     25632 7220 -
     30296 688c -
     22136 d98 -
     10260 57bc -
     28952 72b0 -
     21360 76dc -
      7508 7494 -
     29236 73c8 -
     22944 7778 -
      8968 70f0 -
      9568 5498 -
     31088 2774 -
     19420 788c -
     28676 3108 -
      5804 7544 -
     19292 2840 -
     31076 6f70 -
     29468 29c8 -
     24016 216c -
      3688 5f14 -
     21332 5640 -
     28900 4670 -
     12308 6fdc -
     31584 754 -
     29884 188c -
     31128 2494 -
     30120 69c0 -
     15128 7b84 -
     31348 197c -
     16812 2dd4 -
      6092 3738 -
     25796 5638 -
     31680 59cc -
     19096 7510 -
     15640 6df0 -
     30956 efc -
     30856 6af0 -
     29788 6f28 -
     18344 7360 -
     23044 40f4 -
     31564 7b40 -
     15240 2aa0 -
     20464 4b24 -
     19744 5c68 -
     10004 4684 -
     29152 3758 -
     31228 72fc -
     30148 6828 -
     28568 7120 -
     21992 742c -
     30880 26f0 -
     28736 74a8 -
     25892 27a8 -
     23040 26a4 -
     27656 6ef0 -
     26660 1cb0 -
     25884 47c0 -
     29008 13a4 -
     27044 1e20 -
     31424 3644 -
     20356 7940 -
     20508 6d70 -
     30492 717c -
     31300 6afc -
     26968 38ac -
     28596 697c -
     27464 590c -
      1884 68f8 -
     29988 7974 -
      1424 6994 -
     23692 7254 -
     30780 7014 -
     28000 6e98 -
     28160 13b4 -
     27980 706c -
     28764 7968 -
     30724 6d14 -
     11680 701c -
     27976 5df8 -
     25876 62cc -
     32448 7ec4 -
     32472 7edc -
     29868 2c34 -
     29780 7560 -
     10800 6f94 -
     31688 7c08 -
     20552 4cd8 -
     30236 2894 -
     19264 302c -
     11932 13f4 -
     19212 6044 -
     28208 4bb0 -
Cleaned out 121 stale readers
Refreshing native plugins compatible for Editor in 68.60 ms, found 3 plugins.
Preloading 0 native plugins for Editor in 0.00 ms.
Initialize engine version: 2021.2.5f1 (4ec9a5e799f5)
[Subsystems] Discovering subsystems at path C:/Program Files/Unity/Hub/Editor/2021.2.5f1/Editor/Data/Resources/UnitySubsystems
[Subsystems] Discovering subsystems at path C:/_FILES/3D/GPW Climate Crisis/Local Scene/Ocean Cleanup Net Prototype/Assets
GfxDevice: creating device client; threaded=0; jobified=0
Direct3D:
    Version:  Direct3D 11.0 [level 11.1]
    Renderer: NVIDIA GeForce RTX 2060 (ID=0x1f15)
    Vendor:   NVIDIA
    VRAM:     5980 MB
    Driver:   27.21.14.6677
Initialize mono
Mono path[0] = 'C:/Program Files/Unity/Hub/Editor/2021.2.5f1/Editor/Data/Managed'
Mono path[1] = 'C:/Program Files/Unity/Hub/Editor/2021.2.5f1/Editor/Data/MonoBleedingEdge/lib/mono/unityjit-win32'
Mono config path = 'C:/Program Files/Unity/Hub/Editor/2021.2.5f1/Editor/Data/MonoBleedingEdge/etc'
Using monoOptions --debugger-agent=transport=dt_socket,embedding=1,server=y,suspend=n,address=127.0.0.1:56448
Begin MonoManager ReloadAssembly
Registering precompiled unity dll's ...
Register platform support module: C:/Program Files/Unity/Hub/Editor/2021.2.5f1/Editor/Data/PlaybackEngines/WindowsStandaloneSupport/UnityEditor.WindowsStandalone.Extensions.dll
Registered in 0.006577 seconds.
Native extension for WindowsStandalone target not found
Refreshing native plugins compatible for Editor in 65.77 ms, found 3 plugins.
Preloading 0 native plugins for Editor in 0.00 ms.
Mono: successfully reloaded assembly
- Completed reload, in  0.591 seconds
Domain Reload Profiling:
	ReloadAssembly (592ms)
		BeginReloadAssembly (67ms)
			ExecutionOrderSort (0ms)
			DisableScriptedObjects (0ms)
			BackupInstance (0ms)
			ReleaseScriptingObjects (0ms)
			CreateAndSetChildDomain (1ms)
		EndReloadAssembly (442ms)
			LoadAssemblies (65ms)
			RebuildTransferFunctionScriptingTraits (0ms)
			SetupTypeCache (99ms)
			ReleaseScriptCaches (0ms)
			RebuildScriptCaches (26ms)
			SetupLoadedEditorAssemblies (262ms)
				LogAssemblyErrors (0ms)
				InitializePlatformSupportModulesInManaged (15ms)
				SetLoadedEditorAssemblies (0ms)
				RefreshPlugins (66ms)
				BeforeProcessingInitializeOnLoad (1ms)
				ProcessInitializeOnLoadAttributes (134ms)
				ProcessInitializeOnLoadMethodAttributes (46ms)
				AfterProcessingInitializeOnLoad (0ms)
				EditorAssembliesLoaded (0ms)
			ExecutionOrderSort2 (0ms)
			AwakeInstancesAfterBackupRestoration (0ms)
Platform modules already initialized, skipping
Registering precompiled user dll's ...
Registered in 0.006008 seconds.
Begin MonoManager ReloadAssembly
Native extension for WindowsStandalone target not found
Refreshing native plugins compatible for Editor in 65.09 ms, found 3 plugins.
Preloading 0 native plugins for Editor in 0.00 ms.
Mono: successfully reloaded assembly
- Completed reload, in  1.715 seconds
Domain Reload Profiling:
	ReloadAssembly (1716ms)
		BeginReloadAssembly (157ms)
			ExecutionOrderSort (0ms)
			DisableScriptedObjects (5ms)
			BackupInstance (0ms)
			ReleaseScriptingObjects (0ms)
			CreateAndSetChildDomain (20ms)
		EndReloadAssembly (1458ms)
			LoadAssemblies (74ms)
			RebuildTransferFunctionScriptingTraits (0ms)
			SetupTypeCache (208ms)
			ReleaseScriptCaches (1ms)
			RebuildScriptCaches (67ms)
			SetupLoadedEditorAssemblies (1016ms)
				LogAssemblyErrors (0ms)
				InitializePlatformSupportModulesInManaged (10ms)
				SetLoadedEditorAssemblies (0ms)
				RefreshPlugins (65ms)
				BeforeProcessingInitializeOnLoad (91ms)
				ProcessInitializeOnLoadAttributes (756ms)
				ProcessInitializeOnLoadMethodAttributes (84ms)
				AfterProcessingInitializeOnLoad (9ms)
				EditorAssembliesLoaded (0ms)
			ExecutionOrderSort2 (0ms)
			AwakeInstancesAfterBackupRestoration (6ms)
Platform modules already initialized, skipping
AssetImportWorkerClient::OnTransportError - code=10060 error=A connection attempt failed because the connected party did not properly respond after a period of time, or established connection failed because connected host has failed to respond.
