Using pre-set license
Built from '2021.2/staging' branch; Version is '2021.2.5f1 (4ec9a5e799f5) revision 5163429'; Using compiler version '192829333'; Build Type 'Release'
OS: 'Windows 10  (10.0.19042) 64bit Core' Language: 'en' Physical Memory: 16253 MB
BatchMode: 1, IsHumanControllingUs: 0, StartBugReporterOnCrash: 0, Is64bit: 1, IsPro: 0

COMMAND LINE ARGUMENTS:
C:\Program Files\Unity\Hub\Editor\2021.2.5f1\Editor\Unity.exe
-adb2
-batchMode
-noUpm
-name
AssetImportWorker4
-projectPath
C:/_FILES/3D/GPW Climate Crisis/Local Scene/Ocean Cleanup Net Prototype
-logFile
Logs/AssetImportWorker4.log
-srvPort
62762
Successfully changed project path to: C:/_FILES/3D/GPW Climate Crisis/Local Scene/Ocean Cleanup Net Prototype
C:/_FILES/3D/GPW Climate Crisis/Local Scene/Ocean Cleanup Net Prototype
[UnityMemory] Configuration Parameters - Can be set up in boot.config
    "memorysetup-bucket-allocator-granularity=16"
    "memorysetup-bucket-allocator-bucket-count=8"
    "memorysetup-bucket-allocator-block-size=33554432"
    "memorysetup-bucket-allocator-block-count=8"
    "memorysetup-main-allocator-block-size=16777216"
    "memorysetup-thread-allocator-block-size=16777216"
    "memorysetup-gfx-main-allocator-block-size=16777216"
    "memorysetup-gfx-thread-allocator-block-size=16777216"
    "memorysetup-cache-allocator-block-size=4194304"
    "memorysetup-typetree-allocator-block-size=2097152"
    "memorysetup-profiler-bucket-allocator-granularity=16"
    "memorysetup-profiler-bucket-allocator-bucket-count=8"
    "memorysetup-profiler-bucket-allocator-block-size=33554432"
    "memorysetup-profiler-bucket-allocator-block-count=8"
    "memorysetup-profiler-allocator-block-size=16777216"
    "memorysetup-profiler-editor-allocator-block-size=1048576"
    "memorysetup-temp-allocator-size-main=16777216"
    "memorysetup-job-temp-allocator-block-size=2097152"
    "memorysetup-job-temp-allocator-block-size-background=1048576"
    "memorysetup-job-temp-allocator-reduction-small-platforms=262144"
    "memorysetup-temp-allocator-size-background-worker=32768"
    "memorysetup-temp-allocator-size-job-worker=262144"
    "memorysetup-temp-allocator-size-preload-manager=33554432"
    "memorysetup-temp-allocator-size-nav-mesh-worker=65536"
    "memorysetup-temp-allocator-size-audio-worker=65536"
    "memorysetup-temp-allocator-size-cloud-worker=32768"
    "memorysetup-temp-allocator-size-gi-baking-worker=262144"
    "memorysetup-temp-allocator-size-gfx=262144"
Refreshing native plugins compatible for Editor in 68.11 ms, found 3 plugins.
Preloading 0 native plugins for Editor in 0.00 ms.
Initialize engine version: 2021.2.5f1 (4ec9a5e799f5)
[Subsystems] Discovering subsystems at path C:/Program Files/Unity/Hub/Editor/2021.2.5f1/Editor/Data/Resources/UnitySubsystems
[Subsystems] Discovering subsystems at path C:/_FILES/3D/GPW Climate Crisis/Local Scene/Ocean Cleanup Net Prototype/Assets
GfxDevice: creating device client; threaded=0; jobified=0
Direct3D:
    Version:  Direct3D 11.0 [level 11.1]
    Renderer: NVIDIA GeForce RTX 2060 (ID=0x1f15)
    Vendor:   NVIDIA
    VRAM:     5980 MB
    Driver:   27.21.14.6677
Initialize mono
Mono path[0] = 'C:/Program Files/Unity/Hub/Editor/2021.2.5f1/Editor/Data/Managed'
Mono path[1] = 'C:/Program Files/Unity/Hub/Editor/2021.2.5f1/Editor/Data/MonoBleedingEdge/lib/mono/unityjit-win32'
Mono config path = 'C:/Program Files/Unity/Hub/Editor/2021.2.5f1/Editor/Data/MonoBleedingEdge/etc'
Using monoOptions --debugger-agent=transport=dt_socket,embedding=1,server=y,suspend=n,address=127.0.0.1:56860
Begin MonoManager ReloadAssembly
Registering precompiled unity dll's ...
Register platform support module: C:/Program Files/Unity/Hub/Editor/2021.2.5f1/Editor/Data/PlaybackEngines/WindowsStandaloneSupport/UnityEditor.WindowsStandalone.Extensions.dll
Registered in 0.007747 seconds.
Native extension for WindowsStandalone target not found
Refreshing native plugins compatible for Editor in 62.38 ms, found 3 plugins.
Preloading 0 native plugins for Editor in 0.00 ms.
Mono: successfully reloaded assembly
- Completed reload, in  0.591 seconds
Domain Reload Profiling:
	ReloadAssembly (592ms)
		BeginReloadAssembly (73ms)
			ExecutionOrderSort (0ms)
			DisableScriptedObjects (0ms)
			BackupInstance (0ms)
			ReleaseScriptingObjects (0ms)
			CreateAndSetChildDomain (1ms)
		EndReloadAssembly (439ms)
			LoadAssemblies (71ms)
			RebuildTransferFunctionScriptingTraits (0ms)
			SetupTypeCache (100ms)
			ReleaseScriptCaches (0ms)
			RebuildScriptCaches (27ms)
			SetupLoadedEditorAssemblies (262ms)
				LogAssemblyErrors (0ms)
				InitializePlatformSupportModulesInManaged (23ms)
				SetLoadedEditorAssemblies (0ms)
				RefreshPlugins (63ms)
				BeforeProcessingInitializeOnLoad (1ms)
				ProcessInitializeOnLoadAttributes (131ms)
				ProcessInitializeOnLoadMethodAttributes (44ms)
				AfterProcessingInitializeOnLoad (0ms)
				EditorAssembliesLoaded (0ms)
			ExecutionOrderSort2 (0ms)
			AwakeInstancesAfterBackupRestoration (0ms)
Platform modules already initialized, skipping
Registering precompiled user dll's ...
Registered in 0.006167 seconds.
Begin MonoManager ReloadAssembly
Native extension for WindowsStandalone target not found
Refreshing native plugins compatible for Editor in 64.21 ms, found 3 plugins.
Preloading 0 native plugins for Editor in 0.00 ms.
Mono: successfully reloaded assembly
- Completed reload, in  1.673 seconds
Domain Reload Profiling:
	ReloadAssembly (1673ms)
		BeginReloadAssembly (160ms)
			ExecutionOrderSort (0ms)
			DisableScriptedObjects (5ms)
			BackupInstance (0ms)
			ReleaseScriptingObjects (0ms)
			CreateAndSetChildDomain (20ms)
		EndReloadAssembly (1419ms)
			LoadAssemblies (79ms)
			RebuildTransferFunctionScriptingTraits (0ms)
			SetupTypeCache (217ms)
			ReleaseScriptCaches (1ms)
			RebuildScriptCaches (58ms)
			SetupLoadedEditorAssemblies (975ms)
				LogAssemblyErrors (0ms)
				InitializePlatformSupportModulesInManaged (10ms)
				SetLoadedEditorAssemblies (0ms)
				RefreshPlugins (64ms)
				BeforeProcessingInitializeOnLoad (90ms)
				ProcessInitializeOnLoadAttributes (720ms)
				ProcessInitializeOnLoadMethodAttributes (82ms)
				AfterProcessingInitializeOnLoad (7ms)
				EditorAssembliesLoaded (0ms)
			ExecutionOrderSort2 (0ms)
			AwakeInstancesAfterBackupRestoration (7ms)
Platform modules already initialized, skipping
========================================================================
Worker process is ready to serve import requests
Launched and connected shader compiler UnityShaderCompiler.exe after 0.05 seconds
Refreshing native plugins compatible for Editor in 0.74 ms, found 3 plugins.
Preloading 0 native plugins for Editor in 0.00 ms.
Unloading 3913 Unused Serialized files (Serialized files now loaded: 0)
Unloading 52 unused Assets / (0.8 MB). Loaded Objects now: 4369.
Memory consumption went from 173.8 MB to 173.0 MB.
Total: 4.351200 ms (FindLiveObjects: 0.323200 ms CreateObjectMapping: 0.122200 ms MarkObjects: 3.588700 ms  DeleteObjects: 0.315400 ms)

AssetImportParameters requested are different than current active one (requested -> active):
  custom:video-decoder-ogg-theora: a1e56fd34408186e4bbccfd4996cb3dc -> 
  custom:container-muxer-webm: aa71ff27fc2769a1b78a27578f13a17b -> 
  custom:container-demuxer-webm: 4f35f7cbe854078d1ac9338744f61a02 -> 
  custom:video-encoder-webm-vp8: eb34c28f22e8b96e1ab97ce403110664 -> 
  custom:video-codec-MediaFoundation-h265: 746d11721c4dcdbdad8f713fa42b33f4 -> 
  custom:audio-encoder-webm-vorbis: bf7c407c2cedff20999df2af8eb42d56 -> 
  custom:framework-win-MediaFoundation: 216162199b28c13a410421893ffa2e32 -> 
  custom:container-demuxer-ogg: 62fdf1f143b41e24485cea50d1cbac27 -> 
  custom:video-decoder-webm-vp8: 9c59270c3fd7afecdb556c50c9e8de78 -> 
  custom:audio-decoder-ogg-vorbis: bf7c407c2cedff20999df2af8eb42d56 -> 
========================================================================
Received Import Request.
  Time since last request: 123830.077936 seconds.
  path: Assets/C#
  artifactKey: Guid(91177813beb71284b995038ac369aaff) Importer(815301076,1909f56bfc062723c751e8b465ee728b)
Start importing Assets/C# using Guid(91177813beb71284b995038ac369aaff) Importer(815301076,1909f56bfc062723c751e8b465ee728b)  -> (artifact id: '4d192ec49b43d3bd5315fa24172113d4') in 0.012458 seconds 
========================================================================
Received Import Request.
  Time since last request: 3.051352 seconds.
  path: Assets/C#/CrustTrashSpawner.cs
  artifactKey: Guid(5549440d070c63940992bcc2d211fa62) Importer(815301076,1909f56bfc062723c751e8b465ee728b)
Start importing Assets/C#/CrustTrashSpawner.cs using Guid(5549440d070c63940992bcc2d211fa62) Importer(815301076,1909f56bfc062723c751e8b465ee728b)  -> (artifact id: 'a48023dd6a8e426d9d2c4d096487faac') in 0.025546 seconds 
========================================================================
Received Import Request.
  Time since last request: 29.974654 seconds.
  path: Assets/Prefabs
  artifactKey: Guid(578c0960d7821b04f9ff5b5afabf7720) Importer(815301076,1909f56bfc062723c751e8b465ee728b)
Start importing Assets/Prefabs using Guid(578c0960d7821b04f9ff5b5afabf7720) Importer(815301076,1909f56bfc062723c751e8b465ee728b)  -> (artifact id: 'b138e713ebde330959c119ae8f8d0ced') in 0.005600 seconds 
========================================================================
Received Import Request.
  Time since last request: 32.463932 seconds.
  path: Assets/Prefabs/Nautilus.prefab
  artifactKey: Guid(5ba404c9177ac6045b05b2d411794b15) Importer(815301076,1909f56bfc062723c751e8b465ee728b)
Start importing Assets/Prefabs/Nautilus.prefab using Guid(5ba404c9177ac6045b05b2d411794b15) Importer(815301076,1909f56bfc062723c751e8b465ee728b)  -> (artifact id: '461848db329954252e7a6803a650699c') in 0.189812 seconds 
========================================================================
Received Import Request.
  Time since last request: 2.146020 seconds.
  path: Assets/Prefabs/Nautilus.prefab
  artifactKey: Guid(5ba404c9177ac6045b05b2d411794b15) Importer(815301076,1909f56bfc062723c751e8b465ee728b)
Start importing Assets/Prefabs/Nautilus.prefab using Guid(5ba404c9177ac6045b05b2d411794b15) Importer(815301076,1909f56bfc062723c751e8b465ee728b)  -> (artifact id: 'aba8ef94ed9798a528b2379a7ae158f2') in 0.017277 seconds 
========================================================================
Received Import Request.
  Time since last request: 0.991063 seconds.
  path: Assets/Prefabs/Nautilus.prefab
  artifactKey: Guid(5ba404c9177ac6045b05b2d411794b15) Importer(815301076,1909f56bfc062723c751e8b465ee728b)
Start importing Assets/Prefabs/Nautilus.prefab using Guid(5ba404c9177ac6045b05b2d411794b15) Importer(815301076,1909f56bfc062723c751e8b465ee728b)  -> (artifact id: '81e183d4956dc5449094f7897454ae23') in 0.016105 seconds 
========================================================================
Received Import Request.
  Time since last request: 5.243174 seconds.
  path: Assets/Prefabs/Fish.prefab
  artifactKey: Guid(ee4d3f98ee30a4f48bf058b1f1afce03) Importer(815301076,1909f56bfc062723c751e8b465ee728b)
Start importing Assets/Prefabs/Fish.prefab using Guid(ee4d3f98ee30a4f48bf058b1f1afce03) Importer(815301076,1909f56bfc062723c751e8b465ee728b)  -> (artifact id: '25343a0f74614902dcfdfbb02c9ddba8') in 0.030965 seconds 
========================================================================
Received Import Request.
  Time since last request: 4.587707 seconds.
  path: Assets/Prefabs/Fish.prefab
  artifactKey: Guid(ee4d3f98ee30a4f48bf058b1f1afce03) Importer(815301076,1909f56bfc062723c751e8b465ee728b)
Start importing Assets/Prefabs/Fish.prefab using Guid(ee4d3f98ee30a4f48bf058b1f1afce03) Importer(815301076,1909f56bfc062723c751e8b465ee728b)  -> (artifact id: 'c0c2423f5f3ed9cb351711b8a3416161') in 0.032649 seconds 
========================================================================
Received Import Request.
  Time since last request: 3.526079 seconds.
  path: Assets/Prefabs/Fish.prefab
  artifactKey: Guid(ee4d3f98ee30a4f48bf058b1f1afce03) Importer(815301076,1909f56bfc062723c751e8b465ee728b)
Start importing Assets/Prefabs/Fish.prefab using Guid(ee4d3f98ee30a4f48bf058b1f1afce03) Importer(815301076,1909f56bfc062723c751e8b465ee728b)  -> (artifact id: '6272ee01481131f9261fd870b84ebe97') in 0.012844 seconds 
========================================================================
Received Import Request.
  Time since last request: 2.343109 seconds.
  path: Assets/Prefabs/Crust.prefab
  artifactKey: Guid(54cc122e7779cab41a71e097a40098b6) Importer(815301076,1909f56bfc062723c751e8b465ee728b)
Start importing Assets/Prefabs/Crust.prefab using Guid(54cc122e7779cab41a71e097a40098b6) Importer(815301076,1909f56bfc062723c751e8b465ee728b)  -> (artifact id: 'd2a37487044e7e4534d2fa96c018c11e') in 0.028314 seconds 
========================================================================
Received Import Request.
  Time since last request: 1.843671 seconds.
  path: Assets/Prefabs/Crust.prefab
  artifactKey: Guid(54cc122e7779cab41a71e097a40098b6) Importer(815301076,1909f56bfc062723c751e8b465ee728b)
Start importing Assets/Prefabs/Crust.prefab using Guid(54cc122e7779cab41a71e097a40098b6) Importer(815301076,1909f56bfc062723c751e8b465ee728b)  -> (artifact id: 'e6d5f3f619ba7555f99396cd418d0615') in 0.016993 seconds 
========================================================================
Received Import Request.
  Time since last request: 1.327849 seconds.
  path: Assets/Prefabs/Crust.prefab
  artifactKey: Guid(54cc122e7779cab41a71e097a40098b6) Importer(815301076,1909f56bfc062723c751e8b465ee728b)
Start importing Assets/Prefabs/Crust.prefab using Guid(54cc122e7779cab41a71e097a40098b6) Importer(815301076,1909f56bfc062723c751e8b465ee728b)  -> (artifact id: '8a893c3a96d6853feab3166b6715c70d') in 0.016454 seconds 
========================================================================
Received Import Request.
  Time since last request: 0.372342 seconds.
  path: Assets/Prefabs/Crust.prefab
  artifactKey: Guid(54cc122e7779cab41a71e097a40098b6) Importer(815301076,1909f56bfc062723c751e8b465ee728b)
Start importing Assets/Prefabs/Crust.prefab using Guid(54cc122e7779cab41a71e097a40098b6) Importer(815301076,1909f56bfc062723c751e8b465ee728b)  -> (artifact id: '04f01d5b02248ad24d2b1a6b87696d10') in 0.015762 seconds 
========================================================================
Received Import Request.
  Time since last request: 0.981678 seconds.
  path: Assets/Prefabs/Crust.prefab
  artifactKey: Guid(54cc122e7779cab41a71e097a40098b6) Importer(815301076,1909f56bfc062723c751e8b465ee728b)
Start importing Assets/Prefabs/Crust.prefab using Guid(54cc122e7779cab41a71e097a40098b6) Importer(815301076,1909f56bfc062723c751e8b465ee728b)  -> (artifact id: '0df19014334b285b0fa06f84e818b002') in 0.016966 seconds 
========================================================================
Received Import Request.
  Time since last request: 1.322529 seconds.
  path: Assets/Prefabs/Crust.prefab
  artifactKey: Guid(54cc122e7779cab41a71e097a40098b6) Importer(815301076,1909f56bfc062723c751e8b465ee728b)
Start importing Assets/Prefabs/Crust.prefab using Guid(54cc122e7779cab41a71e097a40098b6) Importer(815301076,1909f56bfc062723c751e8b465ee728b)  -> (artifact id: 'f3fd440ccf9702978a5a16f61d2e6304') in 0.016778 seconds 
========================================================================
Received Import Request.
  Time since last request: 2.183909 seconds.
  path: Assets/Prefabs/Crust.prefab
  artifactKey: Guid(54cc122e7779cab41a71e097a40098b6) Importer(815301076,1909f56bfc062723c751e8b465ee728b)
Start importing Assets/Prefabs/Crust.prefab using Guid(54cc122e7779cab41a71e097a40098b6) Importer(815301076,1909f56bfc062723c751e8b465ee728b)  -> (artifact id: 'f9c2595ba41e7f99e52932f1c2e43e1e') in 0.020853 seconds 
========================================================================
Received Import Request.
  Time since last request: 1.718836 seconds.
  path: Assets/Prefabs/Crust.prefab
  artifactKey: Guid(54cc122e7779cab41a71e097a40098b6) Importer(815301076,1909f56bfc062723c751e8b465ee728b)
Start importing Assets/Prefabs/Crust.prefab using Guid(54cc122e7779cab41a71e097a40098b6) Importer(815301076,1909f56bfc062723c751e8b465ee728b)  -> (artifact id: 'c831cb960bbed9600a53f187e9861a5e') in 0.021539 seconds 
========================================================================
Received Import Request.
  Time since last request: 0.572102 seconds.
  path: Assets/Prefabs/Crust.prefab
  artifactKey: Guid(54cc122e7779cab41a71e097a40098b6) Importer(815301076,1909f56bfc062723c751e8b465ee728b)
Start importing Assets/Prefabs/Crust.prefab using Guid(54cc122e7779cab41a71e097a40098b6) Importer(815301076,1909f56bfc062723c751e8b465ee728b)  -> (artifact id: '7714de2b5de50744fd81321e1bbc3faa') in 0.018099 seconds 
========================================================================
Received Import Request.
  Time since last request: 1.310067 seconds.
  path: Assets/Prefabs/Crust.prefab
  artifactKey: Guid(54cc122e7779cab41a71e097a40098b6) Importer(815301076,1909f56bfc062723c751e8b465ee728b)
Start importing Assets/Prefabs/Crust.prefab using Guid(54cc122e7779cab41a71e097a40098b6) Importer(815301076,1909f56bfc062723c751e8b465ee728b)  -> (artifact id: '33404adb39f8b55d55e665d463e0b90d') in 0.019086 seconds 
========================================================================
Received Import Request.
  Time since last request: 3.622135 seconds.
  path: Assets/Prefabs/Crust.prefab
  artifactKey: Guid(54cc122e7779cab41a71e097a40098b6) Importer(815301076,1909f56bfc062723c751e8b465ee728b)
Start importing Assets/Prefabs/Crust.prefab using Guid(54cc122e7779cab41a71e097a40098b6) Importer(815301076,1909f56bfc062723c751e8b465ee728b)  -> (artifact id: 'aa9481cdb1296e04f36e3538de44f6bb') in 0.018883 seconds 
========================================================================
Received Prepare
Registering precompiled user dll's ...
Registered in 0.005521 seconds.
Begin MonoManager ReloadAssembly
Native extension for WindowsStandalone target not found
Refreshing native plugins compatible for Editor in 0.78 ms, found 3 plugins.
Preloading 0 native plugins for Editor in 0.00 ms.
Mono: successfully reloaded assembly
- Completed reload, in  1.229 seconds
Domain Reload Profiling:
	ReloadAssembly (1230ms)
		BeginReloadAssembly (140ms)
			ExecutionOrderSort (0ms)
			DisableScriptedObjects (9ms)
			BackupInstance (0ms)
			ReleaseScriptingObjects (0ms)
			CreateAndSetChildDomain (39ms)
		EndReloadAssembly (1003ms)
			LoadAssemblies (78ms)
			RebuildTransferFunctionScriptingTraits (0ms)
			SetupTypeCache (200ms)
			ReleaseScriptCaches (2ms)
			RebuildScriptCaches (46ms)
			SetupLoadedEditorAssemblies (537ms)
				LogAssemblyErrors (0ms)
				InitializePlatformSupportModulesInManaged (11ms)
				SetLoadedEditorAssemblies (0ms)
				RefreshPlugins (1ms)
				BeforeProcessingInitializeOnLoad (85ms)
				ProcessInitializeOnLoadAttributes (346ms)
				ProcessInitializeOnLoadMethodAttributes (83ms)
				AfterProcessingInitializeOnLoad (9ms)
				EditorAssembliesLoaded (1ms)
			ExecutionOrderSort2 (0ms)
			AwakeInstancesAfterBackupRestoration (15ms)
Platform modules already initialized, skipping
Refreshing native plugins compatible for Editor in 0.90 ms, found 3 plugins.
Preloading 0 native plugins for Editor in 0.00 ms.
Unloading 3836 Unused Serialized files (Serialized files now loaded: 0)
Unloading 26 unused Assets / (380.5 KB). Loaded Objects now: 4443.
Memory consumption went from 176.8 MB to 176.4 MB.
Total: 4.412500 ms (FindLiveObjects: 0.397100 ms CreateObjectMapping: 0.268700 ms MarkObjects: 3.625000 ms  DeleteObjects: 0.119300 ms)

AssetImportParameters requested are different than current active one (requested -> active):
  custom:video-decoder-ogg-theora: a1e56fd34408186e4bbccfd4996cb3dc -> 
  custom:container-muxer-webm: aa71ff27fc2769a1b78a27578f13a17b -> 
  custom:container-demuxer-webm: 4f35f7cbe854078d1ac9338744f61a02 -> 
  custom:video-encoder-webm-vp8: eb34c28f22e8b96e1ab97ce403110664 -> 
  custom:video-codec-MediaFoundation-h265: 746d11721c4dcdbdad8f713fa42b33f4 -> 
  custom:audio-encoder-webm-vorbis: bf7c407c2cedff20999df2af8eb42d56 -> 
  custom:framework-win-MediaFoundation: 216162199b28c13a410421893ffa2e32 -> 
  custom:container-demuxer-ogg: 62fdf1f143b41e24485cea50d1cbac27 -> 
  custom:video-decoder-webm-vp8: 9c59270c3fd7afecdb556c50c9e8de78 -> 
  custom:audio-decoder-ogg-vorbis: bf7c407c2cedff20999df2af8eb42d56 -> 
========================================================================
Received Import Request.
  Time since last request: 51.653024 seconds.
  path: Assets/C#/Fish.cs
  artifactKey: Guid(a6ef1f73d8feb6e4ba4ca4942174ad6e) Importer(815301076,1909f56bfc062723c751e8b465ee728b)
Start importing Assets/C#/Fish.cs using Guid(a6ef1f73d8feb6e4ba4ca4942174ad6e) Importer(815301076,1909f56bfc062723c751e8b465ee728b)  -> (artifact id: 'cc5171ea7c91c6dc66e2750ff2d9c545') in 0.007647 seconds 
========================================================================
Received Import Request.
  Time since last request: 13.197075 seconds.
  path: Assets/C#/RightTrashSpawner.cs
  artifactKey: Guid(b381a84a76528c64ba5333d0f357abeb) Importer(815301076,1909f56bfc062723c751e8b465ee728b)
Start importing Assets/C#/RightTrashSpawner.cs using Guid(b381a84a76528c64ba5333d0f357abeb) Importer(815301076,1909f56bfc062723c751e8b465ee728b)  -> (artifact id: 'b23ab2e95271024f815296e061a21c29') in 0.006244 seconds 
========================================================================
Received Import Request.
  Time since last request: 0.674112 seconds.
  path: Assets/C#/RightFishSpawner.cs
  artifactKey: Guid(7d8eb21c573bb0e4993341e6c107990d) Importer(815301076,1909f56bfc062723c751e8b465ee728b)
Start importing Assets/C#/RightFishSpawner.cs using Guid(7d8eb21c573bb0e4993341e6c107990d) Importer(815301076,1909f56bfc062723c751e8b465ee728b)  -> (artifact id: '21ba838dd0d154f66f4f79f5f2cdc900') in 0.005634 seconds 
========================================================================
Received Prepare
Registering precompiled user dll's ...
Registered in 0.008096 seconds.
Begin MonoManager ReloadAssembly
Native extension for WindowsStandalone target not found
Refreshing native plugins compatible for Editor in 0.92 ms, found 3 plugins.
Preloading 0 native plugins for Editor in 0.00 ms.
Mono: successfully reloaded assembly
- Completed reload, in  1.221 seconds
Domain Reload Profiling:
	ReloadAssembly (1222ms)
		BeginReloadAssembly (131ms)
			ExecutionOrderSort (0ms)
			DisableScriptedObjects (6ms)
			BackupInstance (0ms)
			ReleaseScriptingObjects (0ms)
			CreateAndSetChildDomain (40ms)
		EndReloadAssembly (1002ms)
			LoadAssemblies (75ms)
			RebuildTransferFunctionScriptingTraits (0ms)
			SetupTypeCache (200ms)
			ReleaseScriptCaches (2ms)
			RebuildScriptCaches (50ms)
			SetupLoadedEditorAssemblies (539ms)
				LogAssemblyErrors (0ms)
				InitializePlatformSupportModulesInManaged (21ms)
				SetLoadedEditorAssemblies (0ms)
				RefreshPlugins (1ms)
				BeforeProcessingInitializeOnLoad (91ms)
				ProcessInitializeOnLoadAttributes (339ms)
				ProcessInitializeOnLoadMethodAttributes (77ms)
				AfterProcessingInitializeOnLoad (8ms)
				EditorAssembliesLoaded (1ms)
			ExecutionOrderSort2 (0ms)
			AwakeInstancesAfterBackupRestoration (13ms)
Platform modules already initialized, skipping
Refreshing native plugins compatible for Editor in 0.94 ms, found 3 plugins.
Preloading 0 native plugins for Editor in 0.00 ms.
Unloading 3825 Unused Serialized files (Serialized files now loaded: 0)
Unloading 26 unused Assets / (380.5 KB). Loaded Objects now: 4457.
Memory consumption went from 175.8 MB to 175.4 MB.
Total: 4.525400 ms (FindLiveObjects: 0.368900 ms CreateObjectMapping: 0.107200 ms MarkObjects: 3.938200 ms  DeleteObjects: 0.109300 ms)

AssetImportParameters requested are different than current active one (requested -> active):
  custom:video-decoder-ogg-theora: a1e56fd34408186e4bbccfd4996cb3dc -> 
  custom:container-muxer-webm: aa71ff27fc2769a1b78a27578f13a17b -> 
  custom:container-demuxer-webm: 4f35f7cbe854078d1ac9338744f61a02 -> 
  custom:video-encoder-webm-vp8: eb34c28f22e8b96e1ab97ce403110664 -> 
  custom:video-codec-MediaFoundation-h265: 746d11721c4dcdbdad8f713fa42b33f4 -> 
  custom:audio-encoder-webm-vorbis: bf7c407c2cedff20999df2af8eb42d56 -> 
  custom:framework-win-MediaFoundation: 216162199b28c13a410421893ffa2e32 -> 
  custom:container-demuxer-ogg: 62fdf1f143b41e24485cea50d1cbac27 -> 
  custom:video-decoder-webm-vp8: 9c59270c3fd7afecdb556c50c9e8de78 -> 
  custom:audio-decoder-ogg-vorbis: bf7c407c2cedff20999df2af8eb42d56 -> 
========================================================================
Received Prepare
Registering precompiled user dll's ...
Registered in 0.006794 seconds.
Begin MonoManager ReloadAssembly
Native extension for WindowsStandalone target not found
Refreshing native plugins compatible for Editor in 0.77 ms, found 3 plugins.
Preloading 0 native plugins for Editor in 0.00 ms.
Mono: successfully reloaded assembly
- Completed reload, in  1.192 seconds
Domain Reload Profiling:
	ReloadAssembly (1193ms)
		BeginReloadAssembly (129ms)
			ExecutionOrderSort (0ms)
			DisableScriptedObjects (6ms)
			BackupInstance (0ms)
			ReleaseScriptingObjects (0ms)
			CreateAndSetChildDomain (34ms)
		EndReloadAssembly (973ms)
			LoadAssemblies (78ms)
			RebuildTransferFunctionScriptingTraits (0ms)
			SetupTypeCache (201ms)
			ReleaseScriptCaches (2ms)
			RebuildScriptCaches (46ms)
			SetupLoadedEditorAssemblies (514ms)
				LogAssemblyErrors (0ms)
				InitializePlatformSupportModulesInManaged (11ms)
				SetLoadedEditorAssemblies (0ms)
				RefreshPlugins (1ms)
				BeforeProcessingInitializeOnLoad (75ms)
				ProcessInitializeOnLoadAttributes (343ms)
				ProcessInitializeOnLoadMethodAttributes (75ms)
				AfterProcessingInitializeOnLoad (8ms)
				EditorAssembliesLoaded (0ms)
			ExecutionOrderSort2 (0ms)
			AwakeInstancesAfterBackupRestoration (14ms)
Platform modules already initialized, skipping
Refreshing native plugins compatible for Editor in 0.85 ms, found 3 plugins.
Preloading 0 native plugins for Editor in 0.00 ms.
Unloading 3825 Unused Serialized files (Serialized files now loaded: 0)
Unloading 26 unused Assets / (380.5 KB). Loaded Objects now: 4471.
Memory consumption went from 175.9 MB to 175.5 MB.
Total: 3.697300 ms (FindLiveObjects: 0.394200 ms CreateObjectMapping: 0.148700 ms MarkObjects: 3.064600 ms  DeleteObjects: 0.088000 ms)

AssetImportParameters requested are different than current active one (requested -> active):
  custom:video-decoder-ogg-theora: a1e56fd34408186e4bbccfd4996cb3dc -> 
  custom:container-muxer-webm: aa71ff27fc2769a1b78a27578f13a17b -> 
  custom:container-demuxer-webm: 4f35f7cbe854078d1ac9338744f61a02 -> 
  custom:video-encoder-webm-vp8: eb34c28f22e8b96e1ab97ce403110664 -> 
  custom:video-codec-MediaFoundation-h265: 746d11721c4dcdbdad8f713fa42b33f4 -> 
  custom:audio-encoder-webm-vorbis: bf7c407c2cedff20999df2af8eb42d56 -> 
  custom:framework-win-MediaFoundation: 216162199b28c13a410421893ffa2e32 -> 
  custom:container-demuxer-ogg: 62fdf1f143b41e24485cea50d1cbac27 -> 
  custom:video-decoder-webm-vp8: 9c59270c3fd7afecdb556c50c9e8de78 -> 
  custom:audio-decoder-ogg-vorbis: bf7c407c2cedff20999df2af8eb42d56 -> 
========================================================================
Received Prepare
Registering precompiled user dll's ...
Registered in 0.008553 seconds.
Begin MonoManager ReloadAssembly
Native extension for WindowsStandalone target not found
Refreshing native plugins compatible for Editor in 0.84 ms, found 3 plugins.
Preloading 0 native plugins for Editor in 0.00 ms.
Mono: successfully reloaded assembly
- Completed reload, in  1.183 seconds
Domain Reload Profiling:
	ReloadAssembly (1184ms)
		BeginReloadAssembly (117ms)
			ExecutionOrderSort (0ms)
			DisableScriptedObjects (6ms)
			BackupInstance (0ms)
			ReleaseScriptingObjects (0ms)
			CreateAndSetChildDomain (35ms)
		EndReloadAssembly (973ms)
			LoadAssemblies (73ms)
			RebuildTransferFunctionScriptingTraits (0ms)
			SetupTypeCache (202ms)
			ReleaseScriptCaches (2ms)
			RebuildScriptCaches (49ms)
			SetupLoadedEditorAssemblies (511ms)
				LogAssemblyErrors (0ms)
				InitializePlatformSupportModulesInManaged (12ms)
				SetLoadedEditorAssemblies (0ms)
				RefreshPlugins (1ms)
				BeforeProcessingInitializeOnLoad (80ms)
				ProcessInitializeOnLoadAttributes (332ms)
				ProcessInitializeOnLoadMethodAttributes (76ms)
				AfterProcessingInitializeOnLoad (10ms)
				EditorAssembliesLoaded (1ms)
			ExecutionOrderSort2 (0ms)
			AwakeInstancesAfterBackupRestoration (15ms)
Platform modules already initialized, skipping
Refreshing native plugins compatible for Editor in 1.04 ms, found 3 plugins.
Preloading 0 native plugins for Editor in 0.00 ms.
Unloading 3825 Unused Serialized files (Serialized files now loaded: 0)
Unloading 26 unused Assets / (380.6 KB). Loaded Objects now: 4485.
Memory consumption went from 175.9 MB to 175.5 MB.
Total: 4.204000 ms (FindLiveObjects: 0.397800 ms CreateObjectMapping: 0.212000 ms MarkObjects: 3.495600 ms  DeleteObjects: 0.096800 ms)

AssetImportParameters requested are different than current active one (requested -> active):
  custom:video-decoder-ogg-theora: a1e56fd34408186e4bbccfd4996cb3dc -> 
  custom:container-muxer-webm: aa71ff27fc2769a1b78a27578f13a17b -> 
  custom:container-demuxer-webm: 4f35f7cbe854078d1ac9338744f61a02 -> 
  custom:video-encoder-webm-vp8: eb34c28f22e8b96e1ab97ce403110664 -> 
  custom:video-codec-MediaFoundation-h265: 746d11721c4dcdbdad8f713fa42b33f4 -> 
  custom:audio-encoder-webm-vorbis: bf7c407c2cedff20999df2af8eb42d56 -> 
  custom:framework-win-MediaFoundation: 216162199b28c13a410421893ffa2e32 -> 
  custom:container-demuxer-ogg: 62fdf1f143b41e24485cea50d1cbac27 -> 
  custom:video-decoder-webm-vp8: 9c59270c3fd7afecdb556c50c9e8de78 -> 
  custom:audio-decoder-ogg-vorbis: bf7c407c2cedff20999df2af8eb42d56 -> 
========================================================================
Received Prepare
Registering precompiled user dll's ...
Registered in 0.007555 seconds.
Begin MonoManager ReloadAssembly
Native extension for WindowsStandalone target not found
Refreshing native plugins compatible for Editor in 0.77 ms, found 3 plugins.
Preloading 0 native plugins for Editor in 0.00 ms.
Mono: successfully reloaded assembly
- Completed reload, in  1.186 seconds
Domain Reload Profiling:
	ReloadAssembly (1186ms)
		BeginReloadAssembly (117ms)
			ExecutionOrderSort (0ms)
			DisableScriptedObjects (6ms)
			BackupInstance (0ms)
			ReleaseScriptingObjects (0ms)
			CreateAndSetChildDomain (36ms)
		EndReloadAssembly (984ms)
			LoadAssemblies (71ms)
			RebuildTransferFunctionScriptingTraits (0ms)
			SetupTypeCache (197ms)
			ReleaseScriptCaches (2ms)
			RebuildScriptCaches (45ms)
			SetupLoadedEditorAssemblies (529ms)
				LogAssemblyErrors (0ms)
				InitializePlatformSupportModulesInManaged (12ms)
				SetLoadedEditorAssemblies (0ms)
				RefreshPlugins (1ms)
				BeforeProcessingInitializeOnLoad (79ms)
				ProcessInitializeOnLoadAttributes (345ms)
				ProcessInitializeOnLoadMethodAttributes (82ms)
				AfterProcessingInitializeOnLoad (9ms)
				EditorAssembliesLoaded (1ms)
			ExecutionOrderSort2 (0ms)
			AwakeInstancesAfterBackupRestoration (14ms)
Platform modules already initialized, skipping
Refreshing native plugins compatible for Editor in 0.98 ms, found 3 plugins.
Preloading 0 native plugins for Editor in 0.00 ms.
Unloading 3825 Unused Serialized files (Serialized files now loaded: 0)
Unloading 26 unused Assets / (380.6 KB). Loaded Objects now: 4499.
Memory consumption went from 175.9 MB to 175.6 MB.
Total: 4.216800 ms (FindLiveObjects: 0.371600 ms CreateObjectMapping: 0.135800 ms MarkObjects: 3.585500 ms  DeleteObjects: 0.122400 ms)

AssetImportParameters requested are different than current active one (requested -> active):
  custom:video-decoder-ogg-theora: a1e56fd34408186e4bbccfd4996cb3dc -> 
  custom:container-muxer-webm: aa71ff27fc2769a1b78a27578f13a17b -> 
  custom:container-demuxer-webm: 4f35f7cbe854078d1ac9338744f61a02 -> 
  custom:video-encoder-webm-vp8: eb34c28f22e8b96e1ab97ce403110664 -> 
  custom:video-codec-MediaFoundation-h265: 746d11721c4dcdbdad8f713fa42b33f4 -> 
  custom:audio-encoder-webm-vorbis: bf7c407c2cedff20999df2af8eb42d56 -> 
  custom:framework-win-MediaFoundation: 216162199b28c13a410421893ffa2e32 -> 
  custom:container-demuxer-ogg: 62fdf1f143b41e24485cea50d1cbac27 -> 
  custom:video-decoder-webm-vp8: 9c59270c3fd7afecdb556c50c9e8de78 -> 
  custom:audio-decoder-ogg-vorbis: bf7c407c2cedff20999df2af8eb42d56 -> 
========================================================================
Received Prepare
Registering precompiled user dll's ...
Registered in 0.006009 seconds.
Begin MonoManager ReloadAssembly
Native extension for WindowsStandalone target not found
Refreshing native plugins compatible for Editor in 0.80 ms, found 3 plugins.
Preloading 0 native plugins for Editor in 0.00 ms.
Mono: successfully reloaded assembly
- Completed reload, in  1.205 seconds
Domain Reload Profiling:
	ReloadAssembly (1206ms)
		BeginReloadAssembly (118ms)
			ExecutionOrderSort (0ms)
			DisableScriptedObjects (6ms)
			BackupInstance (0ms)
			ReleaseScriptingObjects (0ms)
			CreateAndSetChildDomain (34ms)
		EndReloadAssembly (1000ms)
			LoadAssemblies (77ms)
			RebuildTransferFunctionScriptingTraits (0ms)
			SetupTypeCache (201ms)
			ReleaseScriptCaches (2ms)
			RebuildScriptCaches (48ms)
			SetupLoadedEditorAssemblies (540ms)
				LogAssemblyErrors (0ms)
				InitializePlatformSupportModulesInManaged (11ms)
				SetLoadedEditorAssemblies (0ms)
				RefreshPlugins (1ms)
				BeforeProcessingInitializeOnLoad (84ms)
				ProcessInitializeOnLoadAttributes (359ms)
				ProcessInitializeOnLoadMethodAttributes (77ms)
				AfterProcessingInitializeOnLoad (8ms)
				EditorAssembliesLoaded (0ms)
			ExecutionOrderSort2 (0ms)
			AwakeInstancesAfterBackupRestoration (16ms)
Platform modules already initialized, skipping
Refreshing native plugins compatible for Editor in 1.00 ms, found 3 plugins.
Preloading 0 native plugins for Editor in 0.00 ms.
Unloading 3825 Unused Serialized files (Serialized files now loaded: 0)
Unloading 26 unused Assets / (380.6 KB). Loaded Objects now: 4513.
Memory consumption went from 175.9 MB to 175.6 MB.
Total: 4.588700 ms (FindLiveObjects: 0.437300 ms CreateObjectMapping: 0.193600 ms MarkObjects: 3.833300 ms  DeleteObjects: 0.122600 ms)

AssetImportParameters requested are different than current active one (requested -> active):
  custom:video-decoder-ogg-theora: a1e56fd34408186e4bbccfd4996cb3dc -> 
  custom:container-muxer-webm: aa71ff27fc2769a1b78a27578f13a17b -> 
  custom:container-demuxer-webm: 4f35f7cbe854078d1ac9338744f61a02 -> 
  custom:video-encoder-webm-vp8: eb34c28f22e8b96e1ab97ce403110664 -> 
  custom:video-codec-MediaFoundation-h265: 746d11721c4dcdbdad8f713fa42b33f4 -> 
  custom:audio-encoder-webm-vorbis: bf7c407c2cedff20999df2af8eb42d56 -> 
  custom:framework-win-MediaFoundation: 216162199b28c13a410421893ffa2e32 -> 
  custom:container-demuxer-ogg: 62fdf1f143b41e24485cea50d1cbac27 -> 
  custom:video-decoder-webm-vp8: 9c59270c3fd7afecdb556c50c9e8de78 -> 
  custom:audio-decoder-ogg-vorbis: bf7c407c2cedff20999df2af8eb42d56 -> 
========================================================================
Received Import Request.
  Time since last request: 640.317286 seconds.
  path: Assets/Prefabs/Nautilus.prefab
  artifactKey: Guid(5ba404c9177ac6045b05b2d411794b15) Importer(815301076,1909f56bfc062723c751e8b465ee728b)
Start importing Assets/Prefabs/Nautilus.prefab using Guid(5ba404c9177ac6045b05b2d411794b15) Importer(815301076,1909f56bfc062723c751e8b465ee728b)  -> (artifact id: '7aa71d09b3786baa0edc25f163b43f3b') in 0.160036 seconds 
========================================================================
Received Import Request.
  Time since last request: 1.803524 seconds.
  path: Assets/Prefabs/Nautilus.prefab
  artifactKey: Guid(5ba404c9177ac6045b05b2d411794b15) Importer(815301076,1909f56bfc062723c751e8b465ee728b)
Start importing Assets/Prefabs/Nautilus.prefab using Guid(5ba404c9177ac6045b05b2d411794b15) Importer(815301076,1909f56bfc062723c751e8b465ee728b)  -> (artifact id: 'bbf0d7021e70b5901788c5279837d31f') in 0.019523 seconds 
========================================================================
Received Import Request.
  Time since last request: 6.238725 seconds.
  path: Assets/Prefabs/Fish.prefab
  artifactKey: Guid(ee4d3f98ee30a4f48bf058b1f1afce03) Importer(815301076,1909f56bfc062723c751e8b465ee728b)
Start importing Assets/Prefabs/Fish.prefab using Guid(ee4d3f98ee30a4f48bf058b1f1afce03) Importer(815301076,1909f56bfc062723c751e8b465ee728b)  -> (artifact id: 'ac55f430e50ca84b38b91f96af5a27db') in 0.016822 seconds 
========================================================================
Received Import Request.
  Time since last request: 1.625020 seconds.
  path: Assets/Prefabs/Fish.prefab
  artifactKey: Guid(ee4d3f98ee30a4f48bf058b1f1afce03) Importer(815301076,1909f56bfc062723c751e8b465ee728b)
Start importing Assets/Prefabs/Fish.prefab using Guid(ee4d3f98ee30a4f48bf058b1f1afce03) Importer(815301076,1909f56bfc062723c751e8b465ee728b)  -> (artifact id: '45f670e0e2978c6a33345acb06255d2c') in 0.012374 seconds 
========================================================================
Received Import Request.
  Time since last request: 35.472753 seconds.
  path: Assets/Art
  artifactKey: Guid(8882b7f65d1884d45a950e89392eefe5) Importer(815301076,1909f56bfc062723c751e8b465ee728b)
Start importing Assets/Art using Guid(8882b7f65d1884d45a950e89392eefe5) Importer(815301076,1909f56bfc062723c751e8b465ee728b)  -> (artifact id: '60ee11bfe9525724f99373f8a32da3c8') in 0.006090 seconds 
========================================================================
Received Import Request.
  Time since last request: 10.698585 seconds.
  path: Assets/Art/glass_bottle2.png
  artifactKey: Guid(d368d1dc72cc46e4aa11060e2fe80707) Importer(815301076,1909f56bfc062723c751e8b465ee728b)
Start importing Assets/Art/glass_bottle2.png using Guid(d368d1dc72cc46e4aa11060e2fe80707) Importer(815301076,1909f56bfc062723c751e8b465ee728b)  -> (artifact id: 'acdbc663f69f5d345b50f5771ffeefe2') in 0.044008 seconds 
========================================================================
Received Import Request.
  Time since last request: 87.853373 seconds.
  path: Assets/Prefabs/TrashTide.prefab
  artifactKey: Guid(9c51b6c5e16cbb24e931dd7317da2763) Importer(815301076,1909f56bfc062723c751e8b465ee728b)
Start importing Assets/Prefabs/TrashTide.prefab using Guid(9c51b6c5e16cbb24e931dd7317da2763) Importer(815301076,1909f56bfc062723c751e8b465ee728b)  -> (artifact id: 'dbbc5f9a4f2484ab67de8b8e6b370ad0') in 0.009103 seconds 
========================================================================
Received Prepare
Registering precompiled user dll's ...
Registered in 0.005557 seconds.
Begin MonoManager ReloadAssembly
Native extension for WindowsStandalone target not found
Refreshing native plugins compatible for Editor in 1.02 ms, found 3 plugins.
Preloading 0 native plugins for Editor in 0.00 ms.
Mono: successfully reloaded assembly
- Completed reload, in  1.218 seconds
Domain Reload Profiling:
	ReloadAssembly (1219ms)
		BeginReloadAssembly (139ms)
			ExecutionOrderSort (0ms)
			DisableScriptedObjects (7ms)
			BackupInstance (0ms)
			ReleaseScriptingObjects (0ms)
			CreateAndSetChildDomain (39ms)
		EndReloadAssembly (992ms)
			LoadAssemblies (81ms)
			RebuildTransferFunctionScriptingTraits (0ms)
			SetupTypeCache (200ms)
			ReleaseScriptCaches (2ms)
			RebuildScriptCaches (50ms)
			SetupLoadedEditorAssemblies (522ms)
				LogAssemblyErrors (0ms)
				InitializePlatformSupportModulesInManaged (11ms)
				SetLoadedEditorAssemblies (0ms)
				RefreshPlugins (1ms)
				BeforeProcessingInitializeOnLoad (82ms)
				ProcessInitializeOnLoadAttributes (343ms)
				ProcessInitializeOnLoadMethodAttributes (75ms)
				AfterProcessingInitializeOnLoad (8ms)
				EditorAssembliesLoaded (0ms)
			ExecutionOrderSort2 (0ms)
			AwakeInstancesAfterBackupRestoration (18ms)
Platform modules already initialized, skipping
Refreshing native plugins compatible for Editor in 0.76 ms, found 3 plugins.
Preloading 0 native plugins for Editor in 0.00 ms.
Unloading 3825 Unused Serialized files (Serialized files now loaded: 0)
Unloading 26 unused Assets / (380.6 KB). Loaded Objects now: 4584.
Memory consumption went from 176.5 MB to 176.1 MB.
Total: 4.511100 ms (FindLiveObjects: 0.417000 ms CreateObjectMapping: 0.177800 ms MarkObjects: 3.830600 ms  DeleteObjects: 0.084000 ms)

AssetImportParameters requested are different than current active one (requested -> active):
  custom:video-decoder-ogg-theora: a1e56fd34408186e4bbccfd4996cb3dc -> 
  custom:container-muxer-webm: aa71ff27fc2769a1b78a27578f13a17b -> 
  custom:container-demuxer-webm: 4f35f7cbe854078d1ac9338744f61a02 -> 
  custom:video-encoder-webm-vp8: eb34c28f22e8b96e1ab97ce403110664 -> 
  custom:video-codec-MediaFoundation-h265: 746d11721c4dcdbdad8f713fa42b33f4 -> 
  custom:audio-encoder-webm-vorbis: bf7c407c2cedff20999df2af8eb42d56 -> 
  custom:framework-win-MediaFoundation: 216162199b28c13a410421893ffa2e32 -> 
  custom:container-demuxer-ogg: 62fdf1f143b41e24485cea50d1cbac27 -> 
  custom:video-decoder-webm-vp8: 9c59270c3fd7afecdb556c50c9e8de78 -> 
  custom:audio-decoder-ogg-vorbis: bf7c407c2cedff20999df2af8eb42d56 -> 
========================================================================
Received Import Request.
  Time since last request: 61.183063 seconds.
  path: Assets/Prefabs/Swordfish.prefab
  artifactKey: Guid(9ab37ccb8e6729a4f849397fab10299a) Importer(815301076,1909f56bfc062723c751e8b465ee728b)
Start importing Assets/Prefabs/Swordfish.prefab using Guid(9ab37ccb8e6729a4f849397fab10299a) Importer(815301076,1909f56bfc062723c751e8b465ee728b)  -> (artifact id: '753c588107a1c3fe3919cc128fffee23') in 0.145164 seconds 
========================================================================
Received Import Request.
  Time since last request: 0.394563 seconds.
  path: Assets/Prefabs/Swordfish.prefab
  artifactKey: Guid(9ab37ccb8e6729a4f849397fab10299a) Importer(815301076,1909f56bfc062723c751e8b465ee728b)
Start importing Assets/Prefabs/Swordfish.prefab using Guid(9ab37ccb8e6729a4f849397fab10299a) Importer(815301076,1909f56bfc062723c751e8b465ee728b)  -> (artifact id: '26fcf9a65094d3e9e13c79e62c58aa6d') in 0.017627 seconds 
========================================================================
Received Import Request.
  Time since last request: 1.797393 seconds.
  path: Assets/Prefabs/Swordfish.prefab
  artifactKey: Guid(9ab37ccb8e6729a4f849397fab10299a) Importer(815301076,1909f56bfc062723c751e8b465ee728b)
Start importing Assets/Prefabs/Swordfish.prefab using Guid(9ab37ccb8e6729a4f849397fab10299a) Importer(815301076,1909f56bfc062723c751e8b465ee728b)  -> (artifact id: 'd018630265d63e19ffd9b2f83e43a9fc') in 0.013250 seconds 
========================================================================
Received Import Request.
  Time since last request: 5.253436 seconds.
  path: Assets/Prefabs/Turtle.prefab
  artifactKey: Guid(7d6e1d1ced4dc56489b8d90fef8a9493) Importer(815301076,1909f56bfc062723c751e8b465ee728b)
Start importing Assets/Prefabs/Turtle.prefab using Guid(7d6e1d1ced4dc56489b8d90fef8a9493) Importer(815301076,1909f56bfc062723c751e8b465ee728b)  -> (artifact id: '8774bd7e16a79a21bc1bd99a86645543') in 0.019388 seconds 
========================================================================
Received Import Request.
  Time since last request: 0.574551 seconds.
  path: Assets/Prefabs/Turtle.prefab
  artifactKey: Guid(7d6e1d1ced4dc56489b8d90fef8a9493) Importer(815301076,1909f56bfc062723c751e8b465ee728b)
Start importing Assets/Prefabs/Turtle.prefab using Guid(7d6e1d1ced4dc56489b8d90fef8a9493) Importer(815301076,1909f56bfc062723c751e8b465ee728b)  -> (artifact id: '2f61ad6344005fc4d9613d91f8087305') in 0.021827 seconds 
========================================================================
Received Import Request.
  Time since last request: 1.182671 seconds.
  path: Assets/Prefabs/Turtle.prefab
  artifactKey: Guid(7d6e1d1ced4dc56489b8d90fef8a9493) Importer(815301076,1909f56bfc062723c751e8b465ee728b)
Start importing Assets/Prefabs/Turtle.prefab using Guid(7d6e1d1ced4dc56489b8d90fef8a9493) Importer(815301076,1909f56bfc062723c751e8b465ee728b)  -> (artifact id: '61b4af216fd90b04f2413565294bd6bc') in 0.019629 seconds 
========================================================================
Received Import Request.
  Time since last request: 71.830038 seconds.
  path: Assets/Prefabs/Turtle.prefab
  artifactKey: Guid(7d6e1d1ced4dc56489b8d90fef8a9493) Importer(815301076,1909f56bfc062723c751e8b465ee728b)
Start importing Assets/Prefabs/Turtle.prefab using Guid(7d6e1d1ced4dc56489b8d90fef8a9493) Importer(815301076,1909f56bfc062723c751e8b465ee728b)  -> (artifact id: 'bea6108f33608b3c5c3e11fed954e3e6') in 0.029793 seconds 
========================================================================
Received Import Request.
  Time since last request: 0.568118 seconds.
  path: Assets/Prefabs/Turtle.prefab
  artifactKey: Guid(7d6e1d1ced4dc56489b8d90fef8a9493) Importer(815301076,1909f56bfc062723c751e8b465ee728b)
Start importing Assets/Prefabs/Turtle.prefab using Guid(7d6e1d1ced4dc56489b8d90fef8a9493) Importer(815301076,1909f56bfc062723c751e8b465ee728b)  -> (artifact id: '99373b5401dcf9697efd5aabc52269e1') in 0.020166 seconds 
========================================================================
Received Import Request.
  Time since last request: 0.984726 seconds.
  path: Assets/Prefabs/Turtle.prefab
  artifactKey: Guid(7d6e1d1ced4dc56489b8d90fef8a9493) Importer(815301076,1909f56bfc062723c751e8b465ee728b)
Start importing Assets/Prefabs/Turtle.prefab using Guid(7d6e1d1ced4dc56489b8d90fef8a9493) Importer(815301076,1909f56bfc062723c751e8b465ee728b)  -> (artifact id: 'd688b60c64c2660291bd846e698a3274') in 0.022062 seconds 
========================================================================
Received Import Request.
  Time since last request: 1.787802 seconds.
  path: Assets/Prefabs/Turtle.prefab
  artifactKey: Guid(7d6e1d1ced4dc56489b8d90fef8a9493) Importer(815301076,1909f56bfc062723c751e8b465ee728b)
Start importing Assets/Prefabs/Turtle.prefab using Guid(7d6e1d1ced4dc56489b8d90fef8a9493) Importer(815301076,1909f56bfc062723c751e8b465ee728b)  -> (artifact id: 'ccde9343bdb5baf202d91bd70742ed4a') in 0.020282 seconds 
========================================================================
Received Prepare
Registering precompiled user dll's ...
Registered in 0.005670 seconds.
Begin MonoManager ReloadAssembly
Native extension for WindowsStandalone target not found
Refreshing native plugins compatible for Editor in 0.79 ms, found 3 plugins.
Preloading 0 native plugins for Editor in 0.00 ms.
Mono: successfully reloaded assembly
- Completed reload, in  1.212 seconds
Domain Reload Profiling:
	ReloadAssembly (1213ms)
		BeginReloadAssembly (133ms)
			ExecutionOrderSort (0ms)
			DisableScriptedObjects (8ms)
			BackupInstance (0ms)
			ReleaseScriptingObjects (0ms)
			CreateAndSetChildDomain (38ms)
		EndReloadAssembly (991ms)
			LoadAssemblies (78ms)
			RebuildTransferFunctionScriptingTraits (0ms)
			SetupTypeCache (201ms)
			ReleaseScriptCaches (2ms)
			RebuildScriptCaches (51ms)
			SetupLoadedEditorAssemblies (513ms)
				LogAssemblyErrors (0ms)
				InitializePlatformSupportModulesInManaged (11ms)
				SetLoadedEditorAssemblies (0ms)
				RefreshPlugins (1ms)
				BeforeProcessingInitializeOnLoad (77ms)
				ProcessInitializeOnLoadAttributes (340ms)
				ProcessInitializeOnLoadMethodAttributes (75ms)
				AfterProcessingInitializeOnLoad (8ms)
				EditorAssembliesLoaded (0ms)
			ExecutionOrderSort2 (0ms)
			AwakeInstancesAfterBackupRestoration (18ms)
Platform modules already initialized, skipping
Refreshing native plugins compatible for Editor in 0.88 ms, found 3 plugins.
Preloading 0 native plugins for Editor in 0.00 ms.
Unloading 3825 Unused Serialized files (Serialized files now loaded: 0)
Unloading 26 unused Assets / (380.5 KB). Loaded Objects now: 4637.
Memory consumption went from 176.6 MB to 176.2 MB.
Total: 3.779800 ms (FindLiveObjects: 0.350900 ms CreateObjectMapping: 0.102100 ms MarkObjects: 3.235600 ms  DeleteObjects: 0.089900 ms)

AssetImportParameters requested are different than current active one (requested -> active):
  custom:video-decoder-ogg-theora: a1e56fd34408186e4bbccfd4996cb3dc -> 
  custom:container-muxer-webm: aa71ff27fc2769a1b78a27578f13a17b -> 
  custom:container-demuxer-webm: 4f35f7cbe854078d1ac9338744f61a02 -> 
  custom:video-encoder-webm-vp8: eb34c28f22e8b96e1ab97ce403110664 -> 
  custom:video-codec-MediaFoundation-h265: 746d11721c4dcdbdad8f713fa42b33f4 -> 
  custom:audio-encoder-webm-vorbis: bf7c407c2cedff20999df2af8eb42d56 -> 
  custom:framework-win-MediaFoundation: 216162199b28c13a410421893ffa2e32 -> 
  custom:container-demuxer-ogg: 62fdf1f143b41e24485cea50d1cbac27 -> 
  custom:video-decoder-webm-vp8: 9c59270c3fd7afecdb556c50c9e8de78 -> 
  custom:audio-decoder-ogg-vorbis: bf7c407c2cedff20999df2af8eb42d56 -> 
========================================================================
Received Prepare
Registering precompiled user dll's ...
Registered in 0.005846 seconds.
Begin MonoManager ReloadAssembly
Native extension for WindowsStandalone target not found
Refreshing native plugins compatible for Editor in 0.89 ms, found 3 plugins.
Preloading 0 native plugins for Editor in 0.00 ms.
Mono: successfully reloaded assembly
- Completed reload, in  1.235 seconds
Domain Reload Profiling:
	ReloadAssembly (1236ms)
		BeginReloadAssembly (126ms)
			ExecutionOrderSort (0ms)
			DisableScriptedObjects (7ms)
			BackupInstance (0ms)
			ReleaseScriptingObjects (0ms)
			CreateAndSetChildDomain (35ms)
		EndReloadAssembly (1014ms)
			LoadAssemblies (80ms)
			RebuildTransferFunctionScriptingTraits (0ms)
			SetupTypeCache (209ms)
			ReleaseScriptCaches (2ms)
			RebuildScriptCaches (51ms)
			SetupLoadedEditorAssemblies (527ms)
				LogAssemblyErrors (0ms)
				InitializePlatformSupportModulesInManaged (12ms)
				SetLoadedEditorAssemblies (0ms)
				RefreshPlugins (1ms)
				BeforeProcessingInitializeOnLoad (82ms)
				ProcessInitializeOnLoadAttributes (349ms)
				ProcessInitializeOnLoadMethodAttributes (74ms)
				AfterProcessingInitializeOnLoad (8ms)
				EditorAssembliesLoaded (0ms)
			ExecutionOrderSort2 (0ms)
			AwakeInstancesAfterBackupRestoration (18ms)
Platform modules already initialized, skipping
Refreshing native plugins compatible for Editor in 0.89 ms, found 3 plugins.
Preloading 0 native plugins for Editor in 0.00 ms.
Unloading 3825 Unused Serialized files (Serialized files now loaded: 0)
Unloading 26 unused Assets / (380.5 KB). Loaded Objects now: 4651.
Memory consumption went from 176.5 MB to 176.1 MB.
Total: 4.635300 ms (FindLiveObjects: 0.436600 ms CreateObjectMapping: 0.156900 ms MarkObjects: 3.940200 ms  DeleteObjects: 0.099900 ms)

AssetImportParameters requested are different than current active one (requested -> active):
  custom:video-decoder-ogg-theora: a1e56fd34408186e4bbccfd4996cb3dc -> 
  custom:container-muxer-webm: aa71ff27fc2769a1b78a27578f13a17b -> 
  custom:container-demuxer-webm: 4f35f7cbe854078d1ac9338744f61a02 -> 
  custom:video-encoder-webm-vp8: eb34c28f22e8b96e1ab97ce403110664 -> 
  custom:video-codec-MediaFoundation-h265: 746d11721c4dcdbdad8f713fa42b33f4 -> 
  custom:audio-encoder-webm-vorbis: bf7c407c2cedff20999df2af8eb42d56 -> 
  custom:framework-win-MediaFoundation: 216162199b28c13a410421893ffa2e32 -> 
  custom:container-demuxer-ogg: 62fdf1f143b41e24485cea50d1cbac27 -> 
  custom:video-decoder-webm-vp8: 9c59270c3fd7afecdb556c50c9e8de78 -> 
  custom:audio-decoder-ogg-vorbis: bf7c407c2cedff20999df2af8eb42d56 -> 
