Using pre-set license
Built from '2021.2/staging' branch; Version is '2021.2.5f1 (4ec9a5e799f5) revision 5163429'; Using compiler version '192829333'; Build Type 'Release'
OS: 'Windows 10  (10.0.19042) 64bit Core' Language: 'en' Physical Memory: 16253 MB
BatchMode: 1, IsHumanControllingUs: 0, StartBugReporterOnCrash: 0, Is64bit: 1, IsPro: 0

COMMAND LINE ARGUMENTS:
C:\Program Files\Unity\Hub\Editor\2021.2.5f1\Editor\Unity.exe
-adb2
-batchMode
-noUpm
-name
AssetImportWorker370
-projectPath
C:/_FILES/3D/GPW Climate Crisis/Local Scene/Ocean Cleanup Net Prototype
-logFile
Logs/AssetImportWorker370.log
-srvPort
62806
Successfully changed project path to: C:/_FILES/3D/GPW Climate Crisis/Local Scene/Ocean Cleanup Net Prototype
C:/_FILES/3D/GPW Climate Crisis/Local Scene/Ocean Cleanup Net Prototype
[UnityMemory] Configuration Parameters - Can be set up in boot.config
    "memorysetup-bucket-allocator-granularity=16"
    "memorysetup-bucket-allocator-bucket-count=8"
    "memorysetup-bucket-allocator-block-size=33554432"
    "memorysetup-bucket-allocator-block-count=8"
    "memorysetup-main-allocator-block-size=16777216"
    "memorysetup-thread-allocator-block-size=16777216"
    "memorysetup-gfx-main-allocator-block-size=16777216"
    "memorysetup-gfx-thread-allocator-block-size=16777216"
    "memorysetup-cache-allocator-block-size=4194304"
    "memorysetup-typetree-allocator-block-size=2097152"
    "memorysetup-profiler-bucket-allocator-granularity=16"
    "memorysetup-profiler-bucket-allocator-bucket-count=8"
    "memorysetup-profiler-bucket-allocator-block-size=33554432"
    "memorysetup-profiler-bucket-allocator-block-count=8"
    "memorysetup-profiler-allocator-block-size=16777216"
    "memorysetup-profiler-editor-allocator-block-size=1048576"
    "memorysetup-temp-allocator-size-main=16777216"
    "memorysetup-job-temp-allocator-block-size=2097152"
    "memorysetup-job-temp-allocator-block-size-background=1048576"
    "memorysetup-job-temp-allocator-reduction-small-platforms=262144"
    "memorysetup-temp-allocator-size-background-worker=32768"
    "memorysetup-temp-allocator-size-job-worker=262144"
    "memorysetup-temp-allocator-size-preload-manager=33554432"
    "memorysetup-temp-allocator-size-nav-mesh-worker=65536"
    "memorysetup-temp-allocator-size-audio-worker=65536"
    "memorysetup-temp-allocator-size-cloud-worker=32768"
    "memorysetup-temp-allocator-size-gi-baking-worker=262144"
    "memorysetup-temp-allocator-size-gfx=262144"
mdb reader table full -> cleaning up stale readers. Current readers:
    pid     thread     txnid
      2816 20a4 -
     10428 748 -
      2816 684 -
      1980 5cc4 -
     22776 4454 -
     28316 6ea0 -
     28404 6ef8 -
     27644 3dcc -
     28172 6e10 -
     23908 63ac -
     27768 6c5c -
      4168 25d4 -
       872 3cb0 -
     14604 5ac4 -
     28512 24c0 -
     22856 6fa0 -
     20516 2c70 -
      8592 4f20 -
     28356 6adc -
     13636 458 -
     28380 6ecc -
     10740 2288 -
     21844 a94 -
     11672 106c -
      5196 6b58 -
     25648 67ec -
     28624 1474 -
     16352 4d64 -
     21980 6ba8 -
      9612 67b8 -
     25636 6938 -
     12972 27d4 -
     16444 2c98 -
     27096 2ee8 -
     14148 6d6c -
     23228 4014 -
     25744 8ec -
     28288 544c -
     28116 47dc -
     26792 6ac0 -
     28396 5ddc -
     29832 7320 -
     28252 6da8 -
     30444 76d0 -
     31032 7934 -
     31232 7a18 -
     27300 521c -
     31252 6c60 -
     30376 752c -
     15060 7b24 -
      9156 78dc -
     30528 6f9c -
     30208 7104 -
      5360 377c -
     31024 6d94 -
     28844 7700 -
     13664 426c -
     18440 791c -
     31732 72e4 -
     17540 7928 -
     29108 73e4 -
     20140 3ee8 -
     14740 728c -
     24144 7638 -
     30080 71ec -
     29048 7338 -
     29876 53f4 -
     30164 7900 -
     27808 6c98 -
     27860 6cdc -
     30580 79ac -
     30360 5fc4 -
     25212 5af4 -
     29852 394c -
     28940 7a50 -
     28904 7058 -
     30624 74c0 -
     25864 7854 -
     23708 cd8 -
     23976 44bc -
     30920 72f0 -
     30468 5910 -
     28552 7bfc -
     30952 290 -
     29476 5a50 -
     30024 6a18 -
     26456 7390 -
     12600 362c -
     27704 570 -
     10176 e10 -
     30244 6dcc -
     12636 7a54 -
     26688 5d50 -
     18620 67a4 -
     13516 61b8 -
     31184 6ae0 -
     31304 27c8 -
     28964 bf8 -
     27524 6504 -
     31396 514 -
     27772 511c -
     31212 6bc8 -
     16056 7074 -
     31668 35ec -
     29156 7750 -
     29044 2e90 -
     16052 733c -
     30556 2738 -
      4584 7640 -
     31216 76d8 -
     27400 169c -
     26200 379c -
     21440 6cac -
     15140 6f74 -
     30732 6f80 -
     28136 6c10 -
     29676 7bb8 -
     29692 6d9c -
     27220 6e4c -
     30100 260 -
      4728 75a0 -
     28208 4bb0 -
     29520 7b8c -
     24100 205c -
      9744 6f78 -
     25596 6fe8 -
Cleaned out 123 stale readers
Refreshing native plugins compatible for Editor in 64.10 ms, found 3 plugins.
Preloading 0 native plugins for Editor in 0.00 ms.
Initialize engine version: 2021.2.5f1 (4ec9a5e799f5)
[Subsystems] Discovering subsystems at path C:/Program Files/Unity/Hub/Editor/2021.2.5f1/Editor/Data/Resources/UnitySubsystems
[Subsystems] Discovering subsystems at path C:/_FILES/3D/GPW Climate Crisis/Local Scene/Ocean Cleanup Net Prototype/Assets
GfxDevice: creating device client; threaded=0; jobified=0
Direct3D:
    Version:  Direct3D 11.0 [level 11.1]
    Renderer: NVIDIA GeForce RTX 2060 (ID=0x1f15)
    Vendor:   NVIDIA
    VRAM:     5980 MB
    Driver:   27.21.14.6677
Initialize mono
Mono path[0] = 'C:/Program Files/Unity/Hub/Editor/2021.2.5f1/Editor/Data/Managed'
Mono path[1] = 'C:/Program Files/Unity/Hub/Editor/2021.2.5f1/Editor/Data/MonoBleedingEdge/lib/mono/unityjit-win32'
Mono config path = 'C:/Program Files/Unity/Hub/Editor/2021.2.5f1/Editor/Data/MonoBleedingEdge/etc'
Using monoOptions --debugger-agent=transport=dt_socket,embedding=1,server=y,suspend=n,address=127.0.0.1:56404
Begin MonoManager ReloadAssembly
Registering precompiled unity dll's ...
Register platform support module: C:/Program Files/Unity/Hub/Editor/2021.2.5f1/Editor/Data/PlaybackEngines/WindowsStandaloneSupport/UnityEditor.WindowsStandalone.Extensions.dll
Registered in 0.007354 seconds.
Native extension for WindowsStandalone target not found
Refreshing native plugins compatible for Editor in 71.46 ms, found 3 plugins.
Preloading 0 native plugins for Editor in 0.00 ms.
Mono: successfully reloaded assembly
- Completed reload, in  0.605 seconds
Domain Reload Profiling:
	ReloadAssembly (605ms)
		BeginReloadAssembly (76ms)
			ExecutionOrderSort (0ms)
			DisableScriptedObjects (0ms)
			BackupInstance (0ms)
			ReleaseScriptingObjects (0ms)
			CreateAndSetChildDomain (1ms)
		EndReloadAssembly (444ms)
			LoadAssemblies (73ms)
			RebuildTransferFunctionScriptingTraits (0ms)
			SetupTypeCache (94ms)
			ReleaseScriptCaches (0ms)
			RebuildScriptCaches (28ms)
			SetupLoadedEditorAssemblies (275ms)
				LogAssemblyErrors (0ms)
				InitializePlatformSupportModulesInManaged (14ms)
				SetLoadedEditorAssemblies (0ms)
				RefreshPlugins (72ms)
				BeforeProcessingInitializeOnLoad (1ms)
				ProcessInitializeOnLoadAttributes (135ms)
				ProcessInitializeOnLoadMethodAttributes (52ms)
				AfterProcessingInitializeOnLoad (0ms)
				EditorAssembliesLoaded (0ms)
			ExecutionOrderSort2 (0ms)
			AwakeInstancesAfterBackupRestoration (0ms)
Platform modules already initialized, skipping
Registering precompiled user dll's ...
Registered in 0.008404 seconds.
Begin MonoManager ReloadAssembly
Native extension for WindowsStandalone target not found
Refreshing native plugins compatible for Editor in 61.61 ms, found 3 plugins.
Preloading 0 native plugins for Editor in 0.00 ms.
Mono: successfully reloaded assembly
- Completed reload, in  1.784 seconds
Domain Reload Profiling:
	ReloadAssembly (1785ms)
		BeginReloadAssembly (158ms)
			ExecutionOrderSort (0ms)
			DisableScriptedObjects (5ms)
			BackupInstance (0ms)
			ReleaseScriptingObjects (0ms)
			CreateAndSetChildDomain (20ms)
		EndReloadAssembly (1528ms)
			LoadAssemblies (77ms)
			RebuildTransferFunctionScriptingTraits (0ms)
			SetupTypeCache (241ms)
			ReleaseScriptCaches (1ms)
			RebuildScriptCaches (59ms)
			SetupLoadedEditorAssemblies (1052ms)
				LogAssemblyErrors (0ms)
				InitializePlatformSupportModulesInManaged (11ms)
				SetLoadedEditorAssemblies (0ms)
				RefreshPlugins (62ms)
				BeforeProcessingInitializeOnLoad (99ms)
				ProcessInitializeOnLoadAttributes (785ms)
				ProcessInitializeOnLoadMethodAttributes (84ms)
				AfterProcessingInitializeOnLoad (10ms)
				EditorAssembliesLoaded (0ms)
			ExecutionOrderSort2 (0ms)
			AwakeInstancesAfterBackupRestoration (6ms)
Platform modules already initialized, skipping
AssetImportWorkerClient::OnTransportError - code=10060 error=A connection attempt failed because the connected party did not properly respond after a period of time, or established connection failed because connected host has failed to respond.
