Using pre-set license
Built from '2021.2/staging' branch; Version is '2021.2.5f1 (4ec9a5e799f5) revision 5163429'; Using compiler version '192829333'; Build Type 'Release'
OS: 'Windows 10  (10.0.19043) 64bit Core' Language: 'en' Physical Memory: 32702 MB
BatchMode: 1, IsHumanControllingUs: 0, StartBugReporterOnCrash: 0, Is64bit: 1, IsPro: 0

COMMAND LINE ARGUMENTS:
J:\UniWork\Unity\Unity Install\2021.2.5f1\Editor\Unity.exe
-adb2
-batchMode
-noUpm
-name
AssetImportWorker1
-projectPath
J:/UniWork/Unity Projects/Github/GWP-GitRep/Ocean Cleanup Net Prototype
-logFile
Logs/AssetImportWorker1.log
-srvPort
61642
Successfully changed project path to: J:/UniWork/Unity Projects/Github/GWP-GitRep/Ocean Cleanup Net Prototype
J:/UniWork/Unity Projects/Github/GWP-GitRep/Ocean Cleanup Net Prototype
[UnityMemory] Configuration Parameters - Can be set up in boot.config
    "memorysetup-bucket-allocator-granularity=16"
    "memorysetup-bucket-allocator-bucket-count=8"
    "memorysetup-bucket-allocator-block-size=33554432"
    "memorysetup-bucket-allocator-block-count=8"
    "memorysetup-main-allocator-block-size=16777216"
    "memorysetup-thread-allocator-block-size=16777216"
    "memorysetup-gfx-main-allocator-block-size=16777216"
    "memorysetup-gfx-thread-allocator-block-size=16777216"
    "memorysetup-cache-allocator-block-size=4194304"
    "memorysetup-typetree-allocator-block-size=2097152"
    "memorysetup-profiler-bucket-allocator-granularity=16"
    "memorysetup-profiler-bucket-allocator-bucket-count=8"
    "memorysetup-profiler-bucket-allocator-block-size=33554432"
    "memorysetup-profiler-bucket-allocator-block-count=8"
    "memorysetup-profiler-allocator-block-size=16777216"
    "memorysetup-profiler-editor-allocator-block-size=1048576"
    "memorysetup-temp-allocator-size-main=16777216"
    "memorysetup-job-temp-allocator-block-size=2097152"
    "memorysetup-job-temp-allocator-block-size-background=1048576"
    "memorysetup-job-temp-allocator-reduction-small-platforms=262144"
    "memorysetup-temp-allocator-size-background-worker=32768"
    "memorysetup-temp-allocator-size-job-worker=262144"
    "memorysetup-temp-allocator-size-preload-manager=33554432"
    "memorysetup-temp-allocator-size-nav-mesh-worker=65536"
    "memorysetup-temp-allocator-size-audio-worker=65536"
    "memorysetup-temp-allocator-size-cloud-worker=32768"
    "memorysetup-temp-allocator-size-gi-baking-worker=262144"
    "memorysetup-temp-allocator-size-gfx=262144"
Refreshing native plugins compatible for Editor in 92.83 ms, found 3 plugins.
Preloading 0 native plugins for Editor in 0.00 ms.
Initialize engine version: 2021.2.5f1 (4ec9a5e799f5)
[Subsystems] Discovering subsystems at path J:/UniWork/Unity/Unity Install/2021.2.5f1/Editor/Data/Resources/UnitySubsystems
[Subsystems] Discovering subsystems at path J:/UniWork/Unity Projects/Github/GWP-GitRep/Ocean Cleanup Net Prototype/Assets
GfxDevice: creating device client; threaded=0; jobified=0
Direct3D:
    Version:  Direct3D 11.0 [level 11.1]
    Renderer: NVIDIA GeForce RTX 2060 (ID=0x1f08)
    Vendor:   NVIDIA
    VRAM:     5980 MB
    Driver:   30.0.15.1165
Initialize mono
Mono path[0] = 'J:/UniWork/Unity/Unity Install/2021.2.5f1/Editor/Data/Managed'
Mono path[1] = 'J:/UniWork/Unity/Unity Install/2021.2.5f1/Editor/Data/MonoBleedingEdge/lib/mono/unityjit-win32'
Mono config path = 'J:/UniWork/Unity/Unity Install/2021.2.5f1/Editor/Data/MonoBleedingEdge/etc'
Using monoOptions --debugger-agent=transport=dt_socket,embedding=1,server=y,suspend=n,address=127.0.0.1:56520
Begin MonoManager ReloadAssembly
Registering precompiled unity dll's ...
Register platform support module: J:/UniWork/Unity/Unity Install/2021.2.5f1/Editor/Data/PlaybackEngines/WebGLSupport/UnityEditor.WebGL.Extensions.dll
Register platform support module: J:/UniWork/Unity/Unity Install/2021.2.5f1/Editor/Data/PlaybackEngines/WindowsStandaloneSupport/UnityEditor.WindowsStandalone.Extensions.dll
Registered in 0.006946 seconds.
Native extension for WindowsStandalone target not found
Native extension for WebGL target not found
Refreshing native plugins compatible for Editor in 82.57 ms, found 3 plugins.
Preloading 0 native plugins for Editor in 0.00 ms.
Mono: successfully reloaded assembly
- Completed reload, in  0.829 seconds
Domain Reload Profiling:
	ReloadAssembly (830ms)
		BeginReloadAssembly (190ms)
			ExecutionOrderSort (0ms)
			DisableScriptedObjects (0ms)
			BackupInstance (0ms)
			ReleaseScriptingObjects (0ms)
			CreateAndSetChildDomain (1ms)
		EndReloadAssembly (549ms)
			LoadAssemblies (192ms)
			RebuildTransferFunctionScriptingTraits (0ms)
			SetupTypeCache (127ms)
			ReleaseScriptCaches (0ms)
			RebuildScriptCaches (31ms)
			SetupLoadedEditorAssemblies (330ms)
				LogAssemblyErrors (0ms)
				InitializePlatformSupportModulesInManaged (20ms)
				SetLoadedEditorAssemblies (0ms)
				RefreshPlugins (83ms)
				BeforeProcessingInitializeOnLoad (1ms)
				ProcessInitializeOnLoadAttributes (166ms)
				ProcessInitializeOnLoadMethodAttributes (59ms)
				AfterProcessingInitializeOnLoad (0ms)
				EditorAssembliesLoaded (0ms)
			ExecutionOrderSort2 (0ms)
			AwakeInstancesAfterBackupRestoration (0ms)
Platform modules already initialized, skipping
Registering precompiled user dll's ...
Registered in 0.014366 seconds.
Begin MonoManager ReloadAssembly
Native extension for WindowsStandalone target not found
Native extension for WebGL target not found
Refreshing native plugins compatible for Editor in 81.86 ms, found 3 plugins.
Preloading 0 native plugins for Editor in 0.00 ms.
Mono: successfully reloaded assembly
- Completed reload, in  2.292 seconds
Domain Reload Profiling:
	ReloadAssembly (2293ms)
		BeginReloadAssembly (295ms)
			ExecutionOrderSort (0ms)
			DisableScriptedObjects (7ms)
			BackupInstance (0ms)
			ReleaseScriptingObjects (0ms)
			CreateAndSetChildDomain (21ms)
		EndReloadAssembly (1878ms)
			LoadAssemblies (277ms)
			RebuildTransferFunctionScriptingTraits (0ms)
			SetupTypeCache (275ms)
			ReleaseScriptCaches (1ms)
			RebuildScriptCaches (69ms)
			SetupLoadedEditorAssemblies (1244ms)
				LogAssemblyErrors (0ms)
				InitializePlatformSupportModulesInManaged (21ms)
				SetLoadedEditorAssemblies (0ms)
				RefreshPlugins (82ms)
				BeforeProcessingInitializeOnLoad (103ms)
				ProcessInitializeOnLoadAttributes (926ms)
				ProcessInitializeOnLoadMethodAttributes (107ms)
				AfterProcessingInitializeOnLoad (5ms)
				EditorAssembliesLoaded (0ms)
			ExecutionOrderSort2 (0ms)
			AwakeInstancesAfterBackupRestoration (9ms)
Platform modules already initialized, skipping
========================================================================
Worker process is ready to serve import requests
Launched and connected shader compiler UnityShaderCompiler.exe after 0.07 seconds
Refreshing native plugins compatible for Editor in 0.88 ms, found 3 plugins.
Preloading 0 native plugins for Editor in 0.00 ms.
Unloading 3922 Unused Serialized files (Serialized files now loaded: 0)
Unloading 51 unused Assets / (485.2 KB). Loaded Objects now: 4376.
Memory consumption went from 173.8 MB to 173.3 MB.
Total: 4.951900 ms (FindLiveObjects: 0.412300 ms CreateObjectMapping: 0.099900 ms MarkObjects: 4.153200 ms  DeleteObjects: 0.284900 ms)

AssetImportParameters requested are different than current active one (requested -> active):
  custom:video-decoder-ogg-theora: a1e56fd34408186e4bbccfd4996cb3dc -> 
  custom:container-muxer-webm: aa71ff27fc2769a1b78a27578f13a17b -> 
  custom:container-demuxer-webm: 4f35f7cbe854078d1ac9338744f61a02 -> 
  custom:video-encoder-webm-vp8: eb34c28f22e8b96e1ab97ce403110664 -> 
  custom:audio-encoder-webm-vorbis: bf7c407c2cedff20999df2af8eb42d56 -> 
  custom:framework-win-MediaFoundation: 216162199b28c13a410421893ffa2e32 -> 
  custom:container-demuxer-ogg: 62fdf1f143b41e24485cea50d1cbac27 -> 
  custom:video-decoder-webm-vp8: 9c59270c3fd7afecdb556c50c9e8de78 -> 
  custom:audio-decoder-ogg-vorbis: bf7c407c2cedff20999df2af8eb42d56 -> 
========================================================================
Received Import Request.
  Time since last request: 13167.100566 seconds.
  path: Assets/Art/#OBSOLETE/coral_pick-up.png
  artifactKey: Guid(50052d739eaabd54789237de94783953) Importer(815301076,1909f56bfc062723c751e8b465ee728b)
Start importing Assets/Art/#OBSOLETE/coral_pick-up.png using Guid(50052d739eaabd54789237de94783953) Importer(815301076,1909f56bfc062723c751e8b465ee728b)  -> (artifact id: '01c7aa8091413bfd65999b493eaed27b') in 0.204749 seconds 
========================================================================
Received Import Request.
  Time since last request: 0.000030 seconds.
  path: Assets/Art/#OBSOLETE/pufferfish_big.png
  artifactKey: Guid(3ec475bdc6bf6814c90f01490601973e) Importer(815301076,1909f56bfc062723c751e8b465ee728b)
Start importing Assets/Art/#OBSOLETE/pufferfish_big.png using Guid(3ec475bdc6bf6814c90f01490601973e) Importer(815301076,1909f56bfc062723c751e8b465ee728b)  -> (artifact id: 'c48b36bcfa0fdb3f82e289977b1b3713') in 0.071534 seconds 
========================================================================
Received Import Request.
  Time since last request: 0.000028 seconds.
  path: Assets/Art/#OBSOLETE/pufferfish_small.png
  artifactKey: Guid(45eca70c041691e43a5a079707c7a018) Importer(815301076,1909f56bfc062723c751e8b465ee728b)
Start importing Assets/Art/#OBSOLETE/pufferfish_small.png using Guid(45eca70c041691e43a5a079707c7a018) Importer(815301076,1909f56bfc062723c751e8b465ee728b)  -> (artifact id: 'feb5726011eb8832e6b8afcd8240facf') in 0.041748 seconds 
========================================================================
Received Import Request.
  Time since last request: 0.000023 seconds.
  path: Assets/Art/#OBSOLETE
  artifactKey: Guid(f38a0671ff7c4524cae3baf3c1b41771) Importer(815301076,1909f56bfc062723c751e8b465ee728b)
Start importing Assets/Art/#OBSOLETE using Guid(f38a0671ff7c4524cae3baf3c1b41771) Importer(815301076,1909f56bfc062723c751e8b465ee728b)  -> (artifact id: '31392e74fb93f9aadd59498c74195060') in 0.004991 seconds 
========================================================================
Received Import Request.
  Time since last request: 0.000028 seconds.
  path: Assets/Art/#OBSOLETE/UI_Left_Corner.png
  artifactKey: Guid(c227a3c528348d444956c10807a794e7) Importer(815301076,1909f56bfc062723c751e8b465ee728b)
Start importing Assets/Art/#OBSOLETE/UI_Left_Corner.png using Guid(c227a3c528348d444956c10807a794e7) Importer(815301076,1909f56bfc062723c751e8b465ee728b)  -> (artifact id: '3d93726b5e913fba4d6352521fff4c33') in 0.034259 seconds 
========================================================================
Received Import Request.
  Time since last request: 0.000023 seconds.
  path: Assets/Art/#OBSOLETE/naeco_can.png
  artifactKey: Guid(641fbf1c7af5f0244a03818139b569e9) Importer(815301076,1909f56bfc062723c751e8b465ee728b)
Start importing Assets/Art/#OBSOLETE/naeco_can.png using Guid(641fbf1c7af5f0244a03818139b569e9) Importer(815301076,1909f56bfc062723c751e8b465ee728b)  -> (artifact id: 'cb9cc5d337513cb1c40a002231e56777') in 0.112377 seconds 
========================================================================
Received Import Request.
  Time since last request: 0.000025 seconds.
  path: Assets/Art/#OBSOLETE/Net_Fill_4.5.png
  artifactKey: Guid(f4d7e7b728de93d4cbb4a8479c8c2119) Importer(815301076,1909f56bfc062723c751e8b465ee728b)
Start importing Assets/Art/#OBSOLETE/Net_Fill_4.5.png using Guid(f4d7e7b728de93d4cbb4a8479c8c2119) Importer(815301076,1909f56bfc062723c751e8b465ee728b)  -> (artifact id: '6308f3a552ecaf02a7f1870318706d47') in 0.033041 seconds 
========================================================================
Received Import Request.
  Time since last request: 0.000031 seconds.
  path: Assets/Art/#OBSOLETE/Net_Fill_0.5.png
  artifactKey: Guid(a669b36979bd38840b8c5914c6da034a) Importer(815301076,1909f56bfc062723c751e8b465ee728b)
Start importing Assets/Art/#OBSOLETE/Net_Fill_0.5.png using Guid(a669b36979bd38840b8c5914c6da034a) Importer(815301076,1909f56bfc062723c751e8b465ee728b)  -> (artifact id: '7045536c8f2e36b36d32527fadfa34c0') in 0.025750 seconds 
========================================================================
Received Import Request.
  Time since last request: 0.000024 seconds.
  path: Assets/Art/#OBSOLETE/Net_Fill_5.5.png
  artifactKey: Guid(44d50456f7e05bf4f9da8c055b1108f4) Importer(815301076,1909f56bfc062723c751e8b465ee728b)
Start importing Assets/Art/#OBSOLETE/Net_Fill_5.5.png using Guid(44d50456f7e05bf4f9da8c055b1108f4) Importer(815301076,1909f56bfc062723c751e8b465ee728b)  -> (artifact id: 'bca0060b25947c4f69280f3c94e9404e') in 0.024509 seconds 
========================================================================
Received Import Request.
  Time since last request: 0.000021 seconds.
  path: Assets/Art/#OBSOLETE/net_upgrade.png
  artifactKey: Guid(df6c6f71656ef84408658ed88843f8d2) Importer(815301076,1909f56bfc062723c751e8b465ee728b)
Start importing Assets/Art/#OBSOLETE/net_upgrade.png using Guid(df6c6f71656ef84408658ed88843f8d2) Importer(815301076,1909f56bfc062723c751e8b465ee728b)  -> (artifact id: '73db3ae6635345374c55ffa1a235fc53') in 0.044922 seconds 
========================================================================
Received Import Request.
  Time since last request: 0.000021 seconds.
  path: Assets/Art/#OBSOLETE/Background.png
  artifactKey: Guid(4e19beb6fc0bccc458d502233e57ff12) Importer(815301076,1909f56bfc062723c751e8b465ee728b)
Start importing Assets/Art/#OBSOLETE/Background.png using Guid(4e19beb6fc0bccc458d502233e57ff12) Importer(815301076,1909f56bfc062723c751e8b465ee728b)  -> (artifact id: '559d68d1831bbc64f2e68f2f6a11ef08') in 0.220881 seconds 
========================================================================
Received Import Request.
  Time since last request: 0.000037 seconds.
  path: Assets/Art/#OBSOLETE/Swordfish.png
  artifactKey: Guid(6ae78e4bb5641654c9c012561d4a0056) Importer(815301076,1909f56bfc062723c751e8b465ee728b)
Start importing Assets/Art/#OBSOLETE/Swordfish.png using Guid(6ae78e4bb5641654c9c012561d4a0056) Importer(815301076,1909f56bfc062723c751e8b465ee728b)  -> (artifact id: '1a695a4b9c1245d9e627d3886d15109f') in 0.066424 seconds 
Editor requested this worker to shutdown with reason: Scaling down because of idle timeout
AssetImportWorker is now disconnected from the server
Process exiting
Exiting without the bug reporter. Application will terminate with return code 0