Using pre-set license
Built from '2021.2/staging' branch; Version is '2021.2.5f1 (4ec9a5e799f5) revision 5163429'; Using compiler version '192829333'; Build Type 'Release'
OS: 'Windows 10  (10.0.19044) 64bit Core' Language: 'en' Physical Memory: 16253 MB
BatchMode: 1, IsHumanControllingUs: 0, StartBugReporterOnCrash: 0, Is64bit: 1, IsPro: 0

COMMAND LINE ARGUMENTS:
C:\Program Files\Unity\Hub\Editor\2021.2.5f1\Editor\Unity.exe
-adb2
-batchMode
-noUpm
-name
AssetImportWorker12
-projectPath
C:/_FILES/3D/GPW Climate Crisis/Github Repository
-logFile
Logs/AssetImportWorker12.log
-srvPort
50493
Successfully changed project path to: C:/_FILES/3D/GPW Climate Crisis/Github Repository
C:/_FILES/3D/GPW Climate Crisis/Github Repository
[UnityMemory] Configuration Parameters - Can be set up in boot.config
    "memorysetup-bucket-allocator-granularity=16"
    "memorysetup-bucket-allocator-bucket-count=8"
    "memorysetup-bucket-allocator-block-size=33554432"
    "memorysetup-bucket-allocator-block-count=8"
    "memorysetup-main-allocator-block-size=16777216"
    "memorysetup-thread-allocator-block-size=16777216"
    "memorysetup-gfx-main-allocator-block-size=16777216"
    "memorysetup-gfx-thread-allocator-block-size=16777216"
    "memorysetup-cache-allocator-block-size=4194304"
    "memorysetup-typetree-allocator-block-size=2097152"
    "memorysetup-profiler-bucket-allocator-granularity=16"
    "memorysetup-profiler-bucket-allocator-bucket-count=8"
    "memorysetup-profiler-bucket-allocator-block-size=33554432"
    "memorysetup-profiler-bucket-allocator-block-count=8"
    "memorysetup-profiler-allocator-block-size=16777216"
    "memorysetup-profiler-editor-allocator-block-size=1048576"
    "memorysetup-temp-allocator-size-main=16777216"
    "memorysetup-job-temp-allocator-block-size=2097152"
    "memorysetup-job-temp-allocator-block-size-background=1048576"
    "memorysetup-job-temp-allocator-reduction-small-platforms=262144"
    "memorysetup-temp-allocator-size-background-worker=32768"
    "memorysetup-temp-allocator-size-job-worker=262144"
    "memorysetup-temp-allocator-size-preload-manager=33554432"
    "memorysetup-temp-allocator-size-nav-mesh-worker=65536"
    "memorysetup-temp-allocator-size-audio-worker=65536"
    "memorysetup-temp-allocator-size-cloud-worker=32768"
    "memorysetup-temp-allocator-size-gi-baking-worker=262144"
    "memorysetup-temp-allocator-size-gfx=262144"
Refreshing native plugins compatible for Editor in 83.59 ms, found 3 plugins.
Preloading 0 native plugins for Editor in 0.00 ms.
Initialize engine version: 2021.2.5f1 (4ec9a5e799f5)
[Subsystems] Discovering subsystems at path C:/Program Files/Unity/Hub/Editor/2021.2.5f1/Editor/Data/Resources/UnitySubsystems
[Subsystems] Discovering subsystems at path C:/_FILES/3D/GPW Climate Crisis/Github Repository/Assets
GfxDevice: creating device client; threaded=0; jobified=0
Direct3D:
    Version:  Direct3D 11.0 [level 11.1]
    Renderer: NVIDIA GeForce RTX 2060 (ID=0x1f15)
    Vendor:   NVIDIA
    VRAM:     5980 MB
    Driver:   30.0.15.1123
Initialize mono
Mono path[0] = 'C:/Program Files/Unity/Hub/Editor/2021.2.5f1/Editor/Data/Managed'
Mono path[1] = 'C:/Program Files/Unity/Hub/Editor/2021.2.5f1/Editor/Data/MonoBleedingEdge/lib/mono/unityjit-win32'
Mono config path = 'C:/Program Files/Unity/Hub/Editor/2021.2.5f1/Editor/Data/MonoBleedingEdge/etc'
Using monoOptions --debugger-agent=transport=dt_socket,embedding=1,server=y,suspend=n,address=127.0.0.1:56344
Begin MonoManager ReloadAssembly
Registering precompiled unity dll's ...
Register platform support module: C:/Program Files/Unity/Hub/Editor/2021.2.5f1/Editor/Data/PlaybackEngines/WindowsStandaloneSupport/UnityEditor.WindowsStandalone.Extensions.dll
Registered in 0.008025 seconds.
Native extension for WindowsStandalone target not found
Refreshing native plugins compatible for Editor in 81.74 ms, found 3 plugins.
Preloading 0 native plugins for Editor in 0.00 ms.
Mono: successfully reloaded assembly
- Completed reload, in  0.685 seconds
Domain Reload Profiling:
	ReloadAssembly (685ms)
		BeginReloadAssembly (82ms)
			ExecutionOrderSort (0ms)
			DisableScriptedObjects (0ms)
			BackupInstance (0ms)
			ReleaseScriptingObjects (0ms)
			CreateAndSetChildDomain (1ms)
		EndReloadAssembly (513ms)
			LoadAssemblies (79ms)
			RebuildTransferFunctionScriptingTraits (0ms)
			SetupTypeCache (110ms)
			ReleaseScriptCaches (0ms)
			RebuildScriptCaches (30ms)
			SetupLoadedEditorAssemblies (315ms)
				LogAssemblyErrors (0ms)
				InitializePlatformSupportModulesInManaged (17ms)
				SetLoadedEditorAssemblies (0ms)
				RefreshPlugins (82ms)
				BeforeProcessingInitializeOnLoad (1ms)
				ProcessInitializeOnLoadAttributes (161ms)
				ProcessInitializeOnLoadMethodAttributes (54ms)
				AfterProcessingInitializeOnLoad (0ms)
				EditorAssembliesLoaded (0ms)
			ExecutionOrderSort2 (0ms)
			AwakeInstancesAfterBackupRestoration (0ms)
Platform modules already initialized, skipping
Registering precompiled user dll's ...
Registered in 0.007148 seconds.
Begin MonoManager ReloadAssembly
Native extension for WindowsStandalone target not found
Refreshing native plugins compatible for Editor in 82.78 ms, found 3 plugins.
Preloading 0 native plugins for Editor in 0.00 ms.
Mono: successfully reloaded assembly
- Completed reload, in  2.150 seconds
Domain Reload Profiling:
	ReloadAssembly (2151ms)
		BeginReloadAssembly (184ms)
			ExecutionOrderSort (0ms)
			DisableScriptedObjects (6ms)
			BackupInstance (0ms)
			ReleaseScriptingObjects (0ms)
			CreateAndSetChildDomain (22ms)
		EndReloadAssembly (1862ms)
			LoadAssemblies (93ms)
			RebuildTransferFunctionScriptingTraits (0ms)
			SetupTypeCache (277ms)
			ReleaseScriptCaches (1ms)
			RebuildScriptCaches (76ms)
			SetupLoadedEditorAssemblies (1247ms)
				LogAssemblyErrors (0ms)
				InitializePlatformSupportModulesInManaged (17ms)
				SetLoadedEditorAssemblies (0ms)
				RefreshPlugins (83ms)
				BeforeProcessingInitializeOnLoad (102ms)
				ProcessInitializeOnLoadAttributes (923ms)
				ProcessInitializeOnLoadMethodAttributes (109ms)
				AfterProcessingInitializeOnLoad (12ms)
				EditorAssembliesLoaded (0ms)
			ExecutionOrderSort2 (0ms)
			AwakeInstancesAfterBackupRestoration (9ms)
Platform modules already initialized, skipping
========================================================================
Worker process is ready to serve import requests
Launched and connected shader compiler UnityShaderCompiler.exe after 0.07 seconds
Refreshing native plugins compatible for Editor in 1.17 ms, found 3 plugins.
Preloading 0 native plugins for Editor in 0.00 ms.
Unloading 3941 Unused Serialized files (Serialized files now loaded: 0)
Unloading 52 unused Assets / (0.8 MB). Loaded Objects now: 4394.
Memory consumption went from 177.2 MB to 176.4 MB.
Total: 6.724800 ms (FindLiveObjects: 0.589300 ms CreateObjectMapping: 0.311100 ms MarkObjects: 5.137300 ms  DeleteObjects: 0.682500 ms)

AssetImportParameters requested are different than current active one (requested -> active):
  custom:video-decoder-ogg-theora: a1e56fd34408186e4bbccfd4996cb3dc -> 
  custom:container-muxer-webm: aa71ff27fc2769a1b78a27578f13a17b -> 
  custom:container-demuxer-webm: 4f35f7cbe854078d1ac9338744f61a02 -> 
  custom:video-encoder-webm-vp8: eb34c28f22e8b96e1ab97ce403110664 -> 
  custom:video-codec-MediaFoundation-h265: 746d11721c4dcdbdad8f713fa42b33f4 -> 
  custom:audio-encoder-webm-vorbis: bf7c407c2cedff20999df2af8eb42d56 -> 
  custom:framework-win-MediaFoundation: 216162199b28c13a410421893ffa2e32 -> 
  custom:container-demuxer-ogg: 62fdf1f143b41e24485cea50d1cbac27 -> 
  custom:video-decoder-webm-vp8: 9c59270c3fd7afecdb556c50c9e8de78 -> 
  custom:audio-decoder-ogg-vorbis: bf7c407c2cedff20999df2af8eb42d56 -> 
========================================================================
Received Import Request.
  Time since last request: 259637.233464 seconds.
  path: Assets/Art/Props/Seaweed/seaweeds.01_00281.png
  artifactKey: Guid(667405d7f40ce3f4db8c81bf173dc1bb) Importer(815301076,1909f56bfc062723c751e8b465ee728b)
Start importing Assets/Art/Props/Seaweed/seaweeds.01_00281.png using Guid(667405d7f40ce3f4db8c81bf173dc1bb) Importer(815301076,1909f56bfc062723c751e8b465ee728b)  -> (artifact id: '2a8f52427eba23a3746a6c2d481ba6f6') in 0.184864 seconds 
========================================================================
Received Import Request.
  Time since last request: 0.000029 seconds.
  path: Assets/Art/Props/Seaweed/seaweeds.01_00264.png
  artifactKey: Guid(3f7b19dc5cf40304797a55622191c098) Importer(815301076,1909f56bfc062723c751e8b465ee728b)
Start importing Assets/Art/Props/Seaweed/seaweeds.01_00264.png using Guid(3f7b19dc5cf40304797a55622191c098) Importer(815301076,1909f56bfc062723c751e8b465ee728b)  -> (artifact id: '6dd2cf1ad5f334b3a9224dceb66c031e') in 0.054452 seconds 
========================================================================
Received Import Request.
  Time since last request: 0.000026 seconds.
  path: Assets/Art/Props/Seaweed/seaweeds.01_00078.png
  artifactKey: Guid(6ed96109382f90c45a331bd758362297) Importer(815301076,1909f56bfc062723c751e8b465ee728b)
Start importing Assets/Art/Props/Seaweed/seaweeds.01_00078.png using Guid(6ed96109382f90c45a331bd758362297) Importer(815301076,1909f56bfc062723c751e8b465ee728b)  -> (artifact id: 'ce6ef947f01c157ecd22b685a3f01028') in 0.050396 seconds 
========================================================================
Received Import Request.
  Time since last request: 0.000032 seconds.
  path: Assets/Art/Props/Seaweed/seaweeds.01_00323.png
  artifactKey: Guid(e93ff874e4ef1ab4ca371f0cbae1c051) Importer(815301076,1909f56bfc062723c751e8b465ee728b)
Start importing Assets/Art/Props/Seaweed/seaweeds.01_00323.png using Guid(e93ff874e4ef1ab4ca371f0cbae1c051) Importer(815301076,1909f56bfc062723c751e8b465ee728b)  -> (artifact id: 'c34dd4f9d7553efb69856b61fd261b1f') in 0.052024 seconds 
========================================================================
Received Import Request.
  Time since last request: 0.000032 seconds.
  path: Assets/Art/Props/Seaweed/seaweeds.01_00152.png
  artifactKey: Guid(7e22c1bd5728af3488541caea3ecc207) Importer(815301076,1909f56bfc062723c751e8b465ee728b)
Start importing Assets/Art/Props/Seaweed/seaweeds.01_00152.png using Guid(7e22c1bd5728af3488541caea3ecc207) Importer(815301076,1909f56bfc062723c751e8b465ee728b)  -> (artifact id: 'bf7df13db5cd3144f33290c4f8d220aa') in 0.050665 seconds 
========================================================================
Received Import Request.
  Time since last request: 0.000030 seconds.
  path: Assets/Art/Props/Seaweed/seaweeds.01_00062.png
  artifactKey: Guid(faafafac5a341064cb09101a69ee492b) Importer(815301076,1909f56bfc062723c751e8b465ee728b)
Start importing Assets/Art/Props/Seaweed/seaweeds.01_00062.png using Guid(faafafac5a341064cb09101a69ee492b) Importer(815301076,1909f56bfc062723c751e8b465ee728b)  -> (artifact id: '5cbe9a302b1fe08c014fe5578f3ef991') in 0.042345 seconds 
========================================================================
Received Import Request.
  Time since last request: 0.000041 seconds.
  path: Assets/Art/Props/Seaweed/seaweeds.01_00247.png
  artifactKey: Guid(fbd6602b3110de940ac34d2311a955ef) Importer(815301076,1909f56bfc062723c751e8b465ee728b)
Start importing Assets/Art/Props/Seaweed/seaweeds.01_00247.png using Guid(fbd6602b3110de940ac34d2311a955ef) Importer(815301076,1909f56bfc062723c751e8b465ee728b)  -> (artifact id: '8512866d4c3d918230ea16a673a78a92') in 0.049306 seconds 
========================================================================
Received Import Request.
  Time since last request: 0.000031 seconds.
  path: Assets/Art/Props/Seaweed/seaweeds.01_00208.png
  artifactKey: Guid(db4ca4fb6e60f77458424754c56591d5) Importer(815301076,1909f56bfc062723c751e8b465ee728b)
Start importing Assets/Art/Props/Seaweed/seaweeds.01_00208.png using Guid(db4ca4fb6e60f77458424754c56591d5) Importer(815301076,1909f56bfc062723c751e8b465ee728b)  -> (artifact id: '37cb93cc78e92dab9dede8cdcf2e1288') in 0.045979 seconds 
========================================================================
Received Import Request.
  Time since last request: 0.000037 seconds.
  path: Assets/Art/Props/Seaweed/seaweeds.01_00350.png
  artifactKey: Guid(960beadadeada914db2d8ad0da136497) Importer(815301076,1909f56bfc062723c751e8b465ee728b)
Start importing Assets/Art/Props/Seaweed/seaweeds.01_00350.png using Guid(960beadadeada914db2d8ad0da136497) Importer(815301076,1909f56bfc062723c751e8b465ee728b)  -> (artifact id: 'dac88f5f1ab77321c2aa9de91737b9ac') in 0.042249 seconds 
========================================================================
Received Import Request.
  Time since last request: 0.000027 seconds.
  path: Assets/Art/Props/Seaweed/seaweeds.01_00313.png
  artifactKey: Guid(f8361b808888b96458e850232a689d43) Importer(815301076,1909f56bfc062723c751e8b465ee728b)
Start importing Assets/Art/Props/Seaweed/seaweeds.01_00313.png using Guid(f8361b808888b96458e850232a689d43) Importer(815301076,1909f56bfc062723c751e8b465ee728b)  -> (artifact id: 'ee826d7cec0f0e8df6cf2b1cd9ff77d9') in 0.044414 seconds 
========================================================================
Received Import Request.
  Time since last request: 0.000023 seconds.
  path: Assets/Art/Props/Seaweed/seaweeds.01_00344.png
  artifactKey: Guid(cd445d839846be54492ea68e91096446) Importer(815301076,1909f56bfc062723c751e8b465ee728b)
Start importing Assets/Art/Props/Seaweed/seaweeds.01_00344.png using Guid(cd445d839846be54492ea68e91096446) Importer(815301076,1909f56bfc062723c751e8b465ee728b)  -> (artifact id: '545ece2df60b64e48e67e24e5b4c46af') in 0.050413 seconds 
========================================================================
Received Import Request.
  Time since last request: 0.000027 seconds.
  path: Assets/Art/Props/Seaweed/seaweeds.01_00248.png
  artifactKey: Guid(bfd19050a9938f44d83ee621463c4899) Importer(815301076,1909f56bfc062723c751e8b465ee728b)
Start importing Assets/Art/Props/Seaweed/seaweeds.01_00248.png using Guid(bfd19050a9938f44d83ee621463c4899) Importer(815301076,1909f56bfc062723c751e8b465ee728b)  -> (artifact id: '75a8399fb0fee8dede8157ee896c989a') in 0.045886 seconds 
========================================================================
Received Import Request.
  Time since last request: 0.000038 seconds.
  path: Assets/Art/Props/Seaweed/seaweeds.01_00212.png
  artifactKey: Guid(fa045c3c7ba7414439bface40ae43bac) Importer(815301076,1909f56bfc062723c751e8b465ee728b)
Start importing Assets/Art/Props/Seaweed/seaweeds.01_00212.png using Guid(fa045c3c7ba7414439bface40ae43bac) Importer(815301076,1909f56bfc062723c751e8b465ee728b)  -> (artifact id: '1aabbfd63a2eefe9c7151a0be9626bf8') in 0.044816 seconds 
========================================================================
Received Import Request.
  Time since last request: 0.000050 seconds.
  path: Assets/Art/Props/Seaweed/seaweeds.01_00163.png
  artifactKey: Guid(d774688df768c2145bfe386fec449b30) Importer(815301076,1909f56bfc062723c751e8b465ee728b)
Start importing Assets/Art/Props/Seaweed/seaweeds.01_00163.png using Guid(d774688df768c2145bfe386fec449b30) Importer(815301076,1909f56bfc062723c751e8b465ee728b)  -> (artifact id: '3bc7e6f097071d444c083589fb58cd82') in 0.043520 seconds 
========================================================================
Received Import Request.
  Time since last request: 0.000026 seconds.
  path: Assets/Art/Props/Seaweed/seaweeds.01_00143.png
  artifactKey: Guid(3b0a0a5fc79f2594d9fb1139d09d5de7) Importer(815301076,1909f56bfc062723c751e8b465ee728b)
Start importing Assets/Art/Props/Seaweed/seaweeds.01_00143.png using Guid(3b0a0a5fc79f2594d9fb1139d09d5de7) Importer(815301076,1909f56bfc062723c751e8b465ee728b)  -> (artifact id: '61d664fcdba29c179e43f17c74a6ced8') in 0.044255 seconds 
========================================================================
Received Import Request.
  Time since last request: 0.000027 seconds.
  path: Assets/Art/Props/Seaweed/seaweeds.01_00169.png
  artifactKey: Guid(ae95b383d2d9f444ba0e7d1d1223e4d1) Importer(815301076,1909f56bfc062723c751e8b465ee728b)
Start importing Assets/Art/Props/Seaweed/seaweeds.01_00169.png using Guid(ae95b383d2d9f444ba0e7d1d1223e4d1) Importer(815301076,1909f56bfc062723c751e8b465ee728b)  -> (artifact id: 'f762ba44786097659469ab06ae69dfe1') in 0.046145 seconds 
========================================================================
Received Import Request.
  Time since last request: 0.000026 seconds.
  path: Assets/Art/Props/Seaweed/seaweeds.01_00232.png
  artifactKey: Guid(9a1b78b51bb6af44b9fbfc859dea0172) Importer(815301076,1909f56bfc062723c751e8b465ee728b)
Start importing Assets/Art/Props/Seaweed/seaweeds.01_00232.png using Guid(9a1b78b51bb6af44b9fbfc859dea0172) Importer(815301076,1909f56bfc062723c751e8b465ee728b)  -> (artifact id: 'd7abde770fa81e414c7bebc9980feb93') in 0.045912 seconds 
========================================================================
Received Import Request.
  Time since last request: 0.000052 seconds.
  path: Assets/Art/Props/Seaweed/seaweeds.01_00091.png
  artifactKey: Guid(62102b8aa514e0f40b0ba949be80639a) Importer(815301076,1909f56bfc062723c751e8b465ee728b)
Start importing Assets/Art/Props/Seaweed/seaweeds.01_00091.png using Guid(62102b8aa514e0f40b0ba949be80639a) Importer(815301076,1909f56bfc062723c751e8b465ee728b)  -> (artifact id: '86a2ef8d38227c0e8808b061553fd2f4') in 0.049593 seconds 
========================================================================
Received Import Request.
  Time since last request: 0.000034 seconds.
  path: Assets/Art/Props/Seaweed/seaweeds.01_00353.png
  artifactKey: Guid(229ac3f910bed594ebf0d65aacd552c8) Importer(815301076,1909f56bfc062723c751e8b465ee728b)
Start importing Assets/Art/Props/Seaweed/seaweeds.01_00353.png using Guid(229ac3f910bed594ebf0d65aacd552c8) Importer(815301076,1909f56bfc062723c751e8b465ee728b)  -> (artifact id: 'd283ed48638331793c27c97054a59445') in 0.041401 seconds 
Editor requested this worker to shutdown with reason: Scaling down because of idle timeout
AssetImportWorker is now disconnected from the server
Process exiting
Exiting without the bug reporter. Application will terminate with return code 0