Using pre-set license
Built from '2021.2/staging' branch; Version is '2021.2.5f1 (4ec9a5e799f5) revision 5163429'; Using compiler version '192829333'; Build Type 'Release'
OS: 'Windows 10  (10.0.19044) 64bit Core' Language: 'en' Physical Memory: 16253 MB
BatchMode: 1, IsHumanControllingUs: 0, StartBugReporterOnCrash: 0, Is64bit: 1, IsPro: 0

COMMAND LINE ARGUMENTS:
C:\Program Files\Unity\Hub\Editor\2021.2.5f1\Editor\Unity.exe
-adb2
-batchMode
-noUpm
-name
AssetImportWorker11
-projectPath
C:/_FILES/3D/GPW Climate Crisis/Github Repository
-logFile
Logs/AssetImportWorker11.log
-srvPort
50493
Successfully changed project path to: C:/_FILES/3D/GPW Climate Crisis/Github Repository
C:/_FILES/3D/GPW Climate Crisis/Github Repository
[UnityMemory] Configuration Parameters - Can be set up in boot.config
    "memorysetup-bucket-allocator-granularity=16"
    "memorysetup-bucket-allocator-bucket-count=8"
    "memorysetup-bucket-allocator-block-size=33554432"
    "memorysetup-bucket-allocator-block-count=8"
    "memorysetup-main-allocator-block-size=16777216"
    "memorysetup-thread-allocator-block-size=16777216"
    "memorysetup-gfx-main-allocator-block-size=16777216"
    "memorysetup-gfx-thread-allocator-block-size=16777216"
    "memorysetup-cache-allocator-block-size=4194304"
    "memorysetup-typetree-allocator-block-size=2097152"
    "memorysetup-profiler-bucket-allocator-granularity=16"
    "memorysetup-profiler-bucket-allocator-bucket-count=8"
    "memorysetup-profiler-bucket-allocator-block-size=33554432"
    "memorysetup-profiler-bucket-allocator-block-count=8"
    "memorysetup-profiler-allocator-block-size=16777216"
    "memorysetup-profiler-editor-allocator-block-size=1048576"
    "memorysetup-temp-allocator-size-main=16777216"
    "memorysetup-job-temp-allocator-block-size=2097152"
    "memorysetup-job-temp-allocator-block-size-background=1048576"
    "memorysetup-job-temp-allocator-reduction-small-platforms=262144"
    "memorysetup-temp-allocator-size-background-worker=32768"
    "memorysetup-temp-allocator-size-job-worker=262144"
    "memorysetup-temp-allocator-size-preload-manager=33554432"
    "memorysetup-temp-allocator-size-nav-mesh-worker=65536"
    "memorysetup-temp-allocator-size-audio-worker=65536"
    "memorysetup-temp-allocator-size-cloud-worker=32768"
    "memorysetup-temp-allocator-size-gi-baking-worker=262144"
    "memorysetup-temp-allocator-size-gfx=262144"
Refreshing native plugins compatible for Editor in 89.40 ms, found 3 plugins.
Preloading 0 native plugins for Editor in 0.00 ms.
Initialize engine version: 2021.2.5f1 (4ec9a5e799f5)
[Subsystems] Discovering subsystems at path C:/Program Files/Unity/Hub/Editor/2021.2.5f1/Editor/Data/Resources/UnitySubsystems
[Subsystems] Discovering subsystems at path C:/_FILES/3D/GPW Climate Crisis/Github Repository/Assets
GfxDevice: creating device client; threaded=0; jobified=0
Direct3D:
    Version:  Direct3D 11.0 [level 11.1]
    Renderer: NVIDIA GeForce RTX 2060 (ID=0x1f15)
    Vendor:   NVIDIA
    VRAM:     5980 MB
    Driver:   30.0.15.1123
Initialize mono
Mono path[0] = 'C:/Program Files/Unity/Hub/Editor/2021.2.5f1/Editor/Data/Managed'
Mono path[1] = 'C:/Program Files/Unity/Hub/Editor/2021.2.5f1/Editor/Data/MonoBleedingEdge/lib/mono/unityjit-win32'
Mono config path = 'C:/Program Files/Unity/Hub/Editor/2021.2.5f1/Editor/Data/MonoBleedingEdge/etc'
Using monoOptions --debugger-agent=transport=dt_socket,embedding=1,server=y,suspend=n,address=127.0.0.1:56148
Begin MonoManager ReloadAssembly
Registering precompiled unity dll's ...
Register platform support module: C:/Program Files/Unity/Hub/Editor/2021.2.5f1/Editor/Data/PlaybackEngines/WindowsStandaloneSupport/UnityEditor.WindowsStandalone.Extensions.dll
Registered in 0.009260 seconds.
Native extension for WindowsStandalone target not found
Refreshing native plugins compatible for Editor in 85.54 ms, found 3 plugins.
Preloading 0 native plugins for Editor in 0.00 ms.
Mono: successfully reloaded assembly
- Completed reload, in  0.702 seconds
Domain Reload Profiling:
	ReloadAssembly (703ms)
		BeginReloadAssembly (86ms)
			ExecutionOrderSort (0ms)
			DisableScriptedObjects (0ms)
			BackupInstance (0ms)
			ReleaseScriptingObjects (0ms)
			CreateAndSetChildDomain (1ms)
		EndReloadAssembly (525ms)
			LoadAssemblies (83ms)
			RebuildTransferFunctionScriptingTraits (0ms)
			SetupTypeCache (118ms)
			ReleaseScriptCaches (0ms)
			RebuildScriptCaches (31ms)
			SetupLoadedEditorAssemblies (320ms)
				LogAssemblyErrors (0ms)
				InitializePlatformSupportModulesInManaged (17ms)
				SetLoadedEditorAssemblies (0ms)
				RefreshPlugins (86ms)
				BeforeProcessingInitializeOnLoad (1ms)
				ProcessInitializeOnLoadAttributes (163ms)
				ProcessInitializeOnLoadMethodAttributes (53ms)
				AfterProcessingInitializeOnLoad (0ms)
				EditorAssembliesLoaded (0ms)
			ExecutionOrderSort2 (0ms)
			AwakeInstancesAfterBackupRestoration (0ms)
Platform modules already initialized, skipping
Registering precompiled user dll's ...
Registered in 0.007230 seconds.
Begin MonoManager ReloadAssembly
Native extension for WindowsStandalone target not found
Refreshing native plugins compatible for Editor in 85.92 ms, found 3 plugins.
Preloading 0 native plugins for Editor in 0.00 ms.
Mono: successfully reloaded assembly
- Completed reload, in  2.078 seconds
Domain Reload Profiling:
	ReloadAssembly (2079ms)
		BeginReloadAssembly (180ms)
			ExecutionOrderSort (0ms)
			DisableScriptedObjects (6ms)
			BackupInstance (0ms)
			ReleaseScriptingObjects (0ms)
			CreateAndSetChildDomain (22ms)
		EndReloadAssembly (1786ms)
			LoadAssemblies (95ms)
			RebuildTransferFunctionScriptingTraits (0ms)
			SetupTypeCache (265ms)
			ReleaseScriptCaches (1ms)
			RebuildScriptCaches (76ms)
			SetupLoadedEditorAssemblies (1236ms)
				LogAssemblyErrors (0ms)
				InitializePlatformSupportModulesInManaged (13ms)
				SetLoadedEditorAssemblies (0ms)
				RefreshPlugins (86ms)
				BeforeProcessingInitializeOnLoad (108ms)
				ProcessInitializeOnLoadAttributes (908ms)
				ProcessInitializeOnLoadMethodAttributes (109ms)
				AfterProcessingInitializeOnLoad (11ms)
				EditorAssembliesLoaded (0ms)
			ExecutionOrderSort2 (0ms)
			AwakeInstancesAfterBackupRestoration (10ms)
Platform modules already initialized, skipping
========================================================================
Worker process is ready to serve import requests
Launched and connected shader compiler UnityShaderCompiler.exe after 0.07 seconds
Refreshing native plugins compatible for Editor in 0.93 ms, found 3 plugins.
Preloading 0 native plugins for Editor in 0.00 ms.
Unloading 3941 Unused Serialized files (Serialized files now loaded: 0)
Unloading 52 unused Assets / (0.8 MB). Loaded Objects now: 4394.
Memory consumption went from 177.2 MB to 176.4 MB.
Total: 5.413800 ms (FindLiveObjects: 0.439100 ms CreateObjectMapping: 0.251100 ms MarkObjects: 4.223000 ms  DeleteObjects: 0.498200 ms)

AssetImportParameters requested are different than current active one (requested -> active):
  custom:video-decoder-ogg-theora: a1e56fd34408186e4bbccfd4996cb3dc -> 
  custom:container-muxer-webm: aa71ff27fc2769a1b78a27578f13a17b -> 
  custom:container-demuxer-webm: 4f35f7cbe854078d1ac9338744f61a02 -> 
  custom:video-encoder-webm-vp8: eb34c28f22e8b96e1ab97ce403110664 -> 
  custom:video-codec-MediaFoundation-h265: 746d11721c4dcdbdad8f713fa42b33f4 -> 
  custom:audio-encoder-webm-vorbis: bf7c407c2cedff20999df2af8eb42d56 -> 
  custom:framework-win-MediaFoundation: 216162199b28c13a410421893ffa2e32 -> 
  custom:container-demuxer-ogg: 62fdf1f143b41e24485cea50d1cbac27 -> 
  custom:video-decoder-webm-vp8: 9c59270c3fd7afecdb556c50c9e8de78 -> 
  custom:audio-decoder-ogg-vorbis: bf7c407c2cedff20999df2af8eb42d56 -> 
========================================================================
Received Import Request.
  Time since last request: 259637.121868 seconds.
  path: Assets/Art/Props/Seaweed/seaweeds.01_00089.png
  artifactKey: Guid(634564a258e25a24ea01937b284586a9) Importer(815301076,1909f56bfc062723c751e8b465ee728b)
Start importing Assets/Art/Props/Seaweed/seaweeds.01_00089.png using Guid(634564a258e25a24ea01937b284586a9) Importer(815301076,1909f56bfc062723c751e8b465ee728b)  -> (artifact id: '253c6bccf7958ffef993cfa71d87e65d') in 0.188829 seconds 
========================================================================
Received Import Request.
  Time since last request: 0.000023 seconds.
  path: Assets/Art/Props/Seaweed/seaweeds.01_00209.png
  artifactKey: Guid(80860981592877941b6b2b561ec1d3b9) Importer(815301076,1909f56bfc062723c751e8b465ee728b)
Start importing Assets/Art/Props/Seaweed/seaweeds.01_00209.png using Guid(80860981592877941b6b2b561ec1d3b9) Importer(815301076,1909f56bfc062723c751e8b465ee728b)  -> (artifact id: 'c12327f8ce8a8d85d266d6e1cdd7d022') in 0.044197 seconds 
========================================================================
Received Import Request.
  Time since last request: 0.000030 seconds.
  path: Assets/Art/Props/Seaweed/seaweeds.01_00067.png
  artifactKey: Guid(cc01f6126f07ac54fa63bb9abfb274c2) Importer(815301076,1909f56bfc062723c751e8b465ee728b)
Start importing Assets/Art/Props/Seaweed/seaweeds.01_00067.png using Guid(cc01f6126f07ac54fa63bb9abfb274c2) Importer(815301076,1909f56bfc062723c751e8b465ee728b)  -> (artifact id: '237a50a9e352e4a715ee2feec0e3daf4') in 0.049246 seconds 
========================================================================
Received Import Request.
  Time since last request: 0.000026 seconds.
  path: Assets/Art/Props/Seaweed/seaweeds.01_00175.png
  artifactKey: Guid(cfa83b3c6d2328742a0de5bc37ba53d6) Importer(815301076,1909f56bfc062723c751e8b465ee728b)
Start importing Assets/Art/Props/Seaweed/seaweeds.01_00175.png using Guid(cfa83b3c6d2328742a0de5bc37ba53d6) Importer(815301076,1909f56bfc062723c751e8b465ee728b)  -> (artifact id: 'd80c738d95ed556ee5f32805b90fb53b') in 0.049240 seconds 
========================================================================
Received Import Request.
  Time since last request: 0.000023 seconds.
  path: Assets/Art/Props/Seaweed/seaweeds.01_00068.png
  artifactKey: Guid(8ea713fbd9e665c46a1d16272f62b660) Importer(815301076,1909f56bfc062723c751e8b465ee728b)
Start importing Assets/Art/Props/Seaweed/seaweeds.01_00068.png using Guid(8ea713fbd9e665c46a1d16272f62b660) Importer(815301076,1909f56bfc062723c751e8b465ee728b)  -> (artifact id: 'cf710f3f3a19ee674f819a25174f6c02') in 0.043344 seconds 
========================================================================
Received Import Request.
  Time since last request: 0.000029 seconds.
  path: Assets/Art/Props/Seaweed/seaweeds.01_00230.png
  artifactKey: Guid(9730394053351f44c850d0cc7b0d65f2) Importer(815301076,1909f56bfc062723c751e8b465ee728b)
Start importing Assets/Art/Props/Seaweed/seaweeds.01_00230.png using Guid(9730394053351f44c850d0cc7b0d65f2) Importer(815301076,1909f56bfc062723c751e8b465ee728b)  -> (artifact id: '6629dc8a2c11a1ace09e73c76691269e') in 0.045365 seconds 
========================================================================
Received Import Request.
  Time since last request: 0.000051 seconds.
  path: Assets/Art/Props/Seaweed/seaweeds.01_00129.png
  artifactKey: Guid(8994a0ba7c12b0c4da279ba6c865dd16) Importer(815301076,1909f56bfc062723c751e8b465ee728b)
Start importing Assets/Art/Props/Seaweed/seaweeds.01_00129.png using Guid(8994a0ba7c12b0c4da279ba6c865dd16) Importer(815301076,1909f56bfc062723c751e8b465ee728b)  -> (artifact id: '2fd66866364423fafa7d9142ba58a538') in 0.045168 seconds 
========================================================================
Received Import Request.
  Time since last request: 0.000027 seconds.
  path: Assets/Art/Props/Seaweed/seaweeds.01_00090.png
  artifactKey: Guid(195306971b1860247b0d01608d1a9434) Importer(815301076,1909f56bfc062723c751e8b465ee728b)
Start importing Assets/Art/Props/Seaweed/seaweeds.01_00090.png using Guid(195306971b1860247b0d01608d1a9434) Importer(815301076,1909f56bfc062723c751e8b465ee728b)  -> (artifact id: '7a30b882d994c34a0105443fa663c834') in 0.046993 seconds 
========================================================================
Received Import Request.
  Time since last request: 0.000028 seconds.
  path: Assets/Art/Props/Seaweed/seaweeds.01_00183.png
  artifactKey: Guid(6dd80e1d281f3a048a00eebffcc3ce43) Importer(815301076,1909f56bfc062723c751e8b465ee728b)
Start importing Assets/Art/Props/Seaweed/seaweeds.01_00183.png using Guid(6dd80e1d281f3a048a00eebffcc3ce43) Importer(815301076,1909f56bfc062723c751e8b465ee728b)  -> (artifact id: '4cb5323ad23ac0070ff23b73b357f034') in 0.045520 seconds 
========================================================================
Received Import Request.
  Time since last request: 0.000029 seconds.
  path: Assets/Art/Props/Seaweed/seaweeds.01_00063.png
  artifactKey: Guid(e70b48d3961f53e4391ac30338210106) Importer(815301076,1909f56bfc062723c751e8b465ee728b)
Start importing Assets/Art/Props/Seaweed/seaweeds.01_00063.png using Guid(e70b48d3961f53e4391ac30338210106) Importer(815301076,1909f56bfc062723c751e8b465ee728b)  -> (artifact id: '0a8939b168543212d267de225dc6cb7d') in 0.044894 seconds 
========================================================================
Received Import Request.
  Time since last request: 0.000025 seconds.
  path: Assets/Art/Props/Seaweed/seaweeds.01_00289.png
  artifactKey: Guid(420f51152de21a245b3fb86128d41ecf) Importer(815301076,1909f56bfc062723c751e8b465ee728b)
Start importing Assets/Art/Props/Seaweed/seaweeds.01_00289.png using Guid(420f51152de21a245b3fb86128d41ecf) Importer(815301076,1909f56bfc062723c751e8b465ee728b)  -> (artifact id: 'f892813ac50f72512ead16ba466a4587') in 0.043923 seconds 
========================================================================
Received Import Request.
  Time since last request: 0.000126 seconds.
  path: Assets/Art/Props/Seaweed/seaweeds.01_00217.png
  artifactKey: Guid(3961a1b8e0f77db4798a110d92bbbe23) Importer(815301076,1909f56bfc062723c751e8b465ee728b)
Start importing Assets/Art/Props/Seaweed/seaweeds.01_00217.png using Guid(3961a1b8e0f77db4798a110d92bbbe23) Importer(815301076,1909f56bfc062723c751e8b465ee728b)  -> (artifact id: '0c34eda1bd100efb2dd3014b2aa34a83') in 0.051302 seconds 
========================================================================
Received Import Request.
  Time since last request: 0.000029 seconds.
  path: Assets/Art/Props/Seaweed/seaweeds.01_00151.png
  artifactKey: Guid(f9a1fb9828d08394db3aa3ef074fb520) Importer(815301076,1909f56bfc062723c751e8b465ee728b)
Start importing Assets/Art/Props/Seaweed/seaweeds.01_00151.png using Guid(f9a1fb9828d08394db3aa3ef074fb520) Importer(815301076,1909f56bfc062723c751e8b465ee728b)  -> (artifact id: '0f83469893e0aa32938fce7644e5c75b') in 0.044450 seconds 
========================================================================
Received Import Request.
  Time since last request: 0.000027 seconds.
  path: Assets/Art/Props/Seaweed/seaweeds.01_00249.png
  artifactKey: Guid(e8448c82bf5ec804da4f05180cb537f0) Importer(815301076,1909f56bfc062723c751e8b465ee728b)
Start importing Assets/Art/Props/Seaweed/seaweeds.01_00249.png using Guid(e8448c82bf5ec804da4f05180cb537f0) Importer(815301076,1909f56bfc062723c751e8b465ee728b)  -> (artifact id: '3b67788379a1e951ca4299e9f4439a47') in 0.047660 seconds 
========================================================================
Received Import Request.
  Time since last request: 0.000025 seconds.
  path: Assets/Art/Props/Seaweed/seaweeds.01_00128.png
  artifactKey: Guid(9661e9f628d88424d9a83aab5a48d87a) Importer(815301076,1909f56bfc062723c751e8b465ee728b)
Start importing Assets/Art/Props/Seaweed/seaweeds.01_00128.png using Guid(9661e9f628d88424d9a83aab5a48d87a) Importer(815301076,1909f56bfc062723c751e8b465ee728b)  -> (artifact id: 'fd477bc283cfc3fab12c51b3a9f0777e') in 0.046217 seconds 
========================================================================
Received Import Request.
  Time since last request: 0.000037 seconds.
  path: Assets/Art/Props/Seaweed/seaweeds.01_00345.png
  artifactKey: Guid(769e2bec3835b454897093bcdd50f810) Importer(815301076,1909f56bfc062723c751e8b465ee728b)
Start importing Assets/Art/Props/Seaweed/seaweeds.01_00345.png using Guid(769e2bec3835b454897093bcdd50f810) Importer(815301076,1909f56bfc062723c751e8b465ee728b)  -> (artifact id: '526f7c8e1b2e9bf003a78b343d3da21b') in 0.043329 seconds 
========================================================================
Received Import Request.
  Time since last request: 0.000021 seconds.
  path: Assets/Art/Props/Seaweed/seaweeds.01_00253.png
  artifactKey: Guid(96ba922857ebe12409309a34ca88a4e4) Importer(815301076,1909f56bfc062723c751e8b465ee728b)
Start importing Assets/Art/Props/Seaweed/seaweeds.01_00253.png using Guid(96ba922857ebe12409309a34ca88a4e4) Importer(815301076,1909f56bfc062723c751e8b465ee728b)  -> (artifact id: 'b6e5196e59097560a04694a2fe043d7e') in 0.043242 seconds 
========================================================================
Received Import Request.
  Time since last request: 0.000029 seconds.
  path: Assets/Art/Props/Seaweed/seaweeds.01_00358.png
  artifactKey: Guid(5e05b5adf5bf62f4386cea6592a60c57) Importer(815301076,1909f56bfc062723c751e8b465ee728b)
Start importing Assets/Art/Props/Seaweed/seaweeds.01_00358.png using Guid(5e05b5adf5bf62f4386cea6592a60c57) Importer(815301076,1909f56bfc062723c751e8b465ee728b)  -> (artifact id: '9ce73f93c55640938219217ae23a2ccf') in 0.049384 seconds 
========================================================================
Received Import Request.
  Time since last request: 0.000028 seconds.
  path: Assets/Art/Props/Seaweed/seaweeds.01_00283.png
  artifactKey: Guid(2b36a6147b715b445b181cb8865ef613) Importer(815301076,1909f56bfc062723c751e8b465ee728b)
Start importing Assets/Art/Props/Seaweed/seaweeds.01_00283.png using Guid(2b36a6147b715b445b181cb8865ef613) Importer(815301076,1909f56bfc062723c751e8b465ee728b)  -> (artifact id: 'c759cc272a98c33767977486a7e8f334') in 0.045061 seconds 
========================================================================
Received Import Request.
  Time since last request: 0.000030 seconds.
  path: Assets/Art/Props/Seaweed/seaweeds.01_00064.png
  artifactKey: Guid(0cfb4e0c996a6954b9a3846bb0df7c10) Importer(815301076,1909f56bfc062723c751e8b465ee728b)
Start importing Assets/Art/Props/Seaweed/seaweeds.01_00064.png using Guid(0cfb4e0c996a6954b9a3846bb0df7c10) Importer(815301076,1909f56bfc062723c751e8b465ee728b)  -> (artifact id: 'fba3e66eb13dc0184b85507763fd8732') in 0.051409 seconds 
========================================================================
Received Import Request.
  Time since last request: 0.000040 seconds.
  path: Assets/Art/Props/Seaweed/seaweeds.01_00314.png
  artifactKey: Guid(c394183367a765f409a325ef3d718d92) Importer(815301076,1909f56bfc062723c751e8b465ee728b)
Start importing Assets/Art/Props/Seaweed/seaweeds.01_00314.png using Guid(c394183367a765f409a325ef3d718d92) Importer(815301076,1909f56bfc062723c751e8b465ee728b)  -> (artifact id: '0fe40e3bcb5c6b06652d9f65c0d6e792') in 0.047119 seconds 
========================================================================
Received Import Request.
  Time since last request: 0.000029 seconds.
  path: Assets/Art/Props/Seaweed/seaweeds.01_00310.png
  artifactKey: Guid(11d7b1719cbc912438f99d38071057fe) Importer(815301076,1909f56bfc062723c751e8b465ee728b)
Start importing Assets/Art/Props/Seaweed/seaweeds.01_00310.png using Guid(11d7b1719cbc912438f99d38071057fe) Importer(815301076,1909f56bfc062723c751e8b465ee728b)  -> (artifact id: 'b9d1354876b9c187cf303e6bebce2ea6') in 0.044166 seconds 
========================================================================
Received Import Request.
  Time since last request: 45.415488 seconds.
  path: Assets/Prefabs/Crust_new.prefab
  artifactKey: Guid(59ef4eb922a2bce4d92bc0bdf4992cd4) Importer(815301076,1909f56bfc062723c751e8b465ee728b)
Start importing Assets/Prefabs/Crust_new.prefab using Guid(59ef4eb922a2bce4d92bc0bdf4992cd4) Importer(815301076,1909f56bfc062723c751e8b465ee728b)  -> (artifact id: 'ebffac10850fc1c544b9834cc12a563d') in 0.221288 seconds 
========================================================================
Received Import Request.
  Time since last request: 14.732086 seconds.
  path: Assets/Prefabs/Crust_new.prefab
  artifactKey: Guid(59ef4eb922a2bce4d92bc0bdf4992cd4) Importer(815301076,1909f56bfc062723c751e8b465ee728b)
Start importing Assets/Prefabs/Crust_new.prefab using Guid(59ef4eb922a2bce4d92bc0bdf4992cd4) Importer(815301076,1909f56bfc062723c751e8b465ee728b)  -> (artifact id: '25226c7fa75715056aa5b958d150f56b') in 0.053764 seconds 
========================================================================
Received Import Request.
  Time since last request: 3.462101 seconds.
  path: Assets/Prefabs/Crust_new.prefab
  artifactKey: Guid(59ef4eb922a2bce4d92bc0bdf4992cd4) Importer(815301076,1909f56bfc062723c751e8b465ee728b)
Start importing Assets/Prefabs/Crust_new.prefab using Guid(59ef4eb922a2bce4d92bc0bdf4992cd4) Importer(815301076,1909f56bfc062723c751e8b465ee728b)  -> (artifact id: '91297e184fd56eef804fb0c9f70510c3') in 0.050704 seconds 
========================================================================
Received Prepare
Registering precompiled user dll's ...
Registered in 0.006795 seconds.
Begin MonoManager ReloadAssembly
Native extension for WindowsStandalone target not found
Refreshing native plugins compatible for Editor in 0.89 ms, found 3 plugins.
Preloading 0 native plugins for Editor in 0.00 ms.
Mono: successfully reloaded assembly
- Completed reload, in  1.327 seconds
Domain Reload Profiling:
	ReloadAssembly (1328ms)
		BeginReloadAssembly (160ms)
			ExecutionOrderSort (0ms)
			DisableScriptedObjects (7ms)
			BackupInstance (0ms)
			ReleaseScriptingObjects (0ms)
			CreateAndSetChildDomain (47ms)
		EndReloadAssembly (1076ms)
			LoadAssemblies (76ms)
			RebuildTransferFunctionScriptingTraits (0ms)
			SetupTypeCache (216ms)
			ReleaseScriptCaches (2ms)
			RebuildScriptCaches (47ms)
			SetupLoadedEditorAssemblies (549ms)
				LogAssemblyErrors (0ms)
				InitializePlatformSupportModulesInManaged (12ms)
				SetLoadedEditorAssemblies (0ms)
				RefreshPlugins (1ms)
				BeforeProcessingInitializeOnLoad (83ms)
				ProcessInitializeOnLoadAttributes (367ms)
				ProcessInitializeOnLoadMethodAttributes (77ms)
				AfterProcessingInitializeOnLoad (9ms)
				EditorAssembliesLoaded (0ms)
			ExecutionOrderSort2 (0ms)
			AwakeInstancesAfterBackupRestoration (21ms)
Platform modules already initialized, skipping
Refreshing native plugins compatible for Editor in 1.00 ms, found 3 plugins.
Preloading 0 native plugins for Editor in 0.00 ms.
Unloading 3873 Unused Serialized files (Serialized files now loaded: 0)
Unloading 26 unused Assets / (380.5 KB). Loaded Objects now: 4802.
Memory consumption went from 202.8 MB to 202.5 MB.
Total: 4.398000 ms (FindLiveObjects: 0.435500 ms CreateObjectMapping: 0.247400 ms MarkObjects: 3.616900 ms  DeleteObjects: 0.096900 ms)

AssetImportParameters requested are different than current active one (requested -> active):
  custom:video-decoder-ogg-theora: a1e56fd34408186e4bbccfd4996cb3dc -> 
  custom:container-muxer-webm: aa71ff27fc2769a1b78a27578f13a17b -> 
  custom:container-demuxer-webm: 4f35f7cbe854078d1ac9338744f61a02 -> 
  custom:video-encoder-webm-vp8: eb34c28f22e8b96e1ab97ce403110664 -> 
  custom:video-codec-MediaFoundation-h265: 746d11721c4dcdbdad8f713fa42b33f4 -> 
  custom:audio-encoder-webm-vorbis: bf7c407c2cedff20999df2af8eb42d56 -> 
  custom:framework-win-MediaFoundation: 216162199b28c13a410421893ffa2e32 -> 
  custom:container-demuxer-ogg: 62fdf1f143b41e24485cea50d1cbac27 -> 
  custom:video-decoder-webm-vp8: 9c59270c3fd7afecdb556c50c9e8de78 -> 
  custom:audio-decoder-ogg-vorbis: bf7c407c2cedff20999df2af8eb42d56 -> 
========================================================================
Received Import Request.
  Time since last request: 99.606645 seconds.
  path: Assets/Prefabs/Crust_new.prefab
  artifactKey: Guid(59ef4eb922a2bce4d92bc0bdf4992cd4) Importer(815301076,1909f56bfc062723c751e8b465ee728b)
Start importing Assets/Prefabs/Crust_new.prefab using Guid(59ef4eb922a2bce4d92bc0bdf4992cd4) Importer(815301076,1909f56bfc062723c751e8b465ee728b)  -> (artifact id: '658c84321f3d9d838e9dda7132d60e8e') in 0.190173 seconds 
========================================================================
Received Import Request.
  Time since last request: 0.748488 seconds.
  path: Assets/Prefabs/Crust_new.prefab
  artifactKey: Guid(59ef4eb922a2bce4d92bc0bdf4992cd4) Importer(815301076,1909f56bfc062723c751e8b465ee728b)
Start importing Assets/Prefabs/Crust_new.prefab using Guid(59ef4eb922a2bce4d92bc0bdf4992cd4) Importer(815301076,1909f56bfc062723c751e8b465ee728b)  -> (artifact id: '124c373184f12c9a41e7f7da076adea5') in 0.065283 seconds 
========================================================================
Received Import Request.
  Time since last request: 4.869288 seconds.
  path: Assets/Prefabs/Seaweed.prefab
  artifactKey: Guid(18c78b76d9689864287faa2f3cb4a89e) Importer(815301076,1909f56bfc062723c751e8b465ee728b)
Start importing Assets/Prefabs/Seaweed.prefab using Guid(18c78b76d9689864287faa2f3cb4a89e) Importer(815301076,1909f56bfc062723c751e8b465ee728b)  -> (artifact id: 'dc7cf04d8a828e1f98ef777f31189580') in 0.056007 seconds 
