Using pre-set license
Built from '2021.2/staging' branch; Version is '2021.2.5f1 (4ec9a5e799f5) revision 5163429'; Using compiler version '192829333'; Build Type 'Release'
OS: 'Windows 10  (10.0.19044) 64bit Core' Language: 'en' Physical Memory: 16253 MB
BatchMode: 1, IsHumanControllingUs: 0, StartBugReporterOnCrash: 0, Is64bit: 1, IsPro: 0

COMMAND LINE ARGUMENTS:
C:\Program Files\Unity\Hub\Editor\2021.2.5f1\Editor\Unity.exe
-adb2
-batchMode
-noUpm
-name
AssetImportWorker10
-projectPath
C:/_FILES/3D/GPW Climate Crisis/Github Repository
-logFile
Logs/AssetImportWorker10.log
-srvPort
50493
Successfully changed project path to: C:/_FILES/3D/GPW Climate Crisis/Github Repository
C:/_FILES/3D/GPW Climate Crisis/Github Repository
[UnityMemory] Configuration Parameters - Can be set up in boot.config
    "memorysetup-bucket-allocator-granularity=16"
    "memorysetup-bucket-allocator-bucket-count=8"
    "memorysetup-bucket-allocator-block-size=33554432"
    "memorysetup-bucket-allocator-block-count=8"
    "memorysetup-main-allocator-block-size=16777216"
    "memorysetup-thread-allocator-block-size=16777216"
    "memorysetup-gfx-main-allocator-block-size=16777216"
    "memorysetup-gfx-thread-allocator-block-size=16777216"
    "memorysetup-cache-allocator-block-size=4194304"
    "memorysetup-typetree-allocator-block-size=2097152"
    "memorysetup-profiler-bucket-allocator-granularity=16"
    "memorysetup-profiler-bucket-allocator-bucket-count=8"
    "memorysetup-profiler-bucket-allocator-block-size=33554432"
    "memorysetup-profiler-bucket-allocator-block-count=8"
    "memorysetup-profiler-allocator-block-size=16777216"
    "memorysetup-profiler-editor-allocator-block-size=1048576"
    "memorysetup-temp-allocator-size-main=16777216"
    "memorysetup-job-temp-allocator-block-size=2097152"
    "memorysetup-job-temp-allocator-block-size-background=1048576"
    "memorysetup-job-temp-allocator-reduction-small-platforms=262144"
    "memorysetup-temp-allocator-size-background-worker=32768"
    "memorysetup-temp-allocator-size-job-worker=262144"
    "memorysetup-temp-allocator-size-preload-manager=33554432"
    "memorysetup-temp-allocator-size-nav-mesh-worker=65536"
    "memorysetup-temp-allocator-size-audio-worker=65536"
    "memorysetup-temp-allocator-size-cloud-worker=32768"
    "memorysetup-temp-allocator-size-gi-baking-worker=262144"
    "memorysetup-temp-allocator-size-gfx=262144"
Refreshing native plugins compatible for Editor in 75.68 ms, found 3 plugins.
Preloading 0 native plugins for Editor in 0.00 ms.
Initialize engine version: 2021.2.5f1 (4ec9a5e799f5)
[Subsystems] Discovering subsystems at path C:/Program Files/Unity/Hub/Editor/2021.2.5f1/Editor/Data/Resources/UnitySubsystems
[Subsystems] Discovering subsystems at path C:/_FILES/3D/GPW Climate Crisis/Github Repository/Assets
GfxDevice: creating device client; threaded=0; jobified=0
Direct3D:
    Version:  Direct3D 11.0 [level 11.1]
    Renderer: NVIDIA GeForce RTX 2060 (ID=0x1f15)
    Vendor:   NVIDIA
    VRAM:     5980 MB
    Driver:   30.0.15.1123
Initialize mono
Mono path[0] = 'C:/Program Files/Unity/Hub/Editor/2021.2.5f1/Editor/Data/Managed'
Mono path[1] = 'C:/Program Files/Unity/Hub/Editor/2021.2.5f1/Editor/Data/MonoBleedingEdge/lib/mono/unityjit-win32'
Mono config path = 'C:/Program Files/Unity/Hub/Editor/2021.2.5f1/Editor/Data/MonoBleedingEdge/etc'
Using monoOptions --debugger-agent=transport=dt_socket,embedding=1,server=y,suspend=n,address=127.0.0.1:56776
Begin MonoManager ReloadAssembly
Registering precompiled unity dll's ...
Register platform support module: C:/Program Files/Unity/Hub/Editor/2021.2.5f1/Editor/Data/PlaybackEngines/WindowsStandaloneSupport/UnityEditor.WindowsStandalone.Extensions.dll
Registered in 0.006980 seconds.
Native extension for WindowsStandalone target not found
Refreshing native plugins compatible for Editor in 70.88 ms, found 3 plugins.
Preloading 0 native plugins for Editor in 0.00 ms.
Mono: successfully reloaded assembly
- Completed reload, in  0.562 seconds
Domain Reload Profiling:
	ReloadAssembly (562ms)
		BeginReloadAssembly (67ms)
			ExecutionOrderSort (0ms)
			DisableScriptedObjects (0ms)
			BackupInstance (0ms)
			ReleaseScriptingObjects (0ms)
			CreateAndSetChildDomain (1ms)
		EndReloadAssembly (420ms)
			LoadAssemblies (65ms)
			RebuildTransferFunctionScriptingTraits (0ms)
			SetupTypeCache (92ms)
			ReleaseScriptCaches (0ms)
			RebuildScriptCaches (26ms)
			SetupLoadedEditorAssemblies (254ms)
				LogAssemblyErrors (0ms)
				InitializePlatformSupportModulesInManaged (14ms)
				SetLoadedEditorAssemblies (0ms)
				RefreshPlugins (71ms)
				BeforeProcessingInitializeOnLoad (1ms)
				ProcessInitializeOnLoadAttributes (124ms)
				ProcessInitializeOnLoadMethodAttributes (43ms)
				AfterProcessingInitializeOnLoad (0ms)
				EditorAssembliesLoaded (0ms)
			ExecutionOrderSort2 (0ms)
			AwakeInstancesAfterBackupRestoration (0ms)
Platform modules already initialized, skipping
Registering precompiled user dll's ...
Registered in 0.006817 seconds.
Begin MonoManager ReloadAssembly
Native extension for WindowsStandalone target not found
Refreshing native plugins compatible for Editor in 75.58 ms, found 3 plugins.
Preloading 0 native plugins for Editor in 0.00 ms.
Mono: successfully reloaded assembly
- Completed reload, in  1.706 seconds
Domain Reload Profiling:
	ReloadAssembly (1707ms)
		BeginReloadAssembly (155ms)
			ExecutionOrderSort (0ms)
			DisableScriptedObjects (5ms)
			BackupInstance (0ms)
			ReleaseScriptingObjects (0ms)
			CreateAndSetChildDomain (20ms)
		EndReloadAssembly (1459ms)
			LoadAssemblies (75ms)
			RebuildTransferFunctionScriptingTraits (0ms)
			SetupTypeCache (217ms)
			ReleaseScriptCaches (1ms)
			RebuildScriptCaches (58ms)
			SetupLoadedEditorAssemblies (1014ms)
				LogAssemblyErrors (0ms)
				InitializePlatformSupportModulesInManaged (11ms)
				SetLoadedEditorAssemblies (0ms)
				RefreshPlugins (76ms)
				BeforeProcessingInitializeOnLoad (94ms)
				ProcessInitializeOnLoadAttributes (745ms)
				ProcessInitializeOnLoadMethodAttributes (81ms)
				AfterProcessingInitializeOnLoad (8ms)
				EditorAssembliesLoaded (0ms)
			ExecutionOrderSort2 (0ms)
			AwakeInstancesAfterBackupRestoration (6ms)
Platform modules already initialized, skipping
========================================================================
Worker process is ready to serve import requests
Launched and connected shader compiler UnityShaderCompiler.exe after 0.05 seconds
Refreshing native plugins compatible for Editor in 0.86 ms, found 3 plugins.
Preloading 0 native plugins for Editor in 0.00 ms.
Unloading 3941 Unused Serialized files (Serialized files now loaded: 0)
Unloading 52 unused Assets / (0.8 MB). Loaded Objects now: 4394.
Memory consumption went from 177.2 MB to 176.4 MB.
Total: 4.720000 ms (FindLiveObjects: 0.433300 ms CreateObjectMapping: 0.195900 ms MarkObjects: 3.787800 ms  DeleteObjects: 0.301200 ms)

AssetImportParameters requested are different than current active one (requested -> active):
  custom:video-decoder-ogg-theora: a1e56fd34408186e4bbccfd4996cb3dc -> 
  custom:container-muxer-webm: aa71ff27fc2769a1b78a27578f13a17b -> 
  custom:container-demuxer-webm: 4f35f7cbe854078d1ac9338744f61a02 -> 
  custom:video-encoder-webm-vp8: eb34c28f22e8b96e1ab97ce403110664 -> 
  custom:video-codec-MediaFoundation-h265: 746d11721c4dcdbdad8f713fa42b33f4 -> 
  custom:audio-encoder-webm-vorbis: bf7c407c2cedff20999df2af8eb42d56 -> 
  custom:framework-win-MediaFoundation: 216162199b28c13a410421893ffa2e32 -> 
  custom:container-demuxer-ogg: 62fdf1f143b41e24485cea50d1cbac27 -> 
  custom:video-decoder-webm-vp8: 9c59270c3fd7afecdb556c50c9e8de78 -> 
  custom:audio-decoder-ogg-vorbis: bf7c407c2cedff20999df2af8eb42d56 -> 
========================================================================
Received Import Request.
  Time since last request: 258868.527031 seconds.
  path: Assets/Prefabs/PlasticBottle.prefab
  artifactKey: Guid(479d7c9a8d0d5644f80cc3548c44a207) Importer(815301076,1909f56bfc062723c751e8b465ee728b)
Start importing Assets/Prefabs/PlasticBottle.prefab using Guid(479d7c9a8d0d5644f80cc3548c44a207) Importer(815301076,1909f56bfc062723c751e8b465ee728b)  -> (artifact id: '85e415753991e8b47f297a745ceea7f3') in 0.234495 seconds 
========================================================================
Received Import Request.
  Time since last request: 7.867305 seconds.
  path: Assets/Prefabs/PlasticBottle.prefab
  artifactKey: Guid(479d7c9a8d0d5644f80cc3548c44a207) Importer(815301076,1909f56bfc062723c751e8b465ee728b)
Start importing Assets/Prefabs/PlasticBottle.prefab using Guid(479d7c9a8d0d5644f80cc3548c44a207) Importer(815301076,1909f56bfc062723c751e8b465ee728b)  -> (artifact id: 'c53408e9d21fadd349e27b7abd9af1ef') in 0.025408 seconds 
========================================================================
Received Import Request.
  Time since last request: 1.779913 seconds.
  path: Assets/Prefabs/PlasticBottle.prefab
  artifactKey: Guid(479d7c9a8d0d5644f80cc3548c44a207) Importer(815301076,1909f56bfc062723c751e8b465ee728b)
Start importing Assets/Prefabs/PlasticBottle.prefab using Guid(479d7c9a8d0d5644f80cc3548c44a207) Importer(815301076,1909f56bfc062723c751e8b465ee728b)  -> (artifact id: 'fe7262c74ba0efbd3f7fe89c6a33cdff') in 0.018850 seconds 
========================================================================
Received Import Request.
  Time since last request: 1.593729 seconds.
  path: Assets/Prefabs/PlasticBottle.prefab
  artifactKey: Guid(479d7c9a8d0d5644f80cc3548c44a207) Importer(815301076,1909f56bfc062723c751e8b465ee728b)
Start importing Assets/Prefabs/PlasticBottle.prefab using Guid(479d7c9a8d0d5644f80cc3548c44a207) Importer(815301076,1909f56bfc062723c751e8b465ee728b)  -> (artifact id: '16d7d66d70c726aff896dab4ed20f4f9') in 0.018704 seconds 
========================================================================
Received Import Request.
  Time since last request: 1.186322 seconds.
  path: Assets/Prefabs/PlasticBottle.prefab
  artifactKey: Guid(479d7c9a8d0d5644f80cc3548c44a207) Importer(815301076,1909f56bfc062723c751e8b465ee728b)
Start importing Assets/Prefabs/PlasticBottle.prefab using Guid(479d7c9a8d0d5644f80cc3548c44a207) Importer(815301076,1909f56bfc062723c751e8b465ee728b)  -> (artifact id: '0ee2e67a7d44723438f992f6148843d1') in 0.021209 seconds 
========================================================================
Received Import Request.
  Time since last request: 107.522070 seconds.
  path: Assets/Prefabs/PlasticBottle.prefab
  artifactKey: Guid(479d7c9a8d0d5644f80cc3548c44a207) Importer(815301076,1909f56bfc062723c751e8b465ee728b)
Start importing Assets/Prefabs/PlasticBottle.prefab using Guid(479d7c9a8d0d5644f80cc3548c44a207) Importer(815301076,1909f56bfc062723c751e8b465ee728b)  -> (artifact id: 'c7fba1efbb805da189d4a298969c9d74') in 0.018668 seconds 
========================================================================
Received Import Request.
  Time since last request: 0.000023 seconds.
  path: Assets/Prefabs/Sunscreen.prefab
  artifactKey: Guid(21213c7dbec7b874f8272dcb85d1c931) Importer(815301076,1909f56bfc062723c751e8b465ee728b)
Start importing Assets/Prefabs/Sunscreen.prefab using Guid(21213c7dbec7b874f8272dcb85d1c931) Importer(815301076,1909f56bfc062723c751e8b465ee728b)  -> (artifact id: '158296d04ccba105b14c0c703e337254') in 0.039917 seconds 
========================================================================
Received Import Request.
  Time since last request: 7.982485 seconds.
  path: Assets/Art/UI/Tablet/Picture_active.png
  artifactKey: Guid(6533f7385a6b16949919d68e2a783297) Importer(815301076,1909f56bfc062723c751e8b465ee728b)
Start importing Assets/Art/UI/Tablet/Picture_active.png using Guid(6533f7385a6b16949919d68e2a783297) Importer(815301076,1909f56bfc062723c751e8b465ee728b)  -> (artifact id: 'afdc5990b3df5bbcd4200bb0037ddb13') in 0.086047 seconds 
========================================================================
Received Import Request.
  Time since last request: 0.000026 seconds.
  path: Assets/Art/UI/Tablet/Picture_inactive.png
  artifactKey: Guid(8e1a862fa7a13e744a8dfef0a74564b7) Importer(815301076,1909f56bfc062723c751e8b465ee728b)
Start importing Assets/Art/UI/Tablet/Picture_inactive.png using Guid(8e1a862fa7a13e744a8dfef0a74564b7) Importer(815301076,1909f56bfc062723c751e8b465ee728b)  -> (artifact id: '589c4f75619261eb606f1e4b8b984a19') in 0.033736 seconds 
========================================================================
Received Import Request.
  Time since last request: 74.267030 seconds.
  path: Assets/Prefabs/PlasticBag.prefab
  artifactKey: Guid(f6c5c273fa4c4cd49ae2965a5a5bff46) Importer(815301076,1909f56bfc062723c751e8b465ee728b)
Start importing Assets/Prefabs/PlasticBag.prefab using Guid(f6c5c273fa4c4cd49ae2965a5a5bff46) Importer(815301076,1909f56bfc062723c751e8b465ee728b)  -> (artifact id: '7a75bc06de0ef75c58728d7bc9ade08c') in 0.029760 seconds 
========================================================================
Received Import Request.
  Time since last request: 181.192483 seconds.
  path: Assets/Art/Habitats/Submarine_Wreck.png
  artifactKey: Guid(d78d5f3496dc87f4283aa85a41e04a74) Importer(815301076,1909f56bfc062723c751e8b465ee728b)
Start importing Assets/Art/Habitats/Submarine_Wreck.png using Guid(d78d5f3496dc87f4283aa85a41e04a74) Importer(815301076,1909f56bfc062723c751e8b465ee728b)  -> (artifact id: '715be1c4f8cf4d43eba6f9a4fe6a5a3a') in 0.087813 seconds 
========================================================================
Received Import Request.
  Time since last request: 276.278641 seconds.
  path: Assets/Prefabs/PlasticBag.prefab
  artifactKey: Guid(f6c5c273fa4c4cd49ae2965a5a5bff46) Importer(815301076,1909f56bfc062723c751e8b465ee728b)
Start importing Assets/Prefabs/PlasticBag.prefab using Guid(f6c5c273fa4c4cd49ae2965a5a5bff46) Importer(815301076,1909f56bfc062723c751e8b465ee728b)  -> (artifact id: 'ebb20a247875e354a3336fca1233798f') in 0.052132 seconds 
========================================================================
Received Import Request.
  Time since last request: 0.000035 seconds.
  path: Assets/Prefabs/Sunscreen.prefab
  artifactKey: Guid(21213c7dbec7b874f8272dcb85d1c931) Importer(815301076,1909f56bfc062723c751e8b465ee728b)
Start importing Assets/Prefabs/Sunscreen.prefab using Guid(21213c7dbec7b874f8272dcb85d1c931) Importer(815301076,1909f56bfc062723c751e8b465ee728b)  -> (artifact id: '8aad1a918b8b83f1a7f38ac5787cca0e') in 0.034881 seconds 
========================================================================
Received Prepare
Registering precompiled user dll's ...
Registered in 0.007668 seconds.
Begin MonoManager ReloadAssembly
Native extension for WindowsStandalone target not found
Refreshing native plugins compatible for Editor in 0.88 ms, found 3 plugins.
Preloading 0 native plugins for Editor in 0.00 ms.
Mono: successfully reloaded assembly
- Completed reload, in  1.303 seconds
Domain Reload Profiling:
	ReloadAssembly (1304ms)
		BeginReloadAssembly (155ms)
			ExecutionOrderSort (0ms)
			DisableScriptedObjects (9ms)
			BackupInstance (0ms)
			ReleaseScriptingObjects (0ms)
			CreateAndSetChildDomain (41ms)
		EndReloadAssembly (1051ms)
			LoadAssemblies (78ms)
			RebuildTransferFunctionScriptingTraits (0ms)
			SetupTypeCache (208ms)
			ReleaseScriptCaches (2ms)
			RebuildScriptCaches (51ms)
			SetupLoadedEditorAssemblies (550ms)
				LogAssemblyErrors (0ms)
				InitializePlatformSupportModulesInManaged (12ms)
				SetLoadedEditorAssemblies (0ms)
				RefreshPlugins (1ms)
				BeforeProcessingInitializeOnLoad (83ms)
				ProcessInitializeOnLoadAttributes (364ms)
				ProcessInitializeOnLoadMethodAttributes (82ms)
				AfterProcessingInitializeOnLoad (8ms)
				EditorAssembliesLoaded (0ms)
			ExecutionOrderSort2 (0ms)
			AwakeInstancesAfterBackupRestoration (18ms)
Platform modules already initialized, skipping
Refreshing native plugins compatible for Editor in 0.98 ms, found 3 plugins.
Preloading 0 native plugins for Editor in 0.00 ms.
Unloading 3854 Unused Serialized files (Serialized files now loaded: 0)
Unloading 26 unused Assets / (380.5 KB). Loaded Objects now: 4521.
Memory consumption went from 186.6 MB to 186.2 MB.
Total: 4.294900 ms (FindLiveObjects: 0.447600 ms CreateObjectMapping: 0.329500 ms MarkObjects: 3.393800 ms  DeleteObjects: 0.122400 ms)

AssetImportParameters requested are different than current active one (requested -> active):
  custom:video-decoder-ogg-theora: a1e56fd34408186e4bbccfd4996cb3dc -> 
  custom:container-muxer-webm: aa71ff27fc2769a1b78a27578f13a17b -> 
  custom:container-demuxer-webm: 4f35f7cbe854078d1ac9338744f61a02 -> 
  custom:video-encoder-webm-vp8: eb34c28f22e8b96e1ab97ce403110664 -> 
  custom:video-codec-MediaFoundation-h265: 746d11721c4dcdbdad8f713fa42b33f4 -> 
  custom:audio-encoder-webm-vorbis: bf7c407c2cedff20999df2af8eb42d56 -> 
  custom:framework-win-MediaFoundation: 216162199b28c13a410421893ffa2e32 -> 
  custom:container-demuxer-ogg: 62fdf1f143b41e24485cea50d1cbac27 -> 
  custom:video-decoder-webm-vp8: 9c59270c3fd7afecdb556c50c9e8de78 -> 
  custom:audio-decoder-ogg-vorbis: bf7c407c2cedff20999df2af8eb42d56 -> 
========================================================================
Received Import Request.
  Time since last request: 102.265218 seconds.
  path: Assets/Art/Props/Seaweed/seaweeds.01_00059.png
  artifactKey: Guid(53615aca8975c2546a0520acf2199021) Importer(815301076,1909f56bfc062723c751e8b465ee728b)
Start importing Assets/Art/Props/Seaweed/seaweeds.01_00059.png using Guid(53615aca8975c2546a0520acf2199021) Importer(815301076,1909f56bfc062723c751e8b465ee728b)  -> (artifact id: '399f90935a041d60d73f6a3d82346be7') in 0.119966 seconds 
========================================================================
Received Import Request.
  Time since last request: 0.000023 seconds.
  path: Assets/Art/Props/Seaweed/seaweeds.01_00227.png
  artifactKey: Guid(664ef1cdc58469d4c934c30e0076a196) Importer(815301076,1909f56bfc062723c751e8b465ee728b)
Start importing Assets/Art/Props/Seaweed/seaweeds.01_00227.png using Guid(664ef1cdc58469d4c934c30e0076a196) Importer(815301076,1909f56bfc062723c751e8b465ee728b)  -> (artifact id: '93b8a80f9117fe508f1bb53ba0e7eaa0') in 0.048939 seconds 
========================================================================
Received Import Request.
  Time since last request: 0.000030 seconds.
  path: Assets/Art/Props/Seaweed/seaweeds.01_00141.png
  artifactKey: Guid(2df4da6f94d421c4784ff9f321d274c3) Importer(815301076,1909f56bfc062723c751e8b465ee728b)
Start importing Assets/Art/Props/Seaweed/seaweeds.01_00141.png using Guid(2df4da6f94d421c4784ff9f321d274c3) Importer(815301076,1909f56bfc062723c751e8b465ee728b)  -> (artifact id: '0f3956208064bb930c68d7cfc1f910e9') in 0.046723 seconds 
========================================================================
Received Import Request.
  Time since last request: 0.000049 seconds.
  path: Assets/Art/Props/Seaweed/seaweeds.01_00170.png
  artifactKey: Guid(a861962f54811a042ad0f97272bb61ff) Importer(815301076,1909f56bfc062723c751e8b465ee728b)
Start importing Assets/Art/Props/Seaweed/seaweeds.01_00170.png using Guid(a861962f54811a042ad0f97272bb61ff) Importer(815301076,1909f56bfc062723c751e8b465ee728b)  -> (artifact id: 'e36eb8bd819ad323572d7f83433f5177') in 0.056583 seconds 
========================================================================
Received Import Request.
  Time since last request: 0.000041 seconds.
  path: Assets/Art/Props/Seaweed/seaweeds.01_00235.png
  artifactKey: Guid(2b3e955eff152244f9fa5c8e190bd2a3) Importer(815301076,1909f56bfc062723c751e8b465ee728b)
Start importing Assets/Art/Props/Seaweed/seaweeds.01_00235.png using Guid(2b3e955eff152244f9fa5c8e190bd2a3) Importer(815301076,1909f56bfc062723c751e8b465ee728b)  -> (artifact id: '5b733ee48c6fbac2d9ebf2ccad39d47f') in 0.050420 seconds 
========================================================================
Received Import Request.
  Time since last request: 0.000021 seconds.
  path: Assets/Art/Props/Seaweed/seaweeds.01_00205.png
  artifactKey: Guid(688e5c57796f26841b98be4e84c66d15) Importer(815301076,1909f56bfc062723c751e8b465ee728b)
Start importing Assets/Art/Props/Seaweed/seaweeds.01_00205.png using Guid(688e5c57796f26841b98be4e84c66d15) Importer(815301076,1909f56bfc062723c751e8b465ee728b)  -> (artifact id: '76bf7af0daacac38ea28c93b782c282d') in 0.052325 seconds 
========================================================================
Received Import Request.
  Time since last request: 0.000029 seconds.
  path: Assets/Art/Props/Seaweed/seaweeds.01_00286.png
  artifactKey: Guid(58927708dd7b53a4e8655813e1158039) Importer(815301076,1909f56bfc062723c751e8b465ee728b)
Start importing Assets/Art/Props/Seaweed/seaweeds.01_00286.png using Guid(58927708dd7b53a4e8655813e1158039) Importer(815301076,1909f56bfc062723c751e8b465ee728b)  -> (artifact id: 'fe07e493648387a61ccfdc1918e12f62') in 0.064002 seconds 
========================================================================
Received Import Request.
  Time since last request: 0.000039 seconds.
  path: Assets/Art/Props/Seaweed/seaweeds.01_00146.png
  artifactKey: Guid(6ca758f8b117d884ab9e3d30982677ca) Importer(815301076,1909f56bfc062723c751e8b465ee728b)
Start importing Assets/Art/Props/Seaweed/seaweeds.01_00146.png using Guid(6ca758f8b117d884ab9e3d30982677ca) Importer(815301076,1909f56bfc062723c751e8b465ee728b)  -> (artifact id: 'fb5cba25f5c69115c2ab345cc6da4940') in 0.050780 seconds 
========================================================================
Received Import Request.
  Time since last request: 0.000030 seconds.
  path: Assets/Art/Props/Seaweed/seaweeds.01_00267.png
  artifactKey: Guid(07d9fae90fb93b840848db24910b3398) Importer(815301076,1909f56bfc062723c751e8b465ee728b)
Start importing Assets/Art/Props/Seaweed/seaweeds.01_00267.png using Guid(07d9fae90fb93b840848db24910b3398) Importer(815301076,1909f56bfc062723c751e8b465ee728b)  -> (artifact id: 'a3c05a6aa60118e268c2395eb808a9eb') in 0.045102 seconds 
========================================================================
Received Import Request.
  Time since last request: 0.000038 seconds.
  path: Assets/Art/Props/Seaweed/seaweeds.01_00294.png
  artifactKey: Guid(aefd8f230e3939c4f864ced7363cf602) Importer(815301076,1909f56bfc062723c751e8b465ee728b)
Start importing Assets/Art/Props/Seaweed/seaweeds.01_00294.png using Guid(aefd8f230e3939c4f864ced7363cf602) Importer(815301076,1909f56bfc062723c751e8b465ee728b)  -> (artifact id: '9df786055c9e51245e96c8b817ad7c44') in 0.041318 seconds 
========================================================================
Received Import Request.
  Time since last request: 0.000028 seconds.
  path: Assets/Art/Props/Seaweed/seaweeds.01_00332.png
  artifactKey: Guid(e5b9daa0476234a478435de74c403faa) Importer(815301076,1909f56bfc062723c751e8b465ee728b)
Start importing Assets/Art/Props/Seaweed/seaweeds.01_00332.png using Guid(e5b9daa0476234a478435de74c403faa) Importer(815301076,1909f56bfc062723c751e8b465ee728b)  -> (artifact id: '108a021e53960ddb6c9ab1df2b8cb72b') in 0.046382 seconds 
========================================================================
Received Import Request.
  Time since last request: 0.000025 seconds.
  path: Assets/Art/Props/Seaweed/seaweeds.01_00139.png
  artifactKey: Guid(12cb87bb93b5f1c4d94157b1b4e2aae0) Importer(815301076,1909f56bfc062723c751e8b465ee728b)
Start importing Assets/Art/Props/Seaweed/seaweeds.01_00139.png using Guid(12cb87bb93b5f1c4d94157b1b4e2aae0) Importer(815301076,1909f56bfc062723c751e8b465ee728b)  -> (artifact id: '9e471c6e93346cbaf0f6e79a81536a33') in 0.044125 seconds 
========================================================================
Received Import Request.
  Time since last request: 0.000032 seconds.
  path: Assets/Art/Props/Seaweed/seaweeds.01_00298.png
  artifactKey: Guid(369505b446b73fd4bb41eb52b0bde088) Importer(815301076,1909f56bfc062723c751e8b465ee728b)
Start importing Assets/Art/Props/Seaweed/seaweeds.01_00298.png using Guid(369505b446b73fd4bb41eb52b0bde088) Importer(815301076,1909f56bfc062723c751e8b465ee728b)  -> (artifact id: '2da2b71130258a586652619ae34fd09f') in 0.055581 seconds 
========================================================================
Received Import Request.
  Time since last request: 0.000027 seconds.
  path: Assets/Art/Props/Seaweed/seaweeds.01_00226.png
  artifactKey: Guid(baa5c1be577511242b9edc3a3d4a510a) Importer(815301076,1909f56bfc062723c751e8b465ee728b)
Start importing Assets/Art/Props/Seaweed/seaweeds.01_00226.png using Guid(baa5c1be577511242b9edc3a3d4a510a) Importer(815301076,1909f56bfc062723c751e8b465ee728b)  -> (artifact id: '6699b46f7074cc00db86e4bac29d599c') in 0.044556 seconds 
========================================================================
Received Import Request.
  Time since last request: 0.000023 seconds.
  path: Assets/Art/Props/Seaweed/seaweeds.01_00295.png
  artifactKey: Guid(636622162540e294eb369481a7d9e33c) Importer(815301076,1909f56bfc062723c751e8b465ee728b)
Start importing Assets/Art/Props/Seaweed/seaweeds.01_00295.png using Guid(636622162540e294eb369481a7d9e33c) Importer(815301076,1909f56bfc062723c751e8b465ee728b)  -> (artifact id: 'caff415d3031c5d8f31944e7ae6d7b13') in 0.047834 seconds 
========================================================================
Received Import Request.
  Time since last request: 0.000025 seconds.
  path: Assets/Art/Props/Seaweed/seaweeds.01_00333.png
  artifactKey: Guid(73357aa55871240429fb1d75aee1527c) Importer(815301076,1909f56bfc062723c751e8b465ee728b)
Start importing Assets/Art/Props/Seaweed/seaweeds.01_00333.png using Guid(73357aa55871240429fb1d75aee1527c) Importer(815301076,1909f56bfc062723c751e8b465ee728b)  -> (artifact id: '584fcb32ee2cf7307bd39f6f212afe86') in 0.045932 seconds 
========================================================================
Received Import Request.
  Time since last request: 0.000030 seconds.
  path: Assets/Art/Props/Seaweed/seaweeds.01_00185.png
  artifactKey: Guid(699a32269623aea449b6b91a0882265a) Importer(815301076,1909f56bfc062723c751e8b465ee728b)
Start importing Assets/Art/Props/Seaweed/seaweeds.01_00185.png using Guid(699a32269623aea449b6b91a0882265a) Importer(815301076,1909f56bfc062723c751e8b465ee728b)  -> (artifact id: '9cfb7f5f6404cc3114f4d4ad4655bc1c') in 0.043578 seconds 
========================================================================
Received Import Request.
  Time since last request: 0.000034 seconds.
  path: Assets/Art/Props/Seaweed/seaweeds.01_00357.png
  artifactKey: Guid(a24ec7f17249eb34eb1271c117adb50a) Importer(815301076,1909f56bfc062723c751e8b465ee728b)
Start importing Assets/Art/Props/Seaweed/seaweeds.01_00357.png using Guid(a24ec7f17249eb34eb1271c117adb50a) Importer(815301076,1909f56bfc062723c751e8b465ee728b)  -> (artifact id: '0e90d4dce7eeee1c64dcf15fde22860a') in 0.045553 seconds 
========================================================================
Received Import Request.
  Time since last request: 0.000029 seconds.
  path: Assets/Art/Props/Seaweed/seaweeds.01_00073.png
  artifactKey: Guid(74b4a1aba6614204c846d0b1b5852e97) Importer(815301076,1909f56bfc062723c751e8b465ee728b)
Start importing Assets/Art/Props/Seaweed/seaweeds.01_00073.png using Guid(74b4a1aba6614204c846d0b1b5852e97) Importer(815301076,1909f56bfc062723c751e8b465ee728b)  -> (artifact id: 'd53286e599f51503982c698a88d60b06') in 0.043760 seconds 
========================================================================
Received Import Request.
  Time since last request: 0.000034 seconds.
  path: Assets/Art/Props/Seaweed/seaweeds.01_00106.png
  artifactKey: Guid(fb53e9e3d8482de4289c576c882eeba9) Importer(815301076,1909f56bfc062723c751e8b465ee728b)
Start importing Assets/Art/Props/Seaweed/seaweeds.01_00106.png using Guid(fb53e9e3d8482de4289c576c882eeba9) Importer(815301076,1909f56bfc062723c751e8b465ee728b)  -> (artifact id: '3dc2b007da9e8169e3cd05095e251fef') in 0.041678 seconds 
========================================================================
Received Import Request.
  Time since last request: 0.000028 seconds.
  path: Assets/Art/Props/Seaweed/seaweeds.01_00074.png
  artifactKey: Guid(1a1fe6723662c574d813d492397a3251) Importer(815301076,1909f56bfc062723c751e8b465ee728b)
Start importing Assets/Art/Props/Seaweed/seaweeds.01_00074.png using Guid(1a1fe6723662c574d813d492397a3251) Importer(815301076,1909f56bfc062723c751e8b465ee728b)  -> (artifact id: '5f2c7bf4eea73441995f206dca7dc344') in 0.043750 seconds 
========================================================================
Received Import Request.
  Time since last request: 0.000027 seconds.
  path: Assets/Art/Props/Seaweed/seaweeds.01_00168.png
  artifactKey: Guid(6e4fd594ba6fb224fa0af7cb42e27b23) Importer(815301076,1909f56bfc062723c751e8b465ee728b)
Start importing Assets/Art/Props/Seaweed/seaweeds.01_00168.png using Guid(6e4fd594ba6fb224fa0af7cb42e27b23) Importer(815301076,1909f56bfc062723c751e8b465ee728b)  -> (artifact id: '2b53e20fab594365127635058a45bcdb') in 0.042046 seconds 
========================================================================
Received Import Request.
  Time since last request: 0.000024 seconds.
  path: Assets/Art/Props/Seaweed/seaweeds.01_00221.png
  artifactKey: Guid(1d7cf72a691365c4588d7be78b185e46) Importer(815301076,1909f56bfc062723c751e8b465ee728b)
Start importing Assets/Art/Props/Seaweed/seaweeds.01_00221.png using Guid(1d7cf72a691365c4588d7be78b185e46) Importer(815301076,1909f56bfc062723c751e8b465ee728b)  -> (artifact id: '2b0f96578b2e1df118f7a60f2555acc3') in 0.053700 seconds 
========================================================================
Received Import Request.
  Time since last request: 0.000022 seconds.
  path: Assets/Art/Props/Seaweed/seaweeds.01_00210.png
  artifactKey: Guid(4a70fab847000f843b4bacf2c8463350) Importer(815301076,1909f56bfc062723c751e8b465ee728b)
Start importing Assets/Art/Props/Seaweed/seaweeds.01_00210.png using Guid(4a70fab847000f843b4bacf2c8463350) Importer(815301076,1909f56bfc062723c751e8b465ee728b)  -> (artifact id: 'a555daf4e51f9872cb71ff04a3962b25') in 0.041643 seconds 
========================================================================
Received Import Request.
  Time since last request: 0.000023 seconds.
  path: Assets/Art/Props/Seaweed/seaweeds.01_00121.png
  artifactKey: Guid(4edd250f7a5e4c54aad0b9d05fc9973f) Importer(815301076,1909f56bfc062723c751e8b465ee728b)
Start importing Assets/Art/Props/Seaweed/seaweeds.01_00121.png using Guid(4edd250f7a5e4c54aad0b9d05fc9973f) Importer(815301076,1909f56bfc062723c751e8b465ee728b)  -> (artifact id: '0a76c84469f51092f3bf2ba2121fac02') in 0.041131 seconds 
========================================================================
Received Import Request.
  Time since last request: 0.000038 seconds.
  path: Assets/Art/Props/Seaweed/seaweeds.01_00238.png
  artifactKey: Guid(423ac1e23f7005f47b2fa368d6e6befe) Importer(815301076,1909f56bfc062723c751e8b465ee728b)
Start importing Assets/Art/Props/Seaweed/seaweeds.01_00238.png using Guid(423ac1e23f7005f47b2fa368d6e6befe) Importer(815301076,1909f56bfc062723c751e8b465ee728b)  -> (artifact id: 'b7b136b8797a279362c58c8c7180ced9') in 0.043336 seconds 
========================================================================
Received Import Request.
  Time since last request: 0.000022 seconds.
  path: Assets/Art/Props/Seaweed/seaweeds.01_00137.png
  artifactKey: Guid(1b237d7aa84cfc043ad7f3f2f0cc4770) Importer(815301076,1909f56bfc062723c751e8b465ee728b)
Start importing Assets/Art/Props/Seaweed/seaweeds.01_00137.png using Guid(1b237d7aa84cfc043ad7f3f2f0cc4770) Importer(815301076,1909f56bfc062723c751e8b465ee728b)  -> (artifact id: 'b5414afafcd9a7462e82838ab39adece') in 0.043763 seconds 
========================================================================
Received Import Request.
  Time since last request: 0.000020 seconds.
  path: Assets/Art/Props/Seaweed/seaweeds.01_00336.png
  artifactKey: Guid(c93a417f14cc26147a73d938180d0d39) Importer(815301076,1909f56bfc062723c751e8b465ee728b)
Start importing Assets/Art/Props/Seaweed/seaweeds.01_00336.png using Guid(c93a417f14cc26147a73d938180d0d39) Importer(815301076,1909f56bfc062723c751e8b465ee728b)  -> (artifact id: '2e0b5f5165e9d9ddc1448ffd74d95240') in 0.044874 seconds 
========================================================================
Received Import Request.
  Time since last request: 0.000024 seconds.
  path: Assets/Art/Props/Seaweed/seaweeds.01_00105.png
  artifactKey: Guid(f1724423e45e08a4eae3e3b0f4c6ad1c) Importer(815301076,1909f56bfc062723c751e8b465ee728b)
Start importing Assets/Art/Props/Seaweed/seaweeds.01_00105.png using Guid(f1724423e45e08a4eae3e3b0f4c6ad1c) Importer(815301076,1909f56bfc062723c751e8b465ee728b)  -> (artifact id: '0db29e50055111f03ded3746514507c3') in 0.046257 seconds 
========================================================================
Received Import Request.
  Time since last request: 0.000031 seconds.
  path: Assets/Art/Props/Seaweed/seaweeds.01_00098.png
  artifactKey: Guid(846dba4cd7454db4b9ea0c11735c99ec) Importer(815301076,1909f56bfc062723c751e8b465ee728b)
Start importing Assets/Art/Props/Seaweed/seaweeds.01_00098.png using Guid(846dba4cd7454db4b9ea0c11735c99ec) Importer(815301076,1909f56bfc062723c751e8b465ee728b)  -> (artifact id: '39164cdb0e90789833cee846b3874f32') in 0.043991 seconds 
========================================================================
Received Import Request.
  Time since last request: 0.000032 seconds.
  path: Assets/Art/Props/Seaweed/seaweeds.01_00272.png
  artifactKey: Guid(ac28c39c154bfc4418a4138f582c1bc8) Importer(815301076,1909f56bfc062723c751e8b465ee728b)
Start importing Assets/Art/Props/Seaweed/seaweeds.01_00272.png using Guid(ac28c39c154bfc4418a4138f582c1bc8) Importer(815301076,1909f56bfc062723c751e8b465ee728b)  -> (artifact id: '178165a9c6c21887379333c8b49ee797') in 0.042876 seconds 
========================================================================
Received Import Request.
  Time since last request: 0.000022 seconds.
  path: Assets/Art/Props/Seaweed/seaweeds.01_00334.png
  artifactKey: Guid(3ee320cd8a0d2e547b493dfab827d3a9) Importer(815301076,1909f56bfc062723c751e8b465ee728b)
Start importing Assets/Art/Props/Seaweed/seaweeds.01_00334.png using Guid(3ee320cd8a0d2e547b493dfab827d3a9) Importer(815301076,1909f56bfc062723c751e8b465ee728b)  -> (artifact id: 'e40443e186d5a8d7f9f57f5fe855547b') in 0.041778 seconds 
========================================================================
Received Import Request.
  Time since last request: 0.000025 seconds.
  path: Assets/Art/Props/Seaweed/seaweeds.01_00103.png
  artifactKey: Guid(94ef34e756f6f7c4ab5565f7a444eadd) Importer(815301076,1909f56bfc062723c751e8b465ee728b)
Start importing Assets/Art/Props/Seaweed/seaweeds.01_00103.png using Guid(94ef34e756f6f7c4ab5565f7a444eadd) Importer(815301076,1909f56bfc062723c751e8b465ee728b)  -> (artifact id: '7bbd94c0382080367c33240f8dd8bb45') in 0.049100 seconds 
========================================================================
Received Import Request.
  Time since last request: 0.000025 seconds.
  path: Assets/Art/Props/Seaweed/seaweeds.01_00311.png
  artifactKey: Guid(08c2fba3a49ead24f90897021252507a) Importer(815301076,1909f56bfc062723c751e8b465ee728b)
Start importing Assets/Art/Props/Seaweed/seaweeds.01_00311.png using Guid(08c2fba3a49ead24f90897021252507a) Importer(815301076,1909f56bfc062723c751e8b465ee728b)  -> (artifact id: '39f89768b1247060f4d0d6e7a6b6c99d') in 0.043485 seconds 
========================================================================
Received Import Request.
  Time since last request: 0.000025 seconds.
  path: Assets/Art/Props/Seaweed/seaweeds.01_00161.png
  artifactKey: Guid(715861cd1c0a6554492d0cb9f08854bc) Importer(815301076,1909f56bfc062723c751e8b465ee728b)
Start importing Assets/Art/Props/Seaweed/seaweeds.01_00161.png using Guid(715861cd1c0a6554492d0cb9f08854bc) Importer(815301076,1909f56bfc062723c751e8b465ee728b)  -> (artifact id: 'dc8388893224f109669faa7491dab8a8') in 0.044347 seconds 
========================================================================
Received Import Request.
  Time since last request: 0.000029 seconds.
  path: Assets/Art/Props/Seaweed/seaweeds.01_00231.png
  artifactKey: Guid(db0ecf66abdfb904f892d25f2a0351ce) Importer(815301076,1909f56bfc062723c751e8b465ee728b)
Start importing Assets/Art/Props/Seaweed/seaweeds.01_00231.png using Guid(db0ecf66abdfb904f892d25f2a0351ce) Importer(815301076,1909f56bfc062723c751e8b465ee728b)  -> (artifact id: '9678e41bf30cdc54f59bdd6228d028b4') in 0.043466 seconds 
========================================================================
Received Import Request.
  Time since last request: 0.000033 seconds.
  path: Assets/Art/Props/Seaweed/seaweeds.01_00085.png
  artifactKey: Guid(ef0e6c1de7970794aae30efd764c758f) Importer(815301076,1909f56bfc062723c751e8b465ee728b)
Start importing Assets/Art/Props/Seaweed/seaweeds.01_00085.png using Guid(ef0e6c1de7970794aae30efd764c758f) Importer(815301076,1909f56bfc062723c751e8b465ee728b)  -> (artifact id: 'b769ad555af5dd89a7f9e4cd82382325') in 0.041581 seconds 
========================================================================
Received Import Request.
  Time since last request: 0.000020 seconds.
  path: Assets/Art/Props/Seaweed/seaweeds.01_00196.png
  artifactKey: Guid(c6bba0979e3707047b24afe91b8389c2) Importer(815301076,1909f56bfc062723c751e8b465ee728b)
Start importing Assets/Art/Props/Seaweed/seaweeds.01_00196.png using Guid(c6bba0979e3707047b24afe91b8389c2) Importer(815301076,1909f56bfc062723c751e8b465ee728b)  -> (artifact id: 'bc1a97e86bac347a11bbab8312e262a0') in 0.042934 seconds 
========================================================================
Received Import Request.
  Time since last request: 0.000022 seconds.
  path: Assets/Art/Props/Seaweed/seaweeds.01_00179.png
  artifactKey: Guid(b59882a91b901f04882fe715e4fa4bf8) Importer(815301076,1909f56bfc062723c751e8b465ee728b)
Start importing Assets/Art/Props/Seaweed/seaweeds.01_00179.png using Guid(b59882a91b901f04882fe715e4fa4bf8) Importer(815301076,1909f56bfc062723c751e8b465ee728b)  -> (artifact id: 'b27985583625e703c5d77b598369edaa') in 0.040856 seconds 
========================================================================
Received Import Request.
  Time since last request: 0.000025 seconds.
  path: Assets/Art/Props/Seaweed/seaweeds.01_00339.png
  artifactKey: Guid(2423d8b92e7f93040883fec3383e1480) Importer(815301076,1909f56bfc062723c751e8b465ee728b)
Start importing Assets/Art/Props/Seaweed/seaweeds.01_00339.png using Guid(2423d8b92e7f93040883fec3383e1480) Importer(815301076,1909f56bfc062723c751e8b465ee728b)  -> (artifact id: '7f9cc9d793e977298ce5407cf852262a') in 0.042609 seconds 
========================================================================
Received Import Request.
  Time since last request: 0.000027 seconds.
  path: Assets/Art/Props/Seaweed/seaweeds.01_00260.png
  artifactKey: Guid(c1b83683833ff5f449219cd3ce4c1004) Importer(815301076,1909f56bfc062723c751e8b465ee728b)
Start importing Assets/Art/Props/Seaweed/seaweeds.01_00260.png using Guid(c1b83683833ff5f449219cd3ce4c1004) Importer(815301076,1909f56bfc062723c751e8b465ee728b)  -> (artifact id: '55bcb29b11ad9f7e64b19cac5d067563') in 0.042897 seconds 
========================================================================
Received Import Request.
  Time since last request: 0.000026 seconds.
  path: Assets/Art/Props/Seaweed/seaweeds.01_00176.png
  artifactKey: Guid(1aa1ea1d5e33abd4ebc90a95a75c7baa) Importer(815301076,1909f56bfc062723c751e8b465ee728b)
Start importing Assets/Art/Props/Seaweed/seaweeds.01_00176.png using Guid(1aa1ea1d5e33abd4ebc90a95a75c7baa) Importer(815301076,1909f56bfc062723c751e8b465ee728b)  -> (artifact id: 'eab211bee2637666286734e59525b0dd') in 0.043979 seconds 
========================================================================
Received Import Request.
  Time since last request: 0.000027 seconds.
  path: Assets/Art/Props/Seaweed/seaweeds.01_00318.png
  artifactKey: Guid(40dbdff019b09034e8773bc96fb89419) Importer(815301076,1909f56bfc062723c751e8b465ee728b)
Start importing Assets/Art/Props/Seaweed/seaweeds.01_00318.png using Guid(40dbdff019b09034e8773bc96fb89419) Importer(815301076,1909f56bfc062723c751e8b465ee728b)  -> (artifact id: '69e1979cfd0b6553901e51891dce3a9e') in 0.044609 seconds 
========================================================================
Received Import Request.
  Time since last request: 0.000022 seconds.
  path: Assets/Art/Props/Seaweed/seaweeds.01_00182.png
  artifactKey: Guid(0d41ed6b518a3b64cb2a11c278f1134f) Importer(815301076,1909f56bfc062723c751e8b465ee728b)
Start importing Assets/Art/Props/Seaweed/seaweeds.01_00182.png using Guid(0d41ed6b518a3b64cb2a11c278f1134f) Importer(815301076,1909f56bfc062723c751e8b465ee728b)  -> (artifact id: 'e13ec08d6cb8dc9f7d88e95283b427fa') in 0.045699 seconds 
========================================================================
Received Import Request.
  Time since last request: 0.000040 seconds.
  path: Assets/Art/Props/Seaweed/seaweeds.01_00150.png
  artifactKey: Guid(3c5ff35e6a4b32a45b5297d605e550d9) Importer(815301076,1909f56bfc062723c751e8b465ee728b)
Start importing Assets/Art/Props/Seaweed/seaweeds.01_00150.png using Guid(3c5ff35e6a4b32a45b5297d605e550d9) Importer(815301076,1909f56bfc062723c751e8b465ee728b)  -> (artifact id: '1cd81ad3be609b183b4b41752b5a6474') in 0.051757 seconds 
========================================================================
Received Import Request.
  Time since last request: 0.000026 seconds.
  path: Assets/Art/Props/Seaweed/seaweeds.01_00262.png
  artifactKey: Guid(b164f25efaec1a346b16746045a1deba) Importer(815301076,1909f56bfc062723c751e8b465ee728b)
Start importing Assets/Art/Props/Seaweed/seaweeds.01_00262.png using Guid(b164f25efaec1a346b16746045a1deba) Importer(815301076,1909f56bfc062723c751e8b465ee728b)  -> (artifact id: '2d0db9a8c25c550ff50a71f126fb0afb') in 0.044131 seconds 
========================================================================
Received Import Request.
  Time since last request: 0.000026 seconds.
  path: Assets/Art/Props/Seaweed/seaweeds.01_00258.png
  artifactKey: Guid(045946d2dbc3d104abb8b9bcfddb0db7) Importer(815301076,1909f56bfc062723c751e8b465ee728b)
Start importing Assets/Art/Props/Seaweed/seaweeds.01_00258.png using Guid(045946d2dbc3d104abb8b9bcfddb0db7) Importer(815301076,1909f56bfc062723c751e8b465ee728b)  -> (artifact id: '20e767ac4e46713551962bf5524c0e95') in 0.053457 seconds 
========================================================================
Received Import Request.
  Time since last request: 0.000046 seconds.
  path: Assets/Art/Props/Seaweed/seaweeds.01_00195.png
  artifactKey: Guid(16aa0aaa001f57f408c9148e3c26ed4d) Importer(815301076,1909f56bfc062723c751e8b465ee728b)
Start importing Assets/Art/Props/Seaweed/seaweeds.01_00195.png using Guid(16aa0aaa001f57f408c9148e3c26ed4d) Importer(815301076,1909f56bfc062723c751e8b465ee728b)  -> (artifact id: '40ee0465a1117b70e881ecc31e95e989') in 0.048434 seconds 
========================================================================
Received Import Request.
  Time since last request: 0.000021 seconds.
  path: Assets/Art/Props/Seaweed/seaweeds.01_00087.png
  artifactKey: Guid(6ba3d03f7f0ee164197f3800ff61049d) Importer(815301076,1909f56bfc062723c751e8b465ee728b)
Start importing Assets/Art/Props/Seaweed/seaweeds.01_00087.png using Guid(6ba3d03f7f0ee164197f3800ff61049d) Importer(815301076,1909f56bfc062723c751e8b465ee728b)  -> (artifact id: 'b22f5c867a0890d3a41a22d826f5b970') in 0.044684 seconds 
========================================================================
Received Import Request.
  Time since last request: 0.000020 seconds.
  path: Assets/Art/Props/Seaweed/seaweeds.01_00131.png
  artifactKey: Guid(d4a6c6f8c6ab3a84da32b729670dcf65) Importer(815301076,1909f56bfc062723c751e8b465ee728b)
Start importing Assets/Art/Props/Seaweed/seaweeds.01_00131.png using Guid(d4a6c6f8c6ab3a84da32b729670dcf65) Importer(815301076,1909f56bfc062723c751e8b465ee728b)  -> (artifact id: '1b230b0bbd2ecaa47846e7395abe7822') in 0.043996 seconds 
========================================================================
Received Import Request.
  Time since last request: 0.000024 seconds.
  path: Assets/Art/Props/Seaweed/seaweeds.01_00287.png
  artifactKey: Guid(d9614492d01daf74abc7b83f3f05308d) Importer(815301076,1909f56bfc062723c751e8b465ee728b)
Start importing Assets/Art/Props/Seaweed/seaweeds.01_00287.png using Guid(d9614492d01daf74abc7b83f3f05308d) Importer(815301076,1909f56bfc062723c751e8b465ee728b)  -> (artifact id: '6ea4a9c2096aaf327ac4a7070d77ba84') in 0.045754 seconds 
========================================================================
Received Import Request.
  Time since last request: 0.000026 seconds.
  path: Assets/Art/Props/Seaweed/seaweeds.01_00061.png
  artifactKey: Guid(8540caaeebb0a664590b31d08011f2c1) Importer(815301076,1909f56bfc062723c751e8b465ee728b)
Start importing Assets/Art/Props/Seaweed/seaweeds.01_00061.png using Guid(8540caaeebb0a664590b31d08011f2c1) Importer(815301076,1909f56bfc062723c751e8b465ee728b)  -> (artifact id: '791b33a0d310e0bb45007f840eacf152') in 0.048929 seconds 
========================================================================
Received Import Request.
  Time since last request: 0.000031 seconds.
  path: Assets/Art/Props/Seaweed/seaweeds.01_00325.png
  artifactKey: Guid(3d4d4cb2b3d31af4382fa9ae10da7c76) Importer(815301076,1909f56bfc062723c751e8b465ee728b)
Start importing Assets/Art/Props/Seaweed/seaweeds.01_00325.png using Guid(3d4d4cb2b3d31af4382fa9ae10da7c76) Importer(815301076,1909f56bfc062723c751e8b465ee728b)  -> (artifact id: 'ac3be70a0d3bab50f97ab86324709832') in 0.041986 seconds 
========================================================================
Received Import Request.
  Time since last request: 0.000025 seconds.
  path: Assets/Art/Props/Seaweed/seaweeds.01_00189.png
  artifactKey: Guid(e9d768555c040b94a9ba31cf79bf1c28) Importer(815301076,1909f56bfc062723c751e8b465ee728b)
Start importing Assets/Art/Props/Seaweed/seaweeds.01_00189.png using Guid(e9d768555c040b94a9ba31cf79bf1c28) Importer(815301076,1909f56bfc062723c751e8b465ee728b)  -> (artifact id: '3009d9849798192696a9575fc7ff57d3') in 0.043060 seconds 
========================================================================
Received Import Request.
  Time since last request: 0.000024 seconds.
  path: Assets/Art/Props/Seaweed/seaweeds.01_00082.png
  artifactKey: Guid(42b51a11788df96439fac61b744fa3f3) Importer(815301076,1909f56bfc062723c751e8b465ee728b)
Start importing Assets/Art/Props/Seaweed/seaweeds.01_00082.png using Guid(42b51a11788df96439fac61b744fa3f3) Importer(815301076,1909f56bfc062723c751e8b465ee728b)  -> (artifact id: '508c7f33433780bbfae23cd5fb665804') in 0.042760 seconds 
========================================================================
Received Import Request.
  Time since last request: 0.000026 seconds.
  path: Assets/Art/Props/Seaweed/seaweeds.01_00116.png
  artifactKey: Guid(9d81e2bdda4c5c9429a748a0c0454256) Importer(815301076,1909f56bfc062723c751e8b465ee728b)
Start importing Assets/Art/Props/Seaweed/seaweeds.01_00116.png using Guid(9d81e2bdda4c5c9429a748a0c0454256) Importer(815301076,1909f56bfc062723c751e8b465ee728b)  -> (artifact id: '829a8ce514c1070eba933ac71084932d') in 0.045553 seconds 
========================================================================
Received Import Request.
  Time since last request: 0.000027 seconds.
  path: Assets/Art/Props/Seaweed/seaweeds.01_00348.png
  artifactKey: Guid(a83fbf74bde393642aea56e281b7c2fb) Importer(815301076,1909f56bfc062723c751e8b465ee728b)
Start importing Assets/Art/Props/Seaweed/seaweeds.01_00348.png using Guid(a83fbf74bde393642aea56e281b7c2fb) Importer(815301076,1909f56bfc062723c751e8b465ee728b)  -> (artifact id: 'a457c49aa5062f4059e04fa23793791a') in 0.045699 seconds 
========================================================================
Received Import Request.
  Time since last request: 0.000035 seconds.
  path: Assets/Art/Props/Seaweed/seaweeds.01_00200.png
  artifactKey: Guid(e67ed9f3b0199864a992fcdb7798596c) Importer(815301076,1909f56bfc062723c751e8b465ee728b)
Start importing Assets/Art/Props/Seaweed/seaweeds.01_00200.png using Guid(e67ed9f3b0199864a992fcdb7798596c) Importer(815301076,1909f56bfc062723c751e8b465ee728b)  -> (artifact id: '70962de73a235dc3e34306cdd4dfef27') in 0.046372 seconds 
========================================================================
Received Import Request.
  Time since last request: 0.000023 seconds.
  path: Assets/Art/Props/Seaweed/seaweeds.01_00349.png
  artifactKey: Guid(d997508c722b7924990e553d7cf992a9) Importer(815301076,1909f56bfc062723c751e8b465ee728b)
Start importing Assets/Art/Props/Seaweed/seaweeds.01_00349.png using Guid(d997508c722b7924990e553d7cf992a9) Importer(815301076,1909f56bfc062723c751e8b465ee728b)  -> (artifact id: '29f9761b795c3733eb9f07d41d29737a') in 0.046584 seconds 
========================================================================
Received Import Request.
  Time since last request: 0.000024 seconds.
  path: Assets/Art/Props/Seaweed/seaweeds.01_00147.png
  artifactKey: Guid(9692888ab6d2e854980142dc5061a2fe) Importer(815301076,1909f56bfc062723c751e8b465ee728b)
Start importing Assets/Art/Props/Seaweed/seaweeds.01_00147.png using Guid(9692888ab6d2e854980142dc5061a2fe) Importer(815301076,1909f56bfc062723c751e8b465ee728b)  -> (artifact id: '6b107c4b1d5eac6f70df2986eca0368b') in 0.046797 seconds 
========================================================================
Received Import Request.
  Time since last request: 0.000022 seconds.
  path: Assets/Art/Props/Seaweed/seaweeds.01_00328.png
  artifactKey: Guid(60685aa8c48843348ba56f7b97398d70) Importer(815301076,1909f56bfc062723c751e8b465ee728b)
Start importing Assets/Art/Props/Seaweed/seaweeds.01_00328.png using Guid(60685aa8c48843348ba56f7b97398d70) Importer(815301076,1909f56bfc062723c751e8b465ee728b)  -> (artifact id: '646a95788c5494c10d8edb7fb8357f3c') in 0.043919 seconds 
========================================================================
Received Import Request.
  Time since last request: 0.000027 seconds.
  path: Assets/Art/Props/Seaweed/seaweeds.01_00269.png
  artifactKey: Guid(e4a4608792a63744abe1415edef16c34) Importer(815301076,1909f56bfc062723c751e8b465ee728b)
Start importing Assets/Art/Props/Seaweed/seaweeds.01_00269.png using Guid(e4a4608792a63744abe1415edef16c34) Importer(815301076,1909f56bfc062723c751e8b465ee728b)  -> (artifact id: 'ecfe293b627df23164a1c7aa0130770b') in 0.043136 seconds 
========================================================================
Received Import Request.
  Time since last request: 0.000037 seconds.
  path: Assets/Art/Props/Seaweed/seaweeds.01_00228.png
  artifactKey: Guid(0d7b89f7b0286944abe9f711b3520142) Importer(815301076,1909f56bfc062723c751e8b465ee728b)
Start importing Assets/Art/Props/Seaweed/seaweeds.01_00228.png using Guid(0d7b89f7b0286944abe9f711b3520142) Importer(815301076,1909f56bfc062723c751e8b465ee728b)  -> (artifact id: 'dcf178e6fb18ede2fcbd6ffb6c7bdf59') in 0.044107 seconds 
========================================================================
Received Import Request.
  Time since last request: 0.000021 seconds.
  path: Assets/Art/Props/Seaweed/seaweeds.01_00127.png
  artifactKey: Guid(f544935ff80864144baffb154e3536bb) Importer(815301076,1909f56bfc062723c751e8b465ee728b)
Start importing Assets/Art/Props/Seaweed/seaweeds.01_00127.png using Guid(f544935ff80864144baffb154e3536bb) Importer(815301076,1909f56bfc062723c751e8b465ee728b)  -> (artifact id: 'dafe93afc5f687f9efd299ddad8e9cc6') in 0.042154 seconds 
========================================================================
Received Import Request.
  Time since last request: 0.000022 seconds.
  path: Assets/Art/Props/Seaweed/seaweeds.01_00257.png
  artifactKey: Guid(9687cd0e14197174fbad3fd3b612ef8c) Importer(815301076,1909f56bfc062723c751e8b465ee728b)
Start importing Assets/Art/Props/Seaweed/seaweeds.01_00257.png using Guid(9687cd0e14197174fbad3fd3b612ef8c) Importer(815301076,1909f56bfc062723c751e8b465ee728b)  -> (artifact id: '822c01db67dffb21b06627097942ba09') in 0.044059 seconds 
========================================================================
Received Import Request.
  Time since last request: 0.000033 seconds.
  path: Assets/Art/Props/Seaweed/seaweeds.01_00220.png
  artifactKey: Guid(6fa752f58bbacdb4194cb9dfa8f9b885) Importer(815301076,1909f56bfc062723c751e8b465ee728b)
Start importing Assets/Art/Props/Seaweed/seaweeds.01_00220.png using Guid(6fa752f58bbacdb4194cb9dfa8f9b885) Importer(815301076,1909f56bfc062723c751e8b465ee728b)  -> (artifact id: 'ef5967a8d378ebd561402eab4df8200f') in 0.048352 seconds 
========================================================================
Received Import Request.
  Time since last request: 0.000021 seconds.
  path: Assets/Art/Props/Seaweed/seaweeds.01_00111.png
  artifactKey: Guid(2c5d2613c5ce6d34c94b563eb50a05dc) Importer(815301076,1909f56bfc062723c751e8b465ee728b)
Start importing Assets/Art/Props/Seaweed/seaweeds.01_00111.png using Guid(2c5d2613c5ce6d34c94b563eb50a05dc) Importer(815301076,1909f56bfc062723c751e8b465ee728b)  -> (artifact id: 'f5478f3ce54a19a0247c52670d714ac8') in 0.043584 seconds 
========================================================================
Received Import Request.
  Time since last request: 0.000026 seconds.
  path: Assets/Art/Props/Seaweed/seaweeds.01_00180.png
  artifactKey: Guid(43c86776f667e194eab6805665138771) Importer(815301076,1909f56bfc062723c751e8b465ee728b)
Start importing Assets/Art/Props/Seaweed/seaweeds.01_00180.png using Guid(43c86776f667e194eab6805665138771) Importer(815301076,1909f56bfc062723c751e8b465ee728b)  -> (artifact id: 'a4b5dcfdd3cc003385c2941d31cc79c4') in 0.045528 seconds 
========================================================================
Received Import Request.
  Time since last request: 0.000029 seconds.
  path: Assets/Art/Props/Seaweed/seaweeds.01_00320.png
  artifactKey: Guid(e3c5c83fa79387247be9f339bce9980e) Importer(815301076,1909f56bfc062723c751e8b465ee728b)
Start importing Assets/Art/Props/Seaweed/seaweeds.01_00320.png using Guid(e3c5c83fa79387247be9f339bce9980e) Importer(815301076,1909f56bfc062723c751e8b465ee728b)  -> (artifact id: '0eb045b27d2ddcf0bcc34c90ef5bc856') in 0.047723 seconds 
========================================================================
Received Import Request.
  Time since last request: 0.000020 seconds.
  path: Assets/Art/Props/Seaweed/seaweeds.01_00304.png
  artifactKey: Guid(e46b6f51297675245a6c2878d2f99918) Importer(815301076,1909f56bfc062723c751e8b465ee728b)
Start importing Assets/Art/Props/Seaweed/seaweeds.01_00304.png using Guid(e46b6f51297675245a6c2878d2f99918) Importer(815301076,1909f56bfc062723c751e8b465ee728b)  -> (artifact id: '21b9ca9d6efff77bf2aeea58b61eb345') in 0.046265 seconds 
========================================================================
Received Import Request.
  Time since last request: 0.000024 seconds.
  path: Assets/Art/Props/Seaweed/seaweeds.01_00303.png
  artifactKey: Guid(dbd0ea912f514414da9a100240100fa0) Importer(815301076,1909f56bfc062723c751e8b465ee728b)
Start importing Assets/Art/Props/Seaweed/seaweeds.01_00303.png using Guid(dbd0ea912f514414da9a100240100fa0) Importer(815301076,1909f56bfc062723c751e8b465ee728b)  -> (artifact id: '5e619f54ef514ccc8618b1b4a83b9652') in 0.046117 seconds 
========================================================================
Received Import Request.
  Time since last request: 0.000019 seconds.
  path: Assets/Art/Props/Seaweed/seaweeds.01_00312.png
  artifactKey: Guid(f04616559f2f6314da249aacceb2b7f9) Importer(815301076,1909f56bfc062723c751e8b465ee728b)
Start importing Assets/Art/Props/Seaweed/seaweeds.01_00312.png using Guid(f04616559f2f6314da249aacceb2b7f9) Importer(815301076,1909f56bfc062723c751e8b465ee728b)  -> (artifact id: '267701eacd57b3775c3f87b87ac8cbaa') in 0.044070 seconds 
========================================================================
Received Import Request.
  Time since last request: 0.000026 seconds.
  path: Assets/Art/Props/Seaweed/seaweeds.01_00164.png
  artifactKey: Guid(8eaec7a815db6014b95ff83cb990a204) Importer(815301076,1909f56bfc062723c751e8b465ee728b)
Start importing Assets/Art/Props/Seaweed/seaweeds.01_00164.png using Guid(8eaec7a815db6014b95ff83cb990a204) Importer(815301076,1909f56bfc062723c751e8b465ee728b)  -> (artifact id: '3a30c60d6d3b0d6c117f17b5cdbedfd1') in 0.047267 seconds 
========================================================================
Received Import Request.
  Time since last request: 0.000027 seconds.
  path: Assets/Art/Props/Seaweed/seaweeds.01_00194.png
  artifactKey: Guid(b21d5b74c7915604599adf75621f9b7a) Importer(815301076,1909f56bfc062723c751e8b465ee728b)
Start importing Assets/Art/Props/Seaweed/seaweeds.01_00194.png using Guid(b21d5b74c7915604599adf75621f9b7a) Importer(815301076,1909f56bfc062723c751e8b465ee728b)  -> (artifact id: '0e532dd9cdbbeb01566a43e16bb095d0') in 0.048913 seconds 
========================================================================
Received Import Request.
  Time since last request: 0.000027 seconds.
  path: Assets/Art/Props/Seaweed/seaweeds.01_00276.png
  artifactKey: Guid(e378638179d74c547b5408490d923a92) Importer(815301076,1909f56bfc062723c751e8b465ee728b)
Start importing Assets/Art/Props/Seaweed/seaweeds.01_00276.png using Guid(e378638179d74c547b5408490d923a92) Importer(815301076,1909f56bfc062723c751e8b465ee728b)  -> (artifact id: 'f62c1c6e5e9d73c171921223bb8bfa8c') in 0.044050 seconds 
========================================================================
Received Import Request.
  Time since last request: 0.000026 seconds.
  path: Assets/Art/Props/Seaweed/seaweeds.01_00341.png
  artifactKey: Guid(79ee005b7ba9bc64aac783aa23e42308) Importer(815301076,1909f56bfc062723c751e8b465ee728b)
Start importing Assets/Art/Props/Seaweed/seaweeds.01_00341.png using Guid(79ee005b7ba9bc64aac783aa23e42308) Importer(815301076,1909f56bfc062723c751e8b465ee728b)  -> (artifact id: 'ed5c558109e6bf6f79ecbf8dcc318b76') in 0.045822 seconds 
========================================================================
Received Import Request.
  Time since last request: 0.000027 seconds.
  path: Assets/Art/Props/Seaweed/seaweeds.01_00173.png
  artifactKey: Guid(3a52c4d1a37527f4a80c4be348debbd6) Importer(815301076,1909f56bfc062723c751e8b465ee728b)
Start importing Assets/Art/Props/Seaweed/seaweeds.01_00173.png using Guid(3a52c4d1a37527f4a80c4be348debbd6) Importer(815301076,1909f56bfc062723c751e8b465ee728b)  -> (artifact id: '5f090bbc28c049fd7b4f875c2d433bef') in 0.047004 seconds 
========================================================================
Received Import Request.
  Time since last request: 0.000028 seconds.
  path: Assets/Art/Props/Seaweed/seaweeds.01_00101.png
  artifactKey: Guid(1ac8d143f9c513b42adef57c1274a1b9) Importer(815301076,1909f56bfc062723c751e8b465ee728b)
Start importing Assets/Art/Props/Seaweed/seaweeds.01_00101.png using Guid(1ac8d143f9c513b42adef57c1274a1b9) Importer(815301076,1909f56bfc062723c751e8b465ee728b)  -> (artifact id: 'a386fbeea26c687dbbbc95c97f04357d') in 0.044338 seconds 
========================================================================
Received Import Request.
  Time since last request: 0.000031 seconds.
  path: Assets/Art/Props/Seaweed/seaweeds.01_00308.png
  artifactKey: Guid(b6531b6f885ad394cafe1cfc22aeb539) Importer(815301076,1909f56bfc062723c751e8b465ee728b)
Start importing Assets/Art/Props/Seaweed/seaweeds.01_00308.png using Guid(b6531b6f885ad394cafe1cfc22aeb539) Importer(815301076,1909f56bfc062723c751e8b465ee728b)  -> (artifact id: '38059543ebbb96aa51473c5904c2ab2d') in 0.044460 seconds 
========================================================================
Received Import Request.
  Time since last request: 0.000022 seconds.
  path: Assets/Art/Props/Seaweed/seaweeds.01_00211.png
  artifactKey: Guid(45ce8c781af9c7343986c83f1d65513b) Importer(815301076,1909f56bfc062723c751e8b465ee728b)
Start importing Assets/Art/Props/Seaweed/seaweeds.01_00211.png using Guid(45ce8c781af9c7343986c83f1d65513b) Importer(815301076,1909f56bfc062723c751e8b465ee728b)  -> (artifact id: 'b55652c7df4f62e7cace4b42e68fddf1') in 0.049598 seconds 
========================================================================
Received Import Request.
  Time since last request: 0.000039 seconds.
  path: Assets/Art/Props/Seaweed/seaweeds.01_00352.png
  artifactKey: Guid(03868d4e8fa919c42b594348ebcf7dc1) Importer(815301076,1909f56bfc062723c751e8b465ee728b)
Start importing Assets/Art/Props/Seaweed/seaweeds.01_00352.png using Guid(03868d4e8fa919c42b594348ebcf7dc1) Importer(815301076,1909f56bfc062723c751e8b465ee728b)  -> (artifact id: '595f6fb0582acd8f6ceb74a0a4be920c') in 0.049570 seconds 
========================================================================
Received Import Request.
  Time since last request: 0.000024 seconds.
  path: Assets/Art/Props/Seaweed/seaweeds.01_00254.png
  artifactKey: Guid(898575a1928510540be25f071b2c32d2) Importer(815301076,1909f56bfc062723c751e8b465ee728b)
Start importing Assets/Art/Props/Seaweed/seaweeds.01_00254.png using Guid(898575a1928510540be25f071b2c32d2) Importer(815301076,1909f56bfc062723c751e8b465ee728b)  -> (artifact id: '3c615be6dfd6793086a550ba3ace4c8d') in 0.042284 seconds 
========================================================================
Received Import Request.
  Time since last request: 0.000024 seconds.
  path: Assets/Art/Props/Seaweed/seaweeds.01_00166.png
  artifactKey: Guid(9c983c873ad831a40b05c48b782401bf) Importer(815301076,1909f56bfc062723c751e8b465ee728b)
Start importing Assets/Art/Props/Seaweed/seaweeds.01_00166.png using Guid(9c983c873ad831a40b05c48b782401bf) Importer(815301076,1909f56bfc062723c751e8b465ee728b)  -> (artifact id: '991af0e1594b9983fcf43ec160332dcc') in 0.045423 seconds 
========================================================================
Received Import Request.
  Time since last request: 0.000033 seconds.
  path: Assets/Art/Props/Seaweed/seaweeds.01_00331.png
  artifactKey: Guid(7e491c634e064b04d94a5d4ffcd32300) Importer(815301076,1909f56bfc062723c751e8b465ee728b)
Start importing Assets/Art/Props/Seaweed/seaweeds.01_00331.png using Guid(7e491c634e064b04d94a5d4ffcd32300) Importer(815301076,1909f56bfc062723c751e8b465ee728b)  -> (artifact id: 'fbe0403bea6dd9136662c707f73d88be') in 0.042438 seconds 
========================================================================
Received Import Request.
  Time since last request: 0.000023 seconds.
  path: Assets/Art/Props/Seaweed/seaweeds.01_00088.png
  artifactKey: Guid(dd87be3bb282b6b408ad1e82588fa26d) Importer(815301076,1909f56bfc062723c751e8b465ee728b)
Start importing Assets/Art/Props/Seaweed/seaweeds.01_00088.png using Guid(dd87be3bb282b6b408ad1e82588fa26d) Importer(815301076,1909f56bfc062723c751e8b465ee728b)  -> (artifact id: '7cc39f261138947def94811474ac9857') in 0.049177 seconds 
========================================================================
Received Import Request.
  Time since last request: 0.000021 seconds.
  path: Assets/Art/Props/Seaweed/seaweeds.01_00119.png
  artifactKey: Guid(6a627659fde9cb84eab3e17349217db4) Importer(815301076,1909f56bfc062723c751e8b465ee728b)
Start importing Assets/Art/Props/Seaweed/seaweeds.01_00119.png using Guid(6a627659fde9cb84eab3e17349217db4) Importer(815301076,1909f56bfc062723c751e8b465ee728b)  -> (artifact id: '5ffbc335de29b6ad72613b94cdb6eb8f') in 0.047844 seconds 
========================================================================
Received Import Request.
  Time since last request: 0.000029 seconds.
  path: Assets/Art/Props/Seaweed/seaweeds.01_00236.png
  artifactKey: Guid(54502f51e6f12b54f9273de2cc5c70eb) Importer(815301076,1909f56bfc062723c751e8b465ee728b)
Start importing Assets/Art/Props/Seaweed/seaweeds.01_00236.png using Guid(54502f51e6f12b54f9273de2cc5c70eb) Importer(815301076,1909f56bfc062723c751e8b465ee728b)  -> (artifact id: 'bfceb86affc40d8b48dd07afc0c603f7') in 0.044641 seconds 
========================================================================
Received Import Request.
  Time since last request: 0.000022 seconds.
  path: Assets/Art/Props/Seaweed/seaweeds.01_00094.png
  artifactKey: Guid(9284111b4fe0cd84788fde01d96fb799) Importer(815301076,1909f56bfc062723c751e8b465ee728b)
Start importing Assets/Art/Props/Seaweed/seaweeds.01_00094.png using Guid(9284111b4fe0cd84788fde01d96fb799) Importer(815301076,1909f56bfc062723c751e8b465ee728b)  -> (artifact id: 'f1cb04a51e47fee847fd3b57d37962c7') in 0.041108 seconds 
========================================================================
Received Import Request.
  Time since last request: 0.000032 seconds.
  path: Assets/Art/Props/Seaweed/seaweeds.01_00223.png
  artifactKey: Guid(784db67b8f4fcfe4cb141173b2aa2e74) Importer(815301076,1909f56bfc062723c751e8b465ee728b)
Start importing Assets/Art/Props/Seaweed/seaweeds.01_00223.png using Guid(784db67b8f4fcfe4cb141173b2aa2e74) Importer(815301076,1909f56bfc062723c751e8b465ee728b)  -> (artifact id: '272488c2ab1e5424e14d01d759b0aee5') in 0.046139 seconds 
========================================================================
Received Import Request.
  Time since last request: 0.000030 seconds.
  path: Assets/Art/Props/Seaweed/seaweeds.01_00279.png
  artifactKey: Guid(c077924f9bf467149bf9e82e9d5469cf) Importer(815301076,1909f56bfc062723c751e8b465ee728b)
Start importing Assets/Art/Props/Seaweed/seaweeds.01_00279.png using Guid(c077924f9bf467149bf9e82e9d5469cf) Importer(815301076,1909f56bfc062723c751e8b465ee728b)  -> (artifact id: 'fdbae8468e4ae39f1d318370338bd1b8') in 0.045157 seconds 
========================================================================
Received Import Request.
  Time since last request: 0.000038 seconds.
  path: Assets/Art/Props/Seaweed/seaweeds.01_00171.png
  artifactKey: Guid(dff9c0717818a7642b45569594fc79a6) Importer(815301076,1909f56bfc062723c751e8b465ee728b)
Start importing Assets/Art/Props/Seaweed/seaweeds.01_00171.png using Guid(dff9c0717818a7642b45569594fc79a6) Importer(815301076,1909f56bfc062723c751e8b465ee728b)  -> (artifact id: 'fc31a08f37ddc870f2fbefaf0ee93867') in 0.042180 seconds 
========================================================================
Received Import Request.
  Time since last request: 0.000028 seconds.
  path: Assets/Art/Props/Seaweed/seaweeds.01_00324.png
  artifactKey: Guid(527c4c165b5475f4cbdbe04b933c8ddf) Importer(815301076,1909f56bfc062723c751e8b465ee728b)
Start importing Assets/Art/Props/Seaweed/seaweeds.01_00324.png using Guid(527c4c165b5475f4cbdbe04b933c8ddf) Importer(815301076,1909f56bfc062723c751e8b465ee728b)  -> (artifact id: 'eb5bb8e552d0ae9edca0b3b0fc8e7596') in 0.041207 seconds 
========================================================================
Received Import Request.
  Time since last request: 0.000027 seconds.
  path: Assets/Art/Props/Seaweed/seaweeds.01_00300.png
  artifactKey: Guid(6b2a2049865578a4eabd49607ef10323) Importer(815301076,1909f56bfc062723c751e8b465ee728b)
Start importing Assets/Art/Props/Seaweed/seaweeds.01_00300.png using Guid(6b2a2049865578a4eabd49607ef10323) Importer(815301076,1909f56bfc062723c751e8b465ee728b)  -> (artifact id: '60ba425ef1efc6a1570f85d249d51e9e') in 0.043179 seconds 
========================================================================
Received Import Request.
  Time since last request: 0.000025 seconds.
  path: Assets/Art/Props/Seaweed/seaweeds.01_00084.png
  artifactKey: Guid(34088f2375c20d44ab1387a989b2ec56) Importer(815301076,1909f56bfc062723c751e8b465ee728b)
Start importing Assets/Art/Props/Seaweed/seaweeds.01_00084.png using Guid(34088f2375c20d44ab1387a989b2ec56) Importer(815301076,1909f56bfc062723c751e8b465ee728b)  -> (artifact id: '05eeb35fd1f4a97983889f4a2218695b') in 0.042693 seconds 
========================================================================
Received Import Request.
  Time since last request: 0.000027 seconds.
  path: Assets/Art/Props/Seaweed/seaweeds.01_00243.png
  artifactKey: Guid(e6fd586678aca5e4bb60fd2836cb40e3) Importer(815301076,1909f56bfc062723c751e8b465ee728b)
Start importing Assets/Art/Props/Seaweed/seaweeds.01_00243.png using Guid(e6fd586678aca5e4bb60fd2836cb40e3) Importer(815301076,1909f56bfc062723c751e8b465ee728b)  -> (artifact id: '590c14879632ba367ef60921a9e6aa0a') in 0.040863 seconds 
========================================================================
Received Import Request.
  Time since last request: 0.000649 seconds.
  path: Assets/Art/Props/Seaweed/seaweeds.01_00104.png
  artifactKey: Guid(2b5a24669ba3cf841ab3f94dec94385d) Importer(815301076,1909f56bfc062723c751e8b465ee728b)
Start importing Assets/Art/Props/Seaweed/seaweeds.01_00104.png using Guid(2b5a24669ba3cf841ab3f94dec94385d) Importer(815301076,1909f56bfc062723c751e8b465ee728b)  -> (artifact id: '7b4663d068c4d1e93fbcdc70282f8165') in 0.048558 seconds 
========================================================================
Received Import Request.
  Time since last request: 0.000029 seconds.
  path: Assets/Art/Props/Seaweed/seaweeds.01_00202.png
  artifactKey: Guid(11ea5dbece234804fa8f8ef2d14265ab) Importer(815301076,1909f56bfc062723c751e8b465ee728b)
Start importing Assets/Art/Props/Seaweed/seaweeds.01_00202.png using Guid(11ea5dbece234804fa8f8ef2d14265ab) Importer(815301076,1909f56bfc062723c751e8b465ee728b)  -> (artifact id: '46ab926ef7b2ff05570614a26e2a7f83') in 0.043319 seconds 
========================================================================
Received Import Request.
  Time since last request: 0.000022 seconds.
  path: Assets/Art/Props/Seaweed/seaweeds.01_00075.png
  artifactKey: Guid(6da426f4a032861498e6d86cd5aed348) Importer(815301076,1909f56bfc062723c751e8b465ee728b)
Start importing Assets/Art/Props/Seaweed/seaweeds.01_00075.png using Guid(6da426f4a032861498e6d86cd5aed348) Importer(815301076,1909f56bfc062723c751e8b465ee728b)  -> (artifact id: '5d6095133920a68263856e257ebcdf8a') in 0.043497 seconds 
========================================================================
Received Import Request.
  Time since last request: 0.000022 seconds.
  path: Assets/Art/Props/Seaweed/seaweeds.01_00125.png
  artifactKey: Guid(e5738d8da7a996944aa4ef0b70d9423d) Importer(815301076,1909f56bfc062723c751e8b465ee728b)
Start importing Assets/Art/Props/Seaweed/seaweeds.01_00125.png using Guid(e5738d8da7a996944aa4ef0b70d9423d) Importer(815301076,1909f56bfc062723c751e8b465ee728b)  -> (artifact id: '0f327d24782f5e99e71a3005f51f984a') in 0.043626 seconds 
========================================================================
Received Import Request.
  Time since last request: 0.000033 seconds.
  path: Assets/Art/Props/Seaweed/seaweeds.01_00178.png
  artifactKey: Guid(840bdf6da96362d4fb49ea4ef677855c) Importer(815301076,1909f56bfc062723c751e8b465ee728b)
Start importing Assets/Art/Props/Seaweed/seaweeds.01_00178.png using Guid(840bdf6da96362d4fb49ea4ef677855c) Importer(815301076,1909f56bfc062723c751e8b465ee728b)  -> (artifact id: '4c204bb294d5f61d3ced0a0063e83299') in 0.047904 seconds 
========================================================================
Received Import Request.
  Time since last request: 0.000035 seconds.
  path: Assets/Art/Props/Seaweed/seaweeds.01_00354.png
  artifactKey: Guid(30bb7a2b04dcd6e459f3ea67d9a36f9b) Importer(815301076,1909f56bfc062723c751e8b465ee728b)
Start importing Assets/Art/Props/Seaweed/seaweeds.01_00354.png using Guid(30bb7a2b04dcd6e459f3ea67d9a36f9b) Importer(815301076,1909f56bfc062723c751e8b465ee728b)  -> (artifact id: '34a28e1be89c582246af5da2f69b5026') in 0.048712 seconds 
========================================================================
Received Import Request.
  Time since last request: 0.000039 seconds.
  path: Assets/Art/Props/Seaweed/seaweeds.01_00181.png
  artifactKey: Guid(8616e9fc9fe3bed4f8e4d7dd2be2fcb5) Importer(815301076,1909f56bfc062723c751e8b465ee728b)
Start importing Assets/Art/Props/Seaweed/seaweeds.01_00181.png using Guid(8616e9fc9fe3bed4f8e4d7dd2be2fcb5) Importer(815301076,1909f56bfc062723c751e8b465ee728b)  -> (artifact id: '591d77b4b162a03cc9400970015fd437') in 0.047180 seconds 
========================================================================
Received Import Request.
  Time since last request: 0.000030 seconds.
  path: Assets/Art/Props/Seaweed/seaweeds.01_00107.png
  artifactKey: Guid(841304eb3c2d007459ae51a440526547) Importer(815301076,1909f56bfc062723c751e8b465ee728b)
Start importing Assets/Art/Props/Seaweed/seaweeds.01_00107.png using Guid(841304eb3c2d007459ae51a440526547) Importer(815301076,1909f56bfc062723c751e8b465ee728b)  -> (artifact id: '5772ae4ca7ebcef230d7f01a5b93a923') in 0.046059 seconds 
========================================================================
Received Import Request.
  Time since last request: 0.000029 seconds.
  path: Assets/Art/Props/Seaweed/seaweeds.01_00285.png
  artifactKey: Guid(7adde212925c726469ec222b163c4de2) Importer(815301076,1909f56bfc062723c751e8b465ee728b)
Start importing Assets/Art/Props/Seaweed/seaweeds.01_00285.png using Guid(7adde212925c726469ec222b163c4de2) Importer(815301076,1909f56bfc062723c751e8b465ee728b)  -> (artifact id: 'f0132f412cad2bb0d98745807786f141') in 0.045963 seconds 
========================================================================
Received Import Request.
  Time since last request: 0.000038 seconds.
  path: Assets/Art/Props/Seaweed/seaweeds.01_00072.png
  artifactKey: Guid(3d5db11032f93a244b4fbef0aad4da2c) Importer(815301076,1909f56bfc062723c751e8b465ee728b)
Start importing Assets/Art/Props/Seaweed/seaweeds.01_00072.png using Guid(3d5db11032f93a244b4fbef0aad4da2c) Importer(815301076,1909f56bfc062723c751e8b465ee728b)  -> (artifact id: 'aacd4e0a1d031bafebc4fee0ed56a488') in 0.055044 seconds 
========================================================================
Received Import Request.
  Time since last request: 0.000038 seconds.
  path: Assets/Art/Props/Seaweed/seaweeds.01_00322.png
  artifactKey: Guid(1ef33fc84297eec41b94a6e6c566d45d) Importer(815301076,1909f56bfc062723c751e8b465ee728b)
Start importing Assets/Art/Props/Seaweed/seaweeds.01_00322.png using Guid(1ef33fc84297eec41b94a6e6c566d45d) Importer(815301076,1909f56bfc062723c751e8b465ee728b)  -> (artifact id: '62be941c36ebab829a626804aec4b840') in 0.055067 seconds 
========================================================================
Received Import Request.
  Time since last request: 0.000029 seconds.
  path: Assets/Art/Props/Seaweed/seaweeds.01_00291.png
  artifactKey: Guid(f4e832f179081b246915c579e8363051) Importer(815301076,1909f56bfc062723c751e8b465ee728b)
Start importing Assets/Art/Props/Seaweed/seaweeds.01_00291.png using Guid(f4e832f179081b246915c579e8363051) Importer(815301076,1909f56bfc062723c751e8b465ee728b)  -> (artifact id: '765e3dfce46d37a5e208d6b49d57ac63') in 0.049357 seconds 
========================================================================
Received Import Request.
  Time since last request: 0.000039 seconds.
  path: Assets/Art/Props/Seaweed/seaweeds.01_00337.png
  artifactKey: Guid(1914562386cafbe44a960602ff207c6f) Importer(815301076,1909f56bfc062723c751e8b465ee728b)
Start importing Assets/Art/Props/Seaweed/seaweeds.01_00337.png using Guid(1914562386cafbe44a960602ff207c6f) Importer(815301076,1909f56bfc062723c751e8b465ee728b)  -> (artifact id: 'ccddb58dc82e34934d14a5c1fc4cba0e') in 0.046738 seconds 
========================================================================
Received Import Request.
  Time since last request: 0.000046 seconds.
  path: Assets/Art/Props/Seaweed/seaweeds.01_00268.png
  artifactKey: Guid(3c1552cc99f899c4d910af7feaf713d3) Importer(815301076,1909f56bfc062723c751e8b465ee728b)
Start importing Assets/Art/Props/Seaweed/seaweeds.01_00268.png using Guid(3c1552cc99f899c4d910af7feaf713d3) Importer(815301076,1909f56bfc062723c751e8b465ee728b)  -> (artifact id: '6c5a09954210d4cbfe957976be097ace') in 0.045099 seconds 
========================================================================
Received Import Request.
  Time since last request: 0.000063 seconds.
  path: Assets/Art/Props/Seaweed/seaweeds.01_00066.png
  artifactKey: Guid(644608b08ce890943bbff161fa82a8a1) Importer(815301076,1909f56bfc062723c751e8b465ee728b)
Start importing Assets/Art/Props/Seaweed/seaweeds.01_00066.png using Guid(644608b08ce890943bbff161fa82a8a1) Importer(815301076,1909f56bfc062723c751e8b465ee728b)  -> (artifact id: '5d8d789656b2648f79433d938d7fdafc') in 0.053292 seconds 
========================================================================
Received Import Request.
  Time since last request: 0.000028 seconds.
  path: Assets/Art/Props/Seaweed/seaweeds.01_00184.png
  artifactKey: Guid(213064a299cf26944a0f143b401d2239) Importer(815301076,1909f56bfc062723c751e8b465ee728b)
Start importing Assets/Art/Props/Seaweed/seaweeds.01_00184.png using Guid(213064a299cf26944a0f143b401d2239) Importer(815301076,1909f56bfc062723c751e8b465ee728b)  -> (artifact id: '994bd82630e48a972e95104c1578d099') in 0.047480 seconds 
========================================================================
Received Import Request.
  Time since last request: 0.000025 seconds.
  path: Assets/Art/Props/Seaweed/seaweeds.01_00132.png
  artifactKey: Guid(cab9a9d5569e5554eb87595944274b1e) Importer(815301076,1909f56bfc062723c751e8b465ee728b)
Start importing Assets/Art/Props/Seaweed/seaweeds.01_00132.png using Guid(cab9a9d5569e5554eb87595944274b1e) Importer(815301076,1909f56bfc062723c751e8b465ee728b)  -> (artifact id: 'cf0e927e7c3d3d7e0e695cf6b49e0a95') in 0.045443 seconds 
========================================================================
Received Import Request.
  Time since last request: 0.000036 seconds.
  path: Assets/Art/Props/Seaweed/seaweeds.01_00113.png
  artifactKey: Guid(b51ab51982045354ea011fe0fe1e7c0a) Importer(815301076,1909f56bfc062723c751e8b465ee728b)
Start importing Assets/Art/Props/Seaweed/seaweeds.01_00113.png using Guid(b51ab51982045354ea011fe0fe1e7c0a) Importer(815301076,1909f56bfc062723c751e8b465ee728b)  -> (artifact id: '8ee14f2a46997758317cc924bbb1950f') in 0.046460 seconds 
========================================================================
Received Import Request.
  Time since last request: 0.000030 seconds.
  path: Assets/Art/Props/Seaweed/seaweeds.01_00338.png
  artifactKey: Guid(e7e0b36f27add3b4c9243cf89d57dbb9) Importer(815301076,1909f56bfc062723c751e8b465ee728b)
Start importing Assets/Art/Props/Seaweed/seaweeds.01_00338.png using Guid(e7e0b36f27add3b4c9243cf89d57dbb9) Importer(815301076,1909f56bfc062723c751e8b465ee728b)  -> (artifact id: '74f116e3a3deb0baf4b05ae0e3920e65') in 0.047064 seconds 
========================================================================
Received Import Request.
  Time since last request: 0.000023 seconds.
  path: Assets/Art/Props/Seaweed/seaweeds.01_00092.png
  artifactKey: Guid(c55328fbc00345a49af239b9dfb11263) Importer(815301076,1909f56bfc062723c751e8b465ee728b)
Start importing Assets/Art/Props/Seaweed/seaweeds.01_00092.png using Guid(c55328fbc00345a49af239b9dfb11263) Importer(815301076,1909f56bfc062723c751e8b465ee728b)  -> (artifact id: '0489cd9e8b4b4cbfcbe1b70434238665') in 0.047691 seconds 
========================================================================
Received Import Request.
  Time since last request: 0.000029 seconds.
  path: Assets/Art/Props/Seaweed/seaweeds.01_00162.png
  artifactKey: Guid(31571f60ac7f7a34d9bdcd1b1ec92bef) Importer(815301076,1909f56bfc062723c751e8b465ee728b)
Start importing Assets/Art/Props/Seaweed/seaweeds.01_00162.png using Guid(31571f60ac7f7a34d9bdcd1b1ec92bef) Importer(815301076,1909f56bfc062723c751e8b465ee728b)  -> (artifact id: '62bc2a320600fed2fac9f688946c376a') in 0.048736 seconds 
========================================================================
Received Import Request.
  Time since last request: 0.000020 seconds.
  path: Assets/Art/Props/Seaweed/seaweeds.01_00224.png
  artifactKey: Guid(9b1fa7aa219a9da4ead55716734c9f5b) Importer(815301076,1909f56bfc062723c751e8b465ee728b)
Start importing Assets/Art/Props/Seaweed/seaweeds.01_00224.png using Guid(9b1fa7aa219a9da4ead55716734c9f5b) Importer(815301076,1909f56bfc062723c751e8b465ee728b)  -> (artifact id: 'c6590a43a71792074e608ff5c1448f36') in 0.050586 seconds 
========================================================================
Received Import Request.
  Time since last request: 0.000038 seconds.
  path: Assets/Art/Props/Seaweed/seaweeds.01_00280.png
  artifactKey: Guid(35e8f8dd6213e624db8d21b8fa5766ad) Importer(815301076,1909f56bfc062723c751e8b465ee728b)
Start importing Assets/Art/Props/Seaweed/seaweeds.01_00280.png using Guid(35e8f8dd6213e624db8d21b8fa5766ad) Importer(815301076,1909f56bfc062723c751e8b465ee728b)  -> (artifact id: '9c114fd191b0abfe72c15890b54c030e') in 0.050429 seconds 
========================================================================
Received Import Request.
  Time since last request: 0.000031 seconds.
  path: Assets/Art/Props/Seaweed/seaweeds.01_00157.png
  artifactKey: Guid(eb4d4b4884ee9e54fb2e9b4d805fd6a0) Importer(815301076,1909f56bfc062723c751e8b465ee728b)
Start importing Assets/Art/Props/Seaweed/seaweeds.01_00157.png using Guid(eb4d4b4884ee9e54fb2e9b4d805fd6a0) Importer(815301076,1909f56bfc062723c751e8b465ee728b)  -> (artifact id: '04f64e1f624d7f119d8a1c3eb60e2b15') in 0.047353 seconds 
========================================================================
Received Import Request.
  Time since last request: 0.000023 seconds.
  path: Assets/Art/Props/Seaweed/seaweeds.01_00233.png
  artifactKey: Guid(225970f8d7545924bb5b59402b3b01d1) Importer(815301076,1909f56bfc062723c751e8b465ee728b)
Start importing Assets/Art/Props/Seaweed/seaweeds.01_00233.png using Guid(225970f8d7545924bb5b59402b3b01d1) Importer(815301076,1909f56bfc062723c751e8b465ee728b)  -> (artifact id: '60b20042e0c6cd7f13e1ca24e51382dc') in 0.045080 seconds 
========================================================================
Received Import Request.
  Time since last request: 0.000029 seconds.
  path: Assets/Art/Props/Seaweed/seaweeds.01_00330.png
  artifactKey: Guid(af2ef357e73645d49bf12b77095efec5) Importer(815301076,1909f56bfc062723c751e8b465ee728b)
Start importing Assets/Art/Props/Seaweed/seaweeds.01_00330.png using Guid(af2ef357e73645d49bf12b77095efec5) Importer(815301076,1909f56bfc062723c751e8b465ee728b)  -> (artifact id: '2cc20c2d1649a08ece3135714f24d2e7') in 0.044887 seconds 
========================================================================
Received Import Request.
  Time since last request: 0.000028 seconds.
  path: Assets/Art/Props/Seaweed/seaweeds.01_00215.png
  artifactKey: Guid(f20fe93e1779f19438f642c17b89f488) Importer(815301076,1909f56bfc062723c751e8b465ee728b)
Start importing Assets/Art/Props/Seaweed/seaweeds.01_00215.png using Guid(f20fe93e1779f19438f642c17b89f488) Importer(815301076,1909f56bfc062723c751e8b465ee728b)  -> (artifact id: 'c13dab78fff05dbe868ca8a98149d30f') in 0.046332 seconds 
========================================================================
Received Import Request.
  Time since last request: 0.000022 seconds.
  path: Assets/Art/Props/Seaweed/seaweeds.01_00193.png
  artifactKey: Guid(514af67d8dc3c5e4e91fa76748fd1372) Importer(815301076,1909f56bfc062723c751e8b465ee728b)
Start importing Assets/Art/Props/Seaweed/seaweeds.01_00193.png using Guid(514af67d8dc3c5e4e91fa76748fd1372) Importer(815301076,1909f56bfc062723c751e8b465ee728b)  -> (artifact id: '8f741190a1d90bbb22e187c08b5cf663') in 0.044242 seconds 
========================================================================
Received Import Request.
  Time since last request: 0.000022 seconds.
  path: Assets/Art/Props/Seaweed/seaweeds.01_00292.png
  artifactKey: Guid(0640881412b6cee41b3057ee35326d8c) Importer(815301076,1909f56bfc062723c751e8b465ee728b)
Start importing Assets/Art/Props/Seaweed/seaweeds.01_00292.png using Guid(0640881412b6cee41b3057ee35326d8c) Importer(815301076,1909f56bfc062723c751e8b465ee728b)  -> (artifact id: '26d50cbf019a7b5255578cad443c90f9') in 0.045981 seconds 
========================================================================
Received Import Request.
  Time since last request: 0.000026 seconds.
  path: Assets/Art/Props/Seaweed/seaweeds.01_00070.png
  artifactKey: Guid(43cf50c541806c942a5c049bbf84e69b) Importer(815301076,1909f56bfc062723c751e8b465ee728b)
Start importing Assets/Art/Props/Seaweed/seaweeds.01_00070.png using Guid(43cf50c541806c942a5c049bbf84e69b) Importer(815301076,1909f56bfc062723c751e8b465ee728b)  -> (artifact id: 'bfd111fbe1b056eaf0f9bacc4394f7d7') in 0.046480 seconds 
========================================================================
Received Import Request.
  Time since last request: 0.000034 seconds.
  path: Assets/Art/Props/Seaweed/seaweeds.01_00198.png
  artifactKey: Guid(8cad49410ab55474d865a9bb5b482f87) Importer(815301076,1909f56bfc062723c751e8b465ee728b)
Start importing Assets/Art/Props/Seaweed/seaweeds.01_00198.png using Guid(8cad49410ab55474d865a9bb5b482f87) Importer(815301076,1909f56bfc062723c751e8b465ee728b)  -> (artifact id: '97cd8b13cb6f1c7b96c4c283bb8ede1a') in 0.043064 seconds 
========================================================================
Received Import Request.
  Time since last request: 0.000032 seconds.
  path: Assets/Art/Props/Seaweed/seaweeds.01_00133.png
  artifactKey: Guid(1563ae360e6c90e4bbbad5085869b160) Importer(815301076,1909f56bfc062723c751e8b465ee728b)
Start importing Assets/Art/Props/Seaweed/seaweeds.01_00133.png using Guid(1563ae360e6c90e4bbbad5085869b160) Importer(815301076,1909f56bfc062723c751e8b465ee728b)  -> (artifact id: '323efca7aaef0b9ce2eb8f6b237c61d9') in 0.044163 seconds 
========================================================================
Received Import Request.
  Time since last request: 0.000036 seconds.
  path: Assets/Art/Props/Seaweed/seaweeds.01_00117.png
  artifactKey: Guid(5ab15758be158ff448adcec214d7a450) Importer(815301076,1909f56bfc062723c751e8b465ee728b)
Start importing Assets/Art/Props/Seaweed/seaweeds.01_00117.png using Guid(5ab15758be158ff448adcec214d7a450) Importer(815301076,1909f56bfc062723c751e8b465ee728b)  -> (artifact id: '4ee2477e3196880591165333af8dd37b') in 0.044199 seconds 
========================================================================
Received Import Request.
  Time since last request: 0.000031 seconds.
  path: Assets/Art/Props/Seaweed/seaweeds.01_00124.png
  artifactKey: Guid(c770f969bfefa8f48a8cc44b080455d0) Importer(815301076,1909f56bfc062723c751e8b465ee728b)
Start importing Assets/Art/Props/Seaweed/seaweeds.01_00124.png using Guid(c770f969bfefa8f48a8cc44b080455d0) Importer(815301076,1909f56bfc062723c751e8b465ee728b)  -> (artifact id: '57239c60a8e1ec03bb3ef2181984691e') in 0.046198 seconds 
========================================================================
Received Import Request.
  Time since last request: 0.000026 seconds.
  path: Assets/Art/Props/Seaweed/seaweeds.01_00079.png
  artifactKey: Guid(31a2af4ec6000154db3e660e00c569ca) Importer(815301076,1909f56bfc062723c751e8b465ee728b)
Start importing Assets/Art/Props/Seaweed/seaweeds.01_00079.png using Guid(31a2af4ec6000154db3e660e00c569ca) Importer(815301076,1909f56bfc062723c751e8b465ee728b)  -> (artifact id: '4c54fa0c130f8786fc0f30bdf2722e6b') in 0.052690 seconds 
========================================================================
Received Import Request.
  Time since last request: 0.000032 seconds.
  path: Assets/Art/Props/Seaweed/seaweeds.01_00251.png
  artifactKey: Guid(37ea07be3d0b4744383f04524008fb74) Importer(815301076,1909f56bfc062723c751e8b465ee728b)
Start importing Assets/Art/Props/Seaweed/seaweeds.01_00251.png using Guid(37ea07be3d0b4744383f04524008fb74) Importer(815301076,1909f56bfc062723c751e8b465ee728b)  -> (artifact id: 'f054f26cb7313eea0bf430509160b16e') in 0.045509 seconds 
========================================================================
Received Import Request.
  Time since last request: 0.000024 seconds.
  path: Assets/Art/Props/Seaweed/seaweeds.01_00256.png
  artifactKey: Guid(c0e84526e9cc15945b49f5f425bc5174) Importer(815301076,1909f56bfc062723c751e8b465ee728b)
Start importing Assets/Art/Props/Seaweed/seaweeds.01_00256.png using Guid(c0e84526e9cc15945b49f5f425bc5174) Importer(815301076,1909f56bfc062723c751e8b465ee728b)  -> (artifact id: 'c9597e93d8fd0b32b8baca72ba073c01') in 0.044954 seconds 
========================================================================
Received Import Request.
  Time since last request: 0.000021 seconds.
  path: Assets/Art/Props/Seaweed/seaweeds.01_00359.png
  artifactKey: Guid(606910f0317fb234d90999d931c6d27d) Importer(815301076,1909f56bfc062723c751e8b465ee728b)
Start importing Assets/Art/Props/Seaweed/seaweeds.01_00359.png using Guid(606910f0317fb234d90999d931c6d27d) Importer(815301076,1909f56bfc062723c751e8b465ee728b)  -> (artifact id: '1314917cdedebe8d7b2d2e0982c4ffea') in 0.043413 seconds 
Editor requested this worker to shutdown with reason: Scaling down because of idle timeout
AssetImportWorker is now disconnected from the server
Process exiting
Exiting without the bug reporter. Application will terminate with return code 0