Using pre-set license
Built from '2021.2/staging' branch; Version is '2021.2.5f1 (4ec9a5e799f5) revision 5163429'; Using compiler version '192829333'; Build Type 'Release'
OS: 'Windows 10  (10.0.19043) 64bit Core' Language: 'en' Physical Memory: 32702 MB
BatchMode: 1, IsHumanControllingUs: 0, StartBugReporterOnCrash: 0, Is64bit: 1, IsPro: 0

COMMAND LINE ARGUMENTS:
J:\UniWork\Unity\Unity Install\2021.2.5f1\Editor\Unity.exe
-adb2
-batchMode
-noUpm
-name
AssetImportWorker9
-projectPath
J:/UniWork/Unity Projects/Github/GWP-GitRep
-logFile
Logs/AssetImportWorker9.log
-srvPort
58593
Successfully changed project path to: J:/UniWork/Unity Projects/Github/GWP-GitRep
J:/UniWork/Unity Projects/Github/GWP-GitRep
[UnityMemory] Configuration Parameters - Can be set up in boot.config
    "memorysetup-bucket-allocator-granularity=16"
    "memorysetup-bucket-allocator-bucket-count=8"
    "memorysetup-bucket-allocator-block-size=33554432"
    "memorysetup-bucket-allocator-block-count=8"
    "memorysetup-main-allocator-block-size=16777216"
    "memorysetup-thread-allocator-block-size=16777216"
    "memorysetup-gfx-main-allocator-block-size=16777216"
    "memorysetup-gfx-thread-allocator-block-size=16777216"
    "memorysetup-cache-allocator-block-size=4194304"
    "memorysetup-typetree-allocator-block-size=2097152"
    "memorysetup-profiler-bucket-allocator-granularity=16"
    "memorysetup-profiler-bucket-allocator-bucket-count=8"
    "memorysetup-profiler-bucket-allocator-block-size=33554432"
    "memorysetup-profiler-bucket-allocator-block-count=8"
    "memorysetup-profiler-allocator-block-size=16777216"
    "memorysetup-profiler-editor-allocator-block-size=1048576"
    "memorysetup-temp-allocator-size-main=16777216"
    "memorysetup-job-temp-allocator-block-size=2097152"
    "memorysetup-job-temp-allocator-block-size-background=1048576"
    "memorysetup-job-temp-allocator-reduction-small-platforms=262144"
    "memorysetup-temp-allocator-size-background-worker=32768"
    "memorysetup-temp-allocator-size-job-worker=262144"
    "memorysetup-temp-allocator-size-preload-manager=33554432"
    "memorysetup-temp-allocator-size-nav-mesh-worker=65536"
    "memorysetup-temp-allocator-size-audio-worker=65536"
    "memorysetup-temp-allocator-size-cloud-worker=32768"
    "memorysetup-temp-allocator-size-gi-baking-worker=262144"
    "memorysetup-temp-allocator-size-gfx=262144"
Refreshing native plugins compatible for Editor in 110.94 ms, found 3 plugins.
Preloading 0 native plugins for Editor in 0.00 ms.
Initialize engine version: 2021.2.5f1 (4ec9a5e799f5)
[Subsystems] Discovering subsystems at path J:/UniWork/Unity/Unity Install/2021.2.5f1/Editor/Data/Resources/UnitySubsystems
[Subsystems] Discovering subsystems at path J:/UniWork/Unity Projects/Github/GWP-GitRep/Assets
GfxDevice: creating device client; threaded=0; jobified=0
Direct3D:
    Version:  Direct3D 11.0 [level 11.1]
    Renderer: NVIDIA GeForce RTX 2060 (ID=0x1f08)
    Vendor:   NVIDIA
    VRAM:     5980 MB
    Driver:   30.0.15.1165
Initialize mono
Mono path[0] = 'J:/UniWork/Unity/Unity Install/2021.2.5f1/Editor/Data/Managed'
Mono path[1] = 'J:/UniWork/Unity/Unity Install/2021.2.5f1/Editor/Data/MonoBleedingEdge/lib/mono/unityjit-win32'
Mono config path = 'J:/UniWork/Unity/Unity Install/2021.2.5f1/Editor/Data/MonoBleedingEdge/etc'
Using monoOptions --debugger-agent=transport=dt_socket,embedding=1,server=y,suspend=n,address=127.0.0.1:56664
Begin MonoManager ReloadAssembly
Registering precompiled unity dll's ...
Register platform support module: J:/UniWork/Unity/Unity Install/2021.2.5f1/Editor/Data/PlaybackEngines/WebGLSupport/UnityEditor.WebGL.Extensions.dll
Register platform support module: J:/UniWork/Unity/Unity Install/2021.2.5f1/Editor/Data/PlaybackEngines/WindowsStandaloneSupport/UnityEditor.WindowsStandalone.Extensions.dll
Registered in 0.007109 seconds.
Native extension for WindowsStandalone target not found
Native extension for WebGL target not found
Refreshing native plugins compatible for Editor in 99.30 ms, found 3 plugins.
Preloading 0 native plugins for Editor in 0.00 ms.
Mono: successfully reloaded assembly
- Completed reload, in  0.908 seconds
Domain Reload Profiling:
	ReloadAssembly (909ms)
		BeginReloadAssembly (184ms)
			ExecutionOrderSort (0ms)
			DisableScriptedObjects (0ms)
			BackupInstance (0ms)
			ReleaseScriptingObjects (0ms)
			CreateAndSetChildDomain (1ms)
		EndReloadAssembly (623ms)
			LoadAssemblies (184ms)
			RebuildTransferFunctionScriptingTraits (0ms)
			SetupTypeCache (144ms)
			ReleaseScriptCaches (0ms)
			RebuildScriptCaches (35ms)
			SetupLoadedEditorAssemblies (380ms)
				LogAssemblyErrors (0ms)
				InitializePlatformSupportModulesInManaged (24ms)
				SetLoadedEditorAssemblies (0ms)
				RefreshPlugins (100ms)
				BeforeProcessingInitializeOnLoad (2ms)
				ProcessInitializeOnLoadAttributes (188ms)
				ProcessInitializeOnLoadMethodAttributes (67ms)
				AfterProcessingInitializeOnLoad (0ms)
				EditorAssembliesLoaded (0ms)
			ExecutionOrderSort2 (0ms)
			AwakeInstancesAfterBackupRestoration (0ms)
Platform modules already initialized, skipping
Registering precompiled user dll's ...
Registered in 0.015414 seconds.
Begin MonoManager ReloadAssembly
Native extension for WindowsStandalone target not found
Native extension for WebGL target not found
Refreshing native plugins compatible for Editor in 86.48 ms, found 3 plugins.
Preloading 0 native plugins for Editor in 0.00 ms.
Mono: successfully reloaded assembly
- Completed reload, in  2.304 seconds
Domain Reload Profiling:
	ReloadAssembly (2305ms)
		BeginReloadAssembly (285ms)
			ExecutionOrderSort (0ms)
			DisableScriptedObjects (7ms)
			BackupInstance (0ms)
			ReleaseScriptingObjects (0ms)
			CreateAndSetChildDomain (23ms)
		EndReloadAssembly (1902ms)
			LoadAssemblies (243ms)
			RebuildTransferFunctionScriptingTraits (0ms)
			SetupTypeCache (290ms)
			ReleaseScriptCaches (1ms)
			RebuildScriptCaches (73ms)
			SetupLoadedEditorAssemblies (1262ms)
				LogAssemblyErrors (0ms)
				InitializePlatformSupportModulesInManaged (22ms)
				SetLoadedEditorAssemblies (0ms)
				RefreshPlugins (87ms)
				BeforeProcessingInitializeOnLoad (100ms)
				ProcessInitializeOnLoadAttributes (933ms)
				ProcessInitializeOnLoadMethodAttributes (116ms)
				AfterProcessingInitializeOnLoad (5ms)
				EditorAssembliesLoaded (0ms)
			ExecutionOrderSort2 (0ms)
			AwakeInstancesAfterBackupRestoration (10ms)
Platform modules already initialized, skipping
========================================================================
Worker process is ready to serve import requests
Launched and connected shader compiler UnityShaderCompiler.exe after 0.10 seconds
Refreshing native plugins compatible for Editor in 1.12 ms, found 3 plugins.
Preloading 0 native plugins for Editor in 0.00 ms.
Unloading 3941 Unused Serialized files (Serialized files now loaded: 0)
Unloading 52 unused Assets / (511.9 KB). Loaded Objects now: 4398.
Memory consumption went from 177.3 MB to 176.8 MB.
Total: 5.620700 ms (FindLiveObjects: 0.483900 ms CreateObjectMapping: 0.155700 ms MarkObjects: 4.616600 ms  DeleteObjects: 0.363100 ms)

AssetImportParameters requested are different than current active one (requested -> active):
  custom:video-decoder-ogg-theora: a1e56fd34408186e4bbccfd4996cb3dc -> 
  custom:container-muxer-webm: aa71ff27fc2769a1b78a27578f13a17b -> 
  custom:container-demuxer-webm: 4f35f7cbe854078d1ac9338744f61a02 -> 
  custom:video-encoder-webm-vp8: eb34c28f22e8b96e1ab97ce403110664 -> 
  custom:audio-encoder-webm-vorbis: bf7c407c2cedff20999df2af8eb42d56 -> 
  custom:framework-win-MediaFoundation: 216162199b28c13a410421893ffa2e32 -> 
  custom:container-demuxer-ogg: 62fdf1f143b41e24485cea50d1cbac27 -> 
  custom:video-decoder-webm-vp8: 9c59270c3fd7afecdb556c50c9e8de78 -> 
  custom:audio-decoder-ogg-vorbis: bf7c407c2cedff20999df2af8eb42d56 -> 
========================================================================
Received Import Request.
  Time since last request: 43356.930616 seconds.
  path: Assets/Art/backdrop/DnD Stuff/Assets (300 DPI)/Wall, long (10x2).png
  artifactKey: Guid(58a6dd6bfdbb47f4b9967028c821e4e5) Importer(815301076,1909f56bfc062723c751e8b465ee728b)
Start importing Assets/Art/backdrop/DnD Stuff/Assets (300 DPI)/Wall, long (10x2).png using Guid(58a6dd6bfdbb47f4b9967028c821e4e5) Importer(815301076,1909f56bfc062723c751e8b465ee728b)  -> (artifact id: '7aaea691e61b7d2ce4d17f08068a5f2b') in 0.216670 seconds 
========================================================================
Received Import Request.
  Time since last request: 0.000026 seconds.
  path: Assets/Art/backdrop/DnD Stuff/Assets (300 DPI)/Wall, long (17x3).png
  artifactKey: Guid(5cde27d398108d547a76ab59cda38aa8) Importer(815301076,1909f56bfc062723c751e8b465ee728b)
Start importing Assets/Art/backdrop/DnD Stuff/Assets (300 DPI)/Wall, long (17x3).png using Guid(5cde27d398108d547a76ab59cda38aa8) Importer(815301076,1909f56bfc062723c751e8b465ee728b)  -> (artifact id: 'c62556d2054a215c27332fc1f31eccbe') in 0.077140 seconds 
========================================================================
Received Import Request.
  Time since last request: 0.000039 seconds.
  path: Assets/Art/backdrop/DnD Stuff/Roll20 (72 DPI)/Wall, wide (17x4).png
  artifactKey: Guid(eb501c0f4764dbc4d82e189e805d1f28) Importer(815301076,1909f56bfc062723c751e8b465ee728b)
Start importing Assets/Art/backdrop/DnD Stuff/Roll20 (72 DPI)/Wall, wide (17x4).png using Guid(eb501c0f4764dbc4d82e189e805d1f28) Importer(815301076,1909f56bfc062723c751e8b465ee728b)  -> (artifact id: '478caedf81b78802a79d56de7ee3d463') in 0.068839 seconds 
========================================================================
Received Import Request.
  Time since last request: 0.000021 seconds.
  path: Assets/Art/backdrop/DnD Stuff/Fantasy Grounds (60 DPI)/Wall, straight (4x2).png
  artifactKey: Guid(02ebca54b88395d46a8ff6923333379f) Importer(815301076,1909f56bfc062723c751e8b465ee728b)
Start importing Assets/Art/backdrop/DnD Stuff/Fantasy Grounds (60 DPI)/Wall, straight (4x2).png using Guid(02ebca54b88395d46a8ff6923333379f) Importer(815301076,1909f56bfc062723c751e8b465ee728b)  -> (artifact id: '2adb42fe57724f7ed4554af42f0c6fc3') in 0.026511 seconds 
========================================================================
Received Import Request.
  Time since last request: 0.000045 seconds.
  path: Assets/Art/backdrop/DnD Stuff/Assets (300 DPI)/Wall, straight (3x2).png
  artifactKey: Guid(5b1c282e15151594192d544eda6ec278) Importer(815301076,1909f56bfc062723c751e8b465ee728b)
Start importing Assets/Art/backdrop/DnD Stuff/Assets (300 DPI)/Wall, straight (3x2).png using Guid(5b1c282e15151594192d544eda6ec278) Importer(815301076,1909f56bfc062723c751e8b465ee728b)  -> (artifact id: 'cb3704573bdcda2fdd7420f1818f569a') in 0.059871 seconds 
========================================================================
Received Import Request.
  Time since last request: 0.000025 seconds.
  path: Assets/Art/backdrop/DnD Stuff/Assets (300 DPI)/Wall, wide (22x5).png
  artifactKey: Guid(4f0c857b1f5fbc44582ca890aa94cdc1) Importer(815301076,1909f56bfc062723c751e8b465ee728b)
Start importing Assets/Art/backdrop/DnD Stuff/Assets (300 DPI)/Wall, wide (22x5).png using Guid(4f0c857b1f5fbc44582ca890aa94cdc1) Importer(815301076,1909f56bfc062723c751e8b465ee728b)  -> (artifact id: 'b28185772dfc62acc8e5beeedd37d72a') in 0.075385 seconds 
========================================================================
Received Import Request.
  Time since last request: 0.000033 seconds.
  path: Assets/Art/backdrop/DnD Stuff/Fantasy Grounds (60 DPI)/Wall, window, porthole (1x1).png
  artifactKey: Guid(45cbe0530b649654c9fc85a3fa4f7d2d) Importer(815301076,1909f56bfc062723c751e8b465ee728b)
Start importing Assets/Art/backdrop/DnD Stuff/Fantasy Grounds (60 DPI)/Wall, window, porthole (1x1).png using Guid(45cbe0530b649654c9fc85a3fa4f7d2d) Importer(815301076,1909f56bfc062723c751e8b465ee728b)  -> (artifact id: 'ed86dd3fbf0d22516efed5d713ef8999') in 0.025781 seconds 
========================================================================
Received Import Request.
  Time since last request: 0.000036 seconds.
  path: Assets/Art/backdrop/DnD Stuff/Roll20 (72 DPI)/Wall, window, porthole (1x1).png
  artifactKey: Guid(34432a2785714a14f84d40a9a86d62ba) Importer(815301076,1909f56bfc062723c751e8b465ee728b)
Start importing Assets/Art/backdrop/DnD Stuff/Roll20 (72 DPI)/Wall, window, porthole (1x1).png using Guid(34432a2785714a14f84d40a9a86d62ba) Importer(815301076,1909f56bfc062723c751e8b465ee728b)  -> (artifact id: '026bbff108810e5c8bd24399926a4b85') in 0.024539 seconds 
========================================================================
Received Import Request.
  Time since last request: 0.000023 seconds.
  path: Assets/Art/backdrop/DnD Stuff/Assets (300 DPI)/Wall, straight (5x2).png
  artifactKey: Guid(d6cd171ce2ec0804d86d4bb0f05f885d) Importer(815301076,1909f56bfc062723c751e8b465ee728b)
Start importing Assets/Art/backdrop/DnD Stuff/Assets (300 DPI)/Wall, straight (5x2).png using Guid(d6cd171ce2ec0804d86d4bb0f05f885d) Importer(815301076,1909f56bfc062723c751e8b465ee728b)  -> (artifact id: '65698693c676990394e58e1ec4d2950e') in 0.073588 seconds 
========================================================================
Received Import Request.
  Time since last request: 1.213049 seconds.
  path: Assets/Art/Fish/Animations/river_otter_spritesheet_v2(500x148 each).png
  artifactKey: Guid(d5fd1908a476ae54b928f73ebd7fc12d) Importer(815301076,1909f56bfc062723c751e8b465ee728b)
Start importing Assets/Art/Fish/Animations/river_otter_spritesheet_v2(500x148 each).png using Guid(d5fd1908a476ae54b928f73ebd7fc12d) Importer(815301076,1909f56bfc062723c751e8b465ee728b)  -> (artifact id: 'ec1e314f594adfe52833d00e2494973d') in 0.101752 seconds 
========================================================================
Received Import Request.
  Time since last request: 0.000031 seconds.
  path: Assets/Art/Fish/Animations/Salmon_Animation_Spritesheet.png
  artifactKey: Guid(07ee9c7e0b57c484f9828318815b31c3) Importer(815301076,1909f56bfc062723c751e8b465ee728b)
Start importing Assets/Art/Fish/Animations/Salmon_Animation_Spritesheet.png using Guid(07ee9c7e0b57c484f9828318815b31c3) Importer(815301076,1909f56bfc062723c751e8b465ee728b)  -> (artifact id: '608844ece7274fa0eb141f0324dc9abc') in 0.072581 seconds 
========================================================================
Received Import Request.
  Time since last request: 1.162531 seconds.
  path: Assets/Art/Fish/Animations/killerwhale_spritesheet_1446x614.png
  artifactKey: Guid(53a7f0ed290e79443bbeb67fe8d9c51a) Importer(815301076,1909f56bfc062723c751e8b465ee728b)
Start importing Assets/Art/Fish/Animations/killerwhale_spritesheet_1446x614.png using Guid(53a7f0ed290e79443bbeb67fe8d9c51a) Importer(815301076,1909f56bfc062723c751e8b465ee728b)  -> (artifact id: '22efe1971ccf7e90ffe7de757fc40fcc') in 0.206297 seconds 
========================================================================
Received Import Request.
  Time since last request: 0.130058 seconds.
  path: Assets/Art/Fish/Animations/blackmouth_catshark_spritesheet_646x179.png
  artifactKey: Guid(f9c874d9bff4e3146942226fdb799899) Importer(815301076,1909f56bfc062723c751e8b465ee728b)
Start importing Assets/Art/Fish/Animations/blackmouth_catshark_spritesheet_646x179.png using Guid(f9c874d9bff4e3146942226fdb799899) Importer(815301076,1909f56bfc062723c751e8b465ee728b)  -> (artifact id: '598f4c5d2a4610b47550f8d0416e0950') in 0.081928 seconds 
========================================================================
Received Import Request.
  Time since last request: 0.000025 seconds.
  path: Assets/Art/Fish/Animations/bottlenosedolphin_spritesheet_1170x368.png
  artifactKey: Guid(b3fc2f1b49039e645822357e02989d4f) Importer(815301076,1909f56bfc062723c751e8b465ee728b)
Start importing Assets/Art/Fish/Animations/bottlenosedolphin_spritesheet_1170x368.png using Guid(b3fc2f1b49039e645822357e02989d4f) Importer(815301076,1909f56bfc062723c751e8b465ee728b)  -> (artifact id: '897a078d70210480ab1ca0fe899b8ac9') in 0.079052 seconds 
Editor requested this worker to shutdown with reason: Scaling down because of idle timeout
AssetImportWorker is now disconnected from the server
Process exiting
Exiting without the bug reporter. Application will terminate with return code 0