Using pre-set license
Built from '2021.2/staging' branch; Version is '2021.2.5f1 (4ec9a5e799f5) revision 5163429'; Using compiler version '192829333'; Build Type 'Release'
OS: 'Windows 10  (10.0.19043) 64bit Core' Language: 'en' Physical Memory: 32702 MB
BatchMode: 1, IsHumanControllingUs: 0, StartBugReporterOnCrash: 0, Is64bit: 1, IsPro: 0

COMMAND LINE ARGUMENTS:
J:\UniWork\Unity\Unity Install\2021.2.5f1\Editor\Unity.exe
-adb2
-batchMode
-noUpm
-name
AssetImportWorker5
-projectPath
J:/UniWork/Unity Projects/Github/GWP-GitRep
-logFile
Logs/AssetImportWorker5.log
-srvPort
63867
Successfully changed project path to: J:/UniWork/Unity Projects/Github/GWP-GitRep
J:/UniWork/Unity Projects/Github/GWP-GitRep
[UnityMemory] Configuration Parameters - Can be set up in boot.config
    "memorysetup-bucket-allocator-granularity=16"
    "memorysetup-bucket-allocator-bucket-count=8"
    "memorysetup-bucket-allocator-block-size=33554432"
    "memorysetup-bucket-allocator-block-count=8"
    "memorysetup-main-allocator-block-size=16777216"
    "memorysetup-thread-allocator-block-size=16777216"
    "memorysetup-gfx-main-allocator-block-size=16777216"
    "memorysetup-gfx-thread-allocator-block-size=16777216"
    "memorysetup-cache-allocator-block-size=4194304"
    "memorysetup-typetree-allocator-block-size=2097152"
    "memorysetup-profiler-bucket-allocator-granularity=16"
    "memorysetup-profiler-bucket-allocator-bucket-count=8"
    "memorysetup-profiler-bucket-allocator-block-size=33554432"
    "memorysetup-profiler-bucket-allocator-block-count=8"
    "memorysetup-profiler-allocator-block-size=16777216"
    "memorysetup-profiler-editor-allocator-block-size=1048576"
    "memorysetup-temp-allocator-size-main=16777216"
    "memorysetup-job-temp-allocator-block-size=2097152"
    "memorysetup-job-temp-allocator-block-size-background=1048576"
    "memorysetup-job-temp-allocator-reduction-small-platforms=262144"
    "memorysetup-temp-allocator-size-background-worker=32768"
    "memorysetup-temp-allocator-size-job-worker=262144"
    "memorysetup-temp-allocator-size-preload-manager=33554432"
    "memorysetup-temp-allocator-size-nav-mesh-worker=65536"
    "memorysetup-temp-allocator-size-audio-worker=65536"
    "memorysetup-temp-allocator-size-cloud-worker=32768"
    "memorysetup-temp-allocator-size-gi-baking-worker=262144"
    "memorysetup-temp-allocator-size-gfx=262144"
Refreshing native plugins compatible for Editor in 100.56 ms, found 3 plugins.
Preloading 0 native plugins for Editor in 0.00 ms.
Initialize engine version: 2021.2.5f1 (4ec9a5e799f5)
[Subsystems] Discovering subsystems at path J:/UniWork/Unity/Unity Install/2021.2.5f1/Editor/Data/Resources/UnitySubsystems
[Subsystems] Discovering subsystems at path J:/UniWork/Unity Projects/Github/GWP-GitRep/Assets
GfxDevice: creating device client; threaded=0; jobified=0
Direct3D:
    Version:  Direct3D 11.0 [level 11.1]
    Renderer: NVIDIA GeForce RTX 2060 (ID=0x1f08)
    Vendor:   NVIDIA
    VRAM:     5980 MB
    Driver:   30.0.15.1165
Initialize mono
Mono path[0] = 'J:/UniWork/Unity/Unity Install/2021.2.5f1/Editor/Data/Managed'
Mono path[1] = 'J:/UniWork/Unity/Unity Install/2021.2.5f1/Editor/Data/MonoBleedingEdge/lib/mono/unityjit-win32'
Mono config path = 'J:/UniWork/Unity/Unity Install/2021.2.5f1/Editor/Data/MonoBleedingEdge/etc'
Using monoOptions --debugger-agent=transport=dt_socket,embedding=1,server=y,suspend=n,address=127.0.0.1:56564
Begin MonoManager ReloadAssembly
Registering precompiled unity dll's ...
Register platform support module: J:/UniWork/Unity/Unity Install/2021.2.5f1/Editor/Data/PlaybackEngines/WebGLSupport/UnityEditor.WebGL.Extensions.dll
Register platform support module: J:/UniWork/Unity/Unity Install/2021.2.5f1/Editor/Data/PlaybackEngines/WindowsStandaloneSupport/UnityEditor.WindowsStandalone.Extensions.dll
Registered in 0.006735 seconds.
Native extension for WindowsStandalone target not found
Native extension for WebGL target not found
Refreshing native plugins compatible for Editor in 76.92 ms, found 3 plugins.
Preloading 0 native plugins for Editor in 0.00 ms.
Mono: successfully reloaded assembly
- Completed reload, in  0.820 seconds
Domain Reload Profiling:
	ReloadAssembly (820ms)
		BeginReloadAssembly (203ms)
			ExecutionOrderSort (0ms)
			DisableScriptedObjects (0ms)
			BackupInstance (0ms)
			ReleaseScriptingObjects (0ms)
			CreateAndSetChildDomain (1ms)
		EndReloadAssembly (528ms)
			LoadAssemblies (204ms)
			RebuildTransferFunctionScriptingTraits (0ms)
			SetupTypeCache (125ms)
			ReleaseScriptCaches (0ms)
			RebuildScriptCaches (30ms)
			SetupLoadedEditorAssemblies (315ms)
				LogAssemblyErrors (0ms)
				InitializePlatformSupportModulesInManaged (18ms)
				SetLoadedEditorAssemblies (0ms)
				RefreshPlugins (77ms)
				BeforeProcessingInitializeOnLoad (1ms)
				ProcessInitializeOnLoadAttributes (163ms)
				ProcessInitializeOnLoadMethodAttributes (56ms)
				AfterProcessingInitializeOnLoad (0ms)
				EditorAssembliesLoaded (0ms)
			ExecutionOrderSort2 (0ms)
			AwakeInstancesAfterBackupRestoration (0ms)
Platform modules already initialized, skipping
Registering precompiled user dll's ...
Registered in 0.014225 seconds.
Begin MonoManager ReloadAssembly
Native extension for WindowsStandalone target not found
Native extension for WebGL target not found
Refreshing native plugins compatible for Editor in 91.61 ms, found 3 plugins.
Preloading 0 native plugins for Editor in 0.00 ms.
Mono: successfully reloaded assembly
- Completed reload, in  2.307 seconds
Domain Reload Profiling:
	ReloadAssembly (2308ms)
		BeginReloadAssembly (315ms)
			ExecutionOrderSort (0ms)
			DisableScriptedObjects (7ms)
			BackupInstance (0ms)
			ReleaseScriptingObjects (0ms)
			CreateAndSetChildDomain (21ms)
		EndReloadAssembly (1881ms)
			LoadAssemblies (223ms)
			RebuildTransferFunctionScriptingTraits (0ms)
			SetupTypeCache (273ms)
			ReleaseScriptCaches (1ms)
			RebuildScriptCaches (73ms)
			SetupLoadedEditorAssemblies (1262ms)
				LogAssemblyErrors (0ms)
				InitializePlatformSupportModulesInManaged (22ms)
				SetLoadedEditorAssemblies (0ms)
				RefreshPlugins (92ms)
				BeforeProcessingInitializeOnLoad (99ms)
				ProcessInitializeOnLoadAttributes (939ms)
				ProcessInitializeOnLoadMethodAttributes (105ms)
				AfterProcessingInitializeOnLoad (5ms)
				EditorAssembliesLoaded (0ms)
			ExecutionOrderSort2 (0ms)
			AwakeInstancesAfterBackupRestoration (9ms)
Platform modules already initialized, skipping
========================================================================
Worker process is ready to serve import requests
Launched and connected shader compiler UnityShaderCompiler.exe after 0.06 seconds
Refreshing native plugins compatible for Editor in 0.96 ms, found 3 plugins.
Preloading 0 native plugins for Editor in 0.00 ms.
Unloading 3941 Unused Serialized files (Serialized files now loaded: 0)
Unloading 52 unused Assets / (0.5 MB). Loaded Objects now: 4394.
Memory consumption went from 176.4 MB to 175.9 MB.
Total: 4.624400 ms (FindLiveObjects: 0.395100 ms CreateObjectMapping: 0.107000 ms MarkObjects: 3.811800 ms  DeleteObjects: 0.308800 ms)

AssetImportParameters requested are different than current active one (requested -> active):
  custom:video-decoder-ogg-theora: a1e56fd34408186e4bbccfd4996cb3dc -> 
  custom:container-muxer-webm: aa71ff27fc2769a1b78a27578f13a17b -> 
  custom:container-demuxer-webm: 4f35f7cbe854078d1ac9338744f61a02 -> 
  custom:video-encoder-webm-vp8: eb34c28f22e8b96e1ab97ce403110664 -> 
  custom:audio-encoder-webm-vorbis: bf7c407c2cedff20999df2af8eb42d56 -> 
  custom:framework-win-MediaFoundation: 216162199b28c13a410421893ffa2e32 -> 
  custom:container-demuxer-ogg: 62fdf1f143b41e24485cea50d1cbac27 -> 
  custom:video-decoder-webm-vp8: 9c59270c3fd7afecdb556c50c9e8de78 -> 
  custom:audio-decoder-ogg-vorbis: bf7c407c2cedff20999df2af8eb42d56 -> 
========================================================================
Received Import Request.
  Time since last request: 4869.106479 seconds.
  path: Assets/Art/Atlantic salmon.png
  artifactKey: Guid(a58e494e18de45d4a8360a4ec4bf4303) Importer(815301076,1909f56bfc062723c751e8b465ee728b)
Start importing Assets/Art/Atlantic salmon.png using Guid(a58e494e18de45d4a8360a4ec4bf4303) Importer(815301076,1909f56bfc062723c751e8b465ee728b)  -> (artifact id: '186dd69ac2fc2da51369565466dd12be') in 0.410163 seconds 
========================================================================
Received Import Request.
  Time since last request: 0.000031 seconds.
  path: Assets/Art/backdrop_naeco_v5.png
  artifactKey: Guid(1835e69f064843947bf657f0179e30d2) Importer(815301076,1909f56bfc062723c751e8b465ee728b)
Start importing Assets/Art/backdrop_naeco_v5.png using Guid(1835e69f064843947bf657f0179e30d2) Importer(815301076,1909f56bfc062723c751e8b465ee728b)  -> (artifact id: '8d6c28155f4572f267b8d5d8bb71d356') in 0.300072 seconds 
========================================================================
Received Import Request.
  Time since last request: 0.000037 seconds.
  path: Assets/Art/glass bottle.png
  artifactKey: Guid(deb53beddb2303d4595dcf0bfb6759e6) Importer(815301076,1909f56bfc062723c751e8b465ee728b)
Start importing Assets/Art/glass bottle.png using Guid(deb53beddb2303d4595dcf0bfb6759e6) Importer(815301076,1909f56bfc062723c751e8b465ee728b)  -> (artifact id: 'a18eef460eb46e0df083bc9ea565b660') in 0.034217 seconds 
========================================================================
Received Import Request.
  Time since last request: 0.000041 seconds.
  path: Assets/Art/metal_scraps.png
  artifactKey: Guid(e734809dd1e0d5949844517095286351) Importer(815301076,1909f56bfc062723c751e8b465ee728b)
Start importing Assets/Art/metal_scraps.png using Guid(e734809dd1e0d5949844517095286351) Importer(815301076,1909f56bfc062723c751e8b465ee728b)  -> (artifact id: '253f14b5d8ccfd86726434740ec23919') in 0.032762 seconds 
========================================================================
Received Import Request.
  Time since last request: 0.000031 seconds.
  path: Assets/Art/soda_can.png
  artifactKey: Guid(567473816846e3d4387580a8138ac350) Importer(815301076,1909f56bfc062723c751e8b465ee728b)
Start importing Assets/Art/soda_can.png using Guid(567473816846e3d4387580a8138ac350) Importer(815301076,1909f56bfc062723c751e8b465ee728b)  -> (artifact id: 'f1275abe2d12cf2d984eebbf947282e9') in 0.027307 seconds 
========================================================================
Received Import Request.
  Time since last request: 0.000028 seconds.
  path: Assets/Art/SquidNotScanned.png
  artifactKey: Guid(8db45d33c83260542976fbd87f26b817) Importer(815301076,1909f56bfc062723c751e8b465ee728b)
Start importing Assets/Art/SquidNotScanned.png using Guid(8db45d33c83260542976fbd87f26b817) Importer(815301076,1909f56bfc062723c751e8b465ee728b)  -> (artifact id: '0ad4caf7ccc42962d7200474ab6d8aa8') in 0.026510 seconds 
========================================================================
Received Import Request.
  Time since last request: 0.000032 seconds.
  path: Assets/Art/Playtest background.png
  artifactKey: Guid(8aa1dd29017b80e42a657c1163655cfa) Importer(815301076,1909f56bfc062723c751e8b465ee728b)
Start importing Assets/Art/Playtest background.png using Guid(8aa1dd29017b80e42a657c1163655cfa) Importer(815301076,1909f56bfc062723c751e8b465ee728b)  -> (artifact id: '535c89019f6196ca7f7e5898edc002d4') in 0.156553 seconds 
========================================================================
Received Import Request.
  Time since last request: 0.000047 seconds.
  path: Assets/Art/Loosejaw_spritesheet.png
  artifactKey: Guid(c3754ec0d7d40154181f75488328e05c) Importer(815301076,1909f56bfc062723c751e8b465ee728b)
Start importing Assets/Art/Loosejaw_spritesheet.png using Guid(c3754ec0d7d40154181f75488328e05c) Importer(815301076,1909f56bfc062723c751e8b465ee728b)  -> (artifact id: '757fcf7388da8c2453015324e4e72f9b') in 0.073392 seconds 
========================================================================
Received Import Request.
  Time since last request: 0.000028 seconds.
  path: Assets/Art/NET.png
  artifactKey: Guid(9e896d7468ea7b34f83845f392a6346b) Importer(815301076,1909f56bfc062723c751e8b465ee728b)
Start importing Assets/Art/NET.png using Guid(9e896d7468ea7b34f83845f392a6346b) Importer(815301076,1909f56bfc062723c751e8b465ee728b)  -> (artifact id: 'e08fa71489e335b74e25af9b7581e8dc') in 0.046647 seconds 
========================================================================
Received Import Request.
  Time since last request: 0.000034 seconds.
  path: Assets/Art/Salmon_Animation_Spritesheet.png
  artifactKey: Guid(6734f17999aa3b04f97633a3a5b04e8d) Importer(815301076,1909f56bfc062723c751e8b465ee728b)
Start importing Assets/Art/Salmon_Animation_Spritesheet.png using Guid(6734f17999aa3b04f97633a3a5b04e8d) Importer(815301076,1909f56bfc062723c751e8b465ee728b)  -> (artifact id: 'c14d230380565fb3828c51c2dde48962') in 0.066748 seconds 
========================================================================
Received Import Request.
  Time since last request: 0.000037 seconds.
  path: Assets/Art/Pearly Nautilus.png
  artifactKey: Guid(548e00552ba5130418f6ef2428cfa286) Importer(815301076,1909f56bfc062723c751e8b465ee728b)
Start importing Assets/Art/Pearly Nautilus.png using Guid(548e00552ba5130418f6ef2428cfa286) Importer(815301076,1909f56bfc062723c751e8b465ee728b)  -> (artifact id: '084b2345d0ae52e0e88fffcb0c248d0a') in 0.185310 seconds 
========================================================================
Received Import Request.
  Time since last request: 0.000037 seconds.
  path: Assets/Art/net_upgrade.png
  artifactKey: Guid(490c6837fdc837d43bc64c7c712c6b12) Importer(815301076,1909f56bfc062723c751e8b465ee728b)
Start importing Assets/Art/net_upgrade.png using Guid(490c6837fdc837d43bc64c7c712c6b12) Importer(815301076,1909f56bfc062723c751e8b465ee728b)  -> (artifact id: '82749c6d2743ee0e458f5d3eab36f722') in 0.045121 seconds 
========================================================================
Received Import Request.
  Time since last request: 0.000036 seconds.
  path: Assets/Art/Sea turtle.png
  artifactKey: Guid(9834127977d3bed48a9ea2981a167f89) Importer(815301076,1909f56bfc062723c751e8b465ee728b)
Start importing Assets/Art/Sea turtle.png using Guid(9834127977d3bed48a9ea2981a167f89) Importer(815301076,1909f56bfc062723c751e8b465ee728b)  -> (artifact id: '4d8aae82084a404f3d8f5db6560b818e') in 0.223283 seconds 
========================================================================
Received Import Request.
  Time since last request: 0.000035 seconds.
  path: Assets/Art/DroneSpotlight.png
  artifactKey: Guid(61fe367e38c31ef49b0982c8fc14b0d7) Importer(815301076,1909f56bfc062723c751e8b465ee728b)
Start importing Assets/Art/DroneSpotlight.png using Guid(61fe367e38c31ef49b0982c8fc14b0d7) Importer(815301076,1909f56bfc062723c751e8b465ee728b)  -> (artifact id: 'e4bbbcb22f364ad053982552830f849a') in 0.076939 seconds 
========================================================================
Received Import Request.
  Time since last request: 0.000047 seconds.
  path: Assets/Art/Nautilus_Animation_Spritesheet.png
  artifactKey: Guid(906e4f53db27ef1439586c96fb0220fb) Importer(815301076,1909f56bfc062723c751e8b465ee728b)
Start importing Assets/Art/Nautilus_Animation_Spritesheet.png using Guid(906e4f53db27ef1439586c96fb0220fb) Importer(815301076,1909f56bfc062723c751e8b465ee728b)  -> (artifact id: '815958a7c9b1a4c85ec15c476b866244') in 0.065903 seconds 
Editor requested this worker to shutdown with reason: Scaling down because of idle timeout
AssetImportWorker is now disconnected from the server
Process exiting
Exiting without the bug reporter. Application will terminate with return code 0