Using pre-set license
Built from '2021.2/staging' branch; Version is '2021.2.5f1 (4ec9a5e799f5) revision 5163429'; Using compiler version '192829333'; Build Type 'Release'
<<<<<<< Updated upstream
OS: 'Windows 10  (10.0.19043) 64bit Core' Language: 'en' Physical Memory: 16300 MB
=======
OS: 'Windows 10  (10.0.19043) 64bit Core' Language: 'en' Physical Memory: 32702 MB
>>>>>>> Stashed changes
BatchMode: 1, IsHumanControllingUs: 0, StartBugReporterOnCrash: 0, Is64bit: 1, IsPro: 0

COMMAND LINE ARGUMENTS:
J:\UniWork\Unity\Unity Install\2021.2.5f1\Editor\Unity.exe
-adb2
-batchMode
-noUpm
-name
AssetImportWorker3
-projectPath
<<<<<<< Updated upstream
C:/Users/skurm/Desktop/GPW Drone Game
-logFile
Logs/AssetImportWorker3.log
-srvPort
58252
Successfully changed project path to: C:/Users/skurm/Desktop/GPW Drone Game
C:/Users/skurm/Desktop/GPW Drone Game
=======
J:/UniWork/Unity Projects/Github/GWP-GitRep
-logFile
Logs/AssetImportWorker3.log
-srvPort
58593
Successfully changed project path to: J:/UniWork/Unity Projects/Github/GWP-GitRep
J:/UniWork/Unity Projects/Github/GWP-GitRep
>>>>>>> Stashed changes
[UnityMemory] Configuration Parameters - Can be set up in boot.config
    "memorysetup-bucket-allocator-granularity=16"
    "memorysetup-bucket-allocator-bucket-count=8"
    "memorysetup-bucket-allocator-block-size=33554432"
    "memorysetup-bucket-allocator-block-count=8"
    "memorysetup-main-allocator-block-size=16777216"
    "memorysetup-thread-allocator-block-size=16777216"
    "memorysetup-gfx-main-allocator-block-size=16777216"
    "memorysetup-gfx-thread-allocator-block-size=16777216"
    "memorysetup-cache-allocator-block-size=4194304"
    "memorysetup-typetree-allocator-block-size=2097152"
    "memorysetup-profiler-bucket-allocator-granularity=16"
    "memorysetup-profiler-bucket-allocator-bucket-count=8"
    "memorysetup-profiler-bucket-allocator-block-size=33554432"
    "memorysetup-profiler-bucket-allocator-block-count=8"
    "memorysetup-profiler-allocator-block-size=16777216"
    "memorysetup-profiler-editor-allocator-block-size=1048576"
    "memorysetup-temp-allocator-size-main=16777216"
    "memorysetup-job-temp-allocator-block-size=2097152"
    "memorysetup-job-temp-allocator-block-size-background=1048576"
    "memorysetup-job-temp-allocator-reduction-small-platforms=262144"
    "memorysetup-temp-allocator-size-background-worker=32768"
    "memorysetup-temp-allocator-size-job-worker=262144"
    "memorysetup-temp-allocator-size-preload-manager=33554432"
    "memorysetup-temp-allocator-size-nav-mesh-worker=65536"
    "memorysetup-temp-allocator-size-audio-worker=65536"
    "memorysetup-temp-allocator-size-cloud-worker=32768"
    "memorysetup-temp-allocator-size-gi-baking-worker=262144"
    "memorysetup-temp-allocator-size-gfx=262144"
<<<<<<< Updated upstream
Refreshing native plugins compatible for Editor in 85.30 ms, found 3 plugins.
Preloading 0 native plugins for Editor in 0.00 ms.
Initialize engine version: 2021.2.5f1 (4ec9a5e799f5)
[Subsystems] Discovering subsystems at path C:/Program Files/Unity/Hub/Editor/2021.2.5f1/Editor/Data/Resources/UnitySubsystems
[Subsystems] Discovering subsystems at path C:/Users/skurm/Desktop/GPW Drone Game/Assets
GfxDevice: creating device client; threaded=0; jobified=0
Direct3D:
    Version:  Direct3D 11.0 [level 11.1]
    Renderer: NVIDIA GeForce GTX 1650 SUPER (ID=0x2187)
    Vendor:   NVIDIA
    VRAM:     3955 MB
    Driver:   30.0.14.7141
Initialize mono
Mono path[0] = 'C:/Program Files/Unity/Hub/Editor/2021.2.5f1/Editor/Data/Managed'
Mono path[1] = 'C:/Program Files/Unity/Hub/Editor/2021.2.5f1/Editor/Data/MonoBleedingEdge/lib/mono/unityjit-win32'
Mono config path = 'C:/Program Files/Unity/Hub/Editor/2021.2.5f1/Editor/Data/MonoBleedingEdge/etc'
Using monoOptions --debugger-agent=transport=dt_socket,embedding=1,server=y,suspend=n,address=127.0.0.1:56992
Begin MonoManager ReloadAssembly
Registering precompiled unity dll's ...
Register platform support module: C:/Program Files/Unity/Hub/Editor/2021.2.5f1/Editor/Data/PlaybackEngines/WebGLSupport/UnityEditor.WebGL.Extensions.dll
Register platform support module: C:/Program Files/Unity/Hub/Editor/2021.2.5f1/Editor/Data/PlaybackEngines/WindowsStandaloneSupport/UnityEditor.WindowsStandalone.Extensions.dll
Registered in 0.010554 seconds.
Native extension for WindowsStandalone target not found
Native extension for WebGL target not found
Refreshing native plugins compatible for Editor in 83.46 ms, found 3 plugins.
Preloading 0 native plugins for Editor in 0.00 ms.
Mono: successfully reloaded assembly
- Completed reload, in  0.724 seconds
Domain Reload Profiling:
	ReloadAssembly (724ms)
		BeginReloadAssembly (87ms)
=======
Refreshing native plugins compatible for Editor in 117.61 ms, found 3 plugins.
Preloading 0 native plugins for Editor in 0.00 ms.
Initialize engine version: 2021.2.5f1 (4ec9a5e799f5)
[Subsystems] Discovering subsystems at path J:/UniWork/Unity/Unity Install/2021.2.5f1/Editor/Data/Resources/UnitySubsystems
[Subsystems] Discovering subsystems at path J:/UniWork/Unity Projects/Github/GWP-GitRep/Assets
GfxDevice: creating device client; threaded=0; jobified=0
Direct3D:
    Version:  Direct3D 11.0 [level 11.1]
    Renderer: NVIDIA GeForce RTX 2060 (ID=0x1f08)
    Vendor:   NVIDIA
    VRAM:     5980 MB
    Driver:   30.0.15.1165
Initialize mono
Mono path[0] = 'J:/UniWork/Unity/Unity Install/2021.2.5f1/Editor/Data/Managed'
Mono path[1] = 'J:/UniWork/Unity/Unity Install/2021.2.5f1/Editor/Data/MonoBleedingEdge/lib/mono/unityjit-win32'
Mono config path = 'J:/UniWork/Unity/Unity Install/2021.2.5f1/Editor/Data/MonoBleedingEdge/etc'
Using monoOptions --debugger-agent=transport=dt_socket,embedding=1,server=y,suspend=n,address=127.0.0.1:56988
Begin MonoManager ReloadAssembly
Registering precompiled unity dll's ...
Register platform support module: J:/UniWork/Unity/Unity Install/2021.2.5f1/Editor/Data/PlaybackEngines/WebGLSupport/UnityEditor.WebGL.Extensions.dll
Register platform support module: J:/UniWork/Unity/Unity Install/2021.2.5f1/Editor/Data/PlaybackEngines/WindowsStandaloneSupport/UnityEditor.WindowsStandalone.Extensions.dll
Registered in 0.006254 seconds.
Native extension for WindowsStandalone target not found
Native extension for WebGL target not found
Refreshing native plugins compatible for Editor in 82.61 ms, found 3 plugins.
Preloading 0 native plugins for Editor in 0.00 ms.
Mono: successfully reloaded assembly
- Completed reload, in  0.781 seconds
Domain Reload Profiling:
	ReloadAssembly (781ms)
		BeginReloadAssembly (163ms)
>>>>>>> Stashed changes
			ExecutionOrderSort (0ms)
			DisableScriptedObjects (0ms)
			BackupInstance (0ms)
			ReleaseScriptingObjects (0ms)
			CreateAndSetChildDomain (1ms)
<<<<<<< Updated upstream
		EndReloadAssembly (546ms)
			LoadAssemblies (84ms)
			RebuildTransferFunctionScriptingTraits (0ms)
			SetupTypeCache (132ms)
			ReleaseScriptCaches (0ms)
			RebuildScriptCaches (29ms)
			SetupLoadedEditorAssemblies (328ms)
				LogAssemblyErrors (0ms)
				InitializePlatformSupportModulesInManaged (16ms)
				SetLoadedEditorAssemblies (0ms)
				RefreshPlugins (84ms)
				BeforeProcessingInitializeOnLoad (2ms)
				ProcessInitializeOnLoadAttributes (178ms)
				ProcessInitializeOnLoadMethodAttributes (48ms)
=======
		EndReloadAssembly (531ms)
			LoadAssemblies (165ms)
			RebuildTransferFunctionScriptingTraits (0ms)
			SetupTypeCache (119ms)
			ReleaseScriptCaches (0ms)
			RebuildScriptCaches (28ms)
			SetupLoadedEditorAssemblies (323ms)
				LogAssemblyErrors (0ms)
				InitializePlatformSupportModulesInManaged (18ms)
				SetLoadedEditorAssemblies (0ms)
				RefreshPlugins (83ms)
				BeforeProcessingInitializeOnLoad (1ms)
				ProcessInitializeOnLoadAttributes (165ms)
				ProcessInitializeOnLoadMethodAttributes (55ms)
>>>>>>> Stashed changes
				AfterProcessingInitializeOnLoad (0ms)
				EditorAssembliesLoaded (0ms)
			ExecutionOrderSort2 (0ms)
			AwakeInstancesAfterBackupRestoration (0ms)
Platform modules already initialized, skipping
Registering precompiled user dll's ...
<<<<<<< Updated upstream
Registered in 0.006316 seconds.
Begin MonoManager ReloadAssembly
Native extension for WindowsStandalone target not found
Native extension for WebGL target not found
Refreshing native plugins compatible for Editor in 79.45 ms, found 3 plugins.
Preloading 0 native plugins for Editor in 0.00 ms.
Mono: successfully reloaded assembly
- Completed reload, in  2.181 seconds
Domain Reload Profiling:
	ReloadAssembly (2182ms)
		BeginReloadAssembly (189ms)
=======
Registered in 0.012732 seconds.
Begin MonoManager ReloadAssembly
Native extension for WindowsStandalone target not found
Native extension for WebGL target not found
Refreshing native plugins compatible for Editor in 84.85 ms, found 3 plugins.
Preloading 0 native plugins for Editor in 0.00 ms.
Mono: successfully reloaded assembly
- Completed reload, in  2.131 seconds
Domain Reload Profiling:
	ReloadAssembly (2132ms)
		BeginReloadAssembly (258ms)
>>>>>>> Stashed changes
			ExecutionOrderSort (0ms)
			DisableScriptedObjects (7ms)
			BackupInstance (0ms)
			ReleaseScriptingObjects (0ms)
<<<<<<< Updated upstream
			CreateAndSetChildDomain (22ms)
		EndReloadAssembly (1874ms)
			LoadAssemblies (100ms)
			RebuildTransferFunctionScriptingTraits (0ms)
			SetupTypeCache (273ms)
			ReleaseScriptCaches (1ms)
			RebuildScriptCaches (72ms)
			SetupLoadedEditorAssemblies (1329ms)
				LogAssemblyErrors (0ms)
				InitializePlatformSupportModulesInManaged (14ms)
				SetLoadedEditorAssemblies (0ms)
				RefreshPlugins (80ms)
				BeforeProcessingInitializeOnLoad (117ms)
				ProcessInitializeOnLoadAttributes (1009ms)
				ProcessInitializeOnLoadMethodAttributes (101ms)
				AfterProcessingInitializeOnLoad (9ms)
=======
			CreateAndSetChildDomain (19ms)
		EndReloadAssembly (1762ms)
			LoadAssemblies (214ms)
			RebuildTransferFunctionScriptingTraits (0ms)
			SetupTypeCache (261ms)
			ReleaseScriptCaches (1ms)
			RebuildScriptCaches (66ms)
			SetupLoadedEditorAssemblies (1186ms)
				LogAssemblyErrors (0ms)
				InitializePlatformSupportModulesInManaged (21ms)
				SetLoadedEditorAssemblies (0ms)
				RefreshPlugins (85ms)
				BeforeProcessingInitializeOnLoad (97ms)
				ProcessInitializeOnLoadAttributes (877ms)
				ProcessInitializeOnLoadMethodAttributes (101ms)
				AfterProcessingInitializeOnLoad (5ms)
>>>>>>> Stashed changes
				EditorAssembliesLoaded (0ms)
			ExecutionOrderSort2 (0ms)
			AwakeInstancesAfterBackupRestoration (9ms)
Platform modules already initialized, skipping
========================================================================
Worker process is ready to serve import requests
<<<<<<< Updated upstream
Launched and connected shader compiler UnityShaderCompiler.exe after 0.09 seconds
Refreshing native plugins compatible for Editor in 1.31 ms, found 3 plugins.
Preloading 0 native plugins for Editor in 0.00 ms.
Unloading 3941 Unused Serialized files (Serialized files now loaded: 0)
Unloading 52 unused Assets / (0.8 MB). Loaded Objects now: 4394.
Memory consumption went from 177.3 MB to 176.5 MB.
Total: 5.866900 ms (FindLiveObjects: 0.387300 ms CreateObjectMapping: 0.278200 ms MarkObjects: 4.744400 ms  DeleteObjects: 0.455600 ms)
=======
Launched and connected shader compiler UnityShaderCompiler.exe after 0.10 seconds
Refreshing native plugins compatible for Editor in 1.01 ms, found 3 plugins.
Preloading 0 native plugins for Editor in 0.00 ms.
Unloading 3941 Unused Serialized files (Serialized files now loaded: 0)
Unloading 52 unused Assets / (0.5 MB). Loaded Objects now: 4394.
Memory consumption went from 176.6 MB to 176.1 MB.
Total: 4.599300 ms (FindLiveObjects: 0.387200 ms CreateObjectMapping: 0.106600 ms MarkObjects: 3.802900 ms  DeleteObjects: 0.300800 ms)
>>>>>>> Stashed changes

AssetImportParameters requested are different than current active one (requested -> active):
  custom:video-decoder-ogg-theora: a1e56fd34408186e4bbccfd4996cb3dc -> 
  custom:container-muxer-webm: aa71ff27fc2769a1b78a27578f13a17b -> 
  custom:container-demuxer-webm: 4f35f7cbe854078d1ac9338744f61a02 -> 
  custom:video-encoder-webm-vp8: eb34c28f22e8b96e1ab97ce403110664 -> 
  custom:audio-encoder-webm-vorbis: bf7c407c2cedff20999df2af8eb42d56 -> 
  custom:framework-win-MediaFoundation: 216162199b28c13a410421893ffa2e32 -> 
  custom:container-demuxer-ogg: 62fdf1f143b41e24485cea50d1cbac27 -> 
  custom:video-decoder-webm-vp8: 9c59270c3fd7afecdb556c50c9e8de78 -> 
  custom:audio-decoder-ogg-vorbis: bf7c407c2cedff20999df2af8eb42d56 -> 
========================================================================
Received Import Request.
<<<<<<< Updated upstream
  Time since last request: 163677.748908 seconds.
  path: Assets/Prefabs/Squid.prefab
  artifactKey: Guid(7134687d3de7c7e47aa0857be8d0a001) Importer(815301076,1909f56bfc062723c751e8b465ee728b)
Start importing Assets/Prefabs/Squid.prefab using Guid(7134687d3de7c7e47aa0857be8d0a001) Importer(815301076,1909f56bfc062723c751e8b465ee728b)  -> (artifact id: '078bfac0c684121b2e846b5df93434e0') in 0.295608 seconds 
========================================================================
Received Import Request.
  Time since last request: 0.000031 seconds.
  path: Assets/Prefabs/PlasticBottle.prefab
  artifactKey: Guid(479d7c9a8d0d5644f80cc3548c44a207) Importer(815301076,1909f56bfc062723c751e8b465ee728b)
Start importing Assets/Prefabs/PlasticBottle.prefab using Guid(479d7c9a8d0d5644f80cc3548c44a207) Importer(815301076,1909f56bfc062723c751e8b465ee728b)  -> (artifact id: '8c9fcc69ff59db68766b17c0be3d6ed3') in 0.032751 seconds 
========================================================================
Received Import Request.
  Time since last request: 0.000049 seconds.
  path: Assets/Prefabs/PlasticBag.prefab
  artifactKey: Guid(f6c5c273fa4c4cd49ae2965a5a5bff46) Importer(815301076,1909f56bfc062723c751e8b465ee728b)
Start importing Assets/Prefabs/PlasticBag.prefab using Guid(f6c5c273fa4c4cd49ae2965a5a5bff46) Importer(815301076,1909f56bfc062723c751e8b465ee728b)  -> (artifact id: '4822061db6af1152d344a03fa680eab7') in 0.034434 seconds 
========================================================================
Received Import Request.
  Time since last request: 0.000053 seconds.
  path: Assets/Prefabs/Shrimp.prefab
  artifactKey: Guid(75e59e94e6947454ca5f314457dbbd5a) Importer(815301076,1909f56bfc062723c751e8b465ee728b)
Start importing Assets/Prefabs/Shrimp.prefab using Guid(75e59e94e6947454ca5f314457dbbd5a) Importer(815301076,1909f56bfc062723c751e8b465ee728b)  -> (artifact id: '490d5f3ec85419f454eb56841df1d4e4') in 0.025765 seconds 
=======
  Time since last request: 28775.970055 seconds.
  path: Assets/Art/Habitats/Hydrothermal_Vent_02.png
  artifactKey: Guid(5c72279000e9e014bb86d90306b50f73) Importer(815301076,1909f56bfc062723c751e8b465ee728b)
Start importing Assets/Art/Habitats/Hydrothermal_Vent_02.png using Guid(5c72279000e9e014bb86d90306b50f73) Importer(815301076,1909f56bfc062723c751e8b465ee728b)  -> (artifact id: 'eeaf042ef84e2173da8793824d389edc') in 0.147273 seconds 
========================================================================
Received Import Request.
  Time since last request: 0.000028 seconds.
  path: Assets/Art/Habitats/Whale_Fall_Foreground.png
  artifactKey: Guid(2876737809b6cf242943d1adc8548308) Importer(815301076,1909f56bfc062723c751e8b465ee728b)
Start importing Assets/Art/Habitats/Whale_Fall_Foreground.png using Guid(2876737809b6cf242943d1adc8548308) Importer(815301076,1909f56bfc062723c751e8b465ee728b)  -> (artifact id: 'f79fa5e07ad40cc6ccac9166db6ed8db') in 0.088323 seconds 
========================================================================
Received Import Request.
  Time since last request: 67.869490 seconds.
  path: Assets/Art/UI/Net_Fill_1.5.png
  artifactKey: Guid(2343cf898b2530e40b78ee40fdcf0f02) Importer(815301076,1909f56bfc062723c751e8b465ee728b)
Start importing Assets/Art/UI/Net_Fill_1.5.png using Guid(2343cf898b2530e40b78ee40fdcf0f02) Importer(815301076,1909f56bfc062723c751e8b465ee728b)  -> (artifact id: '3ba6eab2995f12a3b868cddcd1680780') in 0.032191 seconds 
========================================================================
Received Import Request.
  Time since last request: 0.030895 seconds.
  path: Assets/Art/UI/Score.png
  artifactKey: Guid(2f28121248598c44dbe7e69682b3885d) Importer(815301076,1909f56bfc062723c751e8b465ee728b)
Start importing Assets/Art/UI/Score.png using Guid(2f28121248598c44dbe7e69682b3885d) Importer(815301076,1909f56bfc062723c751e8b465ee728b)  -> (artifact id: '897b75c1e28df2093bef483e48d3dc78') in 0.081497 seconds 
========================================================================
Received Import Request.
  Time since last request: 0.000027 seconds.
  path: Assets/Art/UI/Net_Fill_2.5.png
  artifactKey: Guid(0c1f7d7bbe1ae1841b20a8c2c2d508f4) Importer(815301076,1909f56bfc062723c751e8b465ee728b)
Start importing Assets/Art/UI/Net_Fill_2.5.png using Guid(0c1f7d7bbe1ae1841b20a8c2c2d508f4) Importer(815301076,1909f56bfc062723c751e8b465ee728b)  -> (artifact id: 'ec684c7e7c47cf1648baed3ba15aa3cf') in 0.039034 seconds 
========================================================================
Received Import Request.
  Time since last request: 0.000029 seconds.
  path: Assets/Art/UI/UI_Left_Corner.png
  artifactKey: Guid(1a96448eb24f4704b96f330ea37b6a72) Importer(815301076,1909f56bfc062723c751e8b465ee728b)
Start importing Assets/Art/UI/UI_Left_Corner.png using Guid(1a96448eb24f4704b96f330ea37b6a72) Importer(815301076,1909f56bfc062723c751e8b465ee728b)  -> (artifact id: '392a886f0cc2b6a9b121c858ee7e2444') in 0.038075 seconds 
========================================================================
Received Import Request.
  Time since last request: 0.000031 seconds.
  path: Assets/Art/UI/Net_Fill_3.5.png
  artifactKey: Guid(576214f16f227ed43a31e8f33a24e449) Importer(815301076,1909f56bfc062723c751e8b465ee728b)
Start importing Assets/Art/UI/Net_Fill_3.5.png using Guid(576214f16f227ed43a31e8f33a24e449) Importer(815301076,1909f56bfc062723c751e8b465ee728b)  -> (artifact id: '6521093ab5d8a5ea298b738f00b73176') in 0.042489 seconds 
========================================================================
Received Import Request.
  Time since last request: 1.381263 seconds.
  path: Assets/Art/Menus/Credits_Page.png
  artifactKey: Guid(b4d8e180461e2534bb5943b7319c6a15) Importer(815301076,1909f56bfc062723c751e8b465ee728b)
Start importing Assets/Art/Menus/Credits_Page.png using Guid(b4d8e180461e2534bb5943b7319c6a15) Importer(815301076,1909f56bfc062723c751e8b465ee728b)  -> (artifact id: '6f42e2ec81e938c5343b510400da4831') in 0.146943 seconds 
========================================================================
Received Import Request.
  Time since last request: 0.000021 seconds.
  path: Assets/Art/Menus/Help screen page 1.png
  artifactKey: Guid(104358232d007f4478162673751ca0c9) Importer(815301076,1909f56bfc062723c751e8b465ee728b)
Start importing Assets/Art/Menus/Help screen page 1.png using Guid(104358232d007f4478162673751ca0c9) Importer(815301076,1909f56bfc062723c751e8b465ee728b)  -> (artifact id: 'd0b960a3d3aecfc53a0f01fc3a9da6ff') in 0.116621 seconds 
========================================================================
Received Import Request.
  Time since last request: 0.000029 seconds.
  path: Assets/Art/Menus/MainMenu_Button_Play.png
  artifactKey: Guid(06282f80ecb3d7a4085d311c479e2e45) Importer(815301076,1909f56bfc062723c751e8b465ee728b)
Start importing Assets/Art/Menus/MainMenu_Button_Play.png using Guid(06282f80ecb3d7a4085d311c479e2e45) Importer(815301076,1909f56bfc062723c751e8b465ee728b)  -> (artifact id: '62eafdf04748f5a1479af5415d676001') in 0.033958 seconds 
========================================================================
Received Import Request.
  Time since last request: 0.058541 seconds.
  path: Assets/Art/Particle Effects/BUBBLE1.png
  artifactKey: Guid(65c0d8bda0effdf44bda189fbcfc6a75) Importer(815301076,1909f56bfc062723c751e8b465ee728b)
Start importing Assets/Art/Particle Effects/BUBBLE1.png using Guid(65c0d8bda0effdf44bda189fbcfc6a75) Importer(815301076,1909f56bfc062723c751e8b465ee728b)  -> (artifact id: '044ccb6e172403e0446d6c8568de9bb0') in 0.022847 seconds 
========================================================================
Received Import Request.
  Time since last request: 0.000026 seconds.
  path: Assets/Art/Particle Effects/BUBBLE3.png
  artifactKey: Guid(555a7a638b1ea2347b1212929a9796f1) Importer(815301076,1909f56bfc062723c751e8b465ee728b)
Start importing Assets/Art/Particle Effects/BUBBLE3.png using Guid(555a7a638b1ea2347b1212929a9796f1) Importer(815301076,1909f56bfc062723c751e8b465ee728b)  -> (artifact id: '86158889d76a9e1de0a6f10a41fd23dc') in 0.024542 seconds 
========================================================================
Received Import Request.
  Time since last request: 0.000030 seconds.
  path: Assets/Art/Particle Effects/BUBBLE2.png
  artifactKey: Guid(35281da118bab00419f9839668184c79) Importer(815301076,1909f56bfc062723c751e8b465ee728b)
Start importing Assets/Art/Particle Effects/BUBBLE2.png using Guid(35281da118bab00419f9839668184c79) Importer(815301076,1909f56bfc062723c751e8b465ee728b)  -> (artifact id: '9570a4a30af71ffb72601c24eb8d0ab2') in 0.023765 seconds 
========================================================================
Received Import Request.
  Time since last request: 0.740312 seconds.
  path: Assets/Art/Coral/Coral1_01.png
  artifactKey: Guid(b05b43746e5cf024ea63a80ff49790ba) Importer(815301076,1909f56bfc062723c751e8b465ee728b)
Start importing Assets/Art/Coral/Coral1_01.png using Guid(b05b43746e5cf024ea63a80ff49790ba) Importer(815301076,1909f56bfc062723c751e8b465ee728b)  -> (artifact id: '04ab380126a91ce720bcba4040424840') in 0.044356 seconds 
========================================================================
Received Import Request.
  Time since last request: 0.000039 seconds.
  path: Assets/Art/Coral/Deeplet_Sea_Anemone.png
  artifactKey: Guid(2a00b4e40a158b94893a952ff492f85b) Importer(815301076,1909f56bfc062723c751e8b465ee728b)
Start importing Assets/Art/Coral/Deeplet_Sea_Anemone.png using Guid(2a00b4e40a158b94893a952ff492f85b) Importer(815301076,1909f56bfc062723c751e8b465ee728b)  -> (artifact id: '55c3ed5177574a0f683cc5f33da508af') in 0.047743 seconds 
========================================================================
Received Import Request.
  Time since last request: 0.000023 seconds.
  path: Assets/Art/Coral/Coral1_02.png
  artifactKey: Guid(991e886b78dee2a478adb77d433410cc) Importer(815301076,1909f56bfc062723c751e8b465ee728b)
Start importing Assets/Art/Coral/Coral1_02.png using Guid(991e886b78dee2a478adb77d433410cc) Importer(815301076,1909f56bfc062723c751e8b465ee728b)  -> (artifact id: '0bdb322cdd11ca75b8eeaf17139be769') in 0.038076 seconds 
========================================================================
Received Import Request.
  Time since last request: 0.000039 seconds.
  path: Assets/Art/Coral/Coral4_04.png
  artifactKey: Guid(b2768bc362f4edb4d9e28454fda2a825) Importer(815301076,1909f56bfc062723c751e8b465ee728b)
Start importing Assets/Art/Coral/Coral4_04.png using Guid(b2768bc362f4edb4d9e28454fda2a825) Importer(815301076,1909f56bfc062723c751e8b465ee728b)  -> (artifact id: '92958b9826e4c913faebe3b2e9428517') in 0.069043 seconds 
========================================================================
Received Import Request.
  Time since last request: 0.000034 seconds.
  path: Assets/Art/Coral/Coral1_04.png
  artifactKey: Guid(2ab5bf297f28ff743b1db4d4415e0b9a) Importer(815301076,1909f56bfc062723c751e8b465ee728b)
Start importing Assets/Art/Coral/Coral1_04.png using Guid(2ab5bf297f28ff743b1db4d4415e0b9a) Importer(815301076,1909f56bfc062723c751e8b465ee728b)  -> (artifact id: 'b29cde75d5848ae2675c25e68010fade') in 0.039216 seconds 
========================================================================
Received Import Request.
  Time since last request: 0.000029 seconds.
  path: Assets/Art/Coral/Coral2_02.png
  artifactKey: Guid(041b93f1f55f30b42b4a1825366e2139) Importer(815301076,1909f56bfc062723c751e8b465ee728b)
Start importing Assets/Art/Coral/Coral2_02.png using Guid(041b93f1f55f30b42b4a1825366e2139) Importer(815301076,1909f56bfc062723c751e8b465ee728b)  -> (artifact id: '59ed9593777892dcc2e3d7b14715b744') in 0.050188 seconds 
========================================================================
Received Import Request.
  Time since last request: 0.000023 seconds.
  path: Assets/Art/Coral/Lophelia_pertusa.png
  artifactKey: Guid(d7fc62c69514cea4186b3258c7ea82de) Importer(815301076,1909f56bfc062723c751e8b465ee728b)
Start importing Assets/Art/Coral/Lophelia_pertusa.png using Guid(d7fc62c69514cea4186b3258c7ea82de) Importer(815301076,1909f56bfc062723c751e8b465ee728b)  -> (artifact id: 'ea528747bfd2061c7e1c8e0dc9e2b194') in 0.053159 seconds 
========================================================================
Received Import Request.
  Time since last request: 0.000024 seconds.
  path: Assets/Art/Coral/Coral2_03.png
  artifactKey: Guid(672b7f60d72d8884cb3734c58bc59ad2) Importer(815301076,1909f56bfc062723c751e8b465ee728b)
Start importing Assets/Art/Coral/Coral2_03.png using Guid(672b7f60d72d8884cb3734c58bc59ad2) Importer(815301076,1909f56bfc062723c751e8b465ee728b)  -> (artifact id: 'bfbd81a83913cfafb7c11f9c341cf5a7') in 0.041548 seconds 
========================================================================
Received Import Request.
  Time since last request: 0.000027 seconds.
  path: Assets/Art/Coral/Rosy_Feather_Star.png
  artifactKey: Guid(d8ff765906e1dfb44beb166cfcfb48dd) Importer(815301076,1909f56bfc062723c751e8b465ee728b)
Start importing Assets/Art/Coral/Rosy_Feather_Star.png using Guid(d8ff765906e1dfb44beb166cfcfb48dd) Importer(815301076,1909f56bfc062723c751e8b465ee728b)  -> (artifact id: '8520d7e241e340dab1ff2a5ad8913459') in 0.041709 seconds 
========================================================================
Received Import Request.
  Time since last request: 0.000025 seconds.
  path: Assets/Art/Coral/Coral5_02.png
  artifactKey: Guid(a8a6000167437d74db51b1c64a2153f6) Importer(815301076,1909f56bfc062723c751e8b465ee728b)
Start importing Assets/Art/Coral/Coral5_02.png using Guid(a8a6000167437d74db51b1c64a2153f6) Importer(815301076,1909f56bfc062723c751e8b465ee728b)  -> (artifact id: '196c16b98d3e030fde0697d4656df46c') in 0.050199 seconds 
========================================================================
Received Import Request.
  Time since last request: 0.000027 seconds.
  path: Assets/Art/Coral/Coral2_04.png
  artifactKey: Guid(6522c35f73d443e4a809692cfcd889bb) Importer(815301076,1909f56bfc062723c751e8b465ee728b)
Start importing Assets/Art/Coral/Coral2_04.png using Guid(6522c35f73d443e4a809692cfcd889bb) Importer(815301076,1909f56bfc062723c751e8b465ee728b)  -> (artifact id: '4cd28cb627c002d8c0737dbcb3848c13') in 0.039346 seconds 
========================================================================
Received Import Request.
  Time since last request: 0.000028 seconds.
  path: Assets/Art/Coral/Coral5_01.png
  artifactKey: Guid(dd9ba5e479714a847be093e1b19a2a4a) Importer(815301076,1909f56bfc062723c751e8b465ee728b)
Start importing Assets/Art/Coral/Coral5_01.png using Guid(dd9ba5e479714a847be093e1b19a2a4a) Importer(815301076,1909f56bfc062723c751e8b465ee728b)  -> (artifact id: '3bef3d77f1ac3c9dbe2af174e9208f01') in 0.045922 seconds 
========================================================================
Received Import Request.
  Time since last request: 0.000034 seconds.
  path: Assets/Art/Coral/Coral5_03.png
  artifactKey: Guid(df1bdae182e5c3a4e950f9f54edd03e7) Importer(815301076,1909f56bfc062723c751e8b465ee728b)
Start importing Assets/Art/Coral/Coral5_03.png using Guid(df1bdae182e5c3a4e950f9f54edd03e7) Importer(815301076,1909f56bfc062723c751e8b465ee728b)  -> (artifact id: '472abe19064f9b3979f793af914b2891') in 0.049627 seconds 
========================================================================
Received Import Request.
  Time since last request: 0.000032 seconds.
  path: Assets/Art/Coral/Coral1_03.png
  artifactKey: Guid(30776681f7c69e84596a206508862048) Importer(815301076,1909f56bfc062723c751e8b465ee728b)
Start importing Assets/Art/Coral/Coral1_03.png using Guid(30776681f7c69e84596a206508862048) Importer(815301076,1909f56bfc062723c751e8b465ee728b)  -> (artifact id: '6de54325d4a7ba615b21ac166b711ce6') in 0.039586 seconds 
========================================================================
Received Import Request.
  Time since last request: 0.000037 seconds.
  path: Assets/Art/Coral/Coral3_02.png
  artifactKey: Guid(ea6dc9ed293721f46a37a13c5d92fff6) Importer(815301076,1909f56bfc062723c751e8b465ee728b)
Start importing Assets/Art/Coral/Coral3_02.png using Guid(ea6dc9ed293721f46a37a13c5d92fff6) Importer(815301076,1909f56bfc062723c751e8b465ee728b)  -> (artifact id: '4bfef51b35651f4c50587b647ce5ae53') in 0.041001 seconds 
========================================================================
Received Import Request.
  Time since last request: 0.000023 seconds.
  path: Assets/Art/Coral/Coral4_02.png
  artifactKey: Guid(0b73500aabae11a43868397042b7b906) Importer(815301076,1909f56bfc062723c751e8b465ee728b)
Start importing Assets/Art/Coral/Coral4_02.png using Guid(0b73500aabae11a43868397042b7b906) Importer(815301076,1909f56bfc062723c751e8b465ee728b)  -> (artifact id: 'aebd199e085adf7b607e3ca5aab3bae2') in 0.056310 seconds 
========================================================================
Received Import Request.
  Time since last request: 0.306481 seconds.
  path: Assets/Art/Drone Emotions/NAECO_HAPPY.png
  artifactKey: Guid(a2b7e4fc476ed0f48b74bfa29e90540d) Importer(815301076,1909f56bfc062723c751e8b465ee728b)
Start importing Assets/Art/Drone Emotions/NAECO_HAPPY.png using Guid(a2b7e4fc476ed0f48b74bfa29e90540d) Importer(815301076,1909f56bfc062723c751e8b465ee728b)  -> (artifact id: '0996c972889d1817b58838d1303c658f') in 0.042123 seconds 
========================================================================
Received Import Request.
  Time since last request: 0.000029 seconds.
  path: Assets/Art/Drone Emotions/NAECO_SCARED.png
  artifactKey: Guid(5dca0554000d8a44fb80f0014372920e) Importer(815301076,1909f56bfc062723c751e8b465ee728b)
Start importing Assets/Art/Drone Emotions/NAECO_SCARED.png using Guid(5dca0554000d8a44fb80f0014372920e) Importer(815301076,1909f56bfc062723c751e8b465ee728b)  -> (artifact id: 'a9619d288c7c56679c3911a58890c509') in 0.036919 seconds 
========================================================================
Received Import Request.
  Time since last request: 0.000025 seconds.
  path: Assets/Art/Drone Emotions/NAECO_STRUGGLING.png
  artifactKey: Guid(0450ce5a3c23af14b97ed6135dcc2735) Importer(815301076,1909f56bfc062723c751e8b465ee728b)
Start importing Assets/Art/Drone Emotions/NAECO_STRUGGLING.png using Guid(0450ce5a3c23af14b97ed6135dcc2735) Importer(815301076,1909f56bfc062723c751e8b465ee728b)  -> (artifact id: '821cca2c2a0e6105069caf33304a632d') in 0.037618 seconds 
>>>>>>> Stashed changes
Editor requested this worker to shutdown with reason: Scaling down because of idle timeout
AssetImportWorker is now disconnected from the server
Process exiting
Exiting without the bug reporter. Application will terminate with return code 0