Using pre-set license
Built from '2021.2/staging' branch; Version is '2021.2.5f1 (4ec9a5e799f5) revision 5163429'; Using compiler version '192829333'; Build Type 'Release'
OS: 'Windows 10  (10.0.19044) 64bit Core' Language: 'en' Physical Memory: 16253 MB
BatchMode: 1, IsHumanControllingUs: 0, StartBugReporterOnCrash: 0, Is64bit: 1, IsPro: 0

COMMAND LINE ARGUMENTS:
C:\Program Files\Unity\Hub\Editor\2021.2.5f1\Editor\Unity.exe
-adb2
-batchMode
-noUpm
-name
AssetImportWorker11
-projectPath
C:/_FILES/3D/GPW Climate Crisis/Github Repository
-logFile
Logs/AssetImportWorker11.log
-srvPort
57521
Successfully changed project path to: C:/_FILES/3D/GPW Climate Crisis/Github Repository
C:/_FILES/3D/GPW Climate Crisis/Github Repository
[UnityMemory] Configuration Parameters - Can be set up in boot.config
    "memorysetup-bucket-allocator-granularity=16"
    "memorysetup-bucket-allocator-bucket-count=8"
    "memorysetup-bucket-allocator-block-size=33554432"
    "memorysetup-bucket-allocator-block-count=8"
    "memorysetup-main-allocator-block-size=16777216"
    "memorysetup-thread-allocator-block-size=16777216"
    "memorysetup-gfx-main-allocator-block-size=16777216"
    "memorysetup-gfx-thread-allocator-block-size=16777216"
    "memorysetup-cache-allocator-block-size=4194304"
    "memorysetup-typetree-allocator-block-size=2097152"
    "memorysetup-profiler-bucket-allocator-granularity=16"
    "memorysetup-profiler-bucket-allocator-bucket-count=8"
    "memorysetup-profiler-bucket-allocator-block-size=33554432"
    "memorysetup-profiler-bucket-allocator-block-count=8"
    "memorysetup-profiler-allocator-block-size=16777216"
    "memorysetup-profiler-editor-allocator-block-size=1048576"
    "memorysetup-temp-allocator-size-main=16777216"
    "memorysetup-job-temp-allocator-block-size=2097152"
    "memorysetup-job-temp-allocator-block-size-background=1048576"
    "memorysetup-job-temp-allocator-reduction-small-platforms=262144"
    "memorysetup-temp-allocator-size-background-worker=32768"
    "memorysetup-temp-allocator-size-job-worker=262144"
    "memorysetup-temp-allocator-size-preload-manager=33554432"
    "memorysetup-temp-allocator-size-nav-mesh-worker=65536"
    "memorysetup-temp-allocator-size-audio-worker=65536"
    "memorysetup-temp-allocator-size-cloud-worker=32768"
    "memorysetup-temp-allocator-size-gi-baking-worker=262144"
    "memorysetup-temp-allocator-size-gfx=262144"
Refreshing native plugins compatible for Editor in 72.52 ms, found 3 plugins.
Preloading 0 native plugins for Editor in 0.00 ms.
Initialize engine version: 2021.2.5f1 (4ec9a5e799f5)
[Subsystems] Discovering subsystems at path C:/Program Files/Unity/Hub/Editor/2021.2.5f1/Editor/Data/Resources/UnitySubsystems
[Subsystems] Discovering subsystems at path C:/_FILES/3D/GPW Climate Crisis/Github Repository/Assets
GfxDevice: creating device client; threaded=0; jobified=0
Direct3D:
    Version:  Direct3D 11.0 [level 11.1]
    Renderer: NVIDIA GeForce RTX 2060 (ID=0x1f15)
    Vendor:   NVIDIA
    VRAM:     5980 MB
    Driver:   30.0.15.1123
Initialize mono
Mono path[0] = 'C:/Program Files/Unity/Hub/Editor/2021.2.5f1/Editor/Data/Managed'
Mono path[1] = 'C:/Program Files/Unity/Hub/Editor/2021.2.5f1/Editor/Data/MonoBleedingEdge/lib/mono/unityjit-win32'
Mono config path = 'C:/Program Files/Unity/Hub/Editor/2021.2.5f1/Editor/Data/MonoBleedingEdge/etc'
Using monoOptions --debugger-agent=transport=dt_socket,embedding=1,server=y,suspend=n,address=127.0.0.1:56052
Begin MonoManager ReloadAssembly
Registering precompiled unity dll's ...
Register platform support module: C:/Program Files/Unity/Hub/Editor/2021.2.5f1/Editor/Data/PlaybackEngines/WindowsStandaloneSupport/UnityEditor.WindowsStandalone.Extensions.dll
Registered in 0.009035 seconds.
Native extension for WindowsStandalone target not found
Refreshing native plugins compatible for Editor in 71.38 ms, found 3 plugins.
Preloading 0 native plugins for Editor in 0.00 ms.
Mono: successfully reloaded assembly
- Completed reload, in  0.632 seconds
Domain Reload Profiling:
	ReloadAssembly (633ms)
		BeginReloadAssembly (81ms)
			ExecutionOrderSort (0ms)
			DisableScriptedObjects (0ms)
			BackupInstance (0ms)
			ReleaseScriptingObjects (0ms)
			CreateAndSetChildDomain (1ms)
		EndReloadAssembly (470ms)
			LoadAssemblies (79ms)
			RebuildTransferFunctionScriptingTraits (0ms)
			SetupTypeCache (103ms)
			ReleaseScriptCaches (0ms)
			RebuildScriptCaches (30ms)
			SetupLoadedEditorAssemblies (279ms)
				LogAssemblyErrors (0ms)
				InitializePlatformSupportModulesInManaged (17ms)
				SetLoadedEditorAssemblies (0ms)
				RefreshPlugins (71ms)
				BeforeProcessingInitializeOnLoad (1ms)
				ProcessInitializeOnLoadAttributes (141ms)
				ProcessInitializeOnLoadMethodAttributes (48ms)
				AfterProcessingInitializeOnLoad (0ms)
				EditorAssembliesLoaded (0ms)
			ExecutionOrderSort2 (0ms)
			AwakeInstancesAfterBackupRestoration (0ms)
Platform modules already initialized, skipping
Registering precompiled user dll's ...
Registered in 0.007214 seconds.
Begin MonoManager ReloadAssembly
Native extension for WindowsStandalone target not found
Refreshing native plugins compatible for Editor in 77.96 ms, found 3 plugins.
Preloading 0 native plugins for Editor in 0.00 ms.
Mono: successfully reloaded assembly
- Completed reload, in  1.903 seconds
Domain Reload Profiling:
	ReloadAssembly (1904ms)
		BeginReloadAssembly (172ms)
			ExecutionOrderSort (0ms)
			DisableScriptedObjects (6ms)
			BackupInstance (0ms)
			ReleaseScriptingObjects (0ms)
			CreateAndSetChildDomain (20ms)
		EndReloadAssembly (1628ms)
			LoadAssemblies (89ms)
			RebuildTransferFunctionScriptingTraits (0ms)
			SetupTypeCache (232ms)
			ReleaseScriptCaches (1ms)
			RebuildScriptCaches (72ms)
			SetupLoadedEditorAssemblies (1132ms)
				LogAssemblyErrors (0ms)
				InitializePlatformSupportModulesInManaged (11ms)
				SetLoadedEditorAssemblies (0ms)
				RefreshPlugins (78ms)
				BeforeProcessingInitializeOnLoad (110ms)
				ProcessInitializeOnLoadAttributes (831ms)
				ProcessInitializeOnLoadMethodAttributes (94ms)
				AfterProcessingInitializeOnLoad (8ms)
				EditorAssembliesLoaded (0ms)
			ExecutionOrderSort2 (0ms)
			AwakeInstancesAfterBackupRestoration (8ms)
Platform modules already initialized, skipping
========================================================================
Worker process is ready to serve import requests
Launched and connected shader compiler UnityShaderCompiler.exe after 0.06 seconds
Refreshing native plugins compatible for Editor in 0.87 ms, found 3 plugins.
Preloading 0 native plugins for Editor in 0.00 ms.
Unloading 3941 Unused Serialized files (Serialized files now loaded: 0)
Unloading 52 unused Assets / (0.8 MB). Loaded Objects now: 4394.
Memory consumption went from 177.0 MB to 176.2 MB.
Total: 4.153600 ms (FindLiveObjects: 0.340700 ms CreateObjectMapping: 0.115100 ms MarkObjects: 3.382200 ms  DeleteObjects: 0.313900 ms)

AssetImportParameters requested are different than current active one (requested -> active):
  custom:video-decoder-ogg-theora: a1e56fd34408186e4bbccfd4996cb3dc -> 
  custom:container-muxer-webm: aa71ff27fc2769a1b78a27578f13a17b -> 
  custom:container-demuxer-webm: 4f35f7cbe854078d1ac9338744f61a02 -> 
  custom:video-encoder-webm-vp8: eb34c28f22e8b96e1ab97ce403110664 -> 
  custom:video-codec-MediaFoundation-h265: 746d11721c4dcdbdad8f713fa42b33f4 -> 
  custom:audio-encoder-webm-vorbis: bf7c407c2cedff20999df2af8eb42d56 -> 
  custom:framework-win-MediaFoundation: 216162199b28c13a410421893ffa2e32 -> 
  custom:container-demuxer-ogg: 62fdf1f143b41e24485cea50d1cbac27 -> 
  custom:video-decoder-webm-vp8: 9c59270c3fd7afecdb556c50c9e8de78 -> 
  custom:audio-decoder-ogg-vorbis: bf7c407c2cedff20999df2af8eb42d56 -> 
========================================================================
Received Prepare
Registering precompiled user dll's ...
Registered in 0.006285 seconds.
Begin MonoManager ReloadAssembly
Native extension for WindowsStandalone target not found
Refreshing native plugins compatible for Editor in 0.93 ms, found 3 plugins.
Preloading 0 native plugins for Editor in 0.00 ms.
Mono: successfully reloaded assembly
- Completed reload, in  1.225 seconds
Domain Reload Profiling:
	ReloadAssembly (1226ms)
		BeginReloadAssembly (142ms)
			ExecutionOrderSort (0ms)
			DisableScriptedObjects (8ms)
			BackupInstance (0ms)
			ReleaseScriptingObjects (0ms)
			CreateAndSetChildDomain (43ms)
		EndReloadAssembly (992ms)
			LoadAssemblies (90ms)
			RebuildTransferFunctionScriptingTraits (0ms)
			SetupTypeCache (211ms)
			ReleaseScriptCaches (2ms)
			RebuildScriptCaches (49ms)
			SetupLoadedEditorAssemblies (543ms)
				LogAssemblyErrors (0ms)
				InitializePlatformSupportModulesInManaged (11ms)
				SetLoadedEditorAssemblies (0ms)
				RefreshPlugins (1ms)
				BeforeProcessingInitializeOnLoad (82ms)
				ProcessInitializeOnLoadAttributes (356ms)
				ProcessInitializeOnLoadMethodAttributes (82ms)
				AfterProcessingInitializeOnLoad (9ms)
				EditorAssembliesLoaded (0ms)
			ExecutionOrderSort2 (0ms)
			AwakeInstancesAfterBackupRestoration (10ms)
Platform modules already initialized, skipping
Refreshing native plugins compatible for Editor in 1.41 ms, found 3 plugins.
Preloading 0 native plugins for Editor in 0.00 ms.
Unloading 3844 Unused Serialized files (Serialized files now loaded: 0)
Unloading 29 unused Assets / (0.7 MB). Loaded Objects now: 4409.
Memory consumption went from 169.9 MB to 169.2 MB.
Total: 4.811600 ms (FindLiveObjects: 0.464500 ms CreateObjectMapping: 0.238900 ms MarkObjects: 3.725400 ms  DeleteObjects: 0.380400 ms)

AssetImportParameters requested are different than current active one (requested -> active):
  custom:video-decoder-ogg-theora: a1e56fd34408186e4bbccfd4996cb3dc -> 
  custom:container-muxer-webm: aa71ff27fc2769a1b78a27578f13a17b -> 
  custom:container-demuxer-webm: 4f35f7cbe854078d1ac9338744f61a02 -> 
  custom:video-encoder-webm-vp8: eb34c28f22e8b96e1ab97ce403110664 -> 
  custom:video-codec-MediaFoundation-h265: 746d11721c4dcdbdad8f713fa42b33f4 -> 
  custom:audio-encoder-webm-vorbis: bf7c407c2cedff20999df2af8eb42d56 -> 
  custom:framework-win-MediaFoundation: 216162199b28c13a410421893ffa2e32 -> 
  custom:container-demuxer-ogg: 62fdf1f143b41e24485cea50d1cbac27 -> 
  custom:video-decoder-webm-vp8: 9c59270c3fd7afecdb556c50c9e8de78 -> 
  custom:audio-decoder-ogg-vorbis: bf7c407c2cedff20999df2af8eb42d56 -> 
========================================================================
Received Import Request.
  Time since last request: 237084.669359 seconds.
  path: Assets/Art/boat/Animation v_4/Boat_and_Dingy_green_Frames (2).png
  artifactKey: Guid(c73a2feb7d4691e4485564a501e7d071) Importer(815301076,1909f56bfc062723c751e8b465ee728b)
Start importing Assets/Art/boat/Animation v_4/Boat_and_Dingy_green_Frames (2).png using Guid(c73a2feb7d4691e4485564a501e7d071) Importer(815301076,1909f56bfc062723c751e8b465ee728b)  -> (artifact id: '27d67c5a4f9ab2ab3839cebada236ba6') in 0.271552 seconds 
========================================================================
Received Import Request.
  Time since last request: 0.303165 seconds.
  path: Assets/Art/boat/Animation v_4/Boat_and_Dingy_green_Frames (3).png
  artifactKey: Guid(6362b3e2d613ae24aa30303d9d80a53e) Importer(815301076,1909f56bfc062723c751e8b465ee728b)
Start importing Assets/Art/boat/Animation v_4/Boat_and_Dingy_green_Frames (3).png using Guid(6362b3e2d613ae24aa30303d9d80a53e) Importer(815301076,1909f56bfc062723c751e8b465ee728b)  -> (artifact id: '3c044bee6d586dc0577ff487b9052a9b') in 0.098287 seconds 
========================================================================
Received Import Request.
  Time since last request: 0.000031 seconds.
  path: Assets/Art/boat/Animation v_4/Boat_and_Dingy_green_Frames (4).png
  artifactKey: Guid(902a673d4ed319245bc440ff01e4fabb) Importer(815301076,1909f56bfc062723c751e8b465ee728b)
Start importing Assets/Art/boat/Animation v_4/Boat_and_Dingy_green_Frames (4).png using Guid(902a673d4ed319245bc440ff01e4fabb) Importer(815301076,1909f56bfc062723c751e8b465ee728b)  -> (artifact id: 'e4b445ee35c041d85b2f3fb48519e907') in 0.100593 seconds 
========================================================================
Received Import Request.
  Time since last request: 0.000025 seconds.
  path: Assets/Art/boat/Animation v_4/Boat_and_Dingy_green_Frames (14).png
  artifactKey: Guid(3c5ab1aeb38e58141a5ce63f1083c461) Importer(815301076,1909f56bfc062723c751e8b465ee728b)
Start importing Assets/Art/boat/Animation v_4/Boat_and_Dingy_green_Frames (14).png using Guid(3c5ab1aeb38e58141a5ce63f1083c461) Importer(815301076,1909f56bfc062723c751e8b465ee728b)  -> (artifact id: '93e25c48f81701cec266ca45a350e56c') in 0.098585 seconds 
========================================================================
Received Import Request.
  Time since last request: 0.000032 seconds.
  path: Assets/Art/boat/Animation v_4/Boat_and_Dingy_green_Frames (9).png
  artifactKey: Guid(f72c10d956c8b064e803e557d06d79a1) Importer(815301076,1909f56bfc062723c751e8b465ee728b)
Start importing Assets/Art/boat/Animation v_4/Boat_and_Dingy_green_Frames (9).png using Guid(f72c10d956c8b064e803e557d06d79a1) Importer(815301076,1909f56bfc062723c751e8b465ee728b)  -> (artifact id: 'fc50267721b123851b5f7794acc58fab') in 0.098662 seconds 
========================================================================
Received Import Request.
  Time since last request: 0.000026 seconds.
  path: Assets/Art/boat/Animation v_4/Boat_and_Dingy_green_Frames (6).png
  artifactKey: Guid(c995bcbd4ed3e0d4aa8aaa2a31f69983) Importer(815301076,1909f56bfc062723c751e8b465ee728b)
Start importing Assets/Art/boat/Animation v_4/Boat_and_Dingy_green_Frames (6).png using Guid(c995bcbd4ed3e0d4aa8aaa2a31f69983) Importer(815301076,1909f56bfc062723c751e8b465ee728b)  -> (artifact id: '751a017ecb0db20aff2dd1d1f83887b0') in 0.111552 seconds 
========================================================================
Received Import Request.
  Time since last request: 0.000037 seconds.
  path: Assets/Art/boat/Animation v_4/Boat_and_Dingy_green_Frames (12).png
  artifactKey: Guid(83611ff2e837a3f49985e93602c04ea0) Importer(815301076,1909f56bfc062723c751e8b465ee728b)
Start importing Assets/Art/boat/Animation v_4/Boat_and_Dingy_green_Frames (12).png using Guid(83611ff2e837a3f49985e93602c04ea0) Importer(815301076,1909f56bfc062723c751e8b465ee728b)  -> (artifact id: 'eb3d725d895ff49ef6f9486c32cfd0d2') in 0.100945 seconds 
========================================================================
Received Import Request.
  Time since last request: 0.000035 seconds.
  path: Assets/Art/boat/Animation v_4/Boat_and_Dingy_green_Frames (8).png
  artifactKey: Guid(0078085d1bcfb9d45a654677e7868b58) Importer(815301076,1909f56bfc062723c751e8b465ee728b)
Start importing Assets/Art/boat/Animation v_4/Boat_and_Dingy_green_Frames (8).png using Guid(0078085d1bcfb9d45a654677e7868b58) Importer(815301076,1909f56bfc062723c751e8b465ee728b)  -> (artifact id: '354d8d648a1d7baf8d237887fe365738') in 0.099314 seconds 
========================================================================
Received Import Request.
  Time since last request: 0.000022 seconds.
  path: Assets/Art/boat/Animation v_4/Boat_and_Dingy_green_Frames (16).png
  artifactKey: Guid(e01922acfd8ec204c9d6b2a6f1d411e9) Importer(815301076,1909f56bfc062723c751e8b465ee728b)
Start importing Assets/Art/boat/Animation v_4/Boat_and_Dingy_green_Frames (16).png using Guid(e01922acfd8ec204c9d6b2a6f1d411e9) Importer(815301076,1909f56bfc062723c751e8b465ee728b)  -> (artifact id: 'e4a1daa1fc9dce4a9f968ba1f5c5ab01') in 0.096765 seconds 
========================================================================
Received Import Request.
  Time since last request: 0.000022 seconds.
  path: Assets/Art/boat/Animation v_4/Boat_and_Dingy_green_Frames (18).png
  artifactKey: Guid(a4de444af893c9c4fbc4566f366c16a5) Importer(815301076,1909f56bfc062723c751e8b465ee728b)
Start importing Assets/Art/boat/Animation v_4/Boat_and_Dingy_green_Frames (18).png using Guid(a4de444af893c9c4fbc4566f366c16a5) Importer(815301076,1909f56bfc062723c751e8b465ee728b)  -> (artifact id: 'd4d69e082023ceaf70f74a66db12173e') in 0.100264 seconds 
========================================================================
Received Import Request.
  Time since last request: 0.000035 seconds.
  path: Assets/Art/boat/Animation v_4/Boat_and_Dingy_green_Frames (22).png
  artifactKey: Guid(145d90f3d1ca2e04c9bf34d3a6cce3db) Importer(815301076,1909f56bfc062723c751e8b465ee728b)
Start importing Assets/Art/boat/Animation v_4/Boat_and_Dingy_green_Frames (22).png using Guid(145d90f3d1ca2e04c9bf34d3a6cce3db) Importer(815301076,1909f56bfc062723c751e8b465ee728b)  -> (artifact id: '92ae55ac0a3114603de1d8f2b21aa946') in 0.097499 seconds 
========================================================================
Received Import Request.
  Time since last request: 0.000033 seconds.
  path: Assets/Art/boat/Animation v_4/Boat_and_Dingy_green_Frames (10).png
  artifactKey: Guid(df1998630ac3d584e862be3d6fde2a7a) Importer(815301076,1909f56bfc062723c751e8b465ee728b)
Start importing Assets/Art/boat/Animation v_4/Boat_and_Dingy_green_Frames (10).png using Guid(df1998630ac3d584e862be3d6fde2a7a) Importer(815301076,1909f56bfc062723c751e8b465ee728b)  -> (artifact id: '4181d1643532cbc24daa5879da66bd9e') in 0.092245 seconds 
========================================================================
Received Import Request.
  Time since last request: 0.000036 seconds.
  path: Assets/Art/boat/Animation v_4/Boat_and_Dingy_green_Frames (15).png
  artifactKey: Guid(3285d6643218b5944bc56eaa0a4e2d94) Importer(815301076,1909f56bfc062723c751e8b465ee728b)
Start importing Assets/Art/boat/Animation v_4/Boat_and_Dingy_green_Frames (15).png using Guid(3285d6643218b5944bc56eaa0a4e2d94) Importer(815301076,1909f56bfc062723c751e8b465ee728b)  -> (artifact id: 'f2debe8428be8e62d951c0a709c5bd56') in 0.093708 seconds 
